[32mINFO [0m[03-03|21:05:25.379] JAMTEST                                  [32mjam[0m=safrole [32mtargetN[0m=48
[36mDEBUG[0m[03-03|21:05:30.173] BETA computation                         [36maccumulationRoot[0m=0x0000000000000000000000000000000000000000000000000000000000000000 [36mmmr[0m=[0x0000000000000000000000000000000000000000000000000000000000000000]
[32mINFO [0m[03-03|21:05:30.213] [N4] proposeBlock fallback               [32mp[0m=4762..d622 [32mh[0m=4adc..5658 [32me'[0m=1 [32mm'[0m=0 [32m"len(γ_a')"[0m=0 [32mblk[0m="H_t=12 H_r=99f2..ce57  EpochMarker(η1'=6f6a..24af, η2'=835a..574e)"
[36mDEBUG[0m[03-03|21:05:37.887] BETA computation                         [36maccumulationRoot[0m=0x0000000000000000000000000000000000000000000000000000000000000000 [36mmmr[0m=[nil,0xad3228b676f7d3cd4284a5443f17f1962b36e491b30a40b2405849e597ba5fb5]
[32mINFO [0m[03-03|21:05:37.997] [N4] proposeBlock fallback               [32mp[0m=4adc..5658 [32mh[0m=d1dd..c92f [32me'[0m=1 [32mm'[0m=1 [32m"len(γ_a')"[0m=3 [32mblk[0m="H_t=13 H_r=4a16..fe54  |E_T|=3"
[36mDEBUG[0m[03-03|21:05:43.407] BETA computation                         [36maccumulationRoot[0m=0x0000000000000000000000000000000000000000000000000000000000000000 [36mmmr[0m=[0x0000000000000000000000000000000000000000000000000000000000000000,0xad3228b676f7d3cd4284a5443f17f1962b36e491b30a40b2405849e597ba5fb5]
[32mINFO [0m[03-03|21:05:43.438] [N4] proposeBlock fallback               [32mp[0m=d1dd..c92f [32mh[0m=a83d..89de [32me'[0m=1 [32mm'[0m=2 [32m"len(γ_a')"[0m=6 [32mblk[0m="H_t=14 H_r=58c8..bb29  |E_T|=3"
[36mDEBUG[0m[03-03|21:05:48.707] BETA computation                         [36maccumulationRoot[0m=0x0000000000000000000000000000000000000000000000000000000000000000 [36mmmr[0m=[nil,nil,0xb4c11951957c6f8f642c4af61cd6b24640fec6dc7fc607ee8206a99e92410d30]
[32mINFO [0m[03-03|21:05:48.739] [N5] proposeBlock fallback               [32mp[0m=a83d..89de [32mh[0m=b75f..d4f6 [32me'[0m=1 [32mm'[0m=3 [32m"len(γ_a')"[0m=9 [32mblk[0m="H_t=15 H_r=eee4..f850  |E_T|=3"
[36mDEBUG[0m[03-03|21:05:54.541] BETA computation                         [36maccumulationRoot[0m=0x0000000000000000000000000000000000000000000000000000000000000000 [36mmmr[0m=[0x0000000000000000000000000000000000000000000000000000000000000000,nil,0xb4c11951957c6f8f642c4af61cd6b24640fec6dc7fc607ee8206a99e92410d30]
[32mINFO [0m[03-03|21:05:54.575] [N0] proposeBlock fallback               [32mp[0m=b75f..d4f6 [32mh[0m=fe07..f37d [32me'[0m=1 [32mm'[0m=4 [32m"len(γ_a')"[0m=12 [32mblk[0m="H_t=16 H_r=6d46..968b  |E_T|=3"
[36mDEBUG[0m[03-03|21:05:56.200] BETA computation                         [36maccumulationRoot[0m=0x0000000000000000000000000000000000000000000000000000000000000000 [36mmmr[0m=[0x0000000000000000000000000000000000000000000000000000000000000000,nil,0xb4c11951957c6f8f642c4af61cd6b24640fec6dc7fc607ee8206a99e92410d30]
[36mDEBUG[0m[03-03|21:06:00.198] BETA computation                         [36maccumulationRoot[0m=0x0000000000000000000000000000000000000000000000000000000000000000 [36mmmr[0m=[nil,0xad3228b676f7d3cd4284a5443f17f1962b36e491b30a40b2405849e597ba5fb5,0xb4c11951957c6f8f642c4af61cd6b24640fec6dc7fc607ee8206a99e92410d30]
[32mINFO [0m[03-03|21:06:00.237] [N4] proposeBlock fallback               [32mp[0m=fe07..f37d [32mh[0m=3365..3b81 [32me'[0m=1 [32mm'[0m=5 [32m"len(γ_a')"[0m=12 [32mblk[0m="H_t=17 H_r=93cc..7127 "
[36mDEBUG[0m[03-03|21:06:06.154] BETA computation                         [36maccumulationRoot[0m=0x0000000000000000000000000000000000000000000000000000000000000000 [36mmmr[0m=[0x0000000000000000000000000000000000000000000000000000000000000000,0xad3228b676f7d3cd4284a5443f17f1962b36e491b30a40b2405849e597ba5fb5,0xb4c11951957c6f8f642c4af61cd6b24640fec6dc7fc607ee8206a99e92410d30]
[32mINFO [0m[03-03|21:06:06.196] [N0] proposeBlock fallback               [32mp[0m=3365..3b81 [32mh[0m=274b..36cd [32me'[0m=1 [32mm'[0m=6 [32m"len(γ_a')"[0m=12 [32mblk[0m="H_t=18 H_r=dcd6..40d5 "
[36mDEBUG[0m[03-03|21:06:06.313] BETA computation                         [36maccumulationRoot[0m=0x0000000000000000000000000000000000000000000000000000000000000000 [36mmmr[0m=[0x0000000000000000000000000000000000000000000000000000000000000000,0xad3228b676f7d3cd4284a5443f17f1962b36e491b30a40b2405849e597ba5fb5,0xb4c11951957c6f8f642c4af61cd6b24640fec6dc7fc607ee8206a99e92410d30]
[36mDEBUG[0m[03-03|21:06:12.177] BETA computation                         [36maccumulationRoot[0m=0x0000000000000000000000000000000000000000000000000000000000000000 [36mmmr[0m=[nil,nil,nil,0x21ddb9a356815c3fac1026b6dec5df3124afbadb485c9ba5a3e3398a04b7ba85]
[32mINFO [0m[03-03|21:06:12.217] [N4] proposeBlock fallback               [32mp[0m=274b..36cd [32mh[0m=3b06..7c8f [32me'[0m=1 [32mm'[0m=7 [32m"len(γ_a')"[0m=12 [32mblk[0m="H_t=19 H_r=4312..18d3 "
[36mDEBUG[0m[03-03|21:06:18.166] BETA computation                         [36maccumulationRoot[0m=0x0000000000000000000000000000000000000000000000000000000000000000 [36mmmr[0m=[0x0000000000000000000000000000000000000000000000000000000000000000,nil,nil,0x21ddb9a356815c3fac1026b6dec5df3124afbadb485c9ba5a3e3398a04b7ba85]
[32mINFO [0m[03-03|21:06:18.210] [N1] proposeBlock fallback               [32mp[0m=3b06..7c8f [32mh[0m=e235..72b7 [32me'[0m=1 [32mm'[0m=8 [32m"len(γ_a')"[0m=12 [32mblk[0m="H_t=20 H_r=65af..a7fd "
[36mDEBUG[0m[03-03|21:06:24.117] BETA computation                         [36maccumulationRoot[0m=0x0000000000000000000000000000000000000000000000000000000000000000 [36mmmr[0m=[nil,0xad3228b676f7d3cd4284a5443f17f1962b36e491b30a40b2405849e597ba5fb5,nil,0x21ddb9a356815c3fac1026b6dec5df3124afbadb485c9ba5a3e3398a04b7ba85]
[32mINFO [0m[03-03|21:06:24.156] [N0] proposeBlock fallback               [32mp[0m=e235..72b7 [32mh[0m=cae9..f6cd [32me'[0m=1 [32mm'[0m=9 [32m"len(γ_a')"[0m=12 [32mblk[0m="H_t=21 H_r=7e49..d40c "
[36mDEBUG[0m[03-03|21:06:24.259] BETA computation                         [36maccumulationRoot[0m=0x0000000000000000000000000000000000000000000000000000000000000000 [36mmmr[0m=[nil,0xad3228b676f7d3cd4284a5443f17f1962b36e491b30a40b2405849e597ba5fb5,nil,0x21ddb9a356815c3fac1026b6dec5df3124afbadb485c9ba5a3e3398a04b7ba85]
[36mDEBUG[0m[03-03|21:06:30.129] BETA computation                         [36maccumulationRoot[0m=0x0000000000000000000000000000000000000000000000000000000000000000 [36mmmr[0m=[0x0000000000000000000000000000000000000000000000000000000000000000,0xad3228b676f7d3cd4284a5443f17f1962b36e491b30a40b2405849e597ba5fb5,nil,0x21ddb9a356815c3fac1026b6dec5df3124afbadb485c9ba5a3e3398a04b7ba85]
[32mINFO [0m[03-03|21:06:30.170] [N1] proposeBlock fallback               [32mp[0m=cae9..f6cd [32mh[0m=49c2..0fae [32me'[0m=1 [32mm'[0m=10 [32m"len(γ_a')"[0m=12 [32mblk[0m="H_t=22 H_r=6edb..222d   WinningTickets(12)"
[36mDEBUG[0m[03-03|21:06:38.179] BETA computation                         [36maccumulationRoot[0m=0x0000000000000000000000000000000000000000000000000000000000000000 [36mmmr[0m=[nil,nil,0xb4c11951957c6f8f642c4af61cd6b24640fec6dc7fc607ee8206a99e92410d30,0x21ddb9a356815c3fac1026b6dec5df3124afbadb485c9ba5a3e3398a04b7ba85]
[32mINFO [0m[03-03|21:06:38.256] [N4] proposeBlock fallback               [32mp[0m=49c2..0fae [32mh[0m=3893..7c67 [32me'[0m=1 [32mm'[0m=11 [32m"len(γ_a')"[0m=12 [32mblk[0m="H_t=23 H_r=f288..e603 "
[36mDEBUG[0m[03-03|21:06:43.036] BETA computation                         [36maccumulationRoot[0m=0x0000000000000000000000000000000000000000000000000000000000000000 [36mmmr[0m=[0x0000000000000000000000000000000000000000000000000000000000000000,nil,0xb4c11951957c6f8f642c4af61cd6b24640fec6dc7fc607ee8206a99e92410d30,0x21ddb9a356815c3fac1026b6dec5df3124afbadb485c9ba5a3e3398a04b7ba85]
[32mINFO [0m[03-03|21:06:43.071] [N2] proposeBlock safrole                [32mp[0m=3893..7c67 [32mh[0m=86cd..9f9e [32me'[0m=2 [32mm'[0m=0  [32m"len(γ_a')"[0m=3  [32mblk[0m="H_t=24 H_r=efed..428c  EpochMarker(η1'=767a..9923, η2'=6f6a..24af) |E_T|=3"
[36mDEBUG[0m[03-03|21:06:48.807] BETA computation                         [36maccumulationRoot[0m=0x0000000000000000000000000000000000000000000000000000000000000000 [36mmmr[0m=[nil,0xad3228b676f7d3cd4284a5443f17f1962b36e491b30a40b2405849e597ba5fb5,0xb4c11951957c6f8f642c4af61cd6b24640fec6dc7fc607ee8206a99e92410d30,0x21ddb9a356815c3fac1026b6dec5df3124afbadb485c9ba5a3e3398a04b7ba85]
[32mINFO [0m[03-03|21:06:48.841] [N5] proposeBlock safrole                [32mp[0m=86cd..9f9e [32mh[0m=fdcb..5865 [32me'[0m=2 [32mm'[0m=1  [32m"len(γ_a')"[0m=6  [32mblk[0m="H_t=25 H_r=baa1..177f  |E_T|=3"
[36mDEBUG[0m[03-03|21:06:54.657] BETA computation                         [36maccumulationRoot[0m=0x0000000000000000000000000000000000000000000000000000000000000000 [36mmmr[0m=[0x0000000000000000000000000000000000000000000000000000000000000000,0xad3228b676f7d3cd4284a5443f17f1962b36e491b30a40b2405849e597ba5fb5,0xb4c11951957c6f8f642c4af61cd6b24640fec6dc7fc607ee8206a99e92410d30,0x21ddb9a356815c3fac1026b6dec5df3124afbadb485c9ba5a3e3398a04b7ba85]
[32mINFO [0m[03-03|21:06:54.687] [N4] proposeBlock safrole                [32mp[0m=fdcb..5865 [32mh[0m=ff51..ca58 [32me'[0m=2 [32mm'[0m=2  [32m"len(γ_a')"[0m=9  [32mblk[0m="H_t=26 H_r=7d69..1b18  |E_T|=3"
[36mDEBUG[0m[03-03|21:07:00.624] BETA computation                         [36maccumulationRoot[0m=0x0000000000000000000000000000000000000000000000000000000000000000 [36mmmr[0m=[nil,nil,nil,nil,0xe58769b32a1beaf1ea27375a44095a0d1fb664ce2dd358e7fcbfb78c26a19344]
[32mINFO [0m[03-03|21:07:00.655] [N3] proposeBlock safrole                [32mp[0m=ff51..ca58 [32mh[0m=3c1d..f18d [32me'[0m=2 [32mm'[0m=3  [32m"len(γ_a')"[0m=12 [32mblk[0m="H_t=27 H_r=f06e..fc47  |E_T|=3"
[36mDEBUG[0m[03-03|21:07:06.236] BETA computation                         [36maccumulationRoot[0m=0x0000000000000000000000000000000000000000000000000000000000000000 [36mmmr[0m=[0x0000000000000000000000000000000000000000000000000000000000000000,nil,nil,nil,0xe58769b32a1beaf1ea27375a44095a0d1fb664ce2dd358e7fcbfb78c26a19344]
[32mINFO [0m[03-03|21:07:06.268] [N5] proposeBlock safrole                [32mp[0m=3c1d..f18d [32mh[0m=88f4..ed52 [32me'[0m=2 [32mm'[0m=4  [32m"len(γ_a')"[0m=12 [32mblk[0m="H_t=28 H_r=9d93..2e1e "
[36mDEBUG[0m[03-03|21:07:12.152] BETA computation                         [36maccumulationRoot[0m=0x0000000000000000000000000000000000000000000000000000000000000000 [36mmmr[0m=[nil,0xad3228b676f7d3cd4284a5443f17f1962b36e491b30a40b2405849e597ba5fb5,nil,nil,0xe58769b32a1beaf1ea27375a44095a0d1fb664ce2dd358e7fcbfb78c26a19344]
[32mINFO [0m[03-03|21:07:12.193] [N1] proposeBlock safrole                [32mp[0m=88f4..ed52 [32mh[0m=38a8..1ff1 [32me'[0m=2 [32mm'[0m=5  [32m"len(γ_a')"[0m=12 [32mblk[0m="H_t=29 H_r=3beb..9713 "
[36mDEBUG[0m[03-03|21:07:18.204] BETA computation                         [36maccumulationRoot[0m=0x0000000000000000000000000000000000000000000000000000000000000000 [36mmmr[0m=[0x0000000000000000000000000000000000000000000000000000000000000000,0xad3228b676f7d3cd4284a5443f17f1962b36e491b30a40b2405849e597ba5fb5,nil,nil,0xe58769b32a1beaf1ea27375a44095a0d1fb664ce2dd358e7fcbfb78c26a19344]
[32mINFO [0m[03-03|21:07:18.246] [N3] proposeBlock safrole                [32mp[0m=38a8..1ff1 [32mh[0m=e6b4..bca7 [32me'[0m=2 [32mm'[0m=6  [32m"len(γ_a')"[0m=12 [32mblk[0m="H_t=30 H_r=0f96..13f6 "
[36mDEBUG[0m[03-03|21:07:24.199] BETA computation                         [36maccumulationRoot[0m=0x0000000000000000000000000000000000000000000000000000000000000000 [36mmmr[0m=[nil,nil,0xb4c11951957c6f8f642c4af61cd6b24640fec6dc7fc607ee8206a99e92410d30,nil,0xe58769b32a1beaf1ea27375a44095a0d1fb664ce2dd358e7fcbfb78c26a19344]
[32mINFO [0m[03-03|21:07:24.237] [N2] proposeBlock safrole                [32mp[0m=e6b4..bca7 [32mh[0m=9a1a..2767 [32me'[0m=2 [32mm'[0m=7  [32m"len(γ_a')"[0m=12 [32mblk[0m="H_t=31 H_r=bfc4..473c "
[36mDEBUG[0m[03-03|21:07:30.170] BETA computation                         [36maccumulationRoot[0m=0x0000000000000000000000000000000000000000000000000000000000000000 [36mmmr[0m=[0x0000000000000000000000000000000000000000000000000000000000000000,nil,0xb4c11951957c6f8f642c4af61cd6b24640fec6dc7fc607ee8206a99e92410d30,nil,0xe58769b32a1beaf1ea27375a44095a0d1fb664ce2dd358e7fcbfb78c26a19344]
[32mINFO [0m[03-03|21:07:30.208] [N0] proposeBlock safrole                [32mp[0m=9a1a..2767 [32mh[0m=307a..03fa [32me'[0m=2 [32mm'[0m=8  [32m"len(γ_a')"[0m=12 [32mblk[0m="H_t=32 H_r=f288..b049 "
[36mDEBUG[0m[03-03|21:07:30.312] BETA computation                         [36maccumulationRoot[0m=0x0000000000000000000000000000000000000000000000000000000000000000 [36mmmr[0m=[0x0000000000000000000000000000000000000000000000000000000000000000,nil,0xb4c11951957c6f8f642c4af61cd6b24640fec6dc7fc607ee8206a99e92410d30,nil,0xe58769b32a1beaf1ea27375a44095a0d1fb664ce2dd358e7fcbfb78c26a19344]
[36mDEBUG[0m[03-03|21:07:36.131] BETA computation                         [36maccumulationRoot[0m=0x0000000000000000000000000000000000000000000000000000000000000000 [36mmmr[0m=[nil,0xad3228b676f7d3cd4284a5443f17f1962b36e491b30a40b2405849e597ba5fb5,0xb4c11951957c6f8f642c4af61cd6b24640fec6dc7fc607ee8206a99e92410d30,nil,0xe58769b32a1beaf1ea27375a44095a0d1fb664ce2dd358e7fcbfb78c26a19344]
[32mINFO [0m[03-03|21:07:36.169] [N1] proposeBlock safrole                [32mp[0m=307a..03fa [32mh[0m=47f1..b3b1 [32me'[0m=2 [32mm'[0m=9  [32m"len(γ_a')"[0m=12 [32mblk[0m="H_t=33 H_r=ecad..4793 "
[36mDEBUG[0m[03-03|21:07:42.187] BETA computation                         [36maccumulationRoot[0m=0x0000000000000000000000000000000000000000000000000000000000000000 [36mmmr[0m=[0x0000000000000000000000000000000000000000000000000000000000000000,0xad3228b676f7d3cd4284a5443f17f1962b36e491b30a40b2405849e597ba5fb5,0xb4c11951957c6f8f642c4af61cd6b24640fec6dc7fc607ee8206a99e92410d30,nil,0xe58769b32a1beaf1ea27375a44095a0d1fb664ce2dd358e7fcbfb78c26a19344]
[32mINFO [0m[03-03|21:07:42.226] [N5] proposeBlock safrole                [32mp[0m=47f1..b3b1 [32mh[0m=ade2..110d [32me'[0m=2 [32mm'[0m=10 [32m"len(γ_a')"[0m=12 [32mblk[0m="H_t=34 H_r=5d82..3e0b   WinningTickets(12)"
[36mDEBUG[0m[03-03|21:07:50.245] BETA computation                         [36maccumulationRoot[0m=0x0000000000000000000000000000000000000000000000000000000000000000 [36mmmr[0m=[nil,nil,nil,0x21ddb9a356815c3fac1026b6dec5df3124afbadb485c9ba5a3e3398a04b7ba85,0xe58769b32a1beaf1ea27375a44095a0d1fb664ce2dd358e7fcbfb78c26a19344]
[32mINFO [0m[03-03|21:07:50.462] [N3] proposeBlock safrole                [32mp[0m=ade2..110d [32mh[0m=919e..0fe1 [32me'[0m=2 [32mm'[0m=11 [32m"len(γ_a')"[0m=12 [32mblk[0m="H_t=35 H_r=022b..dd36 "
[36mDEBUG[0m[03-03|21:07:54.958] BETA computation                         [36maccumulationRoot[0m=0x0000000000000000000000000000000000000000000000000000000000000000 [36mmmr[0m=[0x0000000000000000000000000000000000000000000000000000000000000000,nil,nil,0x21ddb9a356815c3fac1026b6dec5df3124afbadb485c9ba5a3e3398a04b7ba85,0xe58769b32a1beaf1ea27375a44095a0d1fb664ce2dd358e7fcbfb78c26a19344]
[32mINFO [0m[03-03|21:07:54.989] [N0] proposeBlock safrole                [32mp[0m=919e..0fe1 [32mh[0m=de8c..290d [32me'[0m=3 [32mm'[0m=0  [32m"len(γ_a')"[0m=3  [32mblk[0m="H_t=36 H_r=b061..37db  EpochMarker(η1'=7e4f..728f, η2'=767a..9923) |E_T|=3"
[36mDEBUG[0m[03-03|21:07:56.909] BETA computation                         [36maccumulationRoot[0m=0x0000000000000000000000000000000000000000000000000000000000000000 [36mmmr[0m=[0x0000000000000000000000000000000000000000000000000000000000000000,nil,nil,0x21ddb9a356815c3fac1026b6dec5df3124afbadb485c9ba5a3e3398a04b7ba85,0xe58769b32a1beaf1ea27375a44095a0d1fb664ce2dd358e7fcbfb78c26a19344]
[36mDEBUG[0m[03-03|21:08:00.656] BETA computation                         [36maccumulationRoot[0m=0x0000000000000000000000000000000000000000000000000000000000000000 [36mmmr[0m=[nil,0xad3228b676f7d3cd4284a5443f17f1962b36e491b30a40b2405849e597ba5fb5,nil,0x21ddb9a356815c3fac1026b6dec5df3124afbadb485c9ba5a3e3398a04b7ba85,0xe58769b32a1beaf1ea27375a44095a0d1fb664ce2dd358e7fcbfb78c26a19344]
[32mINFO [0m[03-03|21:08:00.687] [N0] proposeBlock safrole                [32mp[0m=de8c..290d [32mh[0m=d90f..68b7 [32me'[0m=3 [32mm'[0m=1  [32m"len(γ_a')"[0m=6  [32mblk[0m="H_t=37 H_r=73d6..87bb  |E_T|=3"
[36mDEBUG[0m[03-03|21:08:02.623] BETA computation                         [36maccumulationRoot[0m=0x0000000000000000000000000000000000000000000000000000000000000000 [36mmmr[0m=[nil,0xad3228b676f7d3cd4284a5443f17f1962b36e491b30a40b2405849e597ba5fb5,nil,0x21ddb9a356815c3fac1026b6dec5df3124afbadb485c9ba5a3e3398a04b7ba85,0xe58769b32a1beaf1ea27375a44095a0d1fb664ce2dd358e7fcbfb78c26a19344]
[36mDEBUG[0m[03-03|21:08:06.653] BETA computation                         [36maccumulationRoot[0m=0x0000000000000000000000000000000000000000000000000000000000000000 [36mmmr[0m=[0x0000000000000000000000000000000000000000000000000000000000000000,0xad3228b676f7d3cd4284a5443f17f1962b36e491b30a40b2405849e597ba5fb5,nil,0x21ddb9a356815c3fac1026b6dec5df3124afbadb485c9ba5a3e3398a04b7ba85,0xe58769b32a1beaf1ea27375a44095a0d1fb664ce2dd358e7fcbfb78c26a19344]
[32mINFO [0m[03-03|21:08:06.684] [N5] proposeBlock safrole                [32mp[0m=d90f..68b7 [32mh[0m=2b33..19a6 [32me'[0m=3 [32mm'[0m=2  [32m"len(γ_a')"[0m=9  [32mblk[0m="H_t=38 H_r=0ed6..2f4e  |E_T|=3"
[36mDEBUG[0m[03-03|21:08:12.594] BETA computation                         [36maccumulationRoot[0m=0x0000000000000000000000000000000000000000000000000000000000000000 [36mmmr[0m=[nil,nil,0xb4c11951957c6f8f642c4af61cd6b24640fec6dc7fc607ee8206a99e92410d30,0x21ddb9a356815c3fac1026b6dec5df3124afbadb485c9ba5a3e3398a04b7ba85,0xe58769b32a1beaf1ea27375a44095a0d1fb664ce2dd358e7fcbfb78c26a19344]
[32mINFO [0m[03-03|21:08:12.626] [N2] proposeBlock safrole                [32mp[0m=2b33..19a6 [32mh[0m=fa4f..7bfb [32me'[0m=3 [32mm'[0m=3  [32m"len(γ_a')"[0m=12 [32mblk[0m="H_t=39 H_r=66ca..3c71  |E_T|=3"
[36mDEBUG[0m[03-03|21:08:18.207] BETA computation                         [36maccumulationRoot[0m=0x0000000000000000000000000000000000000000000000000000000000000000 [36mmmr[0m=[0x0000000000000000000000000000000000000000000000000000000000000000,nil,0xb4c11951957c6f8f642c4af61cd6b24640fec6dc7fc607ee8206a99e92410d30,0x21ddb9a356815c3fac1026b6dec5df3124afbadb485c9ba5a3e3398a04b7ba85,0xe58769b32a1beaf1ea27375a44095a0d1fb664ce2dd358e7fcbfb78c26a19344]
[32mINFO [0m[03-03|21:08:18.248] [N5] proposeBlock safrole                [32mp[0m=fa4f..7bfb [32mh[0m=84ae..d084 [32me'[0m=3 [32mm'[0m=4  [32m"len(γ_a')"[0m=12 [32mblk[0m="H_t=40 H_r=9555..a8bf "
[36mDEBUG[0m[03-03|21:08:24.188] BETA computation                         [36maccumulationRoot[0m=0x0000000000000000000000000000000000000000000000000000000000000000 [36mmmr[0m=[nil,0xad3228b676f7d3cd4284a5443f17f1962b36e491b30a40b2405849e597ba5fb5,0xb4c11951957c6f8f642c4af61cd6b24640fec6dc7fc607ee8206a99e92410d30,0x21ddb9a356815c3fac1026b6dec5df3124afbadb485c9ba5a3e3398a04b7ba85,0xe58769b32a1beaf1ea27375a44095a0d1fb664ce2dd358e7fcbfb78c26a19344]
[32mINFO [0m[03-03|21:08:24.229] [N2] proposeBlock safrole                [32mp[0m=84ae..d084 [32mh[0m=c6a2..c495 [32me'[0m=3 [32mm'[0m=5  [32m"len(γ_a')"[0m=12 [32mblk[0m="H_t=41 H_r=d624..9010 "
[36mDEBUG[0m[03-03|21:08:30.198] BETA computation                         [36maccumulationRoot[0m=0x0000000000000000000000000000000000000000000000000000000000000000 [36mmmr[0m=[0x0000000000000000000000000000000000000000000000000000000000000000,0xad3228b676f7d3cd4284a5443f17f1962b36e491b30a40b2405849e597ba5fb5,0xb4c11951957c6f8f642c4af61cd6b24640fec6dc7fc607ee8206a99e92410d30,0x21ddb9a356815c3fac1026b6dec5df3124afbadb485c9ba5a3e3398a04b7ba85,0xe58769b32a1beaf1ea27375a44095a0d1fb664ce2dd358e7fcbfb78c26a19344]
[32mINFO [0m[03-03|21:08:30.237] [N3] proposeBlock safrole                [32mp[0m=c6a2..c495 [32mh[0m=da38..2532 [32me'[0m=3 [32mm'[0m=6  [32m"len(γ_a')"[0m=12 [32mblk[0m="H_t=42 H_r=b8aa..01f2 "
[36mDEBUG[0m[03-03|21:08:36.182] BETA computation                         [36maccumulationRoot[0m=0x0000000000000000000000000000000000000000000000000000000000000000 [36mmmr[0m=[nil,nil,nil,nil,nil,0x0eb01ebfc9ed27500cd4dfc979272d1f0913cc9f66540d7e8005811109e1cf2d]
[32mINFO [0m[03-03|21:08:36.217] [N1] proposeBlock safrole                [32mp[0m=da38..2532 [32mh[0m=a714..838a [32me'[0m=3 [32mm'[0m=7  [32m"len(γ_a')"[0m=12 [32mblk[0m="H_t=43 H_r=fd54..52e8 "
[36mDEBUG[0m[03-03|21:08:42.169] BETA computation                         [36maccumulationRoot[0m=0x0000000000000000000000000000000000000000000000000000000000000000 [36mmmr[0m=[0x0000000000000000000000000000000000000000000000000000000000000000,nil,nil,nil,nil,0x0eb01ebfc9ed27500cd4dfc979272d1f0913cc9f66540d7e8005811109e1cf2d]
[32mINFO [0m[03-03|21:08:42.206] [N3] proposeBlock safrole                [32mp[0m=a714..838a [32mh[0m=a606..6bba [32me'[0m=3 [32mm'[0m=8  [32m"len(γ_a')"[0m=12 [32mblk[0m="H_t=44 H_r=6695..f3c7 "
[36mDEBUG[0m[03-03|21:08:48.215] BETA computation                         [36maccumulationRoot[0m=0x0000000000000000000000000000000000000000000000000000000000000000 [36mmmr[0m=[nil,0xad3228b676f7d3cd4284a5443f17f1962b36e491b30a40b2405849e597ba5fb5,nil,nil,nil,0x0eb01ebfc9ed27500cd4dfc979272d1f0913cc9f66540d7e8005811109e1cf2d]
[32mINFO [0m[03-03|21:08:48.253] [N4] proposeBlock safrole                [32mp[0m=a606..6bba [32mh[0m=47b0..4314 [32me'[0m=3 [32mm'[0m=9  [32m"len(γ_a')"[0m=12 [32mblk[0m="H_t=45 H_r=8e26..28af "
[36mDEBUG[0m[03-03|21:08:54.188] BETA computation                         [36maccumulationRoot[0m=0x0000000000000000000000000000000000000000000000000000000000000000 [36mmmr[0m=[0x0000000000000000000000000000000000000000000000000000000000000000,0xad3228b676f7d3cd4284a5443f17f1962b36e491b30a40b2405849e597ba5fb5,nil,nil,nil,0x0eb01ebfc9ed27500cd4dfc979272d1f0913cc9f66540d7e8005811109e1cf2d]
[32mINFO [0m[03-03|21:08:54.227] [N5] proposeBlock safrole                [32mp[0m=47b0..4314 [32mh[0m=3a39..14fd [32me'[0m=3 [32mm'[0m=10 [32m"len(γ_a')"[0m=12 [32mblk[0m="H_t=46 H_r=55a3..14f6   WinningTickets(12)"
[36mDEBUG[0m[03-03|21:09:02.599] BETA computation                         [36maccumulationRoot[0m=0x0000000000000000000000000000000000000000000000000000000000000000 [36mmmr[0m=[nil,nil,0xb4c11951957c6f8f642c4af61cd6b24640fec6dc7fc607ee8206a99e92410d30,nil,nil,0x0eb01ebfc9ed27500cd4dfc979272d1f0913cc9f66540d7e8005811109e1cf2d]
[32mINFO [0m[03-03|21:09:02.791] [N2] proposeBlock safrole                [32mp[0m=3a39..14fd [32mh[0m=aaa5..3bf1 [32me'[0m=3 [32mm'[0m=11 [32m"len(γ_a')"[0m=12 [32mblk[0m="H_t=47 H_r=b864..eb3d "
[36mDEBUG[0m[03-03|21:09:07.022] BETA computation                         [36maccumulationRoot[0m=0x0000000000000000000000000000000000000000000000000000000000000000 [36mmmr[0m=[0x0000000000000000000000000000000000000000000000000000000000000000,nil,0xb4c11951957c6f8f642c4af61cd6b24640fec6dc7fc607ee8206a99e92410d30,nil,nil,0x0eb01ebfc9ed27500cd4dfc979272d1f0913cc9f66540d7e8005811109e1cf2d]
[32mINFO [0m[03-03|21:09:07.053] [N2] proposeBlock safrole                [32mp[0m=aaa5..3bf1 [32mh[0m=67f3..8d4a [32me'[0m=4 [32mm'[0m=0  [32m"len(γ_a')"[0m=3  [32mblk[0m="H_t=48 H_r=4430..b71c  EpochMarker(η1'=30a1..78cb, η2'=7e4f..728f) |E_T|=3"
[36mDEBUG[0m[03-03|21:09:12.695] BETA computation                         [36maccumulationRoot[0m=0x0000000000000000000000000000000000000000000000000000000000000000 [36mmmr[0m=[nil,0xad3228b676f7d3cd4284a5443f17f1962b36e491b30a40b2405849e597ba5fb5,0xb4c11951957c6f8f642c4af61cd6b24640fec6dc7fc607ee8206a99e92410d30,nil,nil,0x0eb01ebfc9ed27500cd4dfc979272d1f0913cc9f66540d7e8005811109e1cf2d]
[32mINFO [0m[03-03|21:09:12.726] [N0] proposeBlock safrole                [32mp[0m=67f3..8d4a [32mh[0m=a42e..cedf [32me'[0m=4 [32mm'[0m=1  [32m"len(γ_a')"[0m=6  [32mblk[0m="H_t=49 H_r=35f9..7b0f  |E_T|=3"
[36mDEBUG[0m[03-03|21:09:14.562] BETA computation                         [36maccumulationRoot[0m=0x0000000000000000000000000000000000000000000000000000000000000000 [36mmmr[0m=[nil,0xad3228b676f7d3cd4284a5443f17f1962b36e491b30a40b2405849e597ba5fb5,0xb4c11951957c6f8f642c4af61cd6b24640fec6dc7fc607ee8206a99e92410d30,nil,nil,0x0eb01ebfc9ed27500cd4dfc979272d1f0913cc9f66540d7e8005811109e1cf2d]
[36mDEBUG[0m[03-03|21:09:18.584] BETA computation                         [36maccumulationRoot[0m=0x0000000000000000000000000000000000000000000000000000000000000000 [36mmmr[0m=[0x0000000000000000000000000000000000000000000000000000000000000000,0xad3228b676f7d3cd4284a5443f17f1962b36e491b30a40b2405849e597ba5fb5,0xb4c11951957c6f8f642c4af61cd6b24640fec6dc7fc607ee8206a99e92410d30,nil,nil,0x0eb01ebfc9ed27500cd4dfc979272d1f0913cc9f66540d7e8005811109e1cf2d]
[32mINFO [0m[03-03|21:09:18.615] [N0] proposeBlock safrole                [32mp[0m=a42e..cedf [32mh[0m=d82d..af22 [32me'[0m=4 [32mm'[0m=2  [32m"len(γ_a')"[0m=9  [32mblk[0m="H_t=50 H_r=3e94..1991  |E_T|=3"
[36mDEBUG[0m[03-03|21:09:20.326] BETA computation                         [36maccumulationRoot[0m=0x0000000000000000000000000000000000000000000000000000000000000000 [36mmmr[0m=[0x0000000000000000000000000000000000000000000000000000000000000000,0xad3228b676f7d3cd4284a5443f17f1962b36e491b30a40b2405849e597ba5fb5,0xb4c11951957c6f8f642c4af61cd6b24640fec6dc7fc607ee8206a99e92410d30,nil,nil,0x0eb01ebfc9ed27500cd4dfc979272d1f0913cc9f66540d7e8005811109e1cf2d]
[36mDEBUG[0m[03-03|21:09:24.664] BETA computation                         [36maccumulationRoot[0m=0x0000000000000000000000000000000000000000000000000000000000000000 [36mmmr[0m=[nil,nil,nil,0x21ddb9a356815c3fac1026b6dec5df3124afbadb485c9ba5a3e3398a04b7ba85,nil,0x0eb01ebfc9ed27500cd4dfc979272d1f0913cc9f66540d7e8005811109e1cf2d]
[32mINFO [0m[03-03|21:09:24.697] [N4] proposeBlock safrole                [32mp[0m=d82d..af22 [32mh[0m=4362..2ae6 [32me'[0m=4 [32mm'[0m=3  [32m"len(γ_a')"[0m=12 [32mblk[0m="H_t=51 H_r=4c31..3498  |E_T|=3"
[36mDEBUG[0m[03-03|21:09:30.215] BETA computation                         [36maccumulationRoot[0m=0x0000000000000000000000000000000000000000000000000000000000000000 [36mmmr[0m=[0x0000000000000000000000000000000000000000000000000000000000000000,nil,nil,0x21ddb9a356815c3fac1026b6dec5df3124afbadb485c9ba5a3e3398a04b7ba85,nil,0x0eb01ebfc9ed27500cd4dfc979272d1f0913cc9f66540d7e8005811109e1cf2d]
[32mINFO [0m[03-03|21:09:30.255] [N4] proposeBlock safrole                [32mp[0m=4362..2ae6 [32mh[0m=62e1..4d08 [32me'[0m=4 [32mm'[0m=4  [32m"len(γ_a')"[0m=12 [32mblk[0m="H_t=52 H_r=d7a3..87a8 "
[36mDEBUG[0m[03-03|21:09:36.183] BETA computation                         [36maccumulationRoot[0m=0x0000000000000000000000000000000000000000000000000000000000000000 [36mmmr[0m=[nil,0xad3228b676f7d3cd4284a5443f17f1962b36e491b30a40b2405849e597ba5fb5,nil,0x21ddb9a356815c3fac1026b6dec5df3124afbadb485c9ba5a3e3398a04b7ba85,nil,0x0eb01ebfc9ed27500cd4dfc979272d1f0913cc9f66540d7e8005811109e1cf2d]
[32mINFO [0m[03-03|21:09:36.223] [N4] proposeBlock safrole                [32mp[0m=62e1..4d08 [32mh[0m=5b9e..e163 [32me'[0m=4 [32mm'[0m=5  [32m"len(γ_a')"[0m=12 [32mblk[0m="H_t=53 H_r=128b..452b "
[36mDEBUG[0m[03-03|21:09:42.170] BETA computation                         [36maccumulationRoot[0m=0x0000000000000000000000000000000000000000000000000000000000000000 [36mmmr[0m=[0x0000000000000000000000000000000000000000000000000000000000000000,0xad3228b676f7d3cd4284a5443f17f1962b36e491b30a40b2405849e597ba5fb5,nil,0x21ddb9a356815c3fac1026b6dec5df3124afbadb485c9ba5a3e3398a04b7ba85,nil,0x0eb01ebfc9ed27500cd4dfc979272d1f0913cc9f66540d7e8005811109e1cf2d]
[32mINFO [0m[03-03|21:09:42.208] [N1] proposeBlock safrole                [32mp[0m=5b9e..e163 [32mh[0m=eeaa..34b2 [32me'[0m=4 [32mm'[0m=6  [32m"len(γ_a')"[0m=12 [32mblk[0m="H_t=54 H_r=18e2..aec4 "
[36mDEBUG[0m[03-03|21:09:48.178] BETA computation                         [36maccumulationRoot[0m=0x0000000000000000000000000000000000000000000000000000000000000000 [36mmmr[0m=[nil,nil,0xb4c11951957c6f8f642c4af61cd6b24640fec6dc7fc607ee8206a99e92410d30,0x21ddb9a356815c3fac1026b6dec5df3124afbadb485c9ba5a3e3398a04b7ba85,nil,0x0eb01ebfc9ed27500cd4dfc979272d1f0913cc9f66540d7e8005811109e1cf2d]
[32mINFO [0m[03-03|21:09:48.218] [N2] proposeBlock safrole                [32mp[0m=eeaa..34b2 [32mh[0m=2994..38f6 [32me'[0m=4 [32mm'[0m=7  [32m"len(γ_a')"[0m=12 [32mblk[0m="H_t=55 H_r=e917..9e29 "
[36mDEBUG[0m[03-03|21:09:54.189] BETA computation                         [36maccumulationRoot[0m=0x0000000000000000000000000000000000000000000000000000000000000000 [36mmmr[0m=[0x0000000000000000000000000000000000000000000000000000000000000000,nil,0xb4c11951957c6f8f642c4af61cd6b24640fec6dc7fc607ee8206a99e92410d30,0x21ddb9a356815c3fac1026b6dec5df3124afbadb485c9ba5a3e3398a04b7ba85,nil,0x0eb01ebfc9ed27500cd4dfc979272d1f0913cc9f66540d7e8005811109e1cf2d]
[32mINFO [0m[03-03|21:09:54.227] [N3] proposeBlock safrole                [32mp[0m=2994..38f6 [32mh[0m=2370..4029 [32me'[0m=4 [32mm'[0m=8  [32m"len(γ_a')"[0m=12 [32mblk[0m="H_t=56 H_r=06e7..a1fb "
[36mDEBUG[0m[03-03|21:10:00.142] BETA computation                         [36maccumulationRoot[0m=0x0000000000000000000000000000000000000000000000000000000000000000 [36mmmr[0m=[nil,0xad3228b676f7d3cd4284a5443f17f1962b36e491b30a40b2405849e597ba5fb5,0xb4c11951957c6f8f642c4af61cd6b24640fec6dc7fc607ee8206a99e92410d30,0x21ddb9a356815c3fac1026b6dec5df3124afbadb485c9ba5a3e3398a04b7ba85,nil,0x0eb01ebfc9ed27500cd4dfc979272d1f0913cc9f66540d7e8005811109e1cf2d]
[32mINFO [0m[03-03|21:10:00.181] [N1] proposeBlock safrole                [32mp[0m=2370..4029 [32mh[0m=6dfa..0eba [32me'[0m=4 [32mm'[0m=9  [32m"len(γ_a')"[0m=12 [32mblk[0m="H_t=57 H_r=3415..8155 "
[36mDEBUG[0m[03-03|21:10:06.158] BETA computation                         [36maccumulationRoot[0m=0x0000000000000000000000000000000000000000000000000000000000000000 [36mmmr[0m=[0x0000000000000000000000000000000000000000000000000000000000000000,0xad3228b676f7d3cd4284a5443f17f1962b36e491b30a40b2405849e597ba5fb5,0xb4c11951957c6f8f642c4af61cd6b24640fec6dc7fc607ee8206a99e92410d30,0x21ddb9a356815c3fac1026b6dec5df3124afbadb485c9ba5a3e3398a04b7ba85,nil,0x0eb01ebfc9ed27500cd4dfc979272d1f0913cc9f66540d7e8005811109e1cf2d]
[32mINFO [0m[03-03|21:10:06.198] [N3] proposeBlock safrole                [32mp[0m=6dfa..0eba [32mh[0m=2210..7e03 [32me'[0m=4 [32mm'[0m=10 [32m"len(γ_a')"[0m=12 [32mblk[0m="H_t=58 H_r=ebb2..4257   WinningTickets(12)"
[36mDEBUG[0m[03-03|21:10:14.401] BETA computation                         [36maccumulationRoot[0m=0x0000000000000000000000000000000000000000000000000000000000000000 [36mmmr[0m=[nil,nil,nil,nil,0xe58769b32a1beaf1ea27375a44095a0d1fb664ce2dd358e7fcbfb78c26a19344,0x0eb01ebfc9ed27500cd4dfc979272d1f0913cc9f66540d7e8005811109e1cf2d]
[32mINFO [0m[03-03|21:10:14.537] [N1] proposeBlock safrole                [32mp[0m=2210..7e03 [32mh[0m=0aa1..ef7c [32me'[0m=4 [32mm'[0m=11 [32m"len(γ_a')"[0m=12 [32mblk[0m="H_t=59 H_r=e616..0c5e "
[36mDEBUG[0m[03-03|21:10:18.997] BETA computation                         [36maccumulationRoot[0m=0x0000000000000000000000000000000000000000000000000000000000000000 [36mmmr[0m=[0x0000000000000000000000000000000000000000000000000000000000000000,nil,nil,nil,0xe58769b32a1beaf1ea27375a44095a0d1fb664ce2dd358e7fcbfb78c26a19344,0x0eb01ebfc9ed27500cd4dfc979272d1f0913cc9f66540d7e8005811109e1cf2d]
[32mINFO [0m[03-03|21:10:19.030] [N4] proposeBlock safrole                [32mp[0m=0aa1..ef7c [32mh[0m=15eb..b34e [32me'[0m=5 [32mm'[0m=0  [32m"len(γ_a')"[0m=3  [32mblk[0m="H_t=60 H_r=82f1..f2c7  EpochMarker(η1'=4fef..b276, η2'=30a1..78cb) |E_T|=3"
[32mINFO [0m[03-03|21:10:22.381] Completed
