[32mINFO [0m[03-25|22:41:21.562] JAMTEST                                  [32mjam[0m=safrole [32mtargetN[0m=48
Graph server listening on port 12030
RPC server started, using IPC: /tmp/jam-5.sock
[36mDEBUG[0m[03-25|22:41:26.156] BETA computation                         [36mn[0m=4 [36maccumulationRoot[0m=0x0000000000000000000000000000000000000000000000000000000000000000 [36mmmr[0m=[0x0000000000000000000000000000000000000000000000000000000000000000]
[32mINFO [0m[03-25|22:41:26.195] [N4] proposeBlock fallback               [32mp[0m=03c6..db92 [32mh[0m=3fcf..c766 [32me'[0m=1 [32mm'[0m=0 [32m"len(γ_a')"[0m=0 [32mblk[0m="H_t=12 H_r=c07c..290a  EpochMarker(η1'=6f6a..af2a, η2'=835a..4eaf)"
[36mDEBUG[0m[03-25|22:41:33.890] BETA computation                         [36mn[0m=4 [36maccumulationRoot[0m=0x0000000000000000000000000000000000000000000000000000000000000000 [36mmmr[0m=[nil,0xad3228b676f7d3cd4284a5443f17f1962b36e491b30a40b2405849e597ba5fb5]
[32mINFO [0m[03-25|22:41:34.073] [N4] proposeBlock fallback               [32mp[0m=3fcf..c766 [32mh[0m=6fd5..11de [32me'[0m=1 [32mm'[0m=1 [32m"len(γ_a')"[0m=3 [32mblk[0m="H_t=13 H_r=70b9..c1c6  |E_T|=3"
[36mDEBUG[0m[03-25|22:41:40.164] BETA computation                         [36mn[0m=4 [36maccumulationRoot[0m=0x0000000000000000000000000000000000000000000000000000000000000000 [36mmmr[0m=[0x0000000000000000000000000000000000000000000000000000000000000000,0xad3228b676f7d3cd4284a5443f17f1962b36e491b30a40b2405849e597ba5fb5]
[32mINFO [0m[03-25|22:41:40.299] [N4] proposeBlock fallback               [32mp[0m=6fd5..11de [32mh[0m=6933..9304 [32me'[0m=1 [32mm'[0m=2 [32m"len(γ_a')"[0m=6 [32mblk[0m="H_t=14 H_r=47e5..712c  |E_T|=3"
[36mDEBUG[0m[03-25|22:41:44.760] BETA computation                         [36mn[0m=5 [36maccumulationRoot[0m=0x0000000000000000000000000000000000000000000000000000000000000000 [36mmmr[0m=[nil,nil,0xb4c11951957c6f8f642c4af61cd6b24640fec6dc7fc607ee8206a99e92410d30]
[32mINFO [0m[03-25|22:41:44.794] [N5] proposeBlock fallback               [32mp[0m=6933..9304 [32mh[0m=b1c7..3208 [32me'[0m=1 [32mm'[0m=3 [32m"len(γ_a')"[0m=9 [32mblk[0m="H_t=15 H_r=9f2e..bf04  |E_T|=3"
[36mDEBUG[0m[03-25|22:41:50.560] BETA computation                         [36mn[0m=0 [36maccumulationRoot[0m=0x0000000000000000000000000000000000000000000000000000000000000000 [36mmmr[0m=[0x0000000000000000000000000000000000000000000000000000000000000000,nil,0xb4c11951957c6f8f642c4af61cd6b24640fec6dc7fc607ee8206a99e92410d30]
[32mINFO [0m[03-25|22:41:50.595] [N0] proposeBlock fallback               [32mp[0m=b1c7..3208 [32mh[0m=144d..c0b1 [32me'[0m=1 [32mm'[0m=4 [32m"len(γ_a')"[0m=12 [32mblk[0m="H_t=16 H_r=cdfc..b67e  |E_T|=3"
[36mDEBUG[0m[03-25|22:41:56.179] BETA computation                         [36mn[0m=4 [36maccumulationRoot[0m=0x0000000000000000000000000000000000000000000000000000000000000000 [36mmmr[0m=[nil,0xad3228b676f7d3cd4284a5443f17f1962b36e491b30a40b2405849e597ba5fb5,0xb4c11951957c6f8f642c4af61cd6b24640fec6dc7fc607ee8206a99e92410d30]
[32mINFO [0m[03-25|22:41:56.221] [N4] proposeBlock fallback               [32mp[0m=144d..c0b1 [32mh[0m=9a0a..d1d7 [32me'[0m=1 [32mm'[0m=5 [32m"len(γ_a')"[0m=12 [32mblk[0m="H_t=17 H_r=e58c..c86f "
[36mDEBUG[0m[03-25|22:42:02.123] BETA computation                         [36mn[0m=0 [36maccumulationRoot[0m=0x0000000000000000000000000000000000000000000000000000000000000000 [36mmmr[0m=[0x0000000000000000000000000000000000000000000000000000000000000000,0xad3228b676f7d3cd4284a5443f17f1962b36e491b30a40b2405849e597ba5fb5,0xb4c11951957c6f8f642c4af61cd6b24640fec6dc7fc607ee8206a99e92410d30]
[32mINFO [0m[03-25|22:42:02.168] [N0] proposeBlock fallback               [32mp[0m=9a0a..d1d7 [32mh[0m=06ad..bf52 [32me'[0m=1 [32mm'[0m=6 [32m"len(γ_a')"[0m=12 [32mblk[0m="H_t=18 H_r=efe4..5785 "
[36mDEBUG[0m[03-25|22:42:08.163] BETA computation                         [36mn[0m=4 [36maccumulationRoot[0m=0x0000000000000000000000000000000000000000000000000000000000000000 [36mmmr[0m=[nil,nil,nil,0x21ddb9a356815c3fac1026b6dec5df3124afbadb485c9ba5a3e3398a04b7ba85]
[32mINFO [0m[03-25|22:42:08.207] [N4] proposeBlock fallback               [32mp[0m=06ad..bf52 [32mh[0m=4937..0fff [32me'[0m=1 [32mm'[0m=7 [32m"len(γ_a')"[0m=12 [32mblk[0m="H_t=19 H_r=c23c..a3ff "
[36mDEBUG[0m[03-25|22:42:14.144] BETA computation                         [36mn[0m=1 [36maccumulationRoot[0m=0x0000000000000000000000000000000000000000000000000000000000000000 [36mmmr[0m=[0x0000000000000000000000000000000000000000000000000000000000000000,nil,nil,0x21ddb9a356815c3fac1026b6dec5df3124afbadb485c9ba5a3e3398a04b7ba85]
[32mINFO [0m[03-25|22:42:14.183] [N1] proposeBlock fallback               [32mp[0m=4937..0fff [32mh[0m=895d..cb94 [32me'[0m=1 [32mm'[0m=8 [32m"len(γ_a')"[0m=12 [32mblk[0m="H_t=20 H_r=85e1..cf72 "
[36mDEBUG[0m[03-25|22:42:20.101] BETA computation                         [36mn[0m=0 [36maccumulationRoot[0m=0x0000000000000000000000000000000000000000000000000000000000000000 [36mmmr[0m=[nil,0xad3228b676f7d3cd4284a5443f17f1962b36e491b30a40b2405849e597ba5fb5,nil,0x21ddb9a356815c3fac1026b6dec5df3124afbadb485c9ba5a3e3398a04b7ba85]
[32mINFO [0m[03-25|22:42:20.219] [N0] proposeBlock fallback               [32mp[0m=895d..cb94 [32mh[0m=6412..af63 [32me'[0m=1 [32mm'[0m=9 [32m"len(γ_a')"[0m=12 [32mblk[0m="H_t=21 H_r=2c73..e395 "
[36mDEBUG[0m[03-25|22:42:26.108] BETA computation                         [36mn[0m=1 [36maccumulationRoot[0m=0x0000000000000000000000000000000000000000000000000000000000000000 [36mmmr[0m=[0x0000000000000000000000000000000000000000000000000000000000000000,0xad3228b676f7d3cd4284a5443f17f1962b36e491b30a40b2405849e597ba5fb5,nil,0x21ddb9a356815c3fac1026b6dec5df3124afbadb485c9ba5a3e3398a04b7ba85]
[32mINFO [0m[03-25|22:42:26.148] [N1] proposeBlock fallback               [32mp[0m=6412..af63 [32mh[0m=dd3e..fe24 [32me'[0m=1 [32mm'[0m=10 [32m"len(γ_a')"[0m=12 [32mblk[0m="H_t=22 H_r=1cd3..ffe4   WinningTickets(12)"
[36mDEBUG[0m[03-25|22:42:34.463] BETA computation                         [36mn[0m=4 [36maccumulationRoot[0m=0x0000000000000000000000000000000000000000000000000000000000000000 [36mmmr[0m=[nil,nil,0xb4c11951957c6f8f642c4af61cd6b24640fec6dc7fc607ee8206a99e92410d30,0x21ddb9a356815c3fac1026b6dec5df3124afbadb485c9ba5a3e3398a04b7ba85]
[32mINFO [0m[03-25|22:42:34.949] [N4] proposeBlock fallback               [32mp[0m=dd3e..fe24 [32mh[0m=6f2b..1109 [32me'[0m=1 [32mm'[0m=11 [32m"len(γ_a')"[0m=12 [32mblk[0m="H_t=23 H_r=8b79..eb3d "
[36mDEBUG[0m[03-25|22:42:39.958] BETA computation                         [36mn[0m=2 [36maccumulationRoot[0m=0x0000000000000000000000000000000000000000000000000000000000000000 [36mmmr[0m=[0x0000000000000000000000000000000000000000000000000000000000000000,nil,0xb4c11951957c6f8f642c4af61cd6b24640fec6dc7fc607ee8206a99e92410d30,0x21ddb9a356815c3fac1026b6dec5df3124afbadb485c9ba5a3e3398a04b7ba85]
[32mINFO [0m[03-25|22:42:40.003] [N2] proposeBlock safrole                [32mp[0m=6f2b..1109 [32mh[0m=a7e7..cbb7 [32me'[0m=2 [32mm'[0m=0  [32m"len(γ_a')"[0m=3  [32mblk[0m="H_t=24 H_r=eac9..568c  EpochMarker(η1'=767a..23ae, η2'=6f6a..af2a) |E_T|=3"
[36mDEBUG[0m[03-25|22:42:44.750] BETA computation                         [36mn[0m=5 [36maccumulationRoot[0m=0x0000000000000000000000000000000000000000000000000000000000000000 [36mmmr[0m=[nil,0xad3228b676f7d3cd4284a5443f17f1962b36e491b30a40b2405849e597ba5fb5,0xb4c11951957c6f8f642c4af61cd6b24640fec6dc7fc607ee8206a99e92410d30,0x21ddb9a356815c3fac1026b6dec5df3124afbadb485c9ba5a3e3398a04b7ba85]
[32mINFO [0m[03-25|22:42:44.786] [N5] proposeBlock safrole                [32mp[0m=a7e7..cbb7 [32mh[0m=d98a..8e44 [32me'[0m=2 [32mm'[0m=1  [32m"len(γ_a')"[0m=6  [32mblk[0m="H_t=25 H_r=bb56..7e4e  |E_T|=3"
[36mDEBUG[0m[03-25|22:42:50.691] BETA computation                         [36mn[0m=4 [36maccumulationRoot[0m=0x0000000000000000000000000000000000000000000000000000000000000000 [36mmmr[0m=[0x0000000000000000000000000000000000000000000000000000000000000000,0xad3228b676f7d3cd4284a5443f17f1962b36e491b30a40b2405849e597ba5fb5,0xb4c11951957c6f8f642c4af61cd6b24640fec6dc7fc607ee8206a99e92410d30,0x21ddb9a356815c3fac1026b6dec5df3124afbadb485c9ba5a3e3398a04b7ba85]
[32mINFO [0m[03-25|22:42:50.726] [N4] proposeBlock safrole                [32mp[0m=d98a..8e44 [32mh[0m=580f..b8a0 [32me'[0m=2 [32mm'[0m=2  [32m"len(γ_a')"[0m=9  [32mblk[0m="H_t=26 H_r=6938..d788  |E_T|=3"
[36mDEBUG[0m[03-25|22:42:56.636] BETA computation                         [36mn[0m=3 [36maccumulationRoot[0m=0x0000000000000000000000000000000000000000000000000000000000000000 [36mmmr[0m=[nil,nil,nil,nil,0xe58769b32a1beaf1ea27375a44095a0d1fb664ce2dd358e7fcbfb78c26a19344]
[32mINFO [0m[03-25|22:42:56.672] [N3] proposeBlock safrole                [32mp[0m=580f..b8a0 [32mh[0m=2c4b..25d4 [32me'[0m=2 [32mm'[0m=3  [32m"len(γ_a')"[0m=12 [32mblk[0m="H_t=27 H_r=a29f..ba14  |E_T|=3"
[36mDEBUG[0m[03-25|22:43:02.236] BETA computation                         [36mn[0m=5 [36maccumulationRoot[0m=0x0000000000000000000000000000000000000000000000000000000000000000 [36mmmr[0m=[0x0000000000000000000000000000000000000000000000000000000000000000,nil,nil,nil,0xe58769b32a1beaf1ea27375a44095a0d1fb664ce2dd358e7fcbfb78c26a19344]
[32mINFO [0m[03-25|22:43:02.281] [N5] proposeBlock safrole                [32mp[0m=2c4b..25d4 [32mh[0m=00c9..fcb7 [32me'[0m=2 [32mm'[0m=4  [32m"len(γ_a')"[0m=12 [32mblk[0m="H_t=28 H_r=802f..3dd6 "
[36mDEBUG[0m[03-25|22:43:08.133] BETA computation                         [36mn[0m=1 [36maccumulationRoot[0m=0x0000000000000000000000000000000000000000000000000000000000000000 [36mmmr[0m=[nil,0xad3228b676f7d3cd4284a5443f17f1962b36e491b30a40b2405849e597ba5fb5,nil,nil,0xe58769b32a1beaf1ea27375a44095a0d1fb664ce2dd358e7fcbfb78c26a19344]
[32mINFO [0m[03-25|22:43:08.173] [N1] proposeBlock safrole                [32mp[0m=00c9..fcb7 [32mh[0m=4444..d54e [32me'[0m=2 [32mm'[0m=5  [32m"len(γ_a')"[0m=12 [32mblk[0m="H_t=29 H_r=0cf6..a3ae "
[36mDEBUG[0m[03-25|22:43:14.171] BETA computation                         [36mn[0m=3 [36maccumulationRoot[0m=0x0000000000000000000000000000000000000000000000000000000000000000 [36mmmr[0m=[0x0000000000000000000000000000000000000000000000000000000000000000,0xad3228b676f7d3cd4284a5443f17f1962b36e491b30a40b2405849e597ba5fb5,nil,nil,0xe58769b32a1beaf1ea27375a44095a0d1fb664ce2dd358e7fcbfb78c26a19344]
[32mINFO [0m[03-25|22:43:14.212] [N3] proposeBlock safrole                [32mp[0m=4444..d54e [32mh[0m=3076..026e [32me'[0m=2 [32mm'[0m=6  [32m"len(γ_a')"[0m=12 [32mblk[0m="H_t=30 H_r=2654..9842 "
[36mDEBUG[0m[03-25|22:43:20.170] BETA computation                         [36mn[0m=2 [36maccumulationRoot[0m=0x0000000000000000000000000000000000000000000000000000000000000000 [36mmmr[0m=[nil,nil,0xb4c11951957c6f8f642c4af61cd6b24640fec6dc7fc607ee8206a99e92410d30,nil,0xe58769b32a1beaf1ea27375a44095a0d1fb664ce2dd358e7fcbfb78c26a19344]
[32mINFO [0m[03-25|22:43:20.209] [N2] proposeBlock safrole                [32mp[0m=3076..026e [32mh[0m=8aed..3a4f [32me'[0m=2 [32mm'[0m=7  [32m"len(γ_a')"[0m=12 [32mblk[0m="H_t=31 H_r=b895..4bd2 "
[36mDEBUG[0m[03-25|22:43:26.121] BETA computation                         [36mn[0m=0 [36maccumulationRoot[0m=0x0000000000000000000000000000000000000000000000000000000000000000 [36mmmr[0m=[0x0000000000000000000000000000000000000000000000000000000000000000,nil,0xb4c11951957c6f8f642c4af61cd6b24640fec6dc7fc607ee8206a99e92410d30,nil,0xe58769b32a1beaf1ea27375a44095a0d1fb664ce2dd358e7fcbfb78c26a19344]
[32mINFO [0m[03-25|22:43:26.162] [N0] proposeBlock safrole                [32mp[0m=8aed..3a4f [32mh[0m=e0d3..629b [32me'[0m=2 [32mm'[0m=8  [32m"len(γ_a')"[0m=12 [32mblk[0m="H_t=32 H_r=b7da..90f9 "
[36mDEBUG[0m[03-25|22:43:32.111] BETA computation                         [36mn[0m=1 [36maccumulationRoot[0m=0x0000000000000000000000000000000000000000000000000000000000000000 [36mmmr[0m=[nil,0xad3228b676f7d3cd4284a5443f17f1962b36e491b30a40b2405849e597ba5fb5,0xb4c11951957c6f8f642c4af61cd6b24640fec6dc7fc607ee8206a99e92410d30,nil,0xe58769b32a1beaf1ea27375a44095a0d1fb664ce2dd358e7fcbfb78c26a19344]
[32mINFO [0m[03-25|22:43:32.153] [N1] proposeBlock safrole                [32mp[0m=e0d3..629b [32mh[0m=cffb..6c7c [32me'[0m=2 [32mm'[0m=9  [32m"len(γ_a')"[0m=12 [32mblk[0m="H_t=33 H_r=7e08..a102 "
[36mDEBUG[0m[03-25|22:43:38.171] BETA computation                         [36mn[0m=5 [36maccumulationRoot[0m=0x0000000000000000000000000000000000000000000000000000000000000000 [36mmmr[0m=[0x0000000000000000000000000000000000000000000000000000000000000000,0xad3228b676f7d3cd4284a5443f17f1962b36e491b30a40b2405849e597ba5fb5,0xb4c11951957c6f8f642c4af61cd6b24640fec6dc7fc607ee8206a99e92410d30,nil,0xe58769b32a1beaf1ea27375a44095a0d1fb664ce2dd358e7fcbfb78c26a19344]
[32mINFO [0m[03-25|22:43:38.212] [N5] proposeBlock safrole                [32mp[0m=cffb..6c7c [32mh[0m=deec..e893 [32me'[0m=2 [32mm'[0m=10 [32m"len(γ_a')"[0m=12 [32mblk[0m="H_t=34 H_r=ad73..f340   WinningTickets(12)"
[36mDEBUG[0m[03-25|22:43:46.544] BETA computation                         [36mn[0m=3 [36maccumulationRoot[0m=0x0000000000000000000000000000000000000000000000000000000000000000 [36mmmr[0m=[nil,nil,nil,0x21ddb9a356815c3fac1026b6dec5df3124afbadb485c9ba5a3e3398a04b7ba85,0xe58769b32a1beaf1ea27375a44095a0d1fb664ce2dd358e7fcbfb78c26a19344]
[32mINFO [0m[03-25|22:43:46.686] [N3] proposeBlock safrole                [32mp[0m=deec..e893 [32mh[0m=ebef..a477 [32me'[0m=2 [32mm'[0m=11 [32m"len(γ_a')"[0m=12 [32mblk[0m="H_t=35 H_r=f172..d1f1 "
[36mDEBUG[0m[03-25|22:43:51.303] BETA computation                         [36mn[0m=0 [36maccumulationRoot[0m=0x0000000000000000000000000000000000000000000000000000000000000000 [36mmmr[0m=[0x0000000000000000000000000000000000000000000000000000000000000000,nil,nil,0x21ddb9a356815c3fac1026b6dec5df3124afbadb485c9ba5a3e3398a04b7ba85,0xe58769b32a1beaf1ea27375a44095a0d1fb664ce2dd358e7fcbfb78c26a19344]
[32mINFO [0m[03-25|22:43:51.493] [N0] proposeBlock safrole                [32mp[0m=ebef..a477 [32mh[0m=7875..b4a9 [32me'[0m=3 [32mm'[0m=0  [32m"len(γ_a')"[0m=2  [32mblk[0m="H_t=36 H_r=6a4b..3e80  EpochMarker(η1'=7e4f..8ff9, η2'=767a..23ae) |E_T|=2"
[36mDEBUG[0m[03-25|22:43:56.631] BETA computation                         [36mn[0m=0 [36maccumulationRoot[0m=0x0000000000000000000000000000000000000000000000000000000000000000 [36mmmr[0m=[nil,0xad3228b676f7d3cd4284a5443f17f1962b36e491b30a40b2405849e597ba5fb5,nil,0x21ddb9a356815c3fac1026b6dec5df3124afbadb485c9ba5a3e3398a04b7ba85,0xe58769b32a1beaf1ea27375a44095a0d1fb664ce2dd358e7fcbfb78c26a19344]
[32mINFO [0m[03-25|22:43:56.665] [N0] proposeBlock safrole                [32mp[0m=7875..b4a9 [32mh[0m=4927..5585 [32me'[0m=3 [32mm'[0m=1  [32m"len(γ_a')"[0m=5  [32mblk[0m="H_t=37 H_r=fd4d..4188  |E_T|=3"
[36mDEBUG[0m[03-25|22:44:02.683] BETA computation                         [36mn[0m=5 [36maccumulationRoot[0m=0x0000000000000000000000000000000000000000000000000000000000000000 [36mmmr[0m=[0x0000000000000000000000000000000000000000000000000000000000000000,0xad3228b676f7d3cd4284a5443f17f1962b36e491b30a40b2405849e597ba5fb5,nil,0x21ddb9a356815c3fac1026b6dec5df3124afbadb485c9ba5a3e3398a04b7ba85,0xe58769b32a1beaf1ea27375a44095a0d1fb664ce2dd358e7fcbfb78c26a19344]
[32mINFO [0m[03-25|22:44:02.721] [N5] proposeBlock safrole                [32mp[0m=4927..5585 [32mh[0m=cceb..65fe [32me'[0m=3 [32mm'[0m=2  [32m"len(γ_a')"[0m=8  [32mblk[0m="H_t=38 H_r=dc18..e3c9  |E_T|=3"
[36mDEBUG[0m[03-25|22:44:08.619] BETA computation                         [36mn[0m=2 [36maccumulationRoot[0m=0x0000000000000000000000000000000000000000000000000000000000000000 [36mmmr[0m=[nil,nil,0xb4c11951957c6f8f642c4af61cd6b24640fec6dc7fc607ee8206a99e92410d30,0x21ddb9a356815c3fac1026b6dec5df3124afbadb485c9ba5a3e3398a04b7ba85,0xe58769b32a1beaf1ea27375a44095a0d1fb664ce2dd358e7fcbfb78c26a19344]
[32mINFO [0m[03-25|22:44:08.654] [N2] proposeBlock safrole                [32mp[0m=cceb..65fe [32mh[0m=e8f1..de93 [32me'[0m=3 [32mm'[0m=3  [32m"len(γ_a')"[0m=11 [32mblk[0m="H_t=39 H_r=e820..8ba7  |E_T|=3"
[36mDEBUG[0m[03-25|22:44:14.350] BETA computation                         [36mn[0m=5 [36maccumulationRoot[0m=0x0000000000000000000000000000000000000000000000000000000000000000 [36mmmr[0m=[0x0000000000000000000000000000000000000000000000000000000000000000,nil,0xb4c11951957c6f8f642c4af61cd6b24640fec6dc7fc607ee8206a99e92410d30,0x21ddb9a356815c3fac1026b6dec5df3124afbadb485c9ba5a3e3398a04b7ba85,0xe58769b32a1beaf1ea27375a44095a0d1fb664ce2dd358e7fcbfb78c26a19344]
[32mINFO [0m[03-25|22:44:14.385] [N5] proposeBlock safrole                [32mp[0m=e8f1..de93 [32mh[0m=7039..be02 [32me'[0m=3 [32mm'[0m=4  [32m"len(γ_a')"[0m=12 [32mblk[0m="H_t=40 H_r=cf20..9707  |E_T|=1"
[36mDEBUG[0m[03-25|22:44:20.171] BETA computation                         [36mn[0m=2 [36maccumulationRoot[0m=0x0000000000000000000000000000000000000000000000000000000000000000 [36mmmr[0m=[nil,0xad3228b676f7d3cd4284a5443f17f1962b36e491b30a40b2405849e597ba5fb5,0xb4c11951957c6f8f642c4af61cd6b24640fec6dc7fc607ee8206a99e92410d30,0x21ddb9a356815c3fac1026b6dec5df3124afbadb485c9ba5a3e3398a04b7ba85,0xe58769b32a1beaf1ea27375a44095a0d1fb664ce2dd358e7fcbfb78c26a19344]
[32mINFO [0m[03-25|22:44:20.214] [N2] proposeBlock safrole                [32mp[0m=7039..be02 [32mh[0m=5395..35a8 [32me'[0m=3 [32mm'[0m=5  [32m"len(γ_a')"[0m=12 [32mblk[0m="H_t=41 H_r=4ef4..99c4 "
[36mDEBUG[0m[03-25|22:44:26.175] BETA computation                         [36mn[0m=3 [36maccumulationRoot[0m=0x0000000000000000000000000000000000000000000000000000000000000000 [36mmmr[0m=[0x0000000000000000000000000000000000000000000000000000000000000000,0xad3228b676f7d3cd4284a5443f17f1962b36e491b30a40b2405849e597ba5fb5,0xb4c11951957c6f8f642c4af61cd6b24640fec6dc7fc607ee8206a99e92410d30,0x21ddb9a356815c3fac1026b6dec5df3124afbadb485c9ba5a3e3398a04b7ba85,0xe58769b32a1beaf1ea27375a44095a0d1fb664ce2dd358e7fcbfb78c26a19344]
[32mINFO [0m[03-25|22:44:26.216] [N3] proposeBlock safrole                [32mp[0m=5395..35a8 [32mh[0m=5751..b551 [32me'[0m=3 [32mm'[0m=6  [32m"len(γ_a')"[0m=12 [32mblk[0m="H_t=42 H_r=0063..1a11 "
[36mDEBUG[0m[03-25|22:44:32.166] BETA computation                         [36mn[0m=1 [36maccumulationRoot[0m=0x0000000000000000000000000000000000000000000000000000000000000000 [36mmmr[0m=[nil,nil,nil,nil,nil,0x0eb01ebfc9ed27500cd4dfc979272d1f0913cc9f66540d7e8005811109e1cf2d]
[32mINFO [0m[03-25|22:44:32.207] [N1] proposeBlock safrole                [32mp[0m=5751..b551 [32mh[0m=a43c..ab8e [32me'[0m=3 [32mm'[0m=7  [32m"len(γ_a')"[0m=12 [32mblk[0m="H_t=43 H_r=247a..0a68 "
[36mDEBUG[0m[03-25|22:44:38.149] BETA computation                         [36mn[0m=3 [36maccumulationRoot[0m=0x0000000000000000000000000000000000000000000000000000000000000000 [36mmmr[0m=[0x0000000000000000000000000000000000000000000000000000000000000000,nil,nil,nil,nil,0x0eb01ebfc9ed27500cd4dfc979272d1f0913cc9f66540d7e8005811109e1cf2d]
[32mINFO [0m[03-25|22:44:38.189] [N3] proposeBlock safrole                [32mp[0m=a43c..ab8e [32mh[0m=5d4e..c063 [32me'[0m=3 [32mm'[0m=8  [32m"len(γ_a')"[0m=12 [32mblk[0m="H_t=44 H_r=515c..b2cf "
[36mDEBUG[0m[03-25|22:44:44.208] BETA computation                         [36mn[0m=4 [36maccumulationRoot[0m=0x0000000000000000000000000000000000000000000000000000000000000000 [36mmmr[0m=[nil,0xad3228b676f7d3cd4284a5443f17f1962b36e491b30a40b2405849e597ba5fb5,nil,nil,nil,0x0eb01ebfc9ed27500cd4dfc979272d1f0913cc9f66540d7e8005811109e1cf2d]
[32mINFO [0m[03-25|22:44:44.251] [N4] proposeBlock safrole                [32mp[0m=5d4e..c063 [32mh[0m=e635..7e08 [32me'[0m=3 [32mm'[0m=9  [32m"len(γ_a')"[0m=12 [32mblk[0m="H_t=45 H_r=ec29..8b10 "
[36mDEBUG[0m[03-25|22:44:50.171] BETA computation                         [36mn[0m=5 [36maccumulationRoot[0m=0x0000000000000000000000000000000000000000000000000000000000000000 [36mmmr[0m=[0x0000000000000000000000000000000000000000000000000000000000000000,0xad3228b676f7d3cd4284a5443f17f1962b36e491b30a40b2405849e597ba5fb5,nil,nil,nil,0x0eb01ebfc9ed27500cd4dfc979272d1f0913cc9f66540d7e8005811109e1cf2d]
[32mINFO [0m[03-25|22:44:50.210] [N5] proposeBlock safrole                [32mp[0m=e635..7e08 [32mh[0m=c545..6fe0 [32me'[0m=3 [32mm'[0m=10 [32m"len(γ_a')"[0m=12 [32mblk[0m="H_t=46 H_r=aa87..71a5   WinningTickets(12)"
[36mDEBUG[0m[03-25|22:44:58.268] BETA computation                         [36mn[0m=2 [36maccumulationRoot[0m=0x0000000000000000000000000000000000000000000000000000000000000000 [36mmmr[0m=[nil,nil,0xb4c11951957c6f8f642c4af61cd6b24640fec6dc7fc607ee8206a99e92410d30,nil,nil,0x0eb01ebfc9ed27500cd4dfc979272d1f0913cc9f66540d7e8005811109e1cf2d]
[32mINFO [0m[03-25|22:44:58.368] [N2] proposeBlock safrole                [32mp[0m=c545..6fe0 [32mh[0m=8292..a56a [32me'[0m=3 [32mm'[0m=11 [32m"len(γ_a')"[0m=12 [32mblk[0m="H_t=47 H_r=52e5..2c37 "
[36mDEBUG[0m[03-25|22:45:03.983] BETA computation                         [36mn[0m=2 [36maccumulationRoot[0m=0x0000000000000000000000000000000000000000000000000000000000000000 [36mmmr[0m=[0x0000000000000000000000000000000000000000000000000000000000000000,nil,0xb4c11951957c6f8f642c4af61cd6b24640fec6dc7fc607ee8206a99e92410d30,nil,nil,0x0eb01ebfc9ed27500cd4dfc979272d1f0913cc9f66540d7e8005811109e1cf2d]
[32mINFO [0m[03-25|22:45:04.120] [N2] proposeBlock safrole                [32mp[0m=8292..a56a [32mh[0m=e6f0..73ac [32me'[0m=4 [32mm'[0m=0  [32m"len(γ_a')"[0m=3  [32mblk[0m="H_t=48 H_r=fa83..688b  EpochMarker(η1'=30a1..cbf9, η2'=7e4f..8ff9) |E_T|=3"
[36mDEBUG[0m[03-25|22:45:08.879] BETA computation                         [36mn[0m=0 [36maccumulationRoot[0m=0x0000000000000000000000000000000000000000000000000000000000000000 [36mmmr[0m=[nil,0xad3228b676f7d3cd4284a5443f17f1962b36e491b30a40b2405849e597ba5fb5,0xb4c11951957c6f8f642c4af61cd6b24640fec6dc7fc607ee8206a99e92410d30,nil,nil,0x0eb01ebfc9ed27500cd4dfc979272d1f0913cc9f66540d7e8005811109e1cf2d]
[32mINFO [0m[03-25|22:45:08.916] [N0] proposeBlock safrole                [32mp[0m=e6f0..73ac [32mh[0m=fb31..ffa6 [32me'[0m=4 [32mm'[0m=1  [32m"len(γ_a')"[0m=6  [32mblk[0m="H_t=49 H_r=07e5..e0c8  |E_T|=3"
[36mDEBUG[0m[03-25|22:45:14.810] BETA computation                         [36mn[0m=0 [36maccumulationRoot[0m=0x0000000000000000000000000000000000000000000000000000000000000000 [36mmmr[0m=[0x0000000000000000000000000000000000000000000000000000000000000000,0xad3228b676f7d3cd4284a5443f17f1962b36e491b30a40b2405849e597ba5fb5,0xb4c11951957c6f8f642c4af61cd6b24640fec6dc7fc607ee8206a99e92410d30,nil,nil,0x0eb01ebfc9ed27500cd4dfc979272d1f0913cc9f66540d7e8005811109e1cf2d]
[32mINFO [0m[03-25|22:45:14.844] [N0] proposeBlock safrole                [32mp[0m=fb31..ffa6 [32mh[0m=c218..2d9a [32me'[0m=4 [32mm'[0m=2  [32m"len(γ_a')"[0m=9  [32mblk[0m="H_t=50 H_r=7c22..6b8d  |E_T|=3"
[36mDEBUG[0m[03-25|22:45:20.646] BETA computation                         [36mn[0m=4 [36maccumulationRoot[0m=0x0000000000000000000000000000000000000000000000000000000000000000 [36mmmr[0m=[nil,nil,nil,0x21ddb9a356815c3fac1026b6dec5df3124afbadb485c9ba5a3e3398a04b7ba85,nil,0x0eb01ebfc9ed27500cd4dfc979272d1f0913cc9f66540d7e8005811109e1cf2d]
[32mINFO [0m[03-25|22:45:20.681] [N4] proposeBlock safrole                [32mp[0m=c218..2d9a [32mh[0m=7aa2..19ee [32me'[0m=4 [32mm'[0m=3  [32m"len(γ_a')"[0m=12 [32mblk[0m="H_t=51 H_r=3676..9a9d  |E_T|=3"
[36mDEBUG[0m[03-25|22:45:26.203] BETA computation                         [36mn[0m=4 [36maccumulationRoot[0m=0x0000000000000000000000000000000000000000000000000000000000000000 [36mmmr[0m=[0x0000000000000000000000000000000000000000000000000000000000000000,nil,nil,0x21ddb9a356815c3fac1026b6dec5df3124afbadb485c9ba5a3e3398a04b7ba85,nil,0x0eb01ebfc9ed27500cd4dfc979272d1f0913cc9f66540d7e8005811109e1cf2d]
[32mINFO [0m[03-25|22:45:26.245] [N4] proposeBlock safrole                [32mp[0m=7aa2..19ee [32mh[0m=f74c..9241 [32me'[0m=4 [32mm'[0m=4  [32m"len(γ_a')"[0m=12 [32mblk[0m="H_t=52 H_r=0088..d7e3 "
[36mDEBUG[0m[03-25|22:45:32.165] BETA computation                         [36mn[0m=4 [36maccumulationRoot[0m=0x0000000000000000000000000000000000000000000000000000000000000000 [36mmmr[0m=[nil,0xad3228b676f7d3cd4284a5443f17f1962b36e491b30a40b2405849e597ba5fb5,nil,0x21ddb9a356815c3fac1026b6dec5df3124afbadb485c9ba5a3e3398a04b7ba85,nil,0x0eb01ebfc9ed27500cd4dfc979272d1f0913cc9f66540d7e8005811109e1cf2d]
[32mINFO [0m[03-25|22:45:32.205] [N4] proposeBlock safrole                [32mp[0m=f74c..9241 [32mh[0m=9a47..f4b7 [32me'[0m=4 [32mm'[0m=5  [32m"len(γ_a')"[0m=12 [32mblk[0m="H_t=53 H_r=35d2..4d50 "
[36mDEBUG[0m[03-25|22:45:38.145] BETA computation                         [36mn[0m=1 [36maccumulationRoot[0m=0x0000000000000000000000000000000000000000000000000000000000000000 [36mmmr[0m=[0x0000000000000000000000000000000000000000000000000000000000000000,0xad3228b676f7d3cd4284a5443f17f1962b36e491b30a40b2405849e597ba5fb5,nil,0x21ddb9a356815c3fac1026b6dec5df3124afbadb485c9ba5a3e3398a04b7ba85,nil,0x0eb01ebfc9ed27500cd4dfc979272d1f0913cc9f66540d7e8005811109e1cf2d]
[32mINFO [0m[03-25|22:45:38.189] [N1] proposeBlock safrole                [32mp[0m=9a47..f4b7 [32mh[0m=0817..2c38 [32me'[0m=4 [32mm'[0m=6  [32m"len(γ_a')"[0m=12 [32mblk[0m="H_t=54 H_r=627b..1775 "
[36mDEBUG[0m[03-25|22:45:44.165] BETA computation                         [36mn[0m=2 [36maccumulationRoot[0m=0x0000000000000000000000000000000000000000000000000000000000000000 [36mmmr[0m=[nil,nil,0xb4c11951957c6f8f642c4af61cd6b24640fec6dc7fc607ee8206a99e92410d30,0x21ddb9a356815c3fac1026b6dec5df3124afbadb485c9ba5a3e3398a04b7ba85,nil,0x0eb01ebfc9ed27500cd4dfc979272d1f0913cc9f66540d7e8005811109e1cf2d]
[32mINFO [0m[03-25|22:45:44.205] [N2] proposeBlock safrole                [32mp[0m=0817..2c38 [32mh[0m=3f57..e3b8 [32me'[0m=4 [32mm'[0m=7  [32m"len(γ_a')"[0m=12 [32mblk[0m="H_t=55 H_r=75e9..6ef3 "
[36mDEBUG[0m[03-25|22:45:50.171] BETA computation                         [36mn[0m=3 [36maccumulationRoot[0m=0x0000000000000000000000000000000000000000000000000000000000000000 [36mmmr[0m=[0x0000000000000000000000000000000000000000000000000000000000000000,nil,0xb4c11951957c6f8f642c4af61cd6b24640fec6dc7fc607ee8206a99e92410d30,0x21ddb9a356815c3fac1026b6dec5df3124afbadb485c9ba5a3e3398a04b7ba85,nil,0x0eb01ebfc9ed27500cd4dfc979272d1f0913cc9f66540d7e8005811109e1cf2d]
[32mINFO [0m[03-25|22:45:50.211] [N3] proposeBlock safrole                [32mp[0m=3f57..e3b8 [32mh[0m=efe5..ed30 [32me'[0m=4 [32mm'[0m=8  [32m"len(γ_a')"[0m=12 [32mblk[0m="H_t=56 H_r=b6c7..65ec "
[36mDEBUG[0m[03-25|22:45:56.124] BETA computation                         [36mn[0m=1 [36maccumulationRoot[0m=0x0000000000000000000000000000000000000000000000000000000000000000 [36mmmr[0m=[nil,0xad3228b676f7d3cd4284a5443f17f1962b36e491b30a40b2405849e597ba5fb5,0xb4c11951957c6f8f642c4af61cd6b24640fec6dc7fc607ee8206a99e92410d30,0x21ddb9a356815c3fac1026b6dec5df3124afbadb485c9ba5a3e3398a04b7ba85,nil,0x0eb01ebfc9ed27500cd4dfc979272d1f0913cc9f66540d7e8005811109e1cf2d]
[32mINFO [0m[03-25|22:45:56.182] [N1] proposeBlock safrole                [32mp[0m=efe5..ed30 [32mh[0m=b7a3..958c [32me'[0m=4 [32mm'[0m=9  [32m"len(γ_a')"[0m=12 [32mblk[0m="H_t=57 H_r=bcc2..6f1f "
[36mDEBUG[0m[03-25|22:46:02.139] BETA computation                         [36mn[0m=3 [36maccumulationRoot[0m=0x0000000000000000000000000000000000000000000000000000000000000000 [36mmmr[0m=[0x0000000000000000000000000000000000000000000000000000000000000000,0xad3228b676f7d3cd4284a5443f17f1962b36e491b30a40b2405849e597ba5fb5,0xb4c11951957c6f8f642c4af61cd6b24640fec6dc7fc607ee8206a99e92410d30,0x21ddb9a356815c3fac1026b6dec5df3124afbadb485c9ba5a3e3398a04b7ba85,nil,0x0eb01ebfc9ed27500cd4dfc979272d1f0913cc9f66540d7e8005811109e1cf2d]
[32mINFO [0m[03-25|22:46:02.180] [N3] proposeBlock safrole                [32mp[0m=b7a3..958c [32mh[0m=26f1..ebe2 [32me'[0m=4 [32mm'[0m=10 [32m"len(γ_a')"[0m=12 [32mblk[0m="H_t=58 H_r=931f..bea8   WinningTickets(12)"
[36mDEBUG[0m[03-25|22:46:10.247] BETA computation                         [36mn[0m=1 [36maccumulationRoot[0m=0x0000000000000000000000000000000000000000000000000000000000000000 [36mmmr[0m=[nil,nil,nil,nil,0xe58769b32a1beaf1ea27375a44095a0d1fb664ce2dd358e7fcbfb78c26a19344,0x0eb01ebfc9ed27500cd4dfc979272d1f0913cc9f66540d7e8005811109e1cf2d]
[32mINFO [0m[03-25|22:46:10.432] [N1] proposeBlock safrole                [32mp[0m=26f1..ebe2 [32mh[0m=3c62..5cc6 [32me'[0m=4 [32mm'[0m=11 [32m"len(γ_a')"[0m=12 [32mblk[0m="H_t=59 H_r=c5b2..c5c9 "
[36mDEBUG[0m[03-25|22:46:15.637] BETA computation                         [36mn[0m=4 [36maccumulationRoot[0m=0x0000000000000000000000000000000000000000000000000000000000000000 [36mmmr[0m=[0x0000000000000000000000000000000000000000000000000000000000000000,nil,nil,nil,0xe58769b32a1beaf1ea27375a44095a0d1fb664ce2dd358e7fcbfb78c26a19344,0x0eb01ebfc9ed27500cd4dfc979272d1f0913cc9f66540d7e8005811109e1cf2d]
[32mINFO [0m[03-25|22:46:15.800] [N4] proposeBlock safrole                [32mp[0m=3c62..5cc6 [32mh[0m=9ecf..c27d [32me'[0m=5 [32mm'[0m=0  [32m"len(γ_a')"[0m=3  [32mblk[0m="H_t=60 H_r=f75f..5707  EpochMarker(η1'=4fef..7681, η2'=30a1..cbf9) |E_T|=3"
[32mINFO [0m[03-25|22:46:18.562] Completed
