[32mINFO [0m[03-21|01:28:09.581] JAMTEST                                  [32mjam[0m=safrole [32mtargetN[0m=48
Graph server listening on port 12030
RPC server started, using IPC: /tmp/jam-5.sock
[36mDEBUG[0m[03-21|01:28:14.173] BETA computation                         [36mn[0m=4 [36maccumulationRoot[0m=0x0000000000000000000000000000000000000000000000000000000000000000 [36mmmr[0m=[0x0000000000000000000000000000000000000000000000000000000000000000]
[32mINFO [0m[03-21|01:28:14.207] [N4] proposeBlock fallback               [32mp[0m=4762..2244 [32mh[0m=2abc..b108 [32me'[0m=1 [32mm'[0m=0 [32m"len(γ_a')"[0m=0 [32mblk[0m="H_t=12 H_r=0456..4e1c  EpochMarker(η1'=6f6a..af2a, η2'=835a..4eaf)"
[36mDEBUG[0m[03-21|01:28:21.686] BETA computation                         [36mn[0m=4 [36maccumulationRoot[0m=0x0000000000000000000000000000000000000000000000000000000000000000 [36mmmr[0m=[nil,0xad3228b676f7d3cd4284a5443f17f1962b36e491b30a40b2405849e597ba5fb5]
[32mINFO [0m[03-21|01:28:21.825] [N4] proposeBlock fallback               [32mp[0m=2abc..b108 [32mh[0m=607d..becf [32me'[0m=1 [32mm'[0m=1 [32m"len(γ_a')"[0m=3 [32mblk[0m="H_t=13 H_r=78fc..7d38  |E_T|=3"
[36mDEBUG[0m[03-21|01:28:26.684] BETA computation                         [36mn[0m=4 [36maccumulationRoot[0m=0x0000000000000000000000000000000000000000000000000000000000000000 [36mmmr[0m=[0x0000000000000000000000000000000000000000000000000000000000000000,0xad3228b676f7d3cd4284a5443f17f1962b36e491b30a40b2405849e597ba5fb5]
[32mINFO [0m[03-21|01:28:26.714] [N4] proposeBlock fallback               [32mp[0m=607d..becf [32mh[0m=5868..2d84 [32me'[0m=1 [32mm'[0m=2 [32m"len(γ_a')"[0m=6 [32mblk[0m="H_t=14 H_r=8078..cd3e  |E_T|=3"
[36mDEBUG[0m[03-21|01:28:32.671] BETA computation                         [36mn[0m=5 [36maccumulationRoot[0m=0x0000000000000000000000000000000000000000000000000000000000000000 [36mmmr[0m=[nil,nil,0xb4c11951957c6f8f642c4af61cd6b24640fec6dc7fc607ee8206a99e92410d30]
[32mINFO [0m[03-21|01:28:32.707] [N5] proposeBlock fallback               [32mp[0m=5868..2d84 [32mh[0m=f96a..a7a0 [32me'[0m=1 [32mm'[0m=3 [32m"len(γ_a')"[0m=9 [32mblk[0m="H_t=15 H_r=926b..6799  |E_T|=3"
[36mDEBUG[0m[03-21|01:28:38.527] BETA computation                         [36mn[0m=0 [36maccumulationRoot[0m=0x0000000000000000000000000000000000000000000000000000000000000000 [36mmmr[0m=[0x0000000000000000000000000000000000000000000000000000000000000000,nil,0xb4c11951957c6f8f642c4af61cd6b24640fec6dc7fc607ee8206a99e92410d30]
[32mINFO [0m[03-21|01:28:38.561] [N0] proposeBlock fallback               [32mp[0m=f96a..a7a0 [32mh[0m=8dc1..f976 [32me'[0m=1 [32mm'[0m=4 [32m"len(γ_a')"[0m=12 [32mblk[0m="H_t=16 H_r=0ec0..3c7d  |E_T|=3"
[36mDEBUG[0m[03-21|01:28:44.201] BETA computation                         [36mn[0m=4 [36maccumulationRoot[0m=0x0000000000000000000000000000000000000000000000000000000000000000 [36mmmr[0m=[nil,0xad3228b676f7d3cd4284a5443f17f1962b36e491b30a40b2405849e597ba5fb5,0xb4c11951957c6f8f642c4af61cd6b24640fec6dc7fc607ee8206a99e92410d30]
[32mINFO [0m[03-21|01:28:44.246] [N4] proposeBlock fallback               [32mp[0m=8dc1..f976 [32mh[0m=a8f3..ddd2 [32me'[0m=1 [32mm'[0m=5 [32m"len(γ_a')"[0m=12 [32mblk[0m="H_t=17 H_r=56e2..cf22 "
[36mDEBUG[0m[03-21|01:28:50.124] BETA computation                         [36mn[0m=0 [36maccumulationRoot[0m=0x0000000000000000000000000000000000000000000000000000000000000000 [36mmmr[0m=[0x0000000000000000000000000000000000000000000000000000000000000000,0xad3228b676f7d3cd4284a5443f17f1962b36e491b30a40b2405849e597ba5fb5,0xb4c11951957c6f8f642c4af61cd6b24640fec6dc7fc607ee8206a99e92410d30]
[32mINFO [0m[03-21|01:28:50.165] [N0] proposeBlock fallback               [32mp[0m=a8f3..ddd2 [32mh[0m=57d9..6e90 [32me'[0m=1 [32mm'[0m=6 [32m"len(γ_a')"[0m=12 [32mblk[0m="H_t=18 H_r=ee79..5a9e "
[36mDEBUG[0m[03-21|01:28:56.178] BETA computation                         [36mn[0m=4 [36maccumulationRoot[0m=0x0000000000000000000000000000000000000000000000000000000000000000 [36mmmr[0m=[nil,nil,nil,0x21ddb9a356815c3fac1026b6dec5df3124afbadb485c9ba5a3e3398a04b7ba85]
[32mINFO [0m[03-21|01:28:56.216] [N4] proposeBlock fallback               [32mp[0m=57d9..6e90 [32mh[0m=ab11..987b [32me'[0m=1 [32mm'[0m=7 [32m"len(γ_a')"[0m=12 [32mblk[0m="H_t=19 H_r=9f75..2863 "
[36mDEBUG[0m[03-21|01:29:02.155] BETA computation                         [36mn[0m=1 [36maccumulationRoot[0m=0x0000000000000000000000000000000000000000000000000000000000000000 [36mmmr[0m=[0x0000000000000000000000000000000000000000000000000000000000000000,nil,nil,0x21ddb9a356815c3fac1026b6dec5df3124afbadb485c9ba5a3e3398a04b7ba85]
[32mINFO [0m[03-21|01:29:02.198] [N1] proposeBlock fallback               [32mp[0m=ab11..987b [32mh[0m=3834..59ed [32me'[0m=1 [32mm'[0m=8 [32m"len(γ_a')"[0m=12 [32mblk[0m="H_t=20 H_r=1363..9a1a "
[36mDEBUG[0m[03-21|01:29:08.102] BETA computation                         [36mn[0m=0 [36maccumulationRoot[0m=0x0000000000000000000000000000000000000000000000000000000000000000 [36mmmr[0m=[nil,0xad3228b676f7d3cd4284a5443f17f1962b36e491b30a40b2405849e597ba5fb5,nil,0x21ddb9a356815c3fac1026b6dec5df3124afbadb485c9ba5a3e3398a04b7ba85]
[32mINFO [0m[03-21|01:29:08.140] [N0] proposeBlock fallback               [32mp[0m=3834..59ed [32mh[0m=7a98..0af8 [32me'[0m=1 [32mm'[0m=9 [32m"len(γ_a')"[0m=12 [32mblk[0m="H_t=21 H_r=3260..571f "
[36mDEBUG[0m[03-21|01:29:14.118] BETA computation                         [36mn[0m=1 [36maccumulationRoot[0m=0x0000000000000000000000000000000000000000000000000000000000000000 [36mmmr[0m=[0x0000000000000000000000000000000000000000000000000000000000000000,0xad3228b676f7d3cd4284a5443f17f1962b36e491b30a40b2405849e597ba5fb5,nil,0x21ddb9a356815c3fac1026b6dec5df3124afbadb485c9ba5a3e3398a04b7ba85]
[32mINFO [0m[03-21|01:29:14.157] [N1] proposeBlock fallback               [32mp[0m=7a98..0af8 [32mh[0m=66c0..9675 [32me'[0m=1 [32mm'[0m=10 [32m"len(γ_a')"[0m=12 [32mblk[0m="H_t=22 H_r=4f1e..eeda   WinningTickets(12)"
[36mDEBUG[0m[03-21|01:29:21.712] BETA computation                         [36mn[0m=4 [36maccumulationRoot[0m=0x0000000000000000000000000000000000000000000000000000000000000000 [36mmmr[0m=[nil,nil,0xb4c11951957c6f8f642c4af61cd6b24640fec6dc7fc607ee8206a99e92410d30,0x21ddb9a356815c3fac1026b6dec5df3124afbadb485c9ba5a3e3398a04b7ba85]
[32mINFO [0m[03-21|01:29:22.115] [N4] proposeBlock fallback               [32mp[0m=66c0..9675 [32mh[0m=a5ea..1545 [32me'[0m=1 [32mm'[0m=11 [32m"len(γ_a')"[0m=12 [32mblk[0m="H_t=23 H_r=90f1..9874 "
[36mDEBUG[0m[03-21|01:29:26.852] BETA computation                         [36mn[0m=2 [36maccumulationRoot[0m=0x0000000000000000000000000000000000000000000000000000000000000000 [36mmmr[0m=[0x0000000000000000000000000000000000000000000000000000000000000000,nil,0xb4c11951957c6f8f642c4af61cd6b24640fec6dc7fc607ee8206a99e92410d30,0x21ddb9a356815c3fac1026b6dec5df3124afbadb485c9ba5a3e3398a04b7ba85]
[32mINFO [0m[03-21|01:29:26.884] [N2] proposeBlock safrole                [32mp[0m=a5ea..1545 [32mh[0m=2554..d9ef [32me'[0m=2 [32mm'[0m=0  [32m"len(γ_a')"[0m=3  [32mblk[0m="H_t=24 H_r=22b1..f82f  EpochMarker(η1'=767a..23ae, η2'=6f6a..af2a) |E_T|=3"
[36mDEBUG[0m[03-21|01:29:32.776] BETA computation                         [36mn[0m=5 [36maccumulationRoot[0m=0x0000000000000000000000000000000000000000000000000000000000000000 [36mmmr[0m=[nil,0xad3228b676f7d3cd4284a5443f17f1962b36e491b30a40b2405849e597ba5fb5,0xb4c11951957c6f8f642c4af61cd6b24640fec6dc7fc607ee8206a99e92410d30,0x21ddb9a356815c3fac1026b6dec5df3124afbadb485c9ba5a3e3398a04b7ba85]
[32mINFO [0m[03-21|01:29:32.814] [N5] proposeBlock safrole                [32mp[0m=2554..d9ef [32mh[0m=37ea..cdea [32me'[0m=2 [32mm'[0m=1  [32m"len(γ_a')"[0m=6  [32mblk[0m="H_t=25 H_r=92bb..eb0a  |E_T|=3"
[36mDEBUG[0m[03-21|01:29:38.647] BETA computation                         [36mn[0m=4 [36maccumulationRoot[0m=0x0000000000000000000000000000000000000000000000000000000000000000 [36mmmr[0m=[0x0000000000000000000000000000000000000000000000000000000000000000,0xad3228b676f7d3cd4284a5443f17f1962b36e491b30a40b2405849e597ba5fb5,0xb4c11951957c6f8f642c4af61cd6b24640fec6dc7fc607ee8206a99e92410d30,0x21ddb9a356815c3fac1026b6dec5df3124afbadb485c9ba5a3e3398a04b7ba85]
[32mINFO [0m[03-21|01:29:38.681] [N4] proposeBlock safrole                [32mp[0m=37ea..cdea [32mh[0m=c55a..c562 [32me'[0m=2 [32mm'[0m=2  [32m"len(γ_a')"[0m=9  [32mblk[0m="H_t=26 H_r=7019..985e  |E_T|=3"
[36mDEBUG[0m[03-21|01:29:44.605] BETA computation                         [36mn[0m=3 [36maccumulationRoot[0m=0x0000000000000000000000000000000000000000000000000000000000000000 [36mmmr[0m=[nil,nil,nil,nil,0xe58769b32a1beaf1ea27375a44095a0d1fb664ce2dd358e7fcbfb78c26a19344]
[32mINFO [0m[03-21|01:29:44.641] [N3] proposeBlock safrole                [32mp[0m=c55a..c562 [32mh[0m=5108..1e50 [32me'[0m=2 [32mm'[0m=3  [32m"len(γ_a')"[0m=12 [32mblk[0m="H_t=27 H_r=f8cf..ab9c  |E_T|=3"
[36mDEBUG[0m[03-21|01:29:50.235] BETA computation                         [36mn[0m=5 [36maccumulationRoot[0m=0x0000000000000000000000000000000000000000000000000000000000000000 [36mmmr[0m=[0x0000000000000000000000000000000000000000000000000000000000000000,nil,nil,nil,0xe58769b32a1beaf1ea27375a44095a0d1fb664ce2dd358e7fcbfb78c26a19344]
[32mINFO [0m[03-21|01:29:50.271] [N5] proposeBlock safrole                [32mp[0m=5108..1e50 [32mh[0m=3b5b..da17 [32me'[0m=2 [32mm'[0m=4  [32m"len(γ_a')"[0m=12 [32mblk[0m="H_t=28 H_r=d5e1..e8bc "
[36mDEBUG[0m[03-21|01:29:56.145] BETA computation                         [36mn[0m=1 [36maccumulationRoot[0m=0x0000000000000000000000000000000000000000000000000000000000000000 [36mmmr[0m=[nil,0xad3228b676f7d3cd4284a5443f17f1962b36e491b30a40b2405849e597ba5fb5,nil,nil,0xe58769b32a1beaf1ea27375a44095a0d1fb664ce2dd358e7fcbfb78c26a19344]
[32mINFO [0m[03-21|01:29:56.189] [N1] proposeBlock safrole                [32mp[0m=3b5b..da17 [32mh[0m=9ce0..67b5 [32me'[0m=2 [32mm'[0m=5  [32m"len(γ_a')"[0m=12 [32mblk[0m="H_t=29 H_r=debc..452e "
[36mDEBUG[0m[03-21|01:30:02.200] BETA computation                         [36mn[0m=3 [36maccumulationRoot[0m=0x0000000000000000000000000000000000000000000000000000000000000000 [36mmmr[0m=[0x0000000000000000000000000000000000000000000000000000000000000000,0xad3228b676f7d3cd4284a5443f17f1962b36e491b30a40b2405849e597ba5fb5,nil,nil,0xe58769b32a1beaf1ea27375a44095a0d1fb664ce2dd358e7fcbfb78c26a19344]
[32mINFO [0m[03-21|01:30:02.253] [N3] proposeBlock safrole                [32mp[0m=9ce0..67b5 [32mh[0m=12b5..f345 [32me'[0m=2 [32mm'[0m=6  [32m"len(γ_a')"[0m=12 [32mblk[0m="H_t=30 H_r=a74b..b15a "
[36mDEBUG[0m[03-21|01:30:08.179] BETA computation                         [36mn[0m=2 [36maccumulationRoot[0m=0x0000000000000000000000000000000000000000000000000000000000000000 [36mmmr[0m=[nil,nil,0xb4c11951957c6f8f642c4af61cd6b24640fec6dc7fc607ee8206a99e92410d30,nil,0xe58769b32a1beaf1ea27375a44095a0d1fb664ce2dd358e7fcbfb78c26a19344]
[32mINFO [0m[03-21|01:30:08.223] [N2] proposeBlock safrole                [32mp[0m=12b5..f345 [32mh[0m=d440..ba14 [32me'[0m=2 [32mm'[0m=7  [32m"len(γ_a')"[0m=12 [32mblk[0m="H_t=31 H_r=8424..d8b9 "
[36mDEBUG[0m[03-21|01:30:14.137] BETA computation                         [36mn[0m=0 [36maccumulationRoot[0m=0x0000000000000000000000000000000000000000000000000000000000000000 [36mmmr[0m=[0x0000000000000000000000000000000000000000000000000000000000000000,nil,0xb4c11951957c6f8f642c4af61cd6b24640fec6dc7fc607ee8206a99e92410d30,nil,0xe58769b32a1beaf1ea27375a44095a0d1fb664ce2dd358e7fcbfb78c26a19344]
[32mINFO [0m[03-21|01:30:14.183] [N0] proposeBlock safrole                [32mp[0m=d440..ba14 [32mh[0m=2d47..40c8 [32me'[0m=2 [32mm'[0m=8  [32m"len(γ_a')"[0m=12 [32mblk[0m="H_t=32 H_r=9354..f4eb "
[36mDEBUG[0m[03-21|01:30:20.121] BETA computation                         [36mn[0m=1 [36maccumulationRoot[0m=0x0000000000000000000000000000000000000000000000000000000000000000 [36mmmr[0m=[nil,0xad3228b676f7d3cd4284a5443f17f1962b36e491b30a40b2405849e597ba5fb5,0xb4c11951957c6f8f642c4af61cd6b24640fec6dc7fc607ee8206a99e92410d30,nil,0xe58769b32a1beaf1ea27375a44095a0d1fb664ce2dd358e7fcbfb78c26a19344]
[32mINFO [0m[03-21|01:30:20.157] [N1] proposeBlock safrole                [32mp[0m=2d47..40c8 [32mh[0m=0df9..5652 [32me'[0m=2 [32mm'[0m=9  [32m"len(γ_a')"[0m=12 [32mblk[0m="H_t=33 H_r=97d4..9183 "
[36mDEBUG[0m[03-21|01:30:26.189] BETA computation                         [36mn[0m=5 [36maccumulationRoot[0m=0x0000000000000000000000000000000000000000000000000000000000000000 [36mmmr[0m=[0x0000000000000000000000000000000000000000000000000000000000000000,0xad3228b676f7d3cd4284a5443f17f1962b36e491b30a40b2405849e597ba5fb5,0xb4c11951957c6f8f642c4af61cd6b24640fec6dc7fc607ee8206a99e92410d30,nil,0xe58769b32a1beaf1ea27375a44095a0d1fb664ce2dd358e7fcbfb78c26a19344]
[32mINFO [0m[03-21|01:30:26.233] [N5] proposeBlock safrole                [32mp[0m=0df9..5652 [32mh[0m=7374..5be8 [32me'[0m=2 [32mm'[0m=10 [32m"len(γ_a')"[0m=12 [32mblk[0m="H_t=34 H_r=f760..c3b9   WinningTickets(12)"
[36mDEBUG[0m[03-21|01:30:34.351] BETA computation                         [36mn[0m=3 [36maccumulationRoot[0m=0x0000000000000000000000000000000000000000000000000000000000000000 [36mmmr[0m=[nil,nil,nil,0x21ddb9a356815c3fac1026b6dec5df3124afbadb485c9ba5a3e3398a04b7ba85,0xe58769b32a1beaf1ea27375a44095a0d1fb664ce2dd358e7fcbfb78c26a19344]
[32mINFO [0m[03-21|01:30:34.495] [N3] proposeBlock safrole                [32mp[0m=7374..5be8 [32mh[0m=7a55..4670 [32me'[0m=2 [32mm'[0m=11 [32m"len(γ_a')"[0m=12 [32mblk[0m="H_t=35 H_r=ae10..69fc "
[36mDEBUG[0m[03-21|01:30:38.779] BETA computation                         [36mn[0m=0 [36maccumulationRoot[0m=0x0000000000000000000000000000000000000000000000000000000000000000 [36mmmr[0m=[0x0000000000000000000000000000000000000000000000000000000000000000,nil,nil,0x21ddb9a356815c3fac1026b6dec5df3124afbadb485c9ba5a3e3398a04b7ba85,0xe58769b32a1beaf1ea27375a44095a0d1fb664ce2dd358e7fcbfb78c26a19344]
[32mINFO [0m[03-21|01:30:38.811] [N0] proposeBlock safrole                [32mp[0m=7a55..4670 [32mh[0m=d821..fa6c [32me'[0m=3 [32mm'[0m=0  [32m"len(γ_a')"[0m=3  [32mblk[0m="H_t=36 H_r=4d83..8205  EpochMarker(η1'=7e4f..8ff9, η2'=767a..23ae) |E_T|=3"
[36mDEBUG[0m[03-21|01:30:44.611] BETA computation                         [36mn[0m=0 [36maccumulationRoot[0m=0x0000000000000000000000000000000000000000000000000000000000000000 [36mmmr[0m=[nil,0xad3228b676f7d3cd4284a5443f17f1962b36e491b30a40b2405849e597ba5fb5,nil,0x21ddb9a356815c3fac1026b6dec5df3124afbadb485c9ba5a3e3398a04b7ba85,0xe58769b32a1beaf1ea27375a44095a0d1fb664ce2dd358e7fcbfb78c26a19344]
[32mINFO [0m[03-21|01:30:44.647] [N0] proposeBlock safrole                [32mp[0m=d821..fa6c [32mh[0m=c2ba..6e25 [32me'[0m=3 [32mm'[0m=1  [32m"len(γ_a')"[0m=6  [32mblk[0m="H_t=37 H_r=e659..5adc  |E_T|=3"
[36mDEBUG[0m[03-21|01:30:50.648] BETA computation                         [36mn[0m=5 [36maccumulationRoot[0m=0x0000000000000000000000000000000000000000000000000000000000000000 [36mmmr[0m=[0x0000000000000000000000000000000000000000000000000000000000000000,0xad3228b676f7d3cd4284a5443f17f1962b36e491b30a40b2405849e597ba5fb5,nil,0x21ddb9a356815c3fac1026b6dec5df3124afbadb485c9ba5a3e3398a04b7ba85,0xe58769b32a1beaf1ea27375a44095a0d1fb664ce2dd358e7fcbfb78c26a19344]
[32mINFO [0m[03-21|01:30:50.680] [N5] proposeBlock safrole                [32mp[0m=c2ba..6e25 [32mh[0m=6744..6088 [32me'[0m=3 [32mm'[0m=2  [32m"len(γ_a')"[0m=9  [32mblk[0m="H_t=38 H_r=2c99..9e3c  |E_T|=3"
[36mDEBUG[0m[03-21|01:30:56.553] BETA computation                         [36mn[0m=2 [36maccumulationRoot[0m=0x0000000000000000000000000000000000000000000000000000000000000000 [36mmmr[0m=[nil,nil,0xb4c11951957c6f8f642c4af61cd6b24640fec6dc7fc607ee8206a99e92410d30,0x21ddb9a356815c3fac1026b6dec5df3124afbadb485c9ba5a3e3398a04b7ba85,0xe58769b32a1beaf1ea27375a44095a0d1fb664ce2dd358e7fcbfb78c26a19344]
[32mINFO [0m[03-21|01:30:56.593] [N2] proposeBlock safrole                [32mp[0m=6744..6088 [32mh[0m=7f5e..c493 [32me'[0m=3 [32mm'[0m=3  [32m"len(γ_a')"[0m=12 [32mblk[0m="H_t=39 H_r=5c66..6417  |E_T|=3"
[36mDEBUG[0m[03-21|01:31:02.211] BETA computation                         [36mn[0m=5 [36maccumulationRoot[0m=0x0000000000000000000000000000000000000000000000000000000000000000 [36mmmr[0m=[0x0000000000000000000000000000000000000000000000000000000000000000,nil,0xb4c11951957c6f8f642c4af61cd6b24640fec6dc7fc607ee8206a99e92410d30,0x21ddb9a356815c3fac1026b6dec5df3124afbadb485c9ba5a3e3398a04b7ba85,0xe58769b32a1beaf1ea27375a44095a0d1fb664ce2dd358e7fcbfb78c26a19344]
[32mINFO [0m[03-21|01:31:02.247] [N5] proposeBlock safrole                [32mp[0m=7f5e..c493 [32mh[0m=9893..37b7 [32me'[0m=3 [32mm'[0m=4  [32m"len(γ_a')"[0m=12 [32mblk[0m="H_t=40 H_r=641e..f06b "
[36mDEBUG[0m[03-21|01:31:08.189] BETA computation                         [36mn[0m=2 [36maccumulationRoot[0m=0x0000000000000000000000000000000000000000000000000000000000000000 [36mmmr[0m=[nil,0xad3228b676f7d3cd4284a5443f17f1962b36e491b30a40b2405849e597ba5fb5,0xb4c11951957c6f8f642c4af61cd6b24640fec6dc7fc607ee8206a99e92410d30,0x21ddb9a356815c3fac1026b6dec5df3124afbadb485c9ba5a3e3398a04b7ba85,0xe58769b32a1beaf1ea27375a44095a0d1fb664ce2dd358e7fcbfb78c26a19344]
[32mINFO [0m[03-21|01:31:08.230] [N2] proposeBlock safrole                [32mp[0m=9893..37b7 [32mh[0m=5456..ada2 [32me'[0m=3 [32mm'[0m=5  [32m"len(γ_a')"[0m=12 [32mblk[0m="H_t=41 H_r=2ab9..6dc8 "
[36mDEBUG[0m[03-21|01:31:14.194] BETA computation                         [36mn[0m=3 [36maccumulationRoot[0m=0x0000000000000000000000000000000000000000000000000000000000000000 [36mmmr[0m=[0x0000000000000000000000000000000000000000000000000000000000000000,0xad3228b676f7d3cd4284a5443f17f1962b36e491b30a40b2405849e597ba5fb5,0xb4c11951957c6f8f642c4af61cd6b24640fec6dc7fc607ee8206a99e92410d30,0x21ddb9a356815c3fac1026b6dec5df3124afbadb485c9ba5a3e3398a04b7ba85,0xe58769b32a1beaf1ea27375a44095a0d1fb664ce2dd358e7fcbfb78c26a19344]
[32mINFO [0m[03-21|01:31:14.239] [N3] proposeBlock safrole                [32mp[0m=5456..ada2 [32mh[0m=35a5..3f54 [32me'[0m=3 [32mm'[0m=6  [32m"len(γ_a')"[0m=12 [32mblk[0m="H_t=42 H_r=db4d..43e7 "
[36mDEBUG[0m[03-21|01:31:20.162] BETA computation                         [36mn[0m=1 [36maccumulationRoot[0m=0x0000000000000000000000000000000000000000000000000000000000000000 [36mmmr[0m=[nil,nil,nil,nil,nil,0x0eb01ebfc9ed27500cd4dfc979272d1f0913cc9f66540d7e8005811109e1cf2d]
[32mINFO [0m[03-21|01:31:20.201] [N1] proposeBlock safrole                [32mp[0m=35a5..3f54 [32mh[0m=c61e..da53 [32me'[0m=3 [32mm'[0m=7  [32m"len(γ_a')"[0m=12 [32mblk[0m="H_t=43 H_r=1a4e..a770 "
[36mDEBUG[0m[03-21|01:31:26.167] BETA computation                         [36mn[0m=3 [36maccumulationRoot[0m=0x0000000000000000000000000000000000000000000000000000000000000000 [36mmmr[0m=[0x0000000000000000000000000000000000000000000000000000000000000000,nil,nil,nil,nil,0x0eb01ebfc9ed27500cd4dfc979272d1f0913cc9f66540d7e8005811109e1cf2d]
[32mINFO [0m[03-21|01:31:26.210] [N3] proposeBlock safrole                [32mp[0m=c61e..da53 [32mh[0m=dc1d..7041 [32me'[0m=3 [32mm'[0m=8  [32m"len(γ_a')"[0m=12 [32mblk[0m="H_t=44 H_r=e5e0..06dd "
[36mDEBUG[0m[03-21|01:31:32.238] BETA computation                         [36mn[0m=4 [36maccumulationRoot[0m=0x0000000000000000000000000000000000000000000000000000000000000000 [36mmmr[0m=[nil,0xad3228b676f7d3cd4284a5443f17f1962b36e491b30a40b2405849e597ba5fb5,nil,nil,nil,0x0eb01ebfc9ed27500cd4dfc979272d1f0913cc9f66540d7e8005811109e1cf2d]
[32mINFO [0m[03-21|01:31:32.282] [N4] proposeBlock safrole                [32mp[0m=dc1d..7041 [32mh[0m=b65b..deaa [32me'[0m=3 [32mm'[0m=9  [32m"len(γ_a')"[0m=12 [32mblk[0m="H_t=45 H_r=b09b..a22b "
[36mDEBUG[0m[03-21|01:31:38.189] BETA computation                         [36mn[0m=5 [36maccumulationRoot[0m=0x0000000000000000000000000000000000000000000000000000000000000000 [36mmmr[0m=[0x0000000000000000000000000000000000000000000000000000000000000000,0xad3228b676f7d3cd4284a5443f17f1962b36e491b30a40b2405849e597ba5fb5,nil,nil,nil,0x0eb01ebfc9ed27500cd4dfc979272d1f0913cc9f66540d7e8005811109e1cf2d]
[32mINFO [0m[03-21|01:31:38.232] [N5] proposeBlock safrole                [32mp[0m=b65b..deaa [32mh[0m=cb44..2e6c [32me'[0m=3 [32mm'[0m=10 [32m"len(γ_a')"[0m=12 [32mblk[0m="H_t=46 H_r=3114..4eb8   WinningTickets(12)"
[36mDEBUG[0m[03-21|01:31:46.266] BETA computation                         [36mn[0m=2 [36maccumulationRoot[0m=0x0000000000000000000000000000000000000000000000000000000000000000 [36mmmr[0m=[nil,nil,0xb4c11951957c6f8f642c4af61cd6b24640fec6dc7fc607ee8206a99e92410d30,nil,nil,0x0eb01ebfc9ed27500cd4dfc979272d1f0913cc9f66540d7e8005811109e1cf2d]
[32mINFO [0m[03-21|01:31:46.385] [N2] proposeBlock safrole                [32mp[0m=cb44..2e6c [32mh[0m=8a80..534d [32me'[0m=3 [32mm'[0m=11 [32m"len(γ_a')"[0m=12 [32mblk[0m="H_t=47 H_r=2ccb..fee4 "
[36mDEBUG[0m[03-21|01:31:50.715] BETA computation                         [36mn[0m=2 [36maccumulationRoot[0m=0x0000000000000000000000000000000000000000000000000000000000000000 [36mmmr[0m=[0x0000000000000000000000000000000000000000000000000000000000000000,nil,0xb4c11951957c6f8f642c4af61cd6b24640fec6dc7fc607ee8206a99e92410d30,nil,nil,0x0eb01ebfc9ed27500cd4dfc979272d1f0913cc9f66540d7e8005811109e1cf2d]
[32mINFO [0m[03-21|01:31:50.744] [N2] proposeBlock safrole                [32mp[0m=8a80..534d [32mh[0m=1300..1dae [32me'[0m=4 [32mm'[0m=0  [32m"len(γ_a')"[0m=3  [32mblk[0m="H_t=48 H_r=2e82..a022  EpochMarker(η1'=30a1..cbf9, η2'=7e4f..8ff9) |E_T|=3"
[36mDEBUG[0m[03-21|01:31:56.561] BETA computation                         [36mn[0m=0 [36maccumulationRoot[0m=0x0000000000000000000000000000000000000000000000000000000000000000 [36mmmr[0m=[nil,0xad3228b676f7d3cd4284a5443f17f1962b36e491b30a40b2405849e597ba5fb5,0xb4c11951957c6f8f642c4af61cd6b24640fec6dc7fc607ee8206a99e92410d30,nil,nil,0x0eb01ebfc9ed27500cd4dfc979272d1f0913cc9f66540d7e8005811109e1cf2d]
[32mINFO [0m[03-21|01:31:56.594] [N0] proposeBlock safrole                [32mp[0m=1300..1dae [32mh[0m=04ff..3e8c [32me'[0m=4 [32mm'[0m=1  [32m"len(γ_a')"[0m=6  [32mblk[0m="H_t=49 H_r=6677..650b  |E_T|=3"
[36mDEBUG[0m[03-21|01:32:02.522] BETA computation                         [36mn[0m=0 [36maccumulationRoot[0m=0x0000000000000000000000000000000000000000000000000000000000000000 [36mmmr[0m=[0x0000000000000000000000000000000000000000000000000000000000000000,0xad3228b676f7d3cd4284a5443f17f1962b36e491b30a40b2405849e597ba5fb5,0xb4c11951957c6f8f642c4af61cd6b24640fec6dc7fc607ee8206a99e92410d30,nil,nil,0x0eb01ebfc9ed27500cd4dfc979272d1f0913cc9f66540d7e8005811109e1cf2d]
[32mINFO [0m[03-21|01:32:02.558] [N0] proposeBlock safrole                [32mp[0m=04ff..3e8c [32mh[0m=92e2..7e57 [32me'[0m=4 [32mm'[0m=2  [32m"len(γ_a')"[0m=9  [32mblk[0m="H_t=50 H_r=2886..9ca0  |E_T|=3"
[36mDEBUG[0m[03-21|01:32:08.611] BETA computation                         [36mn[0m=4 [36maccumulationRoot[0m=0x0000000000000000000000000000000000000000000000000000000000000000 [36mmmr[0m=[nil,nil,nil,0x21ddb9a356815c3fac1026b6dec5df3124afbadb485c9ba5a3e3398a04b7ba85,nil,0x0eb01ebfc9ed27500cd4dfc979272d1f0913cc9f66540d7e8005811109e1cf2d]
[32mINFO [0m[03-21|01:32:08.640] [N4] proposeBlock safrole                [32mp[0m=92e2..7e57 [32mh[0m=eb84..1b44 [32me'[0m=4 [32mm'[0m=3  [32m"len(γ_a')"[0m=12 [32mblk[0m="H_t=51 H_r=041c..d4ab  |E_T|=3"
[36mDEBUG[0m[03-21|01:32:14.218] BETA computation                         [36mn[0m=4 [36maccumulationRoot[0m=0x0000000000000000000000000000000000000000000000000000000000000000 [36mmmr[0m=[0x0000000000000000000000000000000000000000000000000000000000000000,nil,nil,0x21ddb9a356815c3fac1026b6dec5df3124afbadb485c9ba5a3e3398a04b7ba85,nil,0x0eb01ebfc9ed27500cd4dfc979272d1f0913cc9f66540d7e8005811109e1cf2d]
[32mINFO [0m[03-21|01:32:14.251] [N4] proposeBlock safrole                [32mp[0m=eb84..1b44 [32mh[0m=a8ca..c916 [32me'[0m=4 [32mm'[0m=4  [32m"len(γ_a')"[0m=12 [32mblk[0m="H_t=52 H_r=2893..5e17 "
[36mDEBUG[0m[03-21|01:32:20.183] BETA computation                         [36mn[0m=4 [36maccumulationRoot[0m=0x0000000000000000000000000000000000000000000000000000000000000000 [36mmmr[0m=[nil,0xad3228b676f7d3cd4284a5443f17f1962b36e491b30a40b2405849e597ba5fb5,nil,0x21ddb9a356815c3fac1026b6dec5df3124afbadb485c9ba5a3e3398a04b7ba85,nil,0x0eb01ebfc9ed27500cd4dfc979272d1f0913cc9f66540d7e8005811109e1cf2d]
[32mINFO [0m[03-21|01:32:20.215] [N4] proposeBlock safrole                [32mp[0m=a8ca..c916 [32mh[0m=240b..bb3d [32me'[0m=4 [32mm'[0m=5  [32m"len(γ_a')"[0m=12 [32mblk[0m="H_t=53 H_r=3217..cbed "
[36mDEBUG[0m[03-21|01:32:26.156] BETA computation                         [36mn[0m=1 [36maccumulationRoot[0m=0x0000000000000000000000000000000000000000000000000000000000000000 [36mmmr[0m=[0x0000000000000000000000000000000000000000000000000000000000000000,0xad3228b676f7d3cd4284a5443f17f1962b36e491b30a40b2405849e597ba5fb5,nil,0x21ddb9a356815c3fac1026b6dec5df3124afbadb485c9ba5a3e3398a04b7ba85,nil,0x0eb01ebfc9ed27500cd4dfc979272d1f0913cc9f66540d7e8005811109e1cf2d]
[32mINFO [0m[03-21|01:32:26.198] [N1] proposeBlock safrole                [32mp[0m=240b..bb3d [32mh[0m=f098..e76a [32me'[0m=4 [32mm'[0m=6  [32m"len(γ_a')"[0m=12 [32mblk[0m="H_t=54 H_r=e27a..f40e "
[36mDEBUG[0m[03-21|01:32:32.182] BETA computation                         [36mn[0m=2 [36maccumulationRoot[0m=0x0000000000000000000000000000000000000000000000000000000000000000 [36mmmr[0m=[nil,nil,0xb4c11951957c6f8f642c4af61cd6b24640fec6dc7fc607ee8206a99e92410d30,0x21ddb9a356815c3fac1026b6dec5df3124afbadb485c9ba5a3e3398a04b7ba85,nil,0x0eb01ebfc9ed27500cd4dfc979272d1f0913cc9f66540d7e8005811109e1cf2d]
[32mINFO [0m[03-21|01:32:32.222] [N2] proposeBlock safrole                [32mp[0m=f098..e76a [32mh[0m=6964..95d1 [32me'[0m=4 [32mm'[0m=7  [32m"len(γ_a')"[0m=12 [32mblk[0m="H_t=55 H_r=d11a..4f65 "
[36mDEBUG[0m[03-21|01:32:38.183] BETA computation                         [36mn[0m=3 [36maccumulationRoot[0m=0x0000000000000000000000000000000000000000000000000000000000000000 [36mmmr[0m=[0x0000000000000000000000000000000000000000000000000000000000000000,nil,0xb4c11951957c6f8f642c4af61cd6b24640fec6dc7fc607ee8206a99e92410d30,0x21ddb9a356815c3fac1026b6dec5df3124afbadb485c9ba5a3e3398a04b7ba85,nil,0x0eb01ebfc9ed27500cd4dfc979272d1f0913cc9f66540d7e8005811109e1cf2d]
[32mINFO [0m[03-21|01:32:38.219] [N3] proposeBlock safrole                [32mp[0m=6964..95d1 [32mh[0m=41cc..c3f0 [32me'[0m=4 [32mm'[0m=8  [32m"len(γ_a')"[0m=12 [32mblk[0m="H_t=56 H_r=2440..2cde "
[36mDEBUG[0m[03-21|01:32:44.129] BETA computation                         [36mn[0m=1 [36maccumulationRoot[0m=0x0000000000000000000000000000000000000000000000000000000000000000 [36mmmr[0m=[nil,0xad3228b676f7d3cd4284a5443f17f1962b36e491b30a40b2405849e597ba5fb5,0xb4c11951957c6f8f642c4af61cd6b24640fec6dc7fc607ee8206a99e92410d30,0x21ddb9a356815c3fac1026b6dec5df3124afbadb485c9ba5a3e3398a04b7ba85,nil,0x0eb01ebfc9ed27500cd4dfc979272d1f0913cc9f66540d7e8005811109e1cf2d]
[32mINFO [0m[03-21|01:32:44.166] [N1] proposeBlock safrole                [32mp[0m=41cc..c3f0 [32mh[0m=422d..9ffa [32me'[0m=4 [32mm'[0m=9  [32m"len(γ_a')"[0m=12 [32mblk[0m="H_t=57 H_r=34fe..943f "
[36mDEBUG[0m[03-21|01:32:50.155] BETA computation                         [36mn[0m=3 [36maccumulationRoot[0m=0x0000000000000000000000000000000000000000000000000000000000000000 [36mmmr[0m=[0x0000000000000000000000000000000000000000000000000000000000000000,0xad3228b676f7d3cd4284a5443f17f1962b36e491b30a40b2405849e597ba5fb5,0xb4c11951957c6f8f642c4af61cd6b24640fec6dc7fc607ee8206a99e92410d30,0x21ddb9a356815c3fac1026b6dec5df3124afbadb485c9ba5a3e3398a04b7ba85,nil,0x0eb01ebfc9ed27500cd4dfc979272d1f0913cc9f66540d7e8005811109e1cf2d]
[32mINFO [0m[03-21|01:32:50.192] [N3] proposeBlock safrole                [32mp[0m=422d..9ffa [32mh[0m=d1b4..764b [32me'[0m=4 [32mm'[0m=10 [32m"len(γ_a')"[0m=12 [32mblk[0m="H_t=58 H_r=8bc3..6111   WinningTickets(12)"
[36mDEBUG[0m[03-21|01:32:57.778] BETA computation                         [36mn[0m=1 [36maccumulationRoot[0m=0x0000000000000000000000000000000000000000000000000000000000000000 [36mmmr[0m=[nil,nil,nil,nil,0xe58769b32a1beaf1ea27375a44095a0d1fb664ce2dd358e7fcbfb78c26a19344,0x0eb01ebfc9ed27500cd4dfc979272d1f0913cc9f66540d7e8005811109e1cf2d]
[32mINFO [0m[03-21|01:32:57.889] [N1] proposeBlock safrole                [32mp[0m=d1b4..764b [32mh[0m=2e57..55d8 [32me'[0m=4 [32mm'[0m=11 [32m"len(γ_a')"[0m=12 [32mblk[0m="H_t=59 H_r=e354..fed3 "
[36mDEBUG[0m[03-21|01:33:02.770] BETA computation                         [36mn[0m=4 [36maccumulationRoot[0m=0x0000000000000000000000000000000000000000000000000000000000000000 [36mmmr[0m=[0x0000000000000000000000000000000000000000000000000000000000000000,nil,nil,nil,0xe58769b32a1beaf1ea27375a44095a0d1fb664ce2dd358e7fcbfb78c26a19344,0x0eb01ebfc9ed27500cd4dfc979272d1f0913cc9f66540d7e8005811109e1cf2d]
[32mINFO [0m[03-21|01:33:02.803] [N4] proposeBlock safrole                [32mp[0m=2e57..55d8 [32mh[0m=d480..9b6c [32me'[0m=5 [32mm'[0m=0  [32m"len(γ_a')"[0m=3  [32mblk[0m="H_t=60 H_r=9546..839a  EpochMarker(η1'=4fef..7681, η2'=30a1..cbf9) |E_T|=3"
[32mINFO [0m[03-21|01:33:06.581] Completed
