[32mINFO [0m[03-21|01:33:13.381] JAMTEST                                  [32mjam[0m=fallback [32mtargetN[0m=48
RPC server started, using IPC: /tmp/jam-5.sock
Graph server listening on port 15330
[36mDEBUG[0m[03-21|01:33:18.174] BETA computation                         [36mn[0m=4 [36maccumulationRoot[0m=0x0000000000000000000000000000000000000000000000000000000000000000 [36mmmr[0m=[0x0000000000000000000000000000000000000000000000000000000000000000]
[32mINFO [0m[03-21|01:33:18.210] [N4] proposeBlock fallback               [32mp[0m=4762..2244 [32mh[0m=2abc..b108 [32me'[0m=1 [32mm'[0m=0 [32m"len(γ_a')"[0m=0 [32mblk[0m="H_t=12 H_r=0456..4e1c  EpochMarker(η1'=6f6a..af2a, η2'=835a..4eaf)"
[36mDEBUG[0m[03-21|01:33:24.173] BETA computation                         [36mn[0m=4 [36maccumulationRoot[0m=0x0000000000000000000000000000000000000000000000000000000000000000 [36mmmr[0m=[nil,0xad3228b676f7d3cd4284a5443f17f1962b36e491b30a40b2405849e597ba5fb5]
[32mINFO [0m[03-21|01:33:24.206] [N4] proposeBlock fallback               [32mp[0m=2abc..b108 [32mh[0m=e1de..66e8 [32me'[0m=1 [32mm'[0m=1 [32m"len(γ_a')"[0m=0 [32mblk[0m="H_t=13 H_r=78fc..7d38 "
[36mDEBUG[0m[03-21|01:33:30.174] BETA computation                         [36mn[0m=4 [36maccumulationRoot[0m=0x0000000000000000000000000000000000000000000000000000000000000000 [36mmmr[0m=[0x0000000000000000000000000000000000000000000000000000000000000000,0xad3228b676f7d3cd4284a5443f17f1962b36e491b30a40b2405849e597ba5fb5]
[32mINFO [0m[03-21|01:33:30.208] [N4] proposeBlock fallback               [32mp[0m=e1de..66e8 [32mh[0m=f18a..0944 [32me'[0m=1 [32mm'[0m=2 [32m"len(γ_a')"[0m=0 [32mblk[0m="H_t=14 H_r=340b..3287 "
[36mDEBUG[0m[03-21|01:33:36.191] BETA computation                         [36mn[0m=5 [36maccumulationRoot[0m=0x0000000000000000000000000000000000000000000000000000000000000000 [36mmmr[0m=[nil,nil,0xb4c11951957c6f8f642c4af61cd6b24640fec6dc7fc607ee8206a99e92410d30]
[32mINFO [0m[03-21|01:33:36.224] [N5] proposeBlock fallback               [32mp[0m=f18a..0944 [32mh[0m=1219..43b6 [32me'[0m=1 [32mm'[0m=3 [32m"len(γ_a')"[0m=0 [32mblk[0m="H_t=15 H_r=cd02..2a1b "
[36mDEBUG[0m[03-21|01:33:42.100] BETA computation                         [36mn[0m=0 [36maccumulationRoot[0m=0x0000000000000000000000000000000000000000000000000000000000000000 [36mmmr[0m=[0x0000000000000000000000000000000000000000000000000000000000000000,nil,0xb4c11951957c6f8f642c4af61cd6b24640fec6dc7fc607ee8206a99e92410d30]
[32mINFO [0m[03-21|01:33:42.142] [N0] proposeBlock fallback               [32mp[0m=1219..43b6 [32mh[0m=eb58..c0f1 [32me'[0m=1 [32mm'[0m=4 [32m"len(γ_a')"[0m=0 [32mblk[0m="H_t=16 H_r=a22b..caae "
[36mDEBUG[0m[03-21|01:33:48.173] BETA computation                         [36mn[0m=4 [36maccumulationRoot[0m=0x0000000000000000000000000000000000000000000000000000000000000000 [36mmmr[0m=[nil,0xad3228b676f7d3cd4284a5443f17f1962b36e491b30a40b2405849e597ba5fb5,0xb4c11951957c6f8f642c4af61cd6b24640fec6dc7fc607ee8206a99e92410d30]
[32mINFO [0m[03-21|01:33:48.207] [N4] proposeBlock fallback               [32mp[0m=eb58..c0f1 [32mh[0m=1094..e907 [32me'[0m=1 [32mm'[0m=5 [32m"len(γ_a')"[0m=0 [32mblk[0m="H_t=17 H_r=be30..fa99 "
[36mDEBUG[0m[03-21|01:33:54.100] BETA computation                         [36mn[0m=0 [36maccumulationRoot[0m=0x0000000000000000000000000000000000000000000000000000000000000000 [36mmmr[0m=[0x0000000000000000000000000000000000000000000000000000000000000000,0xad3228b676f7d3cd4284a5443f17f1962b36e491b30a40b2405849e597ba5fb5,0xb4c11951957c6f8f642c4af61cd6b24640fec6dc7fc607ee8206a99e92410d30]
[32mINFO [0m[03-21|01:33:54.137] [N0] proposeBlock fallback               [32mp[0m=1094..e907 [32mh[0m=bfb0..65f2 [32me'[0m=1 [32mm'[0m=6 [32m"len(γ_a')"[0m=0 [32mblk[0m="H_t=18 H_r=a7ec..46ca "
[36mDEBUG[0m[03-21|01:34:00.174] BETA computation                         [36mn[0m=4 [36maccumulationRoot[0m=0x0000000000000000000000000000000000000000000000000000000000000000 [36mmmr[0m=[nil,nil,nil,0x21ddb9a356815c3fac1026b6dec5df3124afbadb485c9ba5a3e3398a04b7ba85]
[32mINFO [0m[03-21|01:34:00.208] [N4] proposeBlock fallback               [32mp[0m=bfb0..65f2 [32mh[0m=2f27..d26a [32me'[0m=1 [32mm'[0m=7 [32m"len(γ_a')"[0m=0 [32mblk[0m="H_t=19 H_r=5fc2..4698 "
[36mDEBUG[0m[03-21|01:34:06.123] BETA computation                         [36mn[0m=1 [36maccumulationRoot[0m=0x0000000000000000000000000000000000000000000000000000000000000000 [36mmmr[0m=[0x0000000000000000000000000000000000000000000000000000000000000000,nil,nil,0x21ddb9a356815c3fac1026b6dec5df3124afbadb485c9ba5a3e3398a04b7ba85]
[32mINFO [0m[03-21|01:34:06.160] [N1] proposeBlock fallback               [32mp[0m=2f27..d26a [32mh[0m=1832..9102 [32me'[0m=1 [32mm'[0m=8 [32m"len(γ_a')"[0m=0 [32mblk[0m="H_t=20 H_r=aed5..0084 "
[36mDEBUG[0m[03-21|01:34:12.101] BETA computation                         [36mn[0m=0 [36maccumulationRoot[0m=0x0000000000000000000000000000000000000000000000000000000000000000 [36mmmr[0m=[nil,0xad3228b676f7d3cd4284a5443f17f1962b36e491b30a40b2405849e597ba5fb5,nil,0x21ddb9a356815c3fac1026b6dec5df3124afbadb485c9ba5a3e3398a04b7ba85]
[32mINFO [0m[03-21|01:34:12.133] [N0] proposeBlock fallback               [32mp[0m=1832..9102 [32mh[0m=2c1a..475c [32me'[0m=1 [32mm'[0m=9 [32m"len(γ_a')"[0m=0 [32mblk[0m="H_t=21 H_r=26e0..08c2 "
[36mDEBUG[0m[03-21|01:34:18.123] BETA computation                         [36mn[0m=1 [36maccumulationRoot[0m=0x0000000000000000000000000000000000000000000000000000000000000000 [36mmmr[0m=[0x0000000000000000000000000000000000000000000000000000000000000000,0xad3228b676f7d3cd4284a5443f17f1962b36e491b30a40b2405849e597ba5fb5,nil,0x21ddb9a356815c3fac1026b6dec5df3124afbadb485c9ba5a3e3398a04b7ba85]
[32mINFO [0m[03-21|01:34:18.159] [N1] proposeBlock fallback               [32mp[0m=2c1a..475c [32mh[0m=e1ff..4dd7 [32me'[0m=1 [32mm'[0m=10 [32m"len(γ_a')"[0m=0 [32mblk[0m="H_t=22 H_r=a37c..ccd5 "
[36mDEBUG[0m[03-21|01:34:25.722] BETA computation                         [36mn[0m=4 [36maccumulationRoot[0m=0x0000000000000000000000000000000000000000000000000000000000000000 [36mmmr[0m=[nil,nil,0xb4c11951957c6f8f642c4af61cd6b24640fec6dc7fc607ee8206a99e92410d30,0x21ddb9a356815c3fac1026b6dec5df3124afbadb485c9ba5a3e3398a04b7ba85]
[32mINFO [0m[03-21|01:34:25.822] [N4] proposeBlock fallback               [32mp[0m=e1ff..4dd7 [32mh[0m=917d..6ea6 [32me'[0m=1 [32mm'[0m=11 [32m"len(γ_a')"[0m=0 [32mblk[0m="H_t=23 H_r=039a..24a3 "
[36mDEBUG[0m[03-21|01:34:30.156] BETA computation                         [36mn[0m=3 [36maccumulationRoot[0m=0x0000000000000000000000000000000000000000000000000000000000000000 [36mmmr[0m=[0x0000000000000000000000000000000000000000000000000000000000000000,nil,0xb4c11951957c6f8f642c4af61cd6b24640fec6dc7fc607ee8206a99e92410d30,0x21ddb9a356815c3fac1026b6dec5df3124afbadb485c9ba5a3e3398a04b7ba85]
[32mINFO [0m[03-21|01:34:30.193] [N3] proposeBlock fallback               [32mp[0m=917d..6ea6 [32mh[0m=0af6..d94d [32me'[0m=2 [32mm'[0m=0  [32m"len(γ_a')"[0m=0 [32mblk[0m="H_t=24 H_r=6b5c..2af4  EpochMarker(η1'=767a..23ae, η2'=6f6a..af2a)"
[36mDEBUG[0m[03-21|01:34:36.100] BETA computation                         [36mn[0m=0 [36maccumulationRoot[0m=0x0000000000000000000000000000000000000000000000000000000000000000 [36mmmr[0m=[nil,0xad3228b676f7d3cd4284a5443f17f1962b36e491b30a40b2405849e597ba5fb5,0xb4c11951957c6f8f642c4af61cd6b24640fec6dc7fc607ee8206a99e92410d30,0x21ddb9a356815c3fac1026b6dec5df3124afbadb485c9ba5a3e3398a04b7ba85]
[32mINFO [0m[03-21|01:34:36.136] [N0] proposeBlock fallback               [32mp[0m=0af6..d94d [32mh[0m=3472..7488 [32me'[0m=2 [32mm'[0m=1  [32m"len(γ_a')"[0m=0 [32mblk[0m="H_t=25 H_r=d160..205a "
[36mDEBUG[0m[03-21|01:34:42.123] BETA computation                         [36mn[0m=1 [36maccumulationRoot[0m=0x0000000000000000000000000000000000000000000000000000000000000000 [36mmmr[0m=[0x0000000000000000000000000000000000000000000000000000000000000000,0xad3228b676f7d3cd4284a5443f17f1962b36e491b30a40b2405849e597ba5fb5,0xb4c11951957c6f8f642c4af61cd6b24640fec6dc7fc607ee8206a99e92410d30,0x21ddb9a356815c3fac1026b6dec5df3124afbadb485c9ba5a3e3398a04b7ba85]
[32mINFO [0m[03-21|01:34:42.157] [N1] proposeBlock fallback               [32mp[0m=3472..7488 [32mh[0m=ee11..0410 [32me'[0m=2 [32mm'[0m=2  [32m"len(γ_a')"[0m=0 [32mblk[0m="H_t=26 H_r=a2bb..25d1 "
[36mDEBUG[0m[03-21|01:34:48.174] BETA computation                         [36mn[0m=4 [36maccumulationRoot[0m=0x0000000000000000000000000000000000000000000000000000000000000000 [36mmmr[0m=[nil,nil,nil,nil,0xe58769b32a1beaf1ea27375a44095a0d1fb664ce2dd358e7fcbfb78c26a19344]
[32mINFO [0m[03-21|01:34:48.205] [N4] proposeBlock fallback               [32mp[0m=ee11..0410 [32mh[0m=ffb3..0d91 [32me'[0m=2 [32mm'[0m=3  [32m"len(γ_a')"[0m=0 [32mblk[0m="H_t=27 H_r=030b..ab37 "
[36mDEBUG[0m[03-21|01:34:54.140] BETA computation                         [36mn[0m=2 [36maccumulationRoot[0m=0x0000000000000000000000000000000000000000000000000000000000000000 [36mmmr[0m=[0x0000000000000000000000000000000000000000000000000000000000000000,nil,nil,nil,0xe58769b32a1beaf1ea27375a44095a0d1fb664ce2dd358e7fcbfb78c26a19344]
[32mINFO [0m[03-21|01:34:54.174] [N2] proposeBlock fallback               [32mp[0m=ffb3..0d91 [32mh[0m=c9bd..c532 [32me'[0m=2 [32mm'[0m=4  [32m"len(γ_a')"[0m=0 [32mblk[0m="H_t=28 H_r=7178..fd7c "
[36mDEBUG[0m[03-21|01:35:00.141] BETA computation                         [36mn[0m=2 [36maccumulationRoot[0m=0x0000000000000000000000000000000000000000000000000000000000000000 [36mmmr[0m=[nil,0xad3228b676f7d3cd4284a5443f17f1962b36e491b30a40b2405849e597ba5fb5,nil,nil,0xe58769b32a1beaf1ea27375a44095a0d1fb664ce2dd358e7fcbfb78c26a19344]
[32mINFO [0m[03-21|01:35:00.176] [N2] proposeBlock fallback               [32mp[0m=c9bd..c532 [32mh[0m=7f4f..b448 [32me'[0m=2 [32mm'[0m=5  [32m"len(γ_a')"[0m=0 [32mblk[0m="H_t=29 H_r=8a12..6216 "
[36mDEBUG[0m[03-21|01:35:06.174] BETA computation                         [36mn[0m=4 [36maccumulationRoot[0m=0x0000000000000000000000000000000000000000000000000000000000000000 [36mmmr[0m=[0x0000000000000000000000000000000000000000000000000000000000000000,0xad3228b676f7d3cd4284a5443f17f1962b36e491b30a40b2405849e597ba5fb5,nil,nil,0xe58769b32a1beaf1ea27375a44095a0d1fb664ce2dd358e7fcbfb78c26a19344]
[32mINFO [0m[03-21|01:35:06.209] [N4] proposeBlock fallback               [32mp[0m=7f4f..b448 [32mh[0m=82f1..8997 [32me'[0m=2 [32mm'[0m=6  [32m"len(γ_a')"[0m=0 [32mblk[0m="H_t=30 H_r=9eda..b393 "
[36mDEBUG[0m[03-21|01:35:12.141] BETA computation                         [36mn[0m=2 [36maccumulationRoot[0m=0x0000000000000000000000000000000000000000000000000000000000000000 [36mmmr[0m=[nil,nil,0xb4c11951957c6f8f642c4af61cd6b24640fec6dc7fc607ee8206a99e92410d30,nil,0xe58769b32a1beaf1ea27375a44095a0d1fb664ce2dd358e7fcbfb78c26a19344]
[32mINFO [0m[03-21|01:35:12.174] [N2] proposeBlock fallback               [32mp[0m=82f1..8997 [32mh[0m=37f2..696f [32me'[0m=2 [32mm'[0m=7  [32m"len(γ_a')"[0m=0 [32mblk[0m="H_t=31 H_r=ee0c..3e7a "
[36mDEBUG[0m[03-21|01:35:18.140] BETA computation                         [36mn[0m=2 [36maccumulationRoot[0m=0x0000000000000000000000000000000000000000000000000000000000000000 [36mmmr[0m=[0x0000000000000000000000000000000000000000000000000000000000000000,nil,0xb4c11951957c6f8f642c4af61cd6b24640fec6dc7fc607ee8206a99e92410d30,nil,0xe58769b32a1beaf1ea27375a44095a0d1fb664ce2dd358e7fcbfb78c26a19344]
[32mINFO [0m[03-21|01:35:18.176] [N2] proposeBlock fallback               [32mp[0m=37f2..696f [32mh[0m=1a0e..a3f1 [32me'[0m=2 [32mm'[0m=8  [32m"len(γ_a')"[0m=0 [32mblk[0m="H_t=32 H_r=d79d..10c6 "
[36mDEBUG[0m[03-21|01:35:24.190] BETA computation                         [36mn[0m=5 [36maccumulationRoot[0m=0x0000000000000000000000000000000000000000000000000000000000000000 [36mmmr[0m=[nil,0xad3228b676f7d3cd4284a5443f17f1962b36e491b30a40b2405849e597ba5fb5,0xb4c11951957c6f8f642c4af61cd6b24640fec6dc7fc607ee8206a99e92410d30,nil,0xe58769b32a1beaf1ea27375a44095a0d1fb664ce2dd358e7fcbfb78c26a19344]
[32mINFO [0m[03-21|01:35:24.227] [N5] proposeBlock fallback               [32mp[0m=1a0e..a3f1 [32mh[0m=4e89..39ed [32me'[0m=2 [32mm'[0m=9  [32m"len(γ_a')"[0m=0 [32mblk[0m="H_t=33 H_r=47b7..e560 "
[36mDEBUG[0m[03-21|01:35:30.141] BETA computation                         [36mn[0m=2 [36maccumulationRoot[0m=0x0000000000000000000000000000000000000000000000000000000000000000 [36mmmr[0m=[0x0000000000000000000000000000000000000000000000000000000000000000,0xad3228b676f7d3cd4284a5443f17f1962b36e491b30a40b2405849e597ba5fb5,0xb4c11951957c6f8f642c4af61cd6b24640fec6dc7fc607ee8206a99e92410d30,nil,0xe58769b32a1beaf1ea27375a44095a0d1fb664ce2dd358e7fcbfb78c26a19344]
[32mINFO [0m[03-21|01:35:30.176] [N2] proposeBlock fallback               [32mp[0m=4e89..39ed [32mh[0m=9203..5237 [32me'[0m=2 [32mm'[0m=10 [32m"len(γ_a')"[0m=0 [32mblk[0m="H_t=34 H_r=d1fb..9380 "
[36mDEBUG[0m[03-21|01:35:37.705] BETA computation                         [36mn[0m=3 [36maccumulationRoot[0m=0x0000000000000000000000000000000000000000000000000000000000000000 [36mmmr[0m=[nil,nil,nil,0x21ddb9a356815c3fac1026b6dec5df3124afbadb485c9ba5a3e3398a04b7ba85,0xe58769b32a1beaf1ea27375a44095a0d1fb664ce2dd358e7fcbfb78c26a19344]
[32mINFO [0m[03-21|01:35:37.735] [N3] proposeBlock fallback               [32mp[0m=9203..5237 [32mh[0m=2b9d..f5a3 [32me'[0m=2 [32mm'[0m=11 [32m"len(γ_a')"[0m=0 [32mblk[0m="H_t=35 H_r=aa6d..04d5 "
[36mDEBUG[0m[03-21|01:35:42.157] BETA computation                         [36mn[0m=3 [36maccumulationRoot[0m=0x0000000000000000000000000000000000000000000000000000000000000000 [36mmmr[0m=[0x0000000000000000000000000000000000000000000000000000000000000000,nil,nil,0x21ddb9a356815c3fac1026b6dec5df3124afbadb485c9ba5a3e3398a04b7ba85,0xe58769b32a1beaf1ea27375a44095a0d1fb664ce2dd358e7fcbfb78c26a19344]
[32mINFO [0m[03-21|01:35:42.192] [N3] proposeBlock fallback               [32mp[0m=2b9d..f5a3 [32mh[0m=5cff..7974 [32me'[0m=3 [32mm'[0m=0  [32m"len(γ_a')"[0m=0 [32mblk[0m="H_t=36 H_r=06f8..bada  EpochMarker(η1'=989a..161b, η2'=767a..23ae)"
[36mDEBUG[0m[03-21|01:35:48.157] BETA computation                         [36mn[0m=3 [36maccumulationRoot[0m=0x0000000000000000000000000000000000000000000000000000000000000000 [36mmmr[0m=[nil,0xad3228b676f7d3cd4284a5443f17f1962b36e491b30a40b2405849e597ba5fb5,nil,0x21ddb9a356815c3fac1026b6dec5df3124afbadb485c9ba5a3e3398a04b7ba85,0xe58769b32a1beaf1ea27375a44095a0d1fb664ce2dd358e7fcbfb78c26a19344]
[32mINFO [0m[03-21|01:35:48.189] [N3] proposeBlock fallback               [32mp[0m=5cff..7974 [32mh[0m=255b..934a [32me'[0m=3 [32mm'[0m=1  [32m"len(γ_a')"[0m=0 [32mblk[0m="H_t=37 H_r=725f..bc65 "
[36mDEBUG[0m[03-21|01:35:54.157] BETA computation                         [36mn[0m=3 [36maccumulationRoot[0m=0x0000000000000000000000000000000000000000000000000000000000000000 [36mmmr[0m=[0x0000000000000000000000000000000000000000000000000000000000000000,0xad3228b676f7d3cd4284a5443f17f1962b36e491b30a40b2405849e597ba5fb5,nil,0x21ddb9a356815c3fac1026b6dec5df3124afbadb485c9ba5a3e3398a04b7ba85,0xe58769b32a1beaf1ea27375a44095a0d1fb664ce2dd358e7fcbfb78c26a19344]
[32mINFO [0m[03-21|01:35:54.192] [N3] proposeBlock fallback               [32mp[0m=255b..934a [32mh[0m=cf5c..9d16 [32me'[0m=3 [32mm'[0m=2  [32m"len(γ_a')"[0m=0 [32mblk[0m="H_t=38 H_r=b03b..8020 "
[36mDEBUG[0m[03-21|01:36:00.190] BETA computation                         [36mn[0m=5 [36maccumulationRoot[0m=0x0000000000000000000000000000000000000000000000000000000000000000 [36mmmr[0m=[nil,nil,0xb4c11951957c6f8f642c4af61cd6b24640fec6dc7fc607ee8206a99e92410d30,0x21ddb9a356815c3fac1026b6dec5df3124afbadb485c9ba5a3e3398a04b7ba85,0xe58769b32a1beaf1ea27375a44095a0d1fb664ce2dd358e7fcbfb78c26a19344]
[32mINFO [0m[03-21|01:36:00.223] [N5] proposeBlock fallback               [32mp[0m=cf5c..9d16 [32mh[0m=73a9..5a41 [32me'[0m=3 [32mm'[0m=3  [32m"len(γ_a')"[0m=0 [32mblk[0m="H_t=39 H_r=a0af..63f8 "
[36mDEBUG[0m[03-21|01:36:06.174] BETA computation                         [36mn[0m=4 [36maccumulationRoot[0m=0x0000000000000000000000000000000000000000000000000000000000000000 [36mmmr[0m=[0x0000000000000000000000000000000000000000000000000000000000000000,nil,0xb4c11951957c6f8f642c4af61cd6b24640fec6dc7fc607ee8206a99e92410d30,0x21ddb9a356815c3fac1026b6dec5df3124afbadb485c9ba5a3e3398a04b7ba85,0xe58769b32a1beaf1ea27375a44095a0d1fb664ce2dd358e7fcbfb78c26a19344]
[32mINFO [0m[03-21|01:36:06.211] [N4] proposeBlock fallback               [32mp[0m=73a9..5a41 [32mh[0m=8d4d..324a [32me'[0m=3 [32mm'[0m=4  [32m"len(γ_a')"[0m=0 [32mblk[0m="H_t=40 H_r=eca4..b4fc "
[36mDEBUG[0m[03-21|01:36:12.141] BETA computation                         [36mn[0m=2 [36maccumulationRoot[0m=0x0000000000000000000000000000000000000000000000000000000000000000 [36mmmr[0m=[nil,0xad3228b676f7d3cd4284a5443f17f1962b36e491b30a40b2405849e597ba5fb5,0xb4c11951957c6f8f642c4af61cd6b24640fec6dc7fc607ee8206a99e92410d30,0x21ddb9a356815c3fac1026b6dec5df3124afbadb485c9ba5a3e3398a04b7ba85,0xe58769b32a1beaf1ea27375a44095a0d1fb664ce2dd358e7fcbfb78c26a19344]
[32mINFO [0m[03-21|01:36:12.174] [N2] proposeBlock fallback               [32mp[0m=8d4d..324a [32mh[0m=ef10..c0b1 [32me'[0m=3 [32mm'[0m=5  [32m"len(γ_a')"[0m=0 [32mblk[0m="H_t=41 H_r=7e26..e830 "
[36mDEBUG[0m[03-21|01:36:18.124] BETA computation                         [36mn[0m=1 [36maccumulationRoot[0m=0x0000000000000000000000000000000000000000000000000000000000000000 [36mmmr[0m=[0x0000000000000000000000000000000000000000000000000000000000000000,0xad3228b676f7d3cd4284a5443f17f1962b36e491b30a40b2405849e597ba5fb5,0xb4c11951957c6f8f642c4af61cd6b24640fec6dc7fc607ee8206a99e92410d30,0x21ddb9a356815c3fac1026b6dec5df3124afbadb485c9ba5a3e3398a04b7ba85,0xe58769b32a1beaf1ea27375a44095a0d1fb664ce2dd358e7fcbfb78c26a19344]
[32mINFO [0m[03-21|01:36:18.158] [N1] proposeBlock fallback               [32mp[0m=ef10..c0b1 [32mh[0m=3ff6..2b1e [32me'[0m=3 [32mm'[0m=6  [32m"len(γ_a')"[0m=0 [32mblk[0m="H_t=42 H_r=7412..3b6f "
[36mDEBUG[0m[03-21|01:36:24.124] BETA computation                         [36mn[0m=1 [36maccumulationRoot[0m=0x0000000000000000000000000000000000000000000000000000000000000000 [36mmmr[0m=[nil,nil,nil,nil,nil,0x0eb01ebfc9ed27500cd4dfc979272d1f0913cc9f66540d7e8005811109e1cf2d]
[32mINFO [0m[03-21|01:36:24.159] [N1] proposeBlock fallback               [32mp[0m=3ff6..2b1e [32mh[0m=34a1..3259 [32me'[0m=3 [32mm'[0m=7  [32m"len(γ_a')"[0m=0 [32mblk[0m="H_t=43 H_r=bd46..478a "
[36mDEBUG[0m[03-21|01:36:30.174] BETA computation                         [36mn[0m=4 [36maccumulationRoot[0m=0x0000000000000000000000000000000000000000000000000000000000000000 [36mmmr[0m=[0x0000000000000000000000000000000000000000000000000000000000000000,nil,nil,nil,nil,0x0eb01ebfc9ed27500cd4dfc979272d1f0913cc9f66540d7e8005811109e1cf2d]
[32mINFO [0m[03-21|01:36:30.207] [N4] proposeBlock fallback               [32mp[0m=34a1..3259 [32mh[0m=e120..5c7d [32me'[0m=3 [32mm'[0m=8  [32m"len(γ_a')"[0m=0 [32mblk[0m="H_t=44 H_r=1e01..4f39 "
[36mDEBUG[0m[03-21|01:36:36.124] BETA computation                         [36mn[0m=1 [36maccumulationRoot[0m=0x0000000000000000000000000000000000000000000000000000000000000000 [36mmmr[0m=[nil,0xad3228b676f7d3cd4284a5443f17f1962b36e491b30a40b2405849e597ba5fb5,nil,nil,nil,0x0eb01ebfc9ed27500cd4dfc979272d1f0913cc9f66540d7e8005811109e1cf2d]
[32mINFO [0m[03-21|01:36:36.160] [N1] proposeBlock fallback               [32mp[0m=e120..5c7d [32mh[0m=a953..2473 [32me'[0m=3 [32mm'[0m=9  [32m"len(γ_a')"[0m=0 [32mblk[0m="H_t=45 H_r=0f55..cf78 "
[36mDEBUG[0m[03-21|01:36:42.157] BETA computation                         [36mn[0m=3 [36maccumulationRoot[0m=0x0000000000000000000000000000000000000000000000000000000000000000 [36mmmr[0m=[0x0000000000000000000000000000000000000000000000000000000000000000,0xad3228b676f7d3cd4284a5443f17f1962b36e491b30a40b2405849e597ba5fb5,nil,nil,nil,0x0eb01ebfc9ed27500cd4dfc979272d1f0913cc9f66540d7e8005811109e1cf2d]
[32mINFO [0m[03-21|01:36:42.193] [N3] proposeBlock fallback               [32mp[0m=a953..2473 [32mh[0m=ce35..9d56 [32me'[0m=3 [32mm'[0m=10 [32m"len(γ_a')"[0m=0 [32mblk[0m="H_t=46 H_r=6f8c..033a "
[36mDEBUG[0m[03-21|01:36:49.555] BETA computation                         [36mn[0m=1 [36maccumulationRoot[0m=0x0000000000000000000000000000000000000000000000000000000000000000 [36mmmr[0m=[nil,nil,0xb4c11951957c6f8f642c4af61cd6b24640fec6dc7fc607ee8206a99e92410d30,nil,nil,0x0eb01ebfc9ed27500cd4dfc979272d1f0913cc9f66540d7e8005811109e1cf2d]
[32mINFO [0m[03-21|01:36:49.628] [N1] proposeBlock fallback               [32mp[0m=ce35..9d56 [32mh[0m=33e0..75fa [32me'[0m=3 [32mm'[0m=11 [32m"len(γ_a')"[0m=0 [32mblk[0m="H_t=47 H_r=3c3a..f225 "
[36mDEBUG[0m[03-21|01:36:54.174] BETA computation                         [36mn[0m=4 [36maccumulationRoot[0m=0x0000000000000000000000000000000000000000000000000000000000000000 [36mmmr[0m=[0x0000000000000000000000000000000000000000000000000000000000000000,nil,0xb4c11951957c6f8f642c4af61cd6b24640fec6dc7fc607ee8206a99e92410d30,nil,nil,0x0eb01ebfc9ed27500cd4dfc979272d1f0913cc9f66540d7e8005811109e1cf2d]
[32mINFO [0m[03-21|01:36:54.204] [N4] proposeBlock fallback               [32mp[0m=33e0..75fa [32mh[0m=df46..6927 [32me'[0m=4 [32mm'[0m=0  [32m"len(γ_a')"[0m=0 [32mblk[0m="H_t=48 H_r=248e..8a69  EpochMarker(η1'=fce8..2f09, η2'=989a..161b)"
[36mDEBUG[0m[03-21|01:37:00.191] BETA computation                         [36mn[0m=5 [36maccumulationRoot[0m=0x0000000000000000000000000000000000000000000000000000000000000000 [36mmmr[0m=[nil,0xad3228b676f7d3cd4284a5443f17f1962b36e491b30a40b2405849e597ba5fb5,0xb4c11951957c6f8f642c4af61cd6b24640fec6dc7fc607ee8206a99e92410d30,nil,nil,0x0eb01ebfc9ed27500cd4dfc979272d1f0913cc9f66540d7e8005811109e1cf2d]
[32mINFO [0m[03-21|01:37:00.226] [N5] proposeBlock fallback               [32mp[0m=df46..6927 [32mh[0m=6702..d7bc [32me'[0m=4 [32mm'[0m=1  [32m"len(γ_a')"[0m=0 [32mblk[0m="H_t=49 H_r=0982..de89 "
[36mDEBUG[0m[03-21|01:37:06.124] BETA computation                         [36mn[0m=1 [36maccumulationRoot[0m=0x0000000000000000000000000000000000000000000000000000000000000000 [36mmmr[0m=[0x0000000000000000000000000000000000000000000000000000000000000000,0xad3228b676f7d3cd4284a5443f17f1962b36e491b30a40b2405849e597ba5fb5,0xb4c11951957c6f8f642c4af61cd6b24640fec6dc7fc607ee8206a99e92410d30,nil,nil,0x0eb01ebfc9ed27500cd4dfc979272d1f0913cc9f66540d7e8005811109e1cf2d]
[32mINFO [0m[03-21|01:37:06.161] [N1] proposeBlock fallback               [32mp[0m=6702..d7bc [32mh[0m=6b27..d8f6 [32me'[0m=4 [32mm'[0m=2  [32m"len(γ_a')"[0m=0 [32mblk[0m="H_t=50 H_r=16f6..bcac "
[36mDEBUG[0m[03-21|01:37:12.124] BETA computation                         [36mn[0m=1 [36maccumulationRoot[0m=0x0000000000000000000000000000000000000000000000000000000000000000 [36mmmr[0m=[nil,nil,nil,0x21ddb9a356815c3fac1026b6dec5df3124afbadb485c9ba5a3e3398a04b7ba85,nil,0x0eb01ebfc9ed27500cd4dfc979272d1f0913cc9f66540d7e8005811109e1cf2d]
[32mINFO [0m[03-21|01:37:12.160] [N1] proposeBlock fallback               [32mp[0m=6b27..d8f6 [32mh[0m=0694..47b5 [32me'[0m=4 [32mm'[0m=3  [32m"len(γ_a')"[0m=0 [32mblk[0m="H_t=51 H_r=b3a8..eeb0 "
[36mDEBUG[0m[03-21|01:37:18.124] BETA computation                         [36mn[0m=1 [36maccumulationRoot[0m=0x0000000000000000000000000000000000000000000000000000000000000000 [36mmmr[0m=[0x0000000000000000000000000000000000000000000000000000000000000000,nil,nil,0x21ddb9a356815c3fac1026b6dec5df3124afbadb485c9ba5a3e3398a04b7ba85,nil,0x0eb01ebfc9ed27500cd4dfc979272d1f0913cc9f66540d7e8005811109e1cf2d]
[32mINFO [0m[03-21|01:37:18.157] [N1] proposeBlock fallback               [32mp[0m=0694..47b5 [32mh[0m=c3c8..0163 [32me'[0m=4 [32mm'[0m=4  [32m"len(γ_a')"[0m=0 [32mblk[0m="H_t=52 H_r=7e74..7a9f "
[36mDEBUG[0m[03-21|01:37:24.174] BETA computation                         [36mn[0m=4 [36maccumulationRoot[0m=0x0000000000000000000000000000000000000000000000000000000000000000 [36mmmr[0m=[nil,0xad3228b676f7d3cd4284a5443f17f1962b36e491b30a40b2405849e597ba5fb5,nil,0x21ddb9a356815c3fac1026b6dec5df3124afbadb485c9ba5a3e3398a04b7ba85,nil,0x0eb01ebfc9ed27500cd4dfc979272d1f0913cc9f66540d7e8005811109e1cf2d]
[32mINFO [0m[03-21|01:37:24.210] [N4] proposeBlock fallback               [32mp[0m=c3c8..0163 [32mh[0m=0105..2bb9 [32me'[0m=4 [32mm'[0m=5  [32m"len(γ_a')"[0m=0 [32mblk[0m="H_t=53 H_r=8d23..51ca "
[36mDEBUG[0m[03-21|01:37:30.100] BETA computation                         [36mn[0m=0 [36maccumulationRoot[0m=0x0000000000000000000000000000000000000000000000000000000000000000 [36mmmr[0m=[0x0000000000000000000000000000000000000000000000000000000000000000,0xad3228b676f7d3cd4284a5443f17f1962b36e491b30a40b2405849e597ba5fb5,nil,0x21ddb9a356815c3fac1026b6dec5df3124afbadb485c9ba5a3e3398a04b7ba85,nil,0x0eb01ebfc9ed27500cd4dfc979272d1f0913cc9f66540d7e8005811109e1cf2d]
[32mINFO [0m[03-21|01:37:30.134] [N0] proposeBlock fallback               [32mp[0m=0105..2bb9 [32mh[0m=1964..6fbc [32me'[0m=4 [32mm'[0m=6  [32m"len(γ_a')"[0m=0 [32mblk[0m="H_t=54 H_r=5cef..fa32 "
[36mDEBUG[0m[03-21|01:37:36.100] BETA computation                         [36mn[0m=0 [36maccumulationRoot[0m=0x0000000000000000000000000000000000000000000000000000000000000000 [36mmmr[0m=[nil,nil,0xb4c11951957c6f8f642c4af61cd6b24640fec6dc7fc607ee8206a99e92410d30,0x21ddb9a356815c3fac1026b6dec5df3124afbadb485c9ba5a3e3398a04b7ba85,nil,0x0eb01ebfc9ed27500cd4dfc979272d1f0913cc9f66540d7e8005811109e1cf2d]
[32mINFO [0m[03-21|01:37:36.132] [N0] proposeBlock fallback               [32mp[0m=1964..6fbc [32mh[0m=afea..b4d5 [32me'[0m=4 [32mm'[0m=7  [32m"len(γ_a')"[0m=0 [32mblk[0m="H_t=55 H_r=27d6..e247 "
[36mDEBUG[0m[03-21|01:37:42.100] BETA computation                         [36mn[0m=0 [36maccumulationRoot[0m=0x0000000000000000000000000000000000000000000000000000000000000000 [36mmmr[0m=[0x0000000000000000000000000000000000000000000000000000000000000000,nil,0xb4c11951957c6f8f642c4af61cd6b24640fec6dc7fc607ee8206a99e92410d30,0x21ddb9a356815c3fac1026b6dec5df3124afbadb485c9ba5a3e3398a04b7ba85,nil,0x0eb01ebfc9ed27500cd4dfc979272d1f0913cc9f66540d7e8005811109e1cf2d]
[32mINFO [0m[03-21|01:37:42.136] [N0] proposeBlock fallback               [32mp[0m=afea..b4d5 [32mh[0m=6500..e334 [32me'[0m=4 [32mm'[0m=8  [32m"len(γ_a')"[0m=0 [32mblk[0m="H_t=56 H_r=f714..7ee6 "
[36mDEBUG[0m[03-21|01:37:48.157] BETA computation                         [36mn[0m=3 [36maccumulationRoot[0m=0x0000000000000000000000000000000000000000000000000000000000000000 [36mmmr[0m=[nil,0xad3228b676f7d3cd4284a5443f17f1962b36e491b30a40b2405849e597ba5fb5,0xb4c11951957c6f8f642c4af61cd6b24640fec6dc7fc607ee8206a99e92410d30,0x21ddb9a356815c3fac1026b6dec5df3124afbadb485c9ba5a3e3398a04b7ba85,nil,0x0eb01ebfc9ed27500cd4dfc979272d1f0913cc9f66540d7e8005811109e1cf2d]
[32mINFO [0m[03-21|01:37:48.191] [N3] proposeBlock fallback               [32mp[0m=6500..e334 [32mh[0m=2651..e4dc [32me'[0m=4 [32mm'[0m=9  [32m"len(γ_a')"[0m=0 [32mblk[0m="H_t=57 H_r=9c87..e64b "
[36mDEBUG[0m[03-21|01:37:54.161] BETA computation                         [36mn[0m=3 [36maccumulationRoot[0m=0x0000000000000000000000000000000000000000000000000000000000000000 [36mmmr[0m=[0x0000000000000000000000000000000000000000000000000000000000000000,0xad3228b676f7d3cd4284a5443f17f1962b36e491b30a40b2405849e597ba5fb5,0xb4c11951957c6f8f642c4af61cd6b24640fec6dc7fc607ee8206a99e92410d30,0x21ddb9a356815c3fac1026b6dec5df3124afbadb485c9ba5a3e3398a04b7ba85,nil,0x0eb01ebfc9ed27500cd4dfc979272d1f0913cc9f66540d7e8005811109e1cf2d]
[32mINFO [0m[03-21|01:37:54.196] [N3] proposeBlock fallback               [32mp[0m=2651..e4dc [32mh[0m=2659..5258 [32me'[0m=4 [32mm'[0m=10 [32m"len(γ_a')"[0m=0 [32mblk[0m="H_t=58 H_r=27ca..3f4c "
[36mDEBUG[0m[03-21|01:38:01.753] BETA computation                         [36mn[0m=5 [36maccumulationRoot[0m=0x0000000000000000000000000000000000000000000000000000000000000000 [36mmmr[0m=[nil,nil,nil,nil,0xe58769b32a1beaf1ea27375a44095a0d1fb664ce2dd358e7fcbfb78c26a19344,0x0eb01ebfc9ed27500cd4dfc979272d1f0913cc9f66540d7e8005811109e1cf2d]
[32mINFO [0m[03-21|01:38:01.794] [N5] proposeBlock fallback               [32mp[0m=2659..5258 [32mh[0m=419c..fed9 [32me'[0m=4 [32mm'[0m=11 [32m"len(γ_a')"[0m=0 [32mblk[0m="H_t=59 H_r=bf0c..9794 "
[36mDEBUG[0m[03-21|01:38:06.124] BETA computation                         [36mn[0m=1 [36maccumulationRoot[0m=0x0000000000000000000000000000000000000000000000000000000000000000 [36mmmr[0m=[0x0000000000000000000000000000000000000000000000000000000000000000,nil,nil,nil,0xe58769b32a1beaf1ea27375a44095a0d1fb664ce2dd358e7fcbfb78c26a19344,0x0eb01ebfc9ed27500cd4dfc979272d1f0913cc9f66540d7e8005811109e1cf2d]
[32mINFO [0m[03-21|01:38:06.158] [N1] proposeBlock fallback               [32mp[0m=419c..fed9 [32mh[0m=20f6..edcf [32me'[0m=5 [32mm'[0m=0  [32m"len(γ_a')"[0m=0 [32mblk[0m="H_t=60 H_r=6856..40a2  EpochMarker(η1'=33e4..b1de, η2'=fce8..2f09)"
[32mINFO [0m[03-21|01:38:07.382] Completed
