[32mINFO [0m[03-03|21:00:25.319] JAMTEST                                  [32mjam[0m=fallback [32mtargetN[0m=48
[36mDEBUG[0m[03-03|21:00:30.111] BETA computation                         [36maccumulationRoot[0m=0x0000000000000000000000000000000000000000000000000000000000000000 [36mmmr[0m=[0x0000000000000000000000000000000000000000000000000000000000000000]
[32mINFO [0m[03-03|21:00:30.151] [N4] proposeBlock fallback               [32mp[0m=4762..d622 [32mh[0m=4adc..5658 [32me'[0m=1 [32mm'[0m=0 [32m"len(γ_a')"[0m=0 [32mblk[0m="H_t=12 H_r=99f2..ce57  EpochMarker(η1'=6f6a..24af, η2'=835a..574e)"
[36mDEBUG[0m[03-03|21:00:36.109] BETA computation                         [36maccumulationRoot[0m=0x0000000000000000000000000000000000000000000000000000000000000000 [36mmmr[0m=[nil,0xad3228b676f7d3cd4284a5443f17f1962b36e491b30a40b2405849e597ba5fb5]
[32mINFO [0m[03-03|21:00:36.151] [N4] proposeBlock fallback               [32mp[0m=4adc..5658 [32mh[0m=82ec..5b3b [32me'[0m=1 [32mm'[0m=1 [32m"len(γ_a')"[0m=0 [32mblk[0m="H_t=13 H_r=4a16..fe54 "
[36mDEBUG[0m[03-03|21:00:42.110] BETA computation                         [36maccumulationRoot[0m=0x0000000000000000000000000000000000000000000000000000000000000000 [36mmmr[0m=[0x0000000000000000000000000000000000000000000000000000000000000000,0xad3228b676f7d3cd4284a5443f17f1962b36e491b30a40b2405849e597ba5fb5]
[32mINFO [0m[03-03|21:00:42.149] [N4] proposeBlock fallback               [32mp[0m=82ec..5b3b [32mh[0m=e6b0..b2c2 [32me'[0m=1 [32mm'[0m=2 [32m"len(γ_a')"[0m=0 [32mblk[0m="H_t=14 H_r=d90d..b79d "
[36mDEBUG[0m[03-03|21:00:48.133] BETA computation                         [36maccumulationRoot[0m=0x0000000000000000000000000000000000000000000000000000000000000000 [36mmmr[0m=[nil,nil,0xb4c11951957c6f8f642c4af61cd6b24640fec6dc7fc607ee8206a99e92410d30]
[32mINFO [0m[03-03|21:00:48.173] [N5] proposeBlock fallback               [32mp[0m=e6b0..b2c2 [32mh[0m=724e..ac4f [32me'[0m=1 [32mm'[0m=3 [32m"len(γ_a')"[0m=0 [32mblk[0m="H_t=15 H_r=1e45..7985 "
[36mDEBUG[0m[03-03|21:00:54.050] BETA computation                         [36maccumulationRoot[0m=0x0000000000000000000000000000000000000000000000000000000000000000 [36mmmr[0m=[0x0000000000000000000000000000000000000000000000000000000000000000,nil,0xb4c11951957c6f8f642c4af61cd6b24640fec6dc7fc607ee8206a99e92410d30]
[32mINFO [0m[03-03|21:00:54.087] [N0] proposeBlock fallback               [32mp[0m=724e..ac4f [32mh[0m=25f7..25e2 [32me'[0m=1 [32mm'[0m=4 [32m"len(γ_a')"[0m=0 [32mblk[0m="H_t=16 H_r=2a69..2963 "
[36mDEBUG[0m[03-03|21:00:54.233] BETA computation                         [36maccumulationRoot[0m=0x0000000000000000000000000000000000000000000000000000000000000000 [36mmmr[0m=[0x0000000000000000000000000000000000000000000000000000000000000000,nil,0xb4c11951957c6f8f642c4af61cd6b24640fec6dc7fc607ee8206a99e92410d30]
[36mDEBUG[0m[03-03|21:01:00.110] BETA computation                         [36maccumulationRoot[0m=0x0000000000000000000000000000000000000000000000000000000000000000 [36mmmr[0m=[nil,0xad3228b676f7d3cd4284a5443f17f1962b36e491b30a40b2405849e597ba5fb5,0xb4c11951957c6f8f642c4af61cd6b24640fec6dc7fc607ee8206a99e92410d30]
[32mINFO [0m[03-03|21:01:00.151] [N4] proposeBlock fallback               [32mp[0m=25f7..25e2 [32mh[0m=d5f8..946e [32me'[0m=1 [32mm'[0m=5 [32m"len(γ_a')"[0m=0 [32mblk[0m="H_t=17 H_r=b63c..ab38 "
[36mDEBUG[0m[03-03|21:01:06.054] BETA computation                         [36maccumulationRoot[0m=0x0000000000000000000000000000000000000000000000000000000000000000 [36mmmr[0m=[0x0000000000000000000000000000000000000000000000000000000000000000,0xad3228b676f7d3cd4284a5443f17f1962b36e491b30a40b2405849e597ba5fb5,0xb4c11951957c6f8f642c4af61cd6b24640fec6dc7fc607ee8206a99e92410d30]
[32mINFO [0m[03-03|21:01:06.093] [N0] proposeBlock fallback               [32mp[0m=d5f8..946e [32mh[0m=0038..297b [32me'[0m=1 [32mm'[0m=6 [32m"len(γ_a')"[0m=0 [32mblk[0m="H_t=18 H_r=8b7e..c52a "
[36mDEBUG[0m[03-03|21:01:06.213] BETA computation                         [36maccumulationRoot[0m=0x0000000000000000000000000000000000000000000000000000000000000000 [36mmmr[0m=[0x0000000000000000000000000000000000000000000000000000000000000000,0xad3228b676f7d3cd4284a5443f17f1962b36e491b30a40b2405849e597ba5fb5,0xb4c11951957c6f8f642c4af61cd6b24640fec6dc7fc607ee8206a99e92410d30]
[36mDEBUG[0m[03-03|21:01:12.111] BETA computation                         [36maccumulationRoot[0m=0x0000000000000000000000000000000000000000000000000000000000000000 [36mmmr[0m=[nil,nil,nil,0x21ddb9a356815c3fac1026b6dec5df3124afbadb485c9ba5a3e3398a04b7ba85]
[32mINFO [0m[03-03|21:01:12.150] [N4] proposeBlock fallback               [32mp[0m=0038..297b [32mh[0m=1e02..9a38 [32me'[0m=1 [32mm'[0m=7 [32m"len(γ_a')"[0m=0 [32mblk[0m="H_t=19 H_r=ab3e..8f21 "
[36mDEBUG[0m[03-03|21:01:18.065] BETA computation                         [36maccumulationRoot[0m=0x0000000000000000000000000000000000000000000000000000000000000000 [36mmmr[0m=[0x0000000000000000000000000000000000000000000000000000000000000000,nil,nil,0x21ddb9a356815c3fac1026b6dec5df3124afbadb485c9ba5a3e3398a04b7ba85]
[32mINFO [0m[03-03|21:01:18.104] [N1] proposeBlock fallback               [32mp[0m=1e02..9a38 [32mh[0m=88de..2fe1 [32me'[0m=1 [32mm'[0m=8 [32m"len(γ_a')"[0m=0 [32mblk[0m="H_t=20 H_r=58af..08ee "
[36mDEBUG[0m[03-03|21:01:24.050] BETA computation                         [36maccumulationRoot[0m=0x0000000000000000000000000000000000000000000000000000000000000000 [36mmmr[0m=[nil,0xad3228b676f7d3cd4284a5443f17f1962b36e491b30a40b2405849e597ba5fb5,nil,0x21ddb9a356815c3fac1026b6dec5df3124afbadb485c9ba5a3e3398a04b7ba85]
[32mINFO [0m[03-03|21:01:24.086] [N0] proposeBlock fallback               [32mp[0m=88de..2fe1 [32mh[0m=49ce..a97e [32me'[0m=1 [32mm'[0m=9 [32m"len(γ_a')"[0m=0 [32mblk[0m="H_t=21 H_r=6049..d778 "
[36mDEBUG[0m[03-03|21:01:24.169] BETA computation                         [36maccumulationRoot[0m=0x0000000000000000000000000000000000000000000000000000000000000000 [36mmmr[0m=[nil,0xad3228b676f7d3cd4284a5443f17f1962b36e491b30a40b2405849e597ba5fb5,nil,0x21ddb9a356815c3fac1026b6dec5df3124afbadb485c9ba5a3e3398a04b7ba85]
[36mDEBUG[0m[03-03|21:01:30.065] BETA computation                         [36maccumulationRoot[0m=0x0000000000000000000000000000000000000000000000000000000000000000 [36mmmr[0m=[0x0000000000000000000000000000000000000000000000000000000000000000,0xad3228b676f7d3cd4284a5443f17f1962b36e491b30a40b2405849e597ba5fb5,nil,0x21ddb9a356815c3fac1026b6dec5df3124afbadb485c9ba5a3e3398a04b7ba85]
[32mINFO [0m[03-03|21:01:30.106] [N1] proposeBlock fallback               [32mp[0m=49ce..a97e [32mh[0m=2b10..b193 [32me'[0m=1 [32mm'[0m=10 [32m"len(γ_a')"[0m=0 [32mblk[0m="H_t=22 H_r=1c1c..a510 "
[36mDEBUG[0m[03-03|21:01:37.561] BETA computation                         [36maccumulationRoot[0m=0x0000000000000000000000000000000000000000000000000000000000000000 [36mmmr[0m=[nil,nil,0xb4c11951957c6f8f642c4af61cd6b24640fec6dc7fc607ee8206a99e92410d30,0x21ddb9a356815c3fac1026b6dec5df3124afbadb485c9ba5a3e3398a04b7ba85]
[32mINFO [0m[03-03|21:01:37.752] [N4] proposeBlock fallback               [32mp[0m=2b10..b193 [32mh[0m=f566..9f52 [32me'[0m=1 [32mm'[0m=11 [32m"len(γ_a')"[0m=0 [32mblk[0m="H_t=23 H_r=92c5..9f37 "
[36mDEBUG[0m[03-03|21:01:42.097] BETA computation                         [36maccumulationRoot[0m=0x0000000000000000000000000000000000000000000000000000000000000000 [36mmmr[0m=[0x0000000000000000000000000000000000000000000000000000000000000000,nil,0xb4c11951957c6f8f642c4af61cd6b24640fec6dc7fc607ee8206a99e92410d30,0x21ddb9a356815c3fac1026b6dec5df3124afbadb485c9ba5a3e3398a04b7ba85]
[32mINFO [0m[03-03|21:01:42.136] [N3] proposeBlock fallback               [32mp[0m=f566..9f52 [32mh[0m=07f2..182f [32me'[0m=2 [32mm'[0m=0  [32m"len(γ_a')"[0m=0 [32mblk[0m="H_t=24 H_r=9002..212c  EpochMarker(η1'=767a..9923, η2'=6f6a..24af)"
[36mDEBUG[0m[03-03|21:01:48.050] BETA computation                         [36maccumulationRoot[0m=0x0000000000000000000000000000000000000000000000000000000000000000 [36mmmr[0m=[nil,0xad3228b676f7d3cd4284a5443f17f1962b36e491b30a40b2405849e597ba5fb5,0xb4c11951957c6f8f642c4af61cd6b24640fec6dc7fc607ee8206a99e92410d30,0x21ddb9a356815c3fac1026b6dec5df3124afbadb485c9ba5a3e3398a04b7ba85]
[32mINFO [0m[03-03|21:01:48.091] [N0] proposeBlock fallback               [32mp[0m=07f2..182f [32mh[0m=f04d..c4cd [32me'[0m=2 [32mm'[0m=1  [32m"len(γ_a')"[0m=0 [32mblk[0m="H_t=25 H_r=6768..1689 "
[36mDEBUG[0m[03-03|21:01:48.178] BETA computation                         [36maccumulationRoot[0m=0x0000000000000000000000000000000000000000000000000000000000000000 [36mmmr[0m=[nil,0xad3228b676f7d3cd4284a5443f17f1962b36e491b30a40b2405849e597ba5fb5,0xb4c11951957c6f8f642c4af61cd6b24640fec6dc7fc607ee8206a99e92410d30,0x21ddb9a356815c3fac1026b6dec5df3124afbadb485c9ba5a3e3398a04b7ba85]
[36mDEBUG[0m[03-03|21:01:54.072] BETA computation                         [36maccumulationRoot[0m=0x0000000000000000000000000000000000000000000000000000000000000000 [36mmmr[0m=[0x0000000000000000000000000000000000000000000000000000000000000000,0xad3228b676f7d3cd4284a5443f17f1962b36e491b30a40b2405849e597ba5fb5,0xb4c11951957c6f8f642c4af61cd6b24640fec6dc7fc607ee8206a99e92410d30,0x21ddb9a356815c3fac1026b6dec5df3124afbadb485c9ba5a3e3398a04b7ba85]
[32mINFO [0m[03-03|21:01:54.119] [N1] proposeBlock fallback               [32mp[0m=f04d..c4cd [32mh[0m=82e6..7b36 [32me'[0m=2 [32mm'[0m=2  [32m"len(γ_a')"[0m=0 [32mblk[0m="H_t=26 H_r=0309..3403 "
[36mDEBUG[0m[03-03|21:02:00.109] BETA computation                         [36maccumulationRoot[0m=0x0000000000000000000000000000000000000000000000000000000000000000 [36mmmr[0m=[nil,nil,nil,nil,0xe58769b32a1beaf1ea27375a44095a0d1fb664ce2dd358e7fcbfb78c26a19344]
[32mINFO [0m[03-03|21:02:00.147] [N4] proposeBlock fallback               [32mp[0m=82e6..7b36 [32mh[0m=6b26..0a7f [32me'[0m=2 [32mm'[0m=3  [32m"len(γ_a')"[0m=0 [32mblk[0m="H_t=27 H_r=2752..c9ae "
[36mDEBUG[0m[03-03|21:02:06.080] BETA computation                         [36maccumulationRoot[0m=0x0000000000000000000000000000000000000000000000000000000000000000 [36mmmr[0m=[0x0000000000000000000000000000000000000000000000000000000000000000,nil,nil,nil,0xe58769b32a1beaf1ea27375a44095a0d1fb664ce2dd358e7fcbfb78c26a19344]
[32mINFO [0m[03-03|21:02:06.117] [N2] proposeBlock fallback               [32mp[0m=6b26..0a7f [32mh[0m=d767..7386 [32me'[0m=2 [32mm'[0m=4  [32m"len(γ_a')"[0m=0 [32mblk[0m="H_t=28 H_r=c7bb..b23b "
[36mDEBUG[0m[03-03|21:02:12.081] BETA computation                         [36maccumulationRoot[0m=0x0000000000000000000000000000000000000000000000000000000000000000 [36mmmr[0m=[nil,0xad3228b676f7d3cd4284a5443f17f1962b36e491b30a40b2405849e597ba5fb5,nil,nil,0xe58769b32a1beaf1ea27375a44095a0d1fb664ce2dd358e7fcbfb78c26a19344]
[32mINFO [0m[03-03|21:02:12.119] [N2] proposeBlock fallback               [32mp[0m=d767..7386 [32mh[0m=0a61..e9de [32me'[0m=2 [32mm'[0m=5  [32m"len(γ_a')"[0m=0 [32mblk[0m="H_t=29 H_r=1e36..82f1 "
[36mDEBUG[0m[03-03|21:02:18.110] BETA computation                         [36maccumulationRoot[0m=0x0000000000000000000000000000000000000000000000000000000000000000 [36mmmr[0m=[0x0000000000000000000000000000000000000000000000000000000000000000,0xad3228b676f7d3cd4284a5443f17f1962b36e491b30a40b2405849e597ba5fb5,nil,nil,0xe58769b32a1beaf1ea27375a44095a0d1fb664ce2dd358e7fcbfb78c26a19344]
[32mINFO [0m[03-03|21:02:18.149] [N4] proposeBlock fallback               [32mp[0m=0a61..e9de [32mh[0m=fcae..30da [32me'[0m=2 [32mm'[0m=6  [32m"len(γ_a')"[0m=0 [32mblk[0m="H_t=30 H_r=208c..0bf1 "
[36mDEBUG[0m[03-03|21:02:24.080] BETA computation                         [36maccumulationRoot[0m=0x0000000000000000000000000000000000000000000000000000000000000000 [36mmmr[0m=[nil,nil,0xb4c11951957c6f8f642c4af61cd6b24640fec6dc7fc607ee8206a99e92410d30,nil,0xe58769b32a1beaf1ea27375a44095a0d1fb664ce2dd358e7fcbfb78c26a19344]
[32mINFO [0m[03-03|21:02:24.116] [N2] proposeBlock fallback               [32mp[0m=fcae..30da [32mh[0m=1e78..5dad [32me'[0m=2 [32mm'[0m=7  [32m"len(γ_a')"[0m=0 [32mblk[0m="H_t=31 H_r=dc3a..6f13 "
[36mDEBUG[0m[03-03|21:02:30.080] BETA computation                         [36maccumulationRoot[0m=0x0000000000000000000000000000000000000000000000000000000000000000 [36mmmr[0m=[0x0000000000000000000000000000000000000000000000000000000000000000,nil,0xb4c11951957c6f8f642c4af61cd6b24640fec6dc7fc607ee8206a99e92410d30,nil,0xe58769b32a1beaf1ea27375a44095a0d1fb664ce2dd358e7fcbfb78c26a19344]
[32mINFO [0m[03-03|21:02:30.121] [N2] proposeBlock fallback               [32mp[0m=1e78..5dad [32mh[0m=bcee..1bf8 [32me'[0m=2 [32mm'[0m=8  [32m"len(γ_a')"[0m=0 [32mblk[0m="H_t=32 H_r=93c1..6abb "
[36mDEBUG[0m[03-03|21:02:36.127] BETA computation                         [36maccumulationRoot[0m=0x0000000000000000000000000000000000000000000000000000000000000000 [36mmmr[0m=[nil,0xad3228b676f7d3cd4284a5443f17f1962b36e491b30a40b2405849e597ba5fb5,0xb4c11951957c6f8f642c4af61cd6b24640fec6dc7fc607ee8206a99e92410d30,nil,0xe58769b32a1beaf1ea27375a44095a0d1fb664ce2dd358e7fcbfb78c26a19344]
[32mINFO [0m[03-03|21:02:36.170] [N5] proposeBlock fallback               [32mp[0m=bcee..1bf8 [32mh[0m=e749..f99d [32me'[0m=2 [32mm'[0m=9  [32m"len(γ_a')"[0m=0 [32mblk[0m="H_t=33 H_r=45ad..7fee "
[36mDEBUG[0m[03-03|21:02:42.081] BETA computation                         [36maccumulationRoot[0m=0x0000000000000000000000000000000000000000000000000000000000000000 [36mmmr[0m=[0x0000000000000000000000000000000000000000000000000000000000000000,0xad3228b676f7d3cd4284a5443f17f1962b36e491b30a40b2405849e597ba5fb5,0xb4c11951957c6f8f642c4af61cd6b24640fec6dc7fc607ee8206a99e92410d30,nil,0xe58769b32a1beaf1ea27375a44095a0d1fb664ce2dd358e7fcbfb78c26a19344]
[32mINFO [0m[03-03|21:02:42.125] [N2] proposeBlock fallback               [32mp[0m=e749..f99d [32mh[0m=112a..0808 [32me'[0m=2 [32mm'[0m=10 [32m"len(γ_a')"[0m=0 [32mblk[0m="H_t=34 H_r=208a..8c79 "
[36mDEBUG[0m[03-03|21:02:49.885] BETA computation                         [36maccumulationRoot[0m=0x0000000000000000000000000000000000000000000000000000000000000000 [36mmmr[0m=[nil,nil,nil,0x21ddb9a356815c3fac1026b6dec5df3124afbadb485c9ba5a3e3398a04b7ba85,0xe58769b32a1beaf1ea27375a44095a0d1fb664ce2dd358e7fcbfb78c26a19344]
[32mINFO [0m[03-03|21:02:49.918] [N3] proposeBlock fallback               [32mp[0m=112a..0808 [32mh[0m=f69e..95a7 [32me'[0m=2 [32mm'[0m=11 [32m"len(γ_a')"[0m=0 [32mblk[0m="H_t=35 H_r=ce3f..6ed0 "
[36mDEBUG[0m[03-03|21:02:54.096] BETA computation                         [36maccumulationRoot[0m=0x0000000000000000000000000000000000000000000000000000000000000000 [36mmmr[0m=[0x0000000000000000000000000000000000000000000000000000000000000000,nil,nil,0x21ddb9a356815c3fac1026b6dec5df3124afbadb485c9ba5a3e3398a04b7ba85,0xe58769b32a1beaf1ea27375a44095a0d1fb664ce2dd358e7fcbfb78c26a19344]
[32mINFO [0m[03-03|21:02:54.131] [N3] proposeBlock fallback               [32mp[0m=f69e..95a7 [32mh[0m=157b..68f4 [32me'[0m=3 [32mm'[0m=0  [32m"len(γ_a')"[0m=0 [32mblk[0m="H_t=36 H_r=96b3..56a0  EpochMarker(η1'=989a..4916, η2'=767a..9923)"
[36mDEBUG[0m[03-03|21:03:00.096] BETA computation                         [36maccumulationRoot[0m=0x0000000000000000000000000000000000000000000000000000000000000000 [36mmmr[0m=[nil,0xad3228b676f7d3cd4284a5443f17f1962b36e491b30a40b2405849e597ba5fb5,nil,0x21ddb9a356815c3fac1026b6dec5df3124afbadb485c9ba5a3e3398a04b7ba85,0xe58769b32a1beaf1ea27375a44095a0d1fb664ce2dd358e7fcbfb78c26a19344]
[32mINFO [0m[03-03|21:03:00.136] [N3] proposeBlock fallback               [32mp[0m=157b..68f4 [32mh[0m=fe3a..5939 [32me'[0m=3 [32mm'[0m=1  [32m"len(γ_a')"[0m=0 [32mblk[0m="H_t=37 H_r=82fe..a233 "
[36mDEBUG[0m[03-03|21:03:06.095] BETA computation                         [36maccumulationRoot[0m=0x0000000000000000000000000000000000000000000000000000000000000000 [36mmmr[0m=[0x0000000000000000000000000000000000000000000000000000000000000000,0xad3228b676f7d3cd4284a5443f17f1962b36e491b30a40b2405849e597ba5fb5,nil,0x21ddb9a356815c3fac1026b6dec5df3124afbadb485c9ba5a3e3398a04b7ba85,0xe58769b32a1beaf1ea27375a44095a0d1fb664ce2dd358e7fcbfb78c26a19344]
[32mINFO [0m[03-03|21:03:06.137] [N3] proposeBlock fallback               [32mp[0m=fe3a..5939 [32mh[0m=963f..aae1 [32me'[0m=3 [32mm'[0m=2  [32m"len(γ_a')"[0m=0 [32mblk[0m="H_t=38 H_r=9f2f..81db "
[36mDEBUG[0m[03-03|21:03:12.127] BETA computation                         [36maccumulationRoot[0m=0x0000000000000000000000000000000000000000000000000000000000000000 [36mmmr[0m=[nil,nil,0xb4c11951957c6f8f642c4af61cd6b24640fec6dc7fc607ee8206a99e92410d30,0x21ddb9a356815c3fac1026b6dec5df3124afbadb485c9ba5a3e3398a04b7ba85,0xe58769b32a1beaf1ea27375a44095a0d1fb664ce2dd358e7fcbfb78c26a19344]
[32mINFO [0m[03-03|21:03:12.163] [N5] proposeBlock fallback               [32mp[0m=963f..aae1 [32mh[0m=52ac..b958 [32me'[0m=3 [32mm'[0m=3  [32m"len(γ_a')"[0m=0 [32mblk[0m="H_t=39 H_r=18f2..9da0 "
[36mDEBUG[0m[03-03|21:03:18.111] BETA computation                         [36maccumulationRoot[0m=0x0000000000000000000000000000000000000000000000000000000000000000 [36mmmr[0m=[0x0000000000000000000000000000000000000000000000000000000000000000,nil,0xb4c11951957c6f8f642c4af61cd6b24640fec6dc7fc607ee8206a99e92410d30,0x21ddb9a356815c3fac1026b6dec5df3124afbadb485c9ba5a3e3398a04b7ba85,0xe58769b32a1beaf1ea27375a44095a0d1fb664ce2dd358e7fcbfb78c26a19344]
[32mINFO [0m[03-03|21:03:18.149] [N4] proposeBlock fallback               [32mp[0m=52ac..b958 [32mh[0m=6cb5..6b58 [32me'[0m=3 [32mm'[0m=4  [32m"len(γ_a')"[0m=0 [32mblk[0m="H_t=40 H_r=d0dd..db31 "
[36mDEBUG[0m[03-03|21:03:24.081] BETA computation                         [36maccumulationRoot[0m=0x0000000000000000000000000000000000000000000000000000000000000000 [36mmmr[0m=[nil,0xad3228b676f7d3cd4284a5443f17f1962b36e491b30a40b2405849e597ba5fb5,0xb4c11951957c6f8f642c4af61cd6b24640fec6dc7fc607ee8206a99e92410d30,0x21ddb9a356815c3fac1026b6dec5df3124afbadb485c9ba5a3e3398a04b7ba85,0xe58769b32a1beaf1ea27375a44095a0d1fb664ce2dd358e7fcbfb78c26a19344]
[32mINFO [0m[03-03|21:03:24.119] [N2] proposeBlock fallback               [32mp[0m=6cb5..6b58 [32mh[0m=0bd9..e10b [32me'[0m=3 [32mm'[0m=5  [32m"len(γ_a')"[0m=0 [32mblk[0m="H_t=41 H_r=3f1d..cf96 "
[36mDEBUG[0m[03-03|21:03:30.066] BETA computation                         [36maccumulationRoot[0m=0x0000000000000000000000000000000000000000000000000000000000000000 [36mmmr[0m=[0x0000000000000000000000000000000000000000000000000000000000000000,0xad3228b676f7d3cd4284a5443f17f1962b36e491b30a40b2405849e597ba5fb5,0xb4c11951957c6f8f642c4af61cd6b24640fec6dc7fc607ee8206a99e92410d30,0x21ddb9a356815c3fac1026b6dec5df3124afbadb485c9ba5a3e3398a04b7ba85,0xe58769b32a1beaf1ea27375a44095a0d1fb664ce2dd358e7fcbfb78c26a19344]
[32mINFO [0m[03-03|21:03:30.107] [N1] proposeBlock fallback               [32mp[0m=0bd9..e10b [32mh[0m=d1dc..5069 [32me'[0m=3 [32mm'[0m=6  [32m"len(γ_a')"[0m=0 [32mblk[0m="H_t=42 H_r=5398..09b7 "
[36mDEBUG[0m[03-03|21:03:36.066] BETA computation                         [36maccumulationRoot[0m=0x0000000000000000000000000000000000000000000000000000000000000000 [36mmmr[0m=[nil,nil,nil,nil,nil,0x0eb01ebfc9ed27500cd4dfc979272d1f0913cc9f66540d7e8005811109e1cf2d]
[32mINFO [0m[03-03|21:03:36.106] [N1] proposeBlock fallback               [32mp[0m=d1dc..5069 [32mh[0m=118d..d931 [32me'[0m=3 [32mm'[0m=7  [32m"len(γ_a')"[0m=0 [32mblk[0m="H_t=43 H_r=c94f..49a1 "
[36mDEBUG[0m[03-03|21:03:42.111] BETA computation                         [36maccumulationRoot[0m=0x0000000000000000000000000000000000000000000000000000000000000000 [36mmmr[0m=[0x0000000000000000000000000000000000000000000000000000000000000000,nil,nil,nil,nil,0x0eb01ebfc9ed27500cd4dfc979272d1f0913cc9f66540d7e8005811109e1cf2d]
[32mINFO [0m[03-03|21:03:42.151] [N4] proposeBlock fallback               [32mp[0m=118d..d931 [32mh[0m=91b9..966e [32me'[0m=3 [32mm'[0m=8  [32m"len(γ_a')"[0m=0 [32mblk[0m="H_t=44 H_r=424d..1edd "
[36mDEBUG[0m[03-03|21:03:48.066] BETA computation                         [36maccumulationRoot[0m=0x0000000000000000000000000000000000000000000000000000000000000000 [36mmmr[0m=[nil,0xad3228b676f7d3cd4284a5443f17f1962b36e491b30a40b2405849e597ba5fb5,nil,nil,nil,0x0eb01ebfc9ed27500cd4dfc979272d1f0913cc9f66540d7e8005811109e1cf2d]
[32mINFO [0m[03-03|21:03:48.107] [N1] proposeBlock fallback               [32mp[0m=91b9..966e [32mh[0m=1cc7..b302 [32me'[0m=3 [32mm'[0m=9  [32m"len(γ_a')"[0m=0 [32mblk[0m="H_t=45 H_r=fe7f..91e9 "
[36mDEBUG[0m[03-03|21:03:54.095] BETA computation                         [36maccumulationRoot[0m=0x0000000000000000000000000000000000000000000000000000000000000000 [36mmmr[0m=[0x0000000000000000000000000000000000000000000000000000000000000000,0xad3228b676f7d3cd4284a5443f17f1962b36e491b30a40b2405849e597ba5fb5,nil,nil,nil,0x0eb01ebfc9ed27500cd4dfc979272d1f0913cc9f66540d7e8005811109e1cf2d]
[32mINFO [0m[03-03|21:03:54.135] [N3] proposeBlock fallback               [32mp[0m=1cc7..b302 [32mh[0m=5d3a..8656 [32me'[0m=3 [32mm'[0m=10 [32m"len(γ_a')"[0m=0 [32mblk[0m="H_t=46 H_r=c2d9..8f9b "
[36mDEBUG[0m[03-03|21:04:01.741] BETA computation                         [36maccumulationRoot[0m=0x0000000000000000000000000000000000000000000000000000000000000000 [36mmmr[0m=[nil,nil,0xb4c11951957c6f8f642c4af61cd6b24640fec6dc7fc607ee8206a99e92410d30,nil,nil,0x0eb01ebfc9ed27500cd4dfc979272d1f0913cc9f66540d7e8005811109e1cf2d]
[32mINFO [0m[03-03|21:04:01.866] [N1] proposeBlock fallback               [32mp[0m=5d3a..8656 [32mh[0m=7880..28ae [32me'[0m=3 [32mm'[0m=11 [32m"len(γ_a')"[0m=0 [32mblk[0m="H_t=47 H_r=ba4e..e152 "
[36mDEBUG[0m[03-03|21:04:06.117] BETA computation                         [36maccumulationRoot[0m=0x0000000000000000000000000000000000000000000000000000000000000000 [36mmmr[0m=[0x0000000000000000000000000000000000000000000000000000000000000000,nil,0xb4c11951957c6f8f642c4af61cd6b24640fec6dc7fc607ee8206a99e92410d30,nil,nil,0x0eb01ebfc9ed27500cd4dfc979272d1f0913cc9f66540d7e8005811109e1cf2d]
[32mINFO [0m[03-03|21:04:06.159] [N4] proposeBlock fallback               [32mp[0m=7880..28ae [32mh[0m=9915..3376 [32me'[0m=4 [32mm'[0m=0  [32m"len(γ_a')"[0m=0 [32mblk[0m="H_t=48 H_r=c9b9..a60a  EpochMarker(η1'=fce8..3d2f, η2'=989a..4916)"
[36mDEBUG[0m[03-03|21:04:12.128] BETA computation                         [36maccumulationRoot[0m=0x0000000000000000000000000000000000000000000000000000000000000000 [36mmmr[0m=[nil,0xad3228b676f7d3cd4284a5443f17f1962b36e491b30a40b2405849e597ba5fb5,0xb4c11951957c6f8f642c4af61cd6b24640fec6dc7fc607ee8206a99e92410d30,nil,nil,0x0eb01ebfc9ed27500cd4dfc979272d1f0913cc9f66540d7e8005811109e1cf2d]
[32mINFO [0m[03-03|21:04:12.167] [N5] proposeBlock fallback               [32mp[0m=9915..3376 [32mh[0m=2fe7..7d9e [32me'[0m=4 [32mm'[0m=1  [32m"len(γ_a')"[0m=0 [32mblk[0m="H_t=49 H_r=be38..3470 "
[36mDEBUG[0m[03-03|21:04:18.066] BETA computation                         [36maccumulationRoot[0m=0x0000000000000000000000000000000000000000000000000000000000000000 [36mmmr[0m=[0x0000000000000000000000000000000000000000000000000000000000000000,0xad3228b676f7d3cd4284a5443f17f1962b36e491b30a40b2405849e597ba5fb5,0xb4c11951957c6f8f642c4af61cd6b24640fec6dc7fc607ee8206a99e92410d30,nil,nil,0x0eb01ebfc9ed27500cd4dfc979272d1f0913cc9f66540d7e8005811109e1cf2d]
[32mINFO [0m[03-03|21:04:18.105] [N1] proposeBlock fallback               [32mp[0m=2fe7..7d9e [32mh[0m=11de..e076 [32me'[0m=4 [32mm'[0m=2  [32m"len(γ_a')"[0m=0 [32mblk[0m="H_t=50 H_r=dbba..e305 "
[36mDEBUG[0m[03-03|21:04:24.065] BETA computation                         [36maccumulationRoot[0m=0x0000000000000000000000000000000000000000000000000000000000000000 [36mmmr[0m=[nil,nil,nil,0x21ddb9a356815c3fac1026b6dec5df3124afbadb485c9ba5a3e3398a04b7ba85,nil,0x0eb01ebfc9ed27500cd4dfc979272d1f0913cc9f66540d7e8005811109e1cf2d]
[32mINFO [0m[03-03|21:04:24.104] [N1] proposeBlock fallback               [32mp[0m=11de..e076 [32mh[0m=c899..4f0f [32me'[0m=4 [32mm'[0m=3  [32m"len(γ_a')"[0m=0 [32mblk[0m="H_t=51 H_r=39b2..211a "
[36mDEBUG[0m[03-03|21:04:30.072] BETA computation                         [36maccumulationRoot[0m=0x0000000000000000000000000000000000000000000000000000000000000000 [36mmmr[0m=[0x0000000000000000000000000000000000000000000000000000000000000000,nil,nil,0x21ddb9a356815c3fac1026b6dec5df3124afbadb485c9ba5a3e3398a04b7ba85,nil,0x0eb01ebfc9ed27500cd4dfc979272d1f0913cc9f66540d7e8005811109e1cf2d]
[32mINFO [0m[03-03|21:04:30.112] [N1] proposeBlock fallback               [32mp[0m=c899..4f0f [32mh[0m=eff2..93b4 [32me'[0m=4 [32mm'[0m=4  [32m"len(γ_a')"[0m=0 [32mblk[0m="H_t=52 H_r=5fb2..9bef "
[36mDEBUG[0m[03-03|21:04:36.116] BETA computation                         [36maccumulationRoot[0m=0x0000000000000000000000000000000000000000000000000000000000000000 [36mmmr[0m=[nil,0xad3228b676f7d3cd4284a5443f17f1962b36e491b30a40b2405849e597ba5fb5,nil,0x21ddb9a356815c3fac1026b6dec5df3124afbadb485c9ba5a3e3398a04b7ba85,nil,0x0eb01ebfc9ed27500cd4dfc979272d1f0913cc9f66540d7e8005811109e1cf2d]
[32mINFO [0m[03-03|21:04:36.154] [N4] proposeBlock fallback               [32mp[0m=eff2..93b4 [32mh[0m=5804..87b3 [32me'[0m=4 [32mm'[0m=5  [32m"len(γ_a')"[0m=0 [32mblk[0m="H_t=53 H_r=4aa9..0e04 "
[36mDEBUG[0m[03-03|21:04:42.056] BETA computation                         [36maccumulationRoot[0m=0x0000000000000000000000000000000000000000000000000000000000000000 [36mmmr[0m=[0x0000000000000000000000000000000000000000000000000000000000000000,0xad3228b676f7d3cd4284a5443f17f1962b36e491b30a40b2405849e597ba5fb5,nil,0x21ddb9a356815c3fac1026b6dec5df3124afbadb485c9ba5a3e3398a04b7ba85,nil,0x0eb01ebfc9ed27500cd4dfc979272d1f0913cc9f66540d7e8005811109e1cf2d]
[32mINFO [0m[03-03|21:04:42.095] [N0] proposeBlock fallback               [32mp[0m=5804..87b3 [32mh[0m=5cfb..d14d [32me'[0m=4 [32mm'[0m=6  [32m"len(γ_a')"[0m=0 [32mblk[0m="H_t=54 H_r=8e12..7c48 "
[36mDEBUG[0m[03-03|21:04:42.274] BETA computation                         [36maccumulationRoot[0m=0x0000000000000000000000000000000000000000000000000000000000000000 [36mmmr[0m=[0x0000000000000000000000000000000000000000000000000000000000000000,0xad3228b676f7d3cd4284a5443f17f1962b36e491b30a40b2405849e597ba5fb5,nil,0x21ddb9a356815c3fac1026b6dec5df3124afbadb485c9ba5a3e3398a04b7ba85,nil,0x0eb01ebfc9ed27500cd4dfc979272d1f0913cc9f66540d7e8005811109e1cf2d]
[36mDEBUG[0m[03-03|21:04:48.050] BETA computation                         [36maccumulationRoot[0m=0x0000000000000000000000000000000000000000000000000000000000000000 [36mmmr[0m=[nil,nil,0xb4c11951957c6f8f642c4af61cd6b24640fec6dc7fc607ee8206a99e92410d30,0x21ddb9a356815c3fac1026b6dec5df3124afbadb485c9ba5a3e3398a04b7ba85,nil,0x0eb01ebfc9ed27500cd4dfc979272d1f0913cc9f66540d7e8005811109e1cf2d]
[32mINFO [0m[03-03|21:04:48.087] [N0] proposeBlock fallback               [32mp[0m=5cfb..d14d [32mh[0m=dbec..1111 [32me'[0m=4 [32mm'[0m=7  [32m"len(γ_a')"[0m=0 [32mblk[0m="H_t=55 H_r=4288..0c65 "
[36mDEBUG[0m[03-03|21:04:48.168] BETA computation                         [36maccumulationRoot[0m=0x0000000000000000000000000000000000000000000000000000000000000000 [36mmmr[0m=[nil,nil,0xb4c11951957c6f8f642c4af61cd6b24640fec6dc7fc607ee8206a99e92410d30,0x21ddb9a356815c3fac1026b6dec5df3124afbadb485c9ba5a3e3398a04b7ba85,nil,0x0eb01ebfc9ed27500cd4dfc979272d1f0913cc9f66540d7e8005811109e1cf2d]
[36mDEBUG[0m[03-03|21:04:54.050] BETA computation                         [36maccumulationRoot[0m=0x0000000000000000000000000000000000000000000000000000000000000000 [36mmmr[0m=[0x0000000000000000000000000000000000000000000000000000000000000000,nil,0xb4c11951957c6f8f642c4af61cd6b24640fec6dc7fc607ee8206a99e92410d30,0x21ddb9a356815c3fac1026b6dec5df3124afbadb485c9ba5a3e3398a04b7ba85,nil,0x0eb01ebfc9ed27500cd4dfc979272d1f0913cc9f66540d7e8005811109e1cf2d]
[32mINFO [0m[03-03|21:04:54.088] [N0] proposeBlock fallback               [32mp[0m=dbec..1111 [32mh[0m=1538..8aed [32me'[0m=4 [32mm'[0m=8  [32m"len(γ_a')"[0m=0 [32mblk[0m="H_t=56 H_r=c05d..6391 "
[36mDEBUG[0m[03-03|21:04:54.219] BETA computation                         [36maccumulationRoot[0m=0x0000000000000000000000000000000000000000000000000000000000000000 [36mmmr[0m=[0x0000000000000000000000000000000000000000000000000000000000000000,nil,0xb4c11951957c6f8f642c4af61cd6b24640fec6dc7fc607ee8206a99e92410d30,0x21ddb9a356815c3fac1026b6dec5df3124afbadb485c9ba5a3e3398a04b7ba85,nil,0x0eb01ebfc9ed27500cd4dfc979272d1f0913cc9f66540d7e8005811109e1cf2d]
[36mDEBUG[0m[03-03|21:05:00.096] BETA computation                         [36maccumulationRoot[0m=0x0000000000000000000000000000000000000000000000000000000000000000 [36mmmr[0m=[nil,0xad3228b676f7d3cd4284a5443f17f1962b36e491b30a40b2405849e597ba5fb5,0xb4c11951957c6f8f642c4af61cd6b24640fec6dc7fc607ee8206a99e92410d30,0x21ddb9a356815c3fac1026b6dec5df3124afbadb485c9ba5a3e3398a04b7ba85,nil,0x0eb01ebfc9ed27500cd4dfc979272d1f0913cc9f66540d7e8005811109e1cf2d]
[32mINFO [0m[03-03|21:05:00.131] [N3] proposeBlock fallback               [32mp[0m=1538..8aed [32mh[0m=b01d..428c [32me'[0m=4 [32mm'[0m=9  [32m"len(γ_a')"[0m=0 [32mblk[0m="H_t=57 H_r=a0c6..5461 "
[36mDEBUG[0m[03-03|21:05:06.096] BETA computation                         [36maccumulationRoot[0m=0x0000000000000000000000000000000000000000000000000000000000000000 [36mmmr[0m=[0x0000000000000000000000000000000000000000000000000000000000000000,0xad3228b676f7d3cd4284a5443f17f1962b36e491b30a40b2405849e597ba5fb5,0xb4c11951957c6f8f642c4af61cd6b24640fec6dc7fc607ee8206a99e92410d30,0x21ddb9a356815c3fac1026b6dec5df3124afbadb485c9ba5a3e3398a04b7ba85,nil,0x0eb01ebfc9ed27500cd4dfc979272d1f0913cc9f66540d7e8005811109e1cf2d]
[32mINFO [0m[03-03|21:05:06.135] [N3] proposeBlock fallback               [32mp[0m=b01d..428c [32mh[0m=69dd..98d9 [32me'[0m=4 [32mm'[0m=10 [32m"len(γ_a')"[0m=0 [32mblk[0m="H_t=58 H_r=9a30..126f "
[36mDEBUG[0m[03-03|21:05:13.457] BETA computation                         [36maccumulationRoot[0m=0x0000000000000000000000000000000000000000000000000000000000000000 [36mmmr[0m=[nil,nil,nil,nil,0xe58769b32a1beaf1ea27375a44095a0d1fb664ce2dd358e7fcbfb78c26a19344,0x0eb01ebfc9ed27500cd4dfc979272d1f0913cc9f66540d7e8005811109e1cf2d]
[32mINFO [0m[03-03|21:05:13.616] [N5] proposeBlock fallback               [32mp[0m=69dd..98d9 [32mh[0m=572b..7c0a [32me'[0m=4 [32mm'[0m=11 [32m"len(γ_a')"[0m=0 [32mblk[0m="H_t=59 H_r=ccae..f3f6 "
[36mDEBUG[0m[03-03|21:05:18.066] BETA computation                         [36maccumulationRoot[0m=0x0000000000000000000000000000000000000000000000000000000000000000 [36mmmr[0m=[0x0000000000000000000000000000000000000000000000000000000000000000,nil,nil,nil,0xe58769b32a1beaf1ea27375a44095a0d1fb664ce2dd358e7fcbfb78c26a19344,0x0eb01ebfc9ed27500cd4dfc979272d1f0913cc9f66540d7e8005811109e1cf2d]
[32mINFO [0m[03-03|21:05:18.105] [N1] proposeBlock fallback               [32mp[0m=572b..7c0a [32mh[0m=ce0b..c224 [32me'[0m=5 [32mm'[0m=0  [32m"len(γ_a')"[0m=0 [32mblk[0m="H_t=60 H_r=737f..a64b  EpochMarker(η1'=33e4..7bb1, η2'=fce8..3d2f)"
[32mINFO [0m[03-03|21:05:19.319] Completed
