[32mINFO [0m[05-05|15:20:33.436] JAMTEST                                  [32mjam[0m=game_of_life [32mtargetN[0m=10
Test PreReq: false
RPC server started, listening on :11105
[32mINFO [0m[05-05|15:20:38.055] proposeBlock                             [32mmode[0m=fallback [32ms.ID[0m=4 [32mp[0m=03c6..db92 [32mh[0m=5176..4c69 [32me'[0m=1 [32mm'[0m=0 [32m"len(γ_a')"[0m=0 [32mblk[0m="H_t=12 H_r=5e11..9ce3  EpochMarker(η1'=6f6a..af2a, η2'=835a..4eaf)"
[31mERROR[0m[05-05|15:20:38.124] Audit Failed                             [31merr[0m="CheckBlockAudited failed [slot:12]:tranche 938134572 not found for auditing"
[31mERROR[0m[05-05|15:20:38.131] Audit Failed                             [31merr[0m="CheckBlockAudited failed [slot:12]:tranche 938134572 not found for auditing"
[31mERROR[0m[05-05|15:20:38.133] Audit Failed                             [31merr[0m="CheckBlockAudited failed [slot:12]:tranche 938134572 not found for auditing"
jamtest: setupJceManager returned.
jamtest: JCE Mode: fast
[32mINFO [0m[05-05|15:20:40.438] game_of_life                             [32mcodeHash[0m=0xd30cebb64bef9a9d6d44bde483100e360885121d0ee72d43ce5b39d788cbb766 [32mlen[0m=12090
[32mINFO [0m[05-05|15:20:40.438] auth_copy                                [32mcodeHash[0m=0xd5b11cadfd6c724deb5a15eb55c6173a3f4798166e13072459dccaba47a2b37c [32mlen[0m=1214
[32mINFO [0m[05-05|15:20:40.438] Waiting for the first block to be ready...
[32mINFO [0m[05-05|15:20:44.333] proposeBlock                             [32mmode[0m=fallback [32ms.ID[0m=4 [32mp[0m=5176..4c69 [32mh[0m=02dd..65eb [32me'[0m=1 [32mm'[0m=1 [32m"len(γ_a')"[0m=3 [32mblk[0m="H_t=13 H_r=e99c..e012  |E_T|=3"
[32mINFO [0m[05-05|15:20:45.812] proposeBlock                             [32mmode[0m=fallback [32ms.ID[0m=4 [32mp[0m=02dd..65eb [32mh[0m=e4a3..c367 [32me'[0m=1 [32mm'[0m=2 [32m"len(γ_a')"[0m=6 [32mblk[0m="H_t=14 H_r=26e0..1097  |E_T|=3"
[32mINFO [0m[05-05|15:20:51.719] proposeBlock                             [32mmode[0m=fallback [32ms.ID[0m=5 [32mp[0m=e4a3..c367 [32mh[0m=33d8..1b16 [32me'[0m=1 [32mm'[0m=3 [32m"len(γ_a')"[0m=9 [32mblk[0m="H_t=15 H_r=a82c..54b2  |E_T|=3"
[32mINFO [0m[05-05|15:20:52.438] Work package submitted                   [32midentifier[0m="NewService(game_of_life, d30c..b766)" [32mhash[0m=0x0359cea39ed88c8b6dc7b9792d5a9467e7fd15825aed374019ad93adc978a79f [32mcore[0m=0
[32mINFO [0m[05-05|15:20:57.415] proposeBlock                             [32mmode[0m=fallback [32ms.ID[0m=0 [32mp[0m=33d8..1b16 [32mh[0m=7a39..b470 [32me'[0m=1 [32mm'[0m=4 [32m"len(γ_a')"[0m=12 [32mblk[0m="H_t=16 H_r=e478..2a9f  |E_T|=3 |E_G|=1"
[36mDEBUG[0m[05-05|15:21:03.436] SINGLE ACCUMULATE                        [36ms[0m=0 [36mwrangledResults[0m='{"H":"0x0359cea39ed88c8b6dc7b9792d5a9467e7fd15825aed374019ad93adc978a79f","E":"0x0000000000000000000000000000000000000000000000000000000000000000","A":"0x3cd36dd9ef53b9ba511a9b80d155c78627fccf80f294e02cf068991a457a06e8","O":"","Y":"0xf7eecc5d0e99a1f0402c09c706d4c95c5d8804b73364e66c9b6916f66a644c46","G":1000000,"D":"0x0024d30cebb64bef9a9d6d44bde483100e360885121d0ee72d43ce5b39d788cbb7663a2f0000"}'
[36mDEBUG[0m[05-05|15:21:03.436] NEW                                      [36mreg[0m="[10 4278058832 0 0 0 4278124686 1 4278124687 12090 100 100 0 64]" [36mgasCharged[0m=10 [36mbeforeGas[0m=999,839 [36mafterGas[0m=999,829
[36mDEBUG[0m[05-05|15:21:03.436] bootstrap_accumulate: NEW OK             [36mSERVICE[0m=2953942612 [36mcode_hash_ptr[0m=feff008f [36mcode_hash_ptr[0m=d30cebb64bef9a9d6d44bde483100e360885121d0ee72d43ce5b39d788cbb766 [36mcode_len[0m=12090 [36mmin_item_gas[0m=100 [36mmin_memo_gas[0m=100
[36mDEBUG[0m[05-05|15:21:03.436] WRITE                                    [36mreg[0m="[10 4278058832 0 0 0 2953942612 1 4278058852 4 4278058840 4 0 64]" [36mgasCharged[0m=10 [36mbeforeGas[0m=999,822 [36mafterGas[0m=999,812
[36mDEBUG[0m[05-05|15:21:03.436] bootstrap_accumulate: WRITE NONE         [36mnumStorageItems[0m=5 [36mStorageSize[0m=5932 [36ms[0m=0 [36mmu_k[0m=00000000 [36mk[0m=0x81e47a19e6b29b0a65b9591762ce5143ed30d0261e5d24a3201752506b20f15c [36mv[0m=549611b0 [36mvlen[0m=4
[36mDEBUG[0m[05-05|15:21:03.436] bootstrap_accumulate: WRITE storage      [36ms[0m=0 [36ma_o[0m=5932 [36ma_i[0m=5
[36mDEBUG[0m[05-05|15:21:03.436] TRANSFER                                 [36mreg[0m="[12 4278058832 0 128 0 2953942612 1 2953942612 500000 100 4278058856 4278058984 0]" [36mgasCharged[0m=110 [36mbeforeGas[0m=999,740 [36mafterGas[0m=999,630
[36mDEBUG[0m[05-05|15:21:03.436] bootstrap_accumulate: TRANSFER OK        [36msender[0m=0 [36mreceiver[0m=2953942612 [36mamount[0m=500000 [36mgaslimit[0m=100
[36mDEBUG[0m[05-05|15:21:03.436] BEEFY OK-HALT with 32byte @SINGLE ACCUMULATE [36ms[0m=0 [36mB[0m=0x549611b000000000000000000000000000000000000000000000000000000000
[36mDEBUG[0m[05-05|15:21:03.436] ProcessDeferredTransfers                 [36mservice[0m=0 [36mgasUsed[0m=0 [36mtransferCount[0m=0
[36mDEBUG[0m[05-05|15:21:03.436] ProcessDeferredTransfers                 [36mservice[0m=2953942612 [36mgasUsed[0m=0 [36mtransferCount[0m=1
[36mDEBUG[0m[05-05|15:21:03.437] BEEFY-C                                  [36ms[0m=0 [36mh[0m=0x549611b000000000000000000000000000000000000000000000000000000000 [36mencoded[0m=00000000549611b000000000000000000000000000000000000000000000000000000000
[36mDEBUG[0m[05-05|15:21:03.437] BEEFY accumulation root                  [36mr[0m=0x253e7b79a6f60c38d85fa99ae8f0fbf3072e5bb869d39e4319ef609b0395e14b
[32mINFO [0m[05-05|15:21:03.464] proposeBlock                             [32mmode[0m=fallback [32ms.ID[0m=4 [32mp[0m=7a39..b470 [32mh[0m=4c5a..af3e [32me'[0m=1 [32mm'[0m=5 [32m"len(γ_a')"[0m=12 [32mblk[0m="H_t=17 H_r=b9e1..0690  |E_A|=6"
[32mINFO [0m[05-05|15:21:04.439] Work package accumulated                 [32mhash[0m=0x0359cea39ed88c8b6dc7b9792d5a9467e7fd15825aed374019ad93adc978a79f [32mcount[0m=1
[32mINFO [0m[05-05|15:21:04.439] All work packages accumulated
[32mINFO [0m[05-05|15:21:04.439] SubmitAndWaitForPreimage SUBMITTED       [32mid[0m=2953942612 [32mpreimageHash[0m=0xd30cebb64bef9a9d6d44bde483100e360885121d0ee72d43ce5b39d788cbb766 [32mlen[0m=12090
[32mINFO [0m[05-05|15:21:09.604] proposeBlock                             [32mmode[0m=fallback [32ms.ID[0m=0 [32mp[0m=4c5a..af3e [32mh[0m=a077..401b [32me'[0m=1 [32mm'[0m=6 [32m"len(γ_a')"[0m=12 [32mblk[0m="H_t=18 H_r=83be..d971  |E_P|=1"
[32mINFO [0m[05-05|15:21:10.439] SubmitAndWaitForPreimage ON-CHAIN        [32mid[0m=2953942612 [32mpreimageHash[0m=0xd30cebb64bef9a9d6d44bde483100e360885121d0ee72d43ce5b39d788cbb766 [32mlen[0m=12090
[32mINFO [0m[05-05|15:21:10.439] ----- NEW SERVICE                        [32mservice[0m=game_of_life [32mservice_idx[0m=2,953,942,612
[32mINFO [0m[05-05|15:21:10.439] Work package submitted                   [32midentifier[0m="NewService(auth_copy, d5b1..b37c)"    [32mhash[0m=0x3761ea8467f9e54b8433deede584479ecf9208e9fab383466ec3e2475c647441 [32mcore[0m=0
[32mINFO [0m[05-05|15:21:15.654] proposeBlock                             [32mmode[0m=fallback [32ms.ID[0m=4 [32mp[0m=a077..401b [32mh[0m=81b1..a068 [32me'[0m=1 [32mm'[0m=7 [32m"len(γ_a')"[0m=12 [32mblk[0m="H_t=19 H_r=d829..7952  |E_G|=1"
[36mDEBUG[0m[05-05|15:21:21.396] SINGLE ACCUMULATE                        [36ms[0m=0 [36mwrangledResults[0m='{"H":"0x3761ea8467f9e54b8433deede584479ecf9208e9fab383466ec3e2475c647441","E":"0x0000000000000000000000000000000000000000000000000000000000000000","A":"0x3cd36dd9ef53b9ba511a9b80d155c78627fccf80f294e02cf068991a457a06e8","O":"","Y":"0x46f2131d1d909d716994fa83b45369b7e97332107d490ec3e866fe1adc61c972","G":1000000,"D":"0x0024d5b11cadfd6c724deb5a15eb55c6173a3f4798166e13072459dccaba47a2b37cbe040000"}'
[36mDEBUG[0m[05-05|15:21:21.396] NEW                                      [36mreg[0m="[10 4278058832 0 0 0 4278124686 1 4278124687 1214 100 100 0 64]" [36mgasCharged[0m=10  [36mbeforeGas[0m=999,839 [36mafterGas[0m=999,829
[36mDEBUG[0m[05-05|15:21:21.396] bootstrap_accumulate: NEW OK             [36mSERVICE[0m=1065941251 [36mcode_hash_ptr[0m=feff008f [36mcode_hash_ptr[0m=d5b11cadfd6c724deb5a15eb55c6173a3f4798166e13072459dccaba47a2b37c [36mcode_len[0m=1214  [36mmin_item_gas[0m=100 [36mmin_memo_gas[0m=100
[36mDEBUG[0m[05-05|15:21:21.396] WRITE                                    [36mreg[0m="[10 4278058832 0 0 0 1065941251 1 4278058852 4 4278058840 4 0 64]" [36mgasCharged[0m=10  [36mbeforeGas[0m=999,822 [36mafterGas[0m=999,812
[36mDEBUG[0m[05-05|15:21:21.396] bootstrap_accumulate: WRITE OK           [36mnumStorageItems[0m=5 [36mStorageSize[0m=5932 [36ml[0m=4 [36ms[0m=0 [36mmu_k[0m=00000000 [36mk[0m=0x81e47a19e6b29b0a65b9591762ce5143ed30d0261e5d24a3201752506b20f15c [36mv[0m=03f9883f [36mvlen[0m=4
[36mDEBUG[0m[05-05|15:21:21.396] bootstrap_accumulate: WRITE storage      [36ms[0m=0 [36ma_o[0m=5932 [36ma_i[0m=5
[36mDEBUG[0m[05-05|15:21:21.396] TRANSFER                                 [36mreg[0m="[12 4278058832 0 128 0 1065941251 1 1065941251 500000 100 4278058856 4278058984 0]" [36mgasCharged[0m=110 [36mbeforeGas[0m=999,740 [36mafterGas[0m=999,630
[36mDEBUG[0m[05-05|15:21:21.396] bootstrap_accumulate: TRANSFER OK        [36msender[0m=0 [36mreceiver[0m=1065941251 [36mamount[0m=500000 [36mgaslimit[0m=100
[36mDEBUG[0m[05-05|15:21:21.396] BEEFY OK-HALT with 32byte @SINGLE ACCUMULATE [36ms[0m=0 [36mB[0m=0x03f9883f00000000000000000000000000000000000000000000000000000000
[36mDEBUG[0m[05-05|15:21:21.396] ProcessDeferredTransfers                 [36mservice[0m=1065941251   [36mgasUsed[0m=0 [36mtransferCount[0m=1
[36mDEBUG[0m[05-05|15:21:21.396] ProcessDeferredTransfers                 [36mservice[0m=0            [36mgasUsed[0m=0 [36mtransferCount[0m=0
[36mDEBUG[0m[05-05|15:21:21.397] BEEFY-C                                  [36ms[0m=0 [36mh[0m=0x03f9883f00000000000000000000000000000000000000000000000000000000 [36mencoded[0m=0000000003f9883f00000000000000000000000000000000000000000000000000000000
[36mDEBUG[0m[05-05|15:21:21.397] BEEFY accumulation root                  [36mr[0m=0xe44237e17cf280e766b1279774ab870d6f811a4800b6053d7dfb141b36b9258a
[32mINFO [0m[05-05|15:21:21.424] proposeBlock                             [32mmode[0m=fallback [32ms.ID[0m=1 [32mp[0m=81b1..a068 [32mh[0m=0546..13a2 [32me'[0m=1 [32mm'[0m=8 [32m"len(γ_a')"[0m=12 [32mblk[0m="H_t=20 H_r=d06d..b4c9  |E_A|=6"
[32mINFO [0m[05-05|15:21:22.439] Work package accumulated                 [32mhash[0m=0x3761ea8467f9e54b8433deede584479ecf9208e9fab383466ec3e2475c647441 [32mcount[0m=1
[32mINFO [0m[05-05|15:21:22.439] All work packages accumulated
[32mINFO [0m[05-05|15:21:22.440] SubmitAndWaitForPreimage SUBMITTED       [32mid[0m=1065941251 [32mpreimageHash[0m=0xd5b11cadfd6c724deb5a15eb55c6173a3f4798166e13072459dccaba47a2b37c [32mlen[0m=1214
[32mINFO [0m[05-05|15:21:27.595] proposeBlock                             [32mmode[0m=fallback [32ms.ID[0m=0 [32mp[0m=0546..13a2 [32mh[0m=c938..d6df [32me'[0m=1 [32mm'[0m=9 [32m"len(γ_a')"[0m=12 [32mblk[0m="H_t=21 H_r=9c4f..cd77  |E_P|=1"
[32mINFO [0m[05-05|15:21:28.440] SubmitAndWaitForPreimage ON-CHAIN        [32mid[0m=1065941251 [32mpreimageHash[0m=0xd5b11cadfd6c724deb5a15eb55c6173a3f4798166e13072459dccaba47a2b37c [32mlen[0m=1214
[32mINFO [0m[05-05|15:21:28.440] ----- NEW SERVICE                        [32mservice[0m=auth_copy    [32mservice_idx[0m=1,065,941,251
[32mINFO [0m[05-05|15:21:28.440] testServices Loaded                      [32mjam[0m=game_of_life [32mtestServices[0m="map[auth_copy:0x14000929700 game_of_life:0x14000929680]" [32mtargetN[0m=10
[32mINFO [0m[05-05|15:21:28.440] Game of Life START
Starting Game of Life server on localhost:8080 (serving ./game_of_life.html)
[32mINFO [0m[05-05|15:21:28.441] game_of_life_child                       [32mcodeHash[0m=0xae80c9a5b5a52b9e0eb0318a898c4256d5d38a627c623a345adb910f2abb5bfa [32mlen[0m=7057
[32mINFO [0m[05-05|15:21:28.441] Work package submitted                   [32midentifier[0m=Game_of_life(0)                        [32mhash[0m=0x5576e168e62dce6d6501f171adeceac3c799f15af7f469fa8ccd1012e9b1c3d0 [32mcore[0m=0
[32mINFO [0m[05-05|15:21:33.637] proposeBlock                             [32mmode[0m=fallback [32ms.ID[0m=1 [32mp[0m=c938..d6df [32mh[0m=94c0..94f2 [32me'[0m=1 [32mm'[0m=10 [32m"len(γ_a')"[0m=12 [32mblk[0m="H_t=22 H_r=142a..b1cd   WinningTickets(12) |E_G|=1"
[36mDEBUG[0m[05-05|15:21:39.426] SINGLE ACCUMULATE                        [36ms[0m=2953942612 [36mwrangledResults[0m='{"H":"0x5576e168e62dce6d6501f171adeceac3c799f15af7f469fa8ccd1012e9b1c3d0","E":"0x0000000000000000000000000000000000000000000000000000000000000000","A":"0x3cd36dd9ef53b9ba511a9b80d155c78627fccf80f294e02cf068991a457a06e8","O":"","Y":"0x0e5751c026e543b2e8ab2eb06099daa1d1e5df47778f7787faab45cdf12fe3a8","G":1000000,"D":"0x0024ae80c9a5b5a52b9e0eb0318a898c4256d5d38a627c623a345adb910f2abb5bfa911b0000"}'
[36mDEBUG[0m[05-05|15:21:39.426] SOLICIT                                  [36mreg[0m="[116 4278058856 0 0 0 1 4278124686 4278124687 7057 0 37 0 64]" [36mgasCharged[0m=10  [36mbeforeGas[0m=999,842 [36mafterGas[0m=999,832
[36mDEBUG[0m[05-05|15:21:39.426] game_of_life_accumulate: SOLICIT OK      [36mh[0m=0xae80c9a5b5a52b9e0eb0318a898c4256d5d38a627c623a345adb910f2abb5bfa [36mz[0m=7057 [36mnewvalue[0m=[]
[36mDEBUG[0m[05-05|15:21:39.426] LOG                                      [36mreg[0m="[120 4278058856 1114112 0 4 1245122 94 2 0 0 1245122 61 132]" [36mgasCharged[0m=0   [36mbeforeGas[0m=998,975 [36mafterGas[0m=998,975
[36mDEBUG[0m[05-05|15:21:39.426] INFO#game_of_life                        [36mm[0m="Parent: solicit code_hash_address=4278124687 code_length=7057"
[36mDEBUG[0m[05-05|15:21:39.426] BEEFY OK-HALT with yield @SINGLE ACCUMULATE [36ms[0m=2953942612 [36mB[0m=0x0000000000000000000000000000000000000000000000000000000000000000
[36mDEBUG[0m[05-05|15:21:39.426] SINGLE ACCUMULATE                        [36ms[0m=1065941251 [36mwrangledResults[0m='{"H":"0x5576e168e62dce6d6501f171adeceac3c799f15af7f469fa8ccd1012e9b1c3d0","E":"0x0000000000000000000000000000000000000000000000000000000000000000","A":"0x3cd36dd9ef53b9ba511a9b80d155c78627fccf80f294e02cf068991a457a06e8","O":"","Y":"0x0e5751c026e543b2e8ab2eb06099daa1d1e5df47778f7787faab45cdf12fe3a8","G":1000000,"D":"0x00203cd36dd9ef53b9ba511a9b80d155c78627fccf80f294e02cf068991a457a06e8"}'
[36mDEBUG[0m[05-05|15:21:39.429] ASSIGN                                   [36mreg[0m="[12 4278056408 32 4278124687 32 0 4278058984 0 4278056424 0 4278058984 4278058984 4278124720]" [36mgasCharged[0m=10  [36mbeforeGas[0m=992,777 [36mafterGas[0m=992,767
[36mDEBUG[0m[05-05|15:21:39.429] auth_copy_accumulate: ASSIGN OK          [36mc[0m=0
[36mDEBUG[0m[05-05|15:21:39.429] ASSIGN                                   [36mreg[0m="[12 4278056408 32 4278124687 32 0 4278058984 1 4278056424 0 4278058984 4278058984 4278124720]" [36mgasCharged[0m=10  [36mbeforeGas[0m=992,765 [36mafterGas[0m=992,755
[36mDEBUG[0m[05-05|15:21:39.429] auth_copy_accumulate: ASSIGN OK          [36mc[0m=1
[36mDEBUG[0m[05-05|15:21:39.429] BEEFY OK-HALT with 32byte @SINGLE ACCUMULATE [36ms[0m=1065941251 [36mB[0m=0x3cd36dd9ef53b9ba511a9b80d155c78627fccf80f294e02cf068991a457a06e8
[36mDEBUG[0m[05-05|15:21:39.429] ProcessDeferredTransfers                 [36mservice[0m=2953942612   [36mgasUsed[0m=0 [36mtransferCount[0m=0
[36mDEBUG[0m[05-05|15:21:39.429] ProcessDeferredTransfers                 [36mservice[0m=1065941251   [36mgasUsed[0m=0 [36mtransferCount[0m=0
[36mDEBUG[0m[05-05|15:21:39.429] BEEFY-C                                  [36ms[0m=1065941251 [36mh[0m=0x3cd36dd9ef53b9ba511a9b80d155c78627fccf80f294e02cf068991a457a06e8 [36mencoded[0m=03f9883f3cd36dd9ef53b9ba511a9b80d155c78627fccf80f294e02cf068991a457a06e8
[36mDEBUG[0m[05-05|15:21:39.429] BEEFY accumulation root                  [36mr[0m=0x80e16278c1e787bc09d8cdf3e6fa5e2c7808d658ac5526b24fd1d8c2f4dd6650
[32mINFO [0m[05-05|15:21:39.457] proposeBlock                             [32mmode[0m=fallback [32ms.ID[0m=4 [32mp[0m=94c0..94f2 [32mh[0m=18e1..c563 [32me'[0m=1 [32mm'[0m=11 [32m"len(γ_a')"[0m=12 [32mblk[0m="H_t=23 H_r=3c1c..611c  |E_A|=6"
[32mINFO [0m[05-05|15:21:40.441] Work package accumulated                 [32mhash[0m=0x5576e168e62dce6d6501f171adeceac3c799f15af7f469fa8ccd1012e9b1c3d0 [32mcount[0m=1
[32mINFO [0m[05-05|15:21:40.441] All work packages accumulated
[32mINFO [0m[05-05|15:21:40.441] SubmitAndWaitForPreimage SUBMITTED       [32mid[0m=2953942612 [32mpreimageHash[0m=0xae80c9a5b5a52b9e0eb0318a898c4256d5d38a627c623a345adb910f2abb5bfa [32mlen[0m=7057
[32mINFO [0m[05-05|15:21:45.510] proposeBlock                             [32mmode[0m=safrole  [32ms.ID[0m=2 [32mp[0m=18e1..c563 [32mh[0m=1e02..86e9 [32me'[0m=2 [32mm'[0m=0  [32m"len(γ_a')"[0m=3  [32mblk[0m="H_t=24 H_r=7a92..02af  EpochMarker(η1'=767a..23ae, η2'=6f6a..af2a) |E_T|=3 |E_P|=1"
[32mINFO [0m[05-05|15:21:46.442] SubmitAndWaitForPreimage ON-CHAIN        [32mid[0m=2953942612 [32mpreimageHash[0m=0xae80c9a5b5a52b9e0eb0318a898c4256d5d38a627c623a345adb910f2abb5bfa [32mlen[0m=7057
[32mINFO [0m[05-05|15:21:46.442] GAME OF LIFE CHILD LOADED
[32mINFO [0m[05-05|15:21:46.442] Work package submitted                   [32midentifier[0m=Game_of_life(1)                        [32mhash[0m=0x431beaee20c9583cb4ec6fd2bb80b65e8d2e2db9b89c069cd5bc53e4634447d1 [32mcore[0m=0
[32mINFO [0m[05-05|15:21:51.554] proposeBlock                             [32mmode[0m=safrole  [32ms.ID[0m=5 [32mp[0m=1e02..86e9 [32mh[0m=14ba..ad5b [32me'[0m=2 [32mm'[0m=1  [32m"len(γ_a')"[0m=6  [32mblk[0m="H_t=25 H_r=062e..3391  |E_T|=3 |E_G|=1"
[36mDEBUG[0m[05-05|15:21:57.655] SINGLE ACCUMULATE                        [36ms[0m=2953942612 [36mwrangledResults[0m='{"H":"0x431beaee20c9583cb4ec6fd2bb80b65e8d2e2db9b89c069cd5bc53e4634447d1","E":"0xd8f85d8682a9dbb51888678b4350a0275566deaed2e3fe0663f0cd1436e78738","A":"0x3cd36dd9ef53b9ba511a9b80d155c78627fccf80f294e02cf068991a457a06e8","O":"","Y":"0x458170575505425a3d47ba8225fc3256eb2b17658aa04ea5b0b9fb500b664a2d","G":1000000,"D":"0x0000"}'
[36mDEBUG[0m[05-05|15:21:57.657] BEEFY OK-HALT with yield @SINGLE ACCUMULATE [36ms[0m=2953942612 [36mB[0m=0x0000000000000000000000000000000000000000000000000000000000000000
[36mDEBUG[0m[05-05|15:21:57.657] SINGLE ACCUMULATE                        [36ms[0m=1065941251 [36mwrangledResults[0m='{"H":"0x431beaee20c9583cb4ec6fd2bb80b65e8d2e2db9b89c069cd5bc53e4634447d1","E":"0xd8f85d8682a9dbb51888678b4350a0275566deaed2e3fe0663f0cd1436e78738","A":"0x3cd36dd9ef53b9ba511a9b80d155c78627fccf80f294e02cf068991a457a06e8","O":"","Y":"0x0e5751c026e543b2e8ab2eb06099daa1d1e5df47778f7787faab45cdf12fe3a8","G":1000000,"D":"0x00203cd36dd9ef53b9ba511a9b80d155c78627fccf80f294e02cf068991a457a06e8"}'
[36mDEBUG[0m[05-05|15:21:57.658] ASSIGN                                   [36mreg[0m="[12 4278056408 32 4278124687 32 0 4278058984 0 4278056424 0 4278058984 4278058984 4278124720]" [36mgasCharged[0m=10  [36mbeforeGas[0m=992,777 [36mafterGas[0m=992,767
[36mDEBUG[0m[05-05|15:21:57.659] auth_copy_accumulate: ASSIGN OK          [36mc[0m=0
[36mDEBUG[0m[05-05|15:21:57.659] ASSIGN                                   [36mreg[0m="[12 4278056408 32 4278124687 32 0 4278058984 1 4278056424 0 4278058984 4278058984 4278124720]" [36mgasCharged[0m=10  [36mbeforeGas[0m=992,765 [36mafterGas[0m=992,755
[36mDEBUG[0m[05-05|15:21:57.659] auth_copy_accumulate: ASSIGN OK          [36mc[0m=1
[36mDEBUG[0m[05-05|15:21:57.659] BEEFY OK-HALT with 32byte @SINGLE ACCUMULATE [36ms[0m=1065941251 [36mB[0m=0x3cd36dd9ef53b9ba511a9b80d155c78627fccf80f294e02cf068991a457a06e8
[36mDEBUG[0m[05-05|15:21:57.659] ProcessDeferredTransfers                 [36mservice[0m=1065941251   [36mgasUsed[0m=0 [36mtransferCount[0m=0
[36mDEBUG[0m[05-05|15:21:57.659] ProcessDeferredTransfers                 [36mservice[0m=2953942612   [36mgasUsed[0m=0 [36mtransferCount[0m=0
[36mDEBUG[0m[05-05|15:21:57.659] BEEFY-C                                  [36ms[0m=1065941251 [36mh[0m=0x3cd36dd9ef53b9ba511a9b80d155c78627fccf80f294e02cf068991a457a06e8 [36mencoded[0m=03f9883f3cd36dd9ef53b9ba511a9b80d155c78627fccf80f294e02cf068991a457a06e8
[36mDEBUG[0m[05-05|15:21:57.659] BEEFY accumulation root                  [36mr[0m=0x80e16278c1e787bc09d8cdf3e6fa5e2c7808d658ac5526b24fd1d8c2f4dd6650
[32mINFO [0m[05-05|15:21:57.686] proposeBlock                             [32mmode[0m=safrole  [32ms.ID[0m=4 [32mp[0m=14ba..ad5b [32mh[0m=87e6..e0c3 [32me'[0m=2 [32mm'[0m=2  [32m"len(γ_a')"[0m=9  [32mblk[0m="H_t=26 H_r=dddd..8c1a  |E_T|=3 |E_A|=6"
[32mINFO [0m[05-05|15:21:58.442] Work package accumulated                 [32mhash[0m=0x431beaee20c9583cb4ec6fd2bb80b65e8d2e2db9b89c069cd5bc53e4634447d1 [32mcount[0m=1
[32mINFO [0m[05-05|15:21:58.442] All work packages accumulated
[32mINFO [0m[05-05|15:21:58.455] Work package submitted                   [32midentifier[0m=Game_of_life(2)                        [32mhash[0m=0x332d4730d1424f2196cfcfe18f67be8e887e24343696228371360a6a4e27820e [32mcore[0m=0
[32mINFO [0m[05-05|15:22:03.668] proposeBlock                             [32mmode[0m=safrole  [32ms.ID[0m=3 [32mp[0m=87e6..e0c3 [32mh[0m=11aa..c217 [32me'[0m=2 [32mm'[0m=3  [32m"len(γ_a')"[0m=12 [32mblk[0m="H_t=27 H_r=206e..f70c  |E_T|=3 |E_G|=1"
[36mDEBUG[0m[05-05|15:22:09.460] ORDERED ACCUMULATION                     [36m"W^! (wphs accumulated immediately)"[0m=[] [36mq[0m=[[]] [36m"Q(q)-priority queue result"[0m=[0x332d4730d1424f2196cfcfe18f67be8e887e24343696228371360a6a4e27820e] [36m"W^*-wphs of accumulatable work reports)"[0m=[0x332d4730d1424f2196cfcfe18f67be8e887e24343696228371360a6a4e27820e]
[36mDEBUG[0m[05-05|15:22:09.460] SINGLE ACCUMULATE                        [36ms[0m=2953942612 [36mwrangledResults[0m='{"H":"0x332d4730d1424f2196cfcfe18f67be8e887e24343696228371360a6a4e27820e","E":"0x38e00efe23f24ceadbbfc379852a9abe3df2946f0632009df05cdafd8ed34eb6","A":"0x3cd36dd9ef53b9ba511a9b80d155c78627fccf80f294e02cf068991a457a06e8","O":"","Y":"0xd7b5978bcaf3fcda5e88809acf26e030d158de036c2887ffe193272294e1e011","G":1000000,"D":"0x0000"}'
[36mDEBUG[0m[05-05|15:22:09.461] BEEFY OK-HALT with yield @SINGLE ACCUMULATE [36ms[0m=2953942612 [36mB[0m=0x0000000000000000000000000000000000000000000000000000000000000000
[36mDEBUG[0m[05-05|15:22:09.461] SINGLE ACCUMULATE                        [36ms[0m=1065941251 [36mwrangledResults[0m='{"H":"0x332d4730d1424f2196cfcfe18f67be8e887e24343696228371360a6a4e27820e","E":"0x38e00efe23f24ceadbbfc379852a9abe3df2946f0632009df05cdafd8ed34eb6","A":"0x3cd36dd9ef53b9ba511a9b80d155c78627fccf80f294e02cf068991a457a06e8","O":"","Y":"0x0e5751c026e543b2e8ab2eb06099daa1d1e5df47778f7787faab45cdf12fe3a8","G":1000000,"D":"0x00203cd36dd9ef53b9ba511a9b80d155c78627fccf80f294e02cf068991a457a06e8"}'
[36mDEBUG[0m[05-05|15:22:09.461] ASSIGN                                   [36mreg[0m="[12 4278056408 32 4278124687 32 0 4278058984 0 4278056424 0 4278058984 4278058984 4278124720]" [36mgasCharged[0m=10  [36mbeforeGas[0m=992,777 [36mafterGas[0m=992,767
[36mDEBUG[0m[05-05|15:22:09.461] auth_copy_accumulate: ASSIGN OK          [36mc[0m=0
[36mDEBUG[0m[05-05|15:22:09.461] ASSIGN                                   [36mreg[0m="[12 4278056408 32 4278124687 32 0 4278058984 1 4278056424 0 4278058984 4278058984 4278124720]" [36mgasCharged[0m=10  [36mbeforeGas[0m=992,765 [36mafterGas[0m=992,755
[36mDEBUG[0m[05-05|15:22:09.461] auth_copy_accumulate: ASSIGN OK          [36mc[0m=1
[36mDEBUG[0m[05-05|15:22:09.461] BEEFY OK-HALT with 32byte @SINGLE ACCUMULATE [36ms[0m=1065941251 [36mB[0m=0x3cd36dd9ef53b9ba511a9b80d155c78627fccf80f294e02cf068991a457a06e8
[36mDEBUG[0m[05-05|15:22:09.461] ProcessDeferredTransfers                 [36mservice[0m=2953942612   [36mgasUsed[0m=0 [36mtransferCount[0m=0
[36mDEBUG[0m[05-05|15:22:09.461] ProcessDeferredTransfers                 [36mservice[0m=1065941251   [36mgasUsed[0m=0 [36mtransferCount[0m=0
[36mDEBUG[0m[05-05|15:22:09.461] BEEFY-C                                  [36ms[0m=1065941251 [36mh[0m=0x3cd36dd9ef53b9ba511a9b80d155c78627fccf80f294e02cf068991a457a06e8 [36mencoded[0m=03f9883f3cd36dd9ef53b9ba511a9b80d155c78627fccf80f294e02cf068991a457a06e8
[36mDEBUG[0m[05-05|15:22:09.462] BEEFY accumulation root                  [36mr[0m=0x80e16278c1e787bc09d8cdf3e6fa5e2c7808d658ac5526b24fd1d8c2f4dd6650
[32mINFO [0m[05-05|15:22:09.489] proposeBlock                             [32mmode[0m=safrole  [32ms.ID[0m=5 [32mp[0m=11aa..c217 [32mh[0m=316c..3473 [32me'[0m=2 [32mm'[0m=4  [32m"len(γ_a')"[0m=12 [32mblk[0m="H_t=28 H_r=3508..3f01  |E_A|=6"
[32mINFO [0m[05-05|15:22:10.457] Work package accumulated                 [32mhash[0m=0x332d4730d1424f2196cfcfe18f67be8e887e24343696228371360a6a4e27820e [32mcount[0m=1
[32mINFO [0m[05-05|15:22:10.457] All work packages accumulated
[32mINFO [0m[05-05|15:22:10.461] Work package submitted                   [32midentifier[0m=Game_of_life(3)                        [32mhash[0m=0xba3e843bf526789a1871e4d857ce89188ccddc5cb660e0241af49ee4896b4a43 [32mcore[0m=0
[32mINFO [0m[05-05|15:22:15.621] proposeBlock                             [32mmode[0m=safrole  [32ms.ID[0m=1 [32mp[0m=316c..3473 [32mh[0m=b105..e262 [32me'[0m=2 [32mm'[0m=5  [32m"len(γ_a')"[0m=12 [32mblk[0m="H_t=29 H_r=9aac..bb9b  |E_G|=1"
[36mDEBUG[0m[05-05|15:22:21.429] ORDERED ACCUMULATION                     [36m"W^! (wphs accumulated immediately)"[0m=[] [36mq[0m=[[]] [36m"Q(q)-priority queue result"[0m=[0xba3e843bf526789a1871e4d857ce89188ccddc5cb660e0241af49ee4896b4a43] [36m"W^*-wphs of accumulatable work reports)"[0m=[0xba3e843bf526789a1871e4d857ce89188ccddc5cb660e0241af49ee4896b4a43]
[36mDEBUG[0m[05-05|15:22:21.429] SINGLE ACCUMULATE                        [36ms[0m=2953942612 [36mwrangledResults[0m='{"H":"0xba3e843bf526789a1871e4d857ce89188ccddc5cb660e0241af49ee4896b4a43","E":"0x2a5725daad91505c3b9a1a776a64e64a9479c37b25a3bffb107af9ebd6c5fe49","A":"0x3cd36dd9ef53b9ba511a9b80d155c78627fccf80f294e02cf068991a457a06e8","O":"","Y":"0xdc33012e5be8f988d09800c3a327aea1789de72d3d9d8a4c8b2c0344e0820962","G":1000000,"D":"0x0000"}'
[36mDEBUG[0m[05-05|15:22:21.430] BEEFY OK-HALT with yield @SINGLE ACCUMULATE [36ms[0m=2953942612 [36mB[0m=0x0000000000000000000000000000000000000000000000000000000000000000
[36mDEBUG[0m[05-05|15:22:21.430] SINGLE ACCUMULATE                        [36ms[0m=1065941251 [36mwrangledResults[0m='{"H":"0xba3e843bf526789a1871e4d857ce89188ccddc5cb660e0241af49ee4896b4a43","E":"0x2a5725daad91505c3b9a1a776a64e64a9479c37b25a3bffb107af9ebd6c5fe49","A":"0x3cd36dd9ef53b9ba511a9b80d155c78627fccf80f294e02cf068991a457a06e8","O":"","Y":"0x0e5751c026e543b2e8ab2eb06099daa1d1e5df47778f7787faab45cdf12fe3a8","G":1000000,"D":"0x00203cd36dd9ef53b9ba511a9b80d155c78627fccf80f294e02cf068991a457a06e8"}'
[36mDEBUG[0m[05-05|15:22:21.431] ASSIGN                                   [36mreg[0m="[12 4278056408 32 4278124687 32 0 4278058984 0 4278056424 0 4278058984 4278058984 4278124720]" [36mgasCharged[0m=10  [36mbeforeGas[0m=992,777 [36mafterGas[0m=992,767
[36mDEBUG[0m[05-05|15:22:21.431] auth_copy_accumulate: ASSIGN OK          [36mc[0m=0
[36mDEBUG[0m[05-05|15:22:21.431] ASSIGN                                   [36mreg[0m="[12 4278056408 32 4278124687 32 0 4278058984 1 4278056424 0 4278058984 4278058984 4278124720]" [36mgasCharged[0m=10  [36mbeforeGas[0m=992,765 [36mafterGas[0m=992,755
[36mDEBUG[0m[05-05|15:22:21.431] auth_copy_accumulate: ASSIGN OK          [36mc[0m=1
[36mDEBUG[0m[05-05|15:22:21.431] BEEFY OK-HALT with 32byte @SINGLE ACCUMULATE [36ms[0m=1065941251 [36mB[0m=0x3cd36dd9ef53b9ba511a9b80d155c78627fccf80f294e02cf068991a457a06e8
[36mDEBUG[0m[05-05|15:22:21.431] ProcessDeferredTransfers                 [36mservice[0m=2953942612   [36mgasUsed[0m=0 [36mtransferCount[0m=0
[36mDEBUG[0m[05-05|15:22:21.431] ProcessDeferredTransfers                 [36mservice[0m=1065941251   [36mgasUsed[0m=0 [36mtransferCount[0m=0
[36mDEBUG[0m[05-05|15:22:21.431] BEEFY-C                                  [36ms[0m=1065941251 [36mh[0m=0x3cd36dd9ef53b9ba511a9b80d155c78627fccf80f294e02cf068991a457a06e8 [36mencoded[0m=03f9883f3cd36dd9ef53b9ba511a9b80d155c78627fccf80f294e02cf068991a457a06e8
[36mDEBUG[0m[05-05|15:22:21.431] BEEFY accumulation root                  [36mr[0m=0x80e16278c1e787bc09d8cdf3e6fa5e2c7808d658ac5526b24fd1d8c2f4dd6650
[32mINFO [0m[05-05|15:22:21.459] proposeBlock                             [32mmode[0m=safrole  [32ms.ID[0m=3 [32mp[0m=b105..e262 [32mh[0m=2c6d..eed9 [32me'[0m=2 [32mm'[0m=6  [32m"len(γ_a')"[0m=12 [32mblk[0m="H_t=30 H_r=80c3..0734  |E_A|=6"
[32mINFO [0m[05-05|15:22:22.464] Work package accumulated                 [32mhash[0m=0xba3e843bf526789a1871e4d857ce89188ccddc5cb660e0241af49ee4896b4a43 [32mcount[0m=1
[32mINFO [0m[05-05|15:22:22.464] All work packages accumulated
[32mINFO [0m[05-05|15:22:22.468] Work package submitted                   [32midentifier[0m=Game_of_life(4)                        [32mhash[0m=0x612d90808125175caa3c1ae355bf587fdfade097f4669df25f74c749cab77230 [32mcore[0m=0
[32mINFO [0m[05-05|15:22:27.480] proposeBlock                             [32mmode[0m=safrole  [32ms.ID[0m=2 [32mp[0m=2c6d..eed9 [32mh[0m=dbd2..0469 [32me'[0m=2 [32mm'[0m=7  [32m"len(γ_a')"[0m=12 [32mblk[0m="H_t=31 H_r=2ac9..7869  |E_G|=1"
[36mDEBUG[0m[05-05|15:22:33.398] ORDERED ACCUMULATION                     [36m"W^! (wphs accumulated immediately)"[0m=[] [36mq[0m=[[]] [36m"Q(q)-priority queue result"[0m=[0x612d90808125175caa3c1ae355bf587fdfade097f4669df25f74c749cab77230] [36m"W^*-wphs of accumulatable work reports)"[0m=[0x612d90808125175caa3c1ae355bf587fdfade097f4669df25f74c749cab77230]
[36mDEBUG[0m[05-05|15:22:33.398] SINGLE ACCUMULATE                        [36ms[0m=2953942612 [36mwrangledResults[0m='{"H":"0x612d90808125175caa3c1ae355bf587fdfade097f4669df25f74c749cab77230","E":"0x4263693166054456768d0197dcf19369cd6f82b4af16db07eb69b159d6c092b0","A":"0x3cd36dd9ef53b9ba511a9b80d155c78627fccf80f294e02cf068991a457a06e8","O":"","Y":"0xc7df1a3bf8ff616ccc6a7f2797d1807b22f70668a79fadc3790057457f23e875","G":1000000,"D":"0x0000"}'
[36mDEBUG[0m[05-05|15:22:33.401] BEEFY OK-HALT with yield @SINGLE ACCUMULATE [36ms[0m=2953942612 [36mB[0m=0x0000000000000000000000000000000000000000000000000000000000000000
[36mDEBUG[0m[05-05|15:22:33.401] SINGLE ACCUMULATE                        [36ms[0m=1065941251 [36mwrangledResults[0m='{"H":"0x612d90808125175caa3c1ae355bf587fdfade097f4669df25f74c749cab77230","E":"0x4263693166054456768d0197dcf19369cd6f82b4af16db07eb69b159d6c092b0","A":"0x3cd36dd9ef53b9ba511a9b80d155c78627fccf80f294e02cf068991a457a06e8","O":"","Y":"0x0e5751c026e543b2e8ab2eb06099daa1d1e5df47778f7787faab45cdf12fe3a8","G":1000000,"D":"0x00203cd36dd9ef53b9ba511a9b80d155c78627fccf80f294e02cf068991a457a06e8"}'
[36mDEBUG[0m[05-05|15:22:33.407] ASSIGN                                   [36mreg[0m="[12 4278056408 32 4278124687 32 0 4278058984 0 4278056424 0 4278058984 4278058984 4278124720]" [36mgasCharged[0m=10  [36mbeforeGas[0m=992,777 [36mafterGas[0m=992,767
[36mDEBUG[0m[05-05|15:22:33.407] auth_copy_accumulate: ASSIGN OK          [36mc[0m=0
[36mDEBUG[0m[05-05|15:22:33.407] ASSIGN                                   [36mreg[0m="[12 4278056408 32 4278124687 32 0 4278058984 1 4278056424 0 4278058984 4278058984 4278124720]" [36mgasCharged[0m=10  [36mbeforeGas[0m=992,765 [36mafterGas[0m=992,755
[36mDEBUG[0m[05-05|15:22:33.407] auth_copy_accumulate: ASSIGN OK          [36mc[0m=1
[36mDEBUG[0m[05-05|15:22:33.407] BEEFY OK-HALT with 32byte @SINGLE ACCUMULATE [36ms[0m=1065941251 [36mB[0m=0x3cd36dd9ef53b9ba511a9b80d155c78627fccf80f294e02cf068991a457a06e8
[36mDEBUG[0m[05-05|15:22:33.407] ProcessDeferredTransfers                 [36mservice[0m=2953942612   [36mgasUsed[0m=0 [36mtransferCount[0m=0
[36mDEBUG[0m[05-05|15:22:33.407] ProcessDeferredTransfers                 [36mservice[0m=1065941251   [36mgasUsed[0m=0 [36mtransferCount[0m=0
[36mDEBUG[0m[05-05|15:22:33.408] BEEFY-C                                  [36ms[0m=1065941251 [36mh[0m=0x3cd36dd9ef53b9ba511a9b80d155c78627fccf80f294e02cf068991a457a06e8 [36mencoded[0m=03f9883f3cd36dd9ef53b9ba511a9b80d155c78627fccf80f294e02cf068991a457a06e8
[36mDEBUG[0m[05-05|15:22:33.408] BEEFY accumulation root                  [36mr[0m=0x80e16278c1e787bc09d8cdf3e6fa5e2c7808d658ac5526b24fd1d8c2f4dd6650
[32mINFO [0m[05-05|15:22:33.438] proposeBlock                             [32mmode[0m=safrole  [32ms.ID[0m=0 [32mp[0m=dbd2..0469 [32mh[0m=f0ab..54c2 [32me'[0m=2 [32mm'[0m=8  [32m"len(γ_a')"[0m=12 [32mblk[0m="H_t=32 H_r=e750..c057  |E_A|=6"
[32mINFO [0m[05-05|15:22:34.469] Work package accumulated                 [32mhash[0m=0x612d90808125175caa3c1ae355bf587fdfade097f4669df25f74c749cab77230 [32mcount[0m=1
[32mINFO [0m[05-05|15:22:34.469] All work packages accumulated
[32mINFO [0m[05-05|15:22:34.479] Work package submitted                   [32midentifier[0m=Game_of_life(5)                        [32mhash[0m=0xecd013e3fa6d93e48a78e2a4e5b7a7fbcf5d286150579d475a61a5898a944010 [32mcore[0m=0
[32mINFO [0m[05-05|15:22:39.611] proposeBlock                             [32mmode[0m=safrole  [32ms.ID[0m=1 [32mp[0m=f0ab..54c2 [32mh[0m=d22d..b39e [32me'[0m=2 [32mm'[0m=9  [32m"len(γ_a')"[0m=12 [32mblk[0m="H_t=33 H_r=68f5..49bc  |E_G|=1"
[36mDEBUG[0m[05-05|15:22:45.441] ORDERED ACCUMULATION                     [36m"W^! (wphs accumulated immediately)"[0m=[] [36mq[0m=[[]] [36m"Q(q)-priority queue result"[0m=[0xecd013e3fa6d93e48a78e2a4e5b7a7fbcf5d286150579d475a61a5898a944010] [36m"W^*-wphs of accumulatable work reports)"[0m=[0xecd013e3fa6d93e48a78e2a4e5b7a7fbcf5d286150579d475a61a5898a944010]
[36mDEBUG[0m[05-05|15:22:45.441] SINGLE ACCUMULATE                        [36ms[0m=2953942612 [36mwrangledResults[0m='{"H":"0xecd013e3fa6d93e48a78e2a4e5b7a7fbcf5d286150579d475a61a5898a944010","E":"0xe0a3629461830c6f73f8e21a6404e91f111ef2f304cbfe80dc93e2c16ad729e7","A":"0x3cd36dd9ef53b9ba511a9b80d155c78627fccf80f294e02cf068991a457a06e8","O":"","Y":"0x17c399045e4e41a19dc8dae7a5009acfb4a81932c77f334cf4b49ac88e74865c","G":1000000,"D":"0x0000"}'
[36mDEBUG[0m[05-05|15:22:45.444] BEEFY OK-HALT with yield @SINGLE ACCUMULATE [36ms[0m=2953942612 [36mB[0m=0x0000000000000000000000000000000000000000000000000000000000000000
[36mDEBUG[0m[05-05|15:22:45.444] SINGLE ACCUMULATE                        [36ms[0m=1065941251 [36mwrangledResults[0m='{"H":"0xecd013e3fa6d93e48a78e2a4e5b7a7fbcf5d286150579d475a61a5898a944010","E":"0xe0a3629461830c6f73f8e21a6404e91f111ef2f304cbfe80dc93e2c16ad729e7","A":"0x3cd36dd9ef53b9ba511a9b80d155c78627fccf80f294e02cf068991a457a06e8","O":"","Y":"0x0e5751c026e543b2e8ab2eb06099daa1d1e5df47778f7787faab45cdf12fe3a8","G":1000000,"D":"0x00203cd36dd9ef53b9ba511a9b80d155c78627fccf80f294e02cf068991a457a06e8"}'
[36mDEBUG[0m[05-05|15:22:45.445] ASSIGN                                   [36mreg[0m="[12 4278056408 32 4278124687 32 0 4278058984 0 4278056424 0 4278058984 4278058984 4278124720]" [36mgasCharged[0m=10  [36mbeforeGas[0m=992,777 [36mafterGas[0m=992,767
[36mDEBUG[0m[05-05|15:22:45.445] auth_copy_accumulate: ASSIGN OK          [36mc[0m=0
[36mDEBUG[0m[05-05|15:22:45.445] ASSIGN                                   [36mreg[0m="[12 4278056408 32 4278124687 32 0 4278058984 1 4278056424 0 4278058984 4278058984 4278124720]" [36mgasCharged[0m=10  [36mbeforeGas[0m=992,765 [36mafterGas[0m=992,755
[36mDEBUG[0m[05-05|15:22:45.445] auth_copy_accumulate: ASSIGN OK          [36mc[0m=1
[36mDEBUG[0m[05-05|15:22:45.445] BEEFY OK-HALT with 32byte @SINGLE ACCUMULATE [36ms[0m=1065941251 [36mB[0m=0x3cd36dd9ef53b9ba511a9b80d155c78627fccf80f294e02cf068991a457a06e8
[36mDEBUG[0m[05-05|15:22:45.445] ProcessDeferredTransfers                 [36mservice[0m=1065941251   [36mgasUsed[0m=0 [36mtransferCount[0m=0
[36mDEBUG[0m[05-05|15:22:45.445] ProcessDeferredTransfers                 [36mservice[0m=2953942612   [36mgasUsed[0m=0 [36mtransferCount[0m=0
[36mDEBUG[0m[05-05|15:22:45.445] BEEFY-C                                  [36ms[0m=1065941251 [36mh[0m=0x3cd36dd9ef53b9ba511a9b80d155c78627fccf80f294e02cf068991a457a06e8 [36mencoded[0m=03f9883f3cd36dd9ef53b9ba511a9b80d155c78627fccf80f294e02cf068991a457a06e8
[36mDEBUG[0m[05-05|15:22:45.445] BEEFY accumulation root                  [36mr[0m=0x80e16278c1e787bc09d8cdf3e6fa5e2c7808d658ac5526b24fd1d8c2f4dd6650
[32mINFO [0m[05-05|15:22:45.474] proposeBlock                             [32mmode[0m=safrole  [32ms.ID[0m=5 [32mp[0m=d22d..b39e [32mh[0m=e1d1..a0ac [32me'[0m=2 [32mm'[0m=10 [32m"len(γ_a')"[0m=12 [32mblk[0m="H_t=34 H_r=a6ba..82c7   WinningTickets(12) |E_A|=6"
[32mINFO [0m[05-05|15:22:46.479] Work package accumulated                 [32mhash[0m=0xecd013e3fa6d93e48a78e2a4e5b7a7fbcf5d286150579d475a61a5898a944010 [32mcount[0m=1
[32mINFO [0m[05-05|15:22:46.479] All work packages accumulated
[32mINFO [0m[05-05|15:22:46.483] Work package submitted                   [32midentifier[0m=Game_of_life(6)                        [32mhash[0m=0xd321c30ee196bc001418e589197cc147e8f4c3d31b6c11e214a6d5fb8fcfb995 [32mcore[0m=0
[32mINFO [0m[05-05|15:22:51.641] proposeBlock                             [32mmode[0m=safrole  [32ms.ID[0m=3 [32mp[0m=e1d1..a0ac [32mh[0m=d3dd..8e24 [32me'[0m=2 [32mm'[0m=11 [32m"len(γ_a')"[0m=12 [32mblk[0m="H_t=35 H_r=ace7..9f54  |E_G|=1"
[36mDEBUG[0m[05-05|15:22:57.636] ORDERED ACCUMULATION                     [36m"W^! (wphs accumulated immediately)"[0m=[] [36mq[0m=[[]] [36m"Q(q)-priority queue result"[0m=[0xd321c30ee196bc001418e589197cc147e8f4c3d31b6c11e214a6d5fb8fcfb995] [36m"W^*-wphs of accumulatable work reports)"[0m=[0xd321c30ee196bc001418e589197cc147e8f4c3d31b6c11e214a6d5fb8fcfb995]
[36mDEBUG[0m[05-05|15:22:57.636] SINGLE ACCUMULATE                        [36ms[0m=2953942612 [36mwrangledResults[0m='{"H":"0xd321c30ee196bc001418e589197cc147e8f4c3d31b6c11e214a6d5fb8fcfb995","E":"0x4749b8dcf992809943733ad71a905ea68d9c0ac2ef69b5c4a1903cc161eca36c","A":"0x3cd36dd9ef53b9ba511a9b80d155c78627fccf80f294e02cf068991a457a06e8","O":"","Y":"0xeed4832b085edd689e70d6d98f2ae60d20b9b4876a56335a15786be4e2700b1b","G":1000000,"D":"0x0000"}'
[36mDEBUG[0m[05-05|15:22:57.638] BEEFY OK-HALT with yield @SINGLE ACCUMULATE [36ms[0m=2953942612 [36mB[0m=0x0000000000000000000000000000000000000000000000000000000000000000
[36mDEBUG[0m[05-05|15:22:57.638] SINGLE ACCUMULATE                        [36ms[0m=1065941251 [36mwrangledResults[0m='{"H":"0xd321c30ee196bc001418e589197cc147e8f4c3d31b6c11e214a6d5fb8fcfb995","E":"0x4749b8dcf992809943733ad71a905ea68d9c0ac2ef69b5c4a1903cc161eca36c","A":"0x3cd36dd9ef53b9ba511a9b80d155c78627fccf80f294e02cf068991a457a06e8","O":"","Y":"0x0e5751c026e543b2e8ab2eb06099daa1d1e5df47778f7787faab45cdf12fe3a8","G":1000000,"D":"0x00203cd36dd9ef53b9ba511a9b80d155c78627fccf80f294e02cf068991a457a06e8"}'
[36mDEBUG[0m[05-05|15:22:57.638] ASSIGN                                   [36mreg[0m="[12 4278056408 32 4278124687 32 0 4278058984 0 4278056424 0 4278058984 4278058984 4278124720]" [36mgasCharged[0m=10  [36mbeforeGas[0m=992,777 [36mafterGas[0m=992,767
[36mDEBUG[0m[05-05|15:22:57.638] auth_copy_accumulate: ASSIGN OK          [36mc[0m=0
[36mDEBUG[0m[05-05|15:22:57.638] ASSIGN                                   [36mreg[0m="[12 4278056408 32 4278124687 32 0 4278058984 1 4278056424 0 4278058984 4278058984 4278124720]" [36mgasCharged[0m=10  [36mbeforeGas[0m=992,765 [36mafterGas[0m=992,755
[36mDEBUG[0m[05-05|15:22:57.638] auth_copy_accumulate: ASSIGN OK          [36mc[0m=1
[36mDEBUG[0m[05-05|15:22:57.638] BEEFY OK-HALT with 32byte @SINGLE ACCUMULATE [36ms[0m=1065941251 [36mB[0m=0x3cd36dd9ef53b9ba511a9b80d155c78627fccf80f294e02cf068991a457a06e8
[36mDEBUG[0m[05-05|15:22:57.638] ProcessDeferredTransfers                 [36mservice[0m=1065941251   [36mgasUsed[0m=0 [36mtransferCount[0m=0
[36mDEBUG[0m[05-05|15:22:57.638] ProcessDeferredTransfers                 [36mservice[0m=2953942612   [36mgasUsed[0m=0 [36mtransferCount[0m=0
[36mDEBUG[0m[05-05|15:22:57.638] BEEFY-C                                  [36ms[0m=1065941251 [36mh[0m=0x3cd36dd9ef53b9ba511a9b80d155c78627fccf80f294e02cf068991a457a06e8 [36mencoded[0m=03f9883f3cd36dd9ef53b9ba511a9b80d155c78627fccf80f294e02cf068991a457a06e8
[36mDEBUG[0m[05-05|15:22:57.638] BEEFY accumulation root                  [36mr[0m=0x80e16278c1e787bc09d8cdf3e6fa5e2c7808d658ac5526b24fd1d8c2f4dd6650
[32mINFO [0m[05-05|15:22:57.667] proposeBlock                             [32mmode[0m=safrole  [32ms.ID[0m=0 [32mp[0m=d3dd..8e24 [32mh[0m=ffcd..c67f [32me'[0m=3 [32mm'[0m=0  [32m"len(γ_a')"[0m=3  [32mblk[0m="H_t=36 H_r=d964..5e51  EpochMarker(η1'=7e4f..8ff9, η2'=767a..23ae) |E_T|=3 |E_A|=6"
[32mINFO [0m[05-05|15:22:58.485] Work package accumulated                 [32mhash[0m=0xd321c30ee196bc001418e589197cc147e8f4c3d31b6c11e214a6d5fb8fcfb995 [32mcount[0m=1
[32mINFO [0m[05-05|15:22:58.485] All work packages accumulated
[32mINFO [0m[05-05|15:22:58.493] Work package submitted                   [32midentifier[0m=Game_of_life(7)                        [32mhash[0m=0x1871deab226881a83ffc614d763761fd822a5fedea79a102b3414cc2d4ba76ca [32mcore[0m=0
[32mINFO [0m[05-05|15:23:03.452] proposeBlock                             [32mmode[0m=safrole  [32ms.ID[0m=0 [32mp[0m=ffcd..c67f [32mh[0m=1799..ec5a [32me'[0m=3 [32mm'[0m=1  [32m"len(γ_a')"[0m=6  [32mblk[0m="H_t=37 H_r=76b6..87f6  |E_T|=3 |E_G|=1"
[36mDEBUG[0m[05-05|15:23:09.683] ORDERED ACCUMULATION                     [36m"W^! (wphs accumulated immediately)"[0m=[] [36mq[0m=[[]] [36m"Q(q)-priority queue result"[0m=[0x1871deab226881a83ffc614d763761fd822a5fedea79a102b3414cc2d4ba76ca] [36m"W^*-wphs of accumulatable work reports)"[0m=[0x1871deab226881a83ffc614d763761fd822a5fedea79a102b3414cc2d4ba76ca]
[36mDEBUG[0m[05-05|15:23:09.683] SINGLE ACCUMULATE                        [36ms[0m=2953942612 [36mwrangledResults[0m='{"H":"0x1871deab226881a83ffc614d763761fd822a5fedea79a102b3414cc2d4ba76ca","E":"0x8b378ec9ea2fecf738e06bae2de5fab40c826817264ef95fede6f2496fe41035","A":"0x3cd36dd9ef53b9ba511a9b80d155c78627fccf80f294e02cf068991a457a06e8","O":"","Y":"0xd013b85eef331510b77de2a3a8f80156cf630a8cd374c71b4397fcc85291f1c8","G":1000000,"D":"0x0000"}'
[36mDEBUG[0m[05-05|15:23:09.684] BEEFY OK-HALT with yield @SINGLE ACCUMULATE [36ms[0m=2953942612 [36mB[0m=0x0000000000000000000000000000000000000000000000000000000000000000
[36mDEBUG[0m[05-05|15:23:09.684] SINGLE ACCUMULATE                        [36ms[0m=1065941251 [36mwrangledResults[0m='{"H":"0x1871deab226881a83ffc614d763761fd822a5fedea79a102b3414cc2d4ba76ca","E":"0x8b378ec9ea2fecf738e06bae2de5fab40c826817264ef95fede6f2496fe41035","A":"0x3cd36dd9ef53b9ba511a9b80d155c78627fccf80f294e02cf068991a457a06e8","O":"","Y":"0x0e5751c026e543b2e8ab2eb06099daa1d1e5df47778f7787faab45cdf12fe3a8","G":1000000,"D":"0x00203cd36dd9ef53b9ba511a9b80d155c78627fccf80f294e02cf068991a457a06e8"}'
[36mDEBUG[0m[05-05|15:23:09.685] ASSIGN                                   [36mreg[0m="[12 4278056408 32 4278124687 32 0 4278058984 0 4278056424 0 4278058984 4278058984 4278124720]" [36mgasCharged[0m=10  [36mbeforeGas[0m=992,777 [36mafterGas[0m=992,767
[36mDEBUG[0m[05-05|15:23:09.685] auth_copy_accumulate: ASSIGN OK          [36mc[0m=0
[36mDEBUG[0m[05-05|15:23:09.685] ASSIGN                                   [36mreg[0m="[12 4278056408 32 4278124687 32 0 4278058984 1 4278056424 0 4278058984 4278058984 4278124720]" [36mgasCharged[0m=10  [36mbeforeGas[0m=992,765 [36mafterGas[0m=992,755
[36mDEBUG[0m[05-05|15:23:09.685] auth_copy_accumulate: ASSIGN OK          [36mc[0m=1
[36mDEBUG[0m[05-05|15:23:09.685] BEEFY OK-HALT with 32byte @SINGLE ACCUMULATE [36ms[0m=1065941251 [36mB[0m=0x3cd36dd9ef53b9ba511a9b80d155c78627fccf80f294e02cf068991a457a06e8
[36mDEBUG[0m[05-05|15:23:09.685] ProcessDeferredTransfers                 [36mservice[0m=2953942612   [36mgasUsed[0m=0 [36mtransferCount[0m=0
[36mDEBUG[0m[05-05|15:23:09.685] ProcessDeferredTransfers                 [36mservice[0m=1065941251   [36mgasUsed[0m=0 [36mtransferCount[0m=0
[36mDEBUG[0m[05-05|15:23:09.685] BEEFY-C                                  [36ms[0m=1065941251 [36mh[0m=0x3cd36dd9ef53b9ba511a9b80d155c78627fccf80f294e02cf068991a457a06e8 [36mencoded[0m=03f9883f3cd36dd9ef53b9ba511a9b80d155c78627fccf80f294e02cf068991a457a06e8
[36mDEBUG[0m[05-05|15:23:09.685] BEEFY accumulation root                  [36mr[0m=0x80e16278c1e787bc09d8cdf3e6fa5e2c7808d658ac5526b24fd1d8c2f4dd6650
[32mINFO [0m[05-05|15:23:09.713] proposeBlock                             [32mmode[0m=safrole  [32ms.ID[0m=5 [32mp[0m=1799..ec5a [32mh[0m=4260..ef0e [32me'[0m=3 [32mm'[0m=2  [32m"len(γ_a')"[0m=9  [32mblk[0m="H_t=38 H_r=b611..1292  |E_T|=3 |E_A|=6"
[32mINFO [0m[05-05|15:23:10.493] Work package accumulated                 [32mhash[0m=0x1871deab226881a83ffc614d763761fd822a5fedea79a102b3414cc2d4ba76ca [32mcount[0m=1
[32mINFO [0m[05-05|15:23:10.493] All work packages accumulated
[32mINFO [0m[05-05|15:23:10.561] Work package submitted                   [32midentifier[0m=Game_of_life(8)                        [32mhash[0m=0x4336263d7b2a5d5b424f5c3eeb5f980f1d938ec9bf52c4b694bd131510487615 [32mcore[0m=0
[32mINFO [0m[05-05|15:23:15.689] proposeBlock                             [32mmode[0m=safrole  [32ms.ID[0m=2 [32mp[0m=4260..ef0e [32mh[0m=ff93..f17c [32me'[0m=3 [32mm'[0m=3  [32m"len(γ_a')"[0m=12 [32mblk[0m="H_t=39 H_r=2235..f213  |E_T|=3 |E_G|=1"
[36mDEBUG[0m[05-05|15:23:21.450] ORDERED ACCUMULATION                     [36m"W^! (wphs accumulated immediately)"[0m=[] [36mq[0m=[[]] [36m"Q(q)-priority queue result"[0m=[0x4336263d7b2a5d5b424f5c3eeb5f980f1d938ec9bf52c4b694bd131510487615] [36m"W^*-wphs of accumulatable work reports)"[0m=[0x4336263d7b2a5d5b424f5c3eeb5f980f1d938ec9bf52c4b694bd131510487615]
[36mDEBUG[0m[05-05|15:23:21.450] SINGLE ACCUMULATE                        [36ms[0m=2953942612 [36mwrangledResults[0m='{"H":"0x4336263d7b2a5d5b424f5c3eeb5f980f1d938ec9bf52c4b694bd131510487615","E":"0xe5f48a93ced639b4970979869a5dd6076a60eae86e299796862eb4ff7404e255","A":"0x3cd36dd9ef53b9ba511a9b80d155c78627fccf80f294e02cf068991a457a06e8","O":"","Y":"0x9ca9d66b22c6c8d51457be9254c72b0301086bc975219e0fa776dbd08c32c219","G":1000000,"D":"0x0000"}'
[36mDEBUG[0m[05-05|15:23:21.451] BEEFY OK-HALT with yield @SINGLE ACCUMULATE [36ms[0m=2953942612 [36mB[0m=0x0000000000000000000000000000000000000000000000000000000000000000
[36mDEBUG[0m[05-05|15:23:21.451] SINGLE ACCUMULATE                        [36ms[0m=1065941251 [36mwrangledResults[0m='{"H":"0x4336263d7b2a5d5b424f5c3eeb5f980f1d938ec9bf52c4b694bd131510487615","E":"0xe5f48a93ced639b4970979869a5dd6076a60eae86e299796862eb4ff7404e255","A":"0x3cd36dd9ef53b9ba511a9b80d155c78627fccf80f294e02cf068991a457a06e8","O":"","Y":"0x0e5751c026e543b2e8ab2eb06099daa1d1e5df47778f7787faab45cdf12fe3a8","G":1000000,"D":"0x00203cd36dd9ef53b9ba511a9b80d155c78627fccf80f294e02cf068991a457a06e8"}'
[36mDEBUG[0m[05-05|15:23:21.451] ASSIGN                                   [36mreg[0m="[12 4278056408 32 4278124687 32 0 4278058984 0 4278056424 0 4278058984 4278058984 4278124720]" [36mgasCharged[0m=10  [36mbeforeGas[0m=992,777 [36mafterGas[0m=992,767
[36mDEBUG[0m[05-05|15:23:21.451] auth_copy_accumulate: ASSIGN OK          [36mc[0m=0
[36mDEBUG[0m[05-05|15:23:21.451] ASSIGN                                   [36mreg[0m="[12 4278056408 32 4278124687 32 0 4278058984 1 4278056424 0 4278058984 4278058984 4278124720]" [36mgasCharged[0m=10  [36mbeforeGas[0m=992,765 [36mafterGas[0m=992,755
[36mDEBUG[0m[05-05|15:23:21.451] auth_copy_accumulate: ASSIGN OK          [36mc[0m=1
[36mDEBUG[0m[05-05|15:23:21.451] BEEFY OK-HALT with 32byte @SINGLE ACCUMULATE [36ms[0m=1065941251 [36mB[0m=0x3cd36dd9ef53b9ba511a9b80d155c78627fccf80f294e02cf068991a457a06e8
[36mDEBUG[0m[05-05|15:23:21.451] ProcessDeferredTransfers                 [36mservice[0m=2953942612   [36mgasUsed[0m=0 [36mtransferCount[0m=0
[36mDEBUG[0m[05-05|15:23:21.451] ProcessDeferredTransfers                 [36mservice[0m=1065941251   [36mgasUsed[0m=0 [36mtransferCount[0m=0
[36mDEBUG[0m[05-05|15:23:21.452] BEEFY-C                                  [36ms[0m=1065941251 [36mh[0m=0x3cd36dd9ef53b9ba511a9b80d155c78627fccf80f294e02cf068991a457a06e8 [36mencoded[0m=03f9883f3cd36dd9ef53b9ba511a9b80d155c78627fccf80f294e02cf068991a457a06e8
[36mDEBUG[0m[05-05|15:23:21.452] BEEFY accumulation root                  [36mr[0m=0x80e16278c1e787bc09d8cdf3e6fa5e2c7808d658ac5526b24fd1d8c2f4dd6650
[32mINFO [0m[05-05|15:23:21.480] proposeBlock                             [32mmode[0m=safrole  [32ms.ID[0m=5 [32mp[0m=ff93..f17c [32mh[0m=b75e..4f32 [32me'[0m=3 [32mm'[0m=4  [32m"len(γ_a')"[0m=12 [32mblk[0m="H_t=40 H_r=b804..5882  |E_A|=6"
[32mINFO [0m[05-05|15:23:22.561] Work package accumulated                 [32mhash[0m=0x4336263d7b2a5d5b424f5c3eeb5f980f1d938ec9bf52c4b694bd131510487615 [32mcount[0m=1
[32mINFO [0m[05-05|15:23:22.561] All work packages accumulated
[32mINFO [0m[05-05|15:23:22.562] Work package submitted                   [32midentifier[0m=Game_of_life(9)                        [32mhash[0m=0x1a0444cae8f1f373c6d5c9408fb17b644c882c38bef795c93fc7c50c6d56aa9d [32mcore[0m=0
[32mINFO [0m[05-05|15:23:27.642] proposeBlock                             [32mmode[0m=safrole  [32ms.ID[0m=2 [32mp[0m=b75e..4f32 [32mh[0m=27d7..fcad [32me'[0m=3 [32mm'[0m=5  [32m"len(γ_a')"[0m=12 [32mblk[0m="H_t=41 H_r=3ab5..e5ff  |E_G|=1"
[36mDEBUG[0m[05-05|15:23:33.430] ORDERED ACCUMULATION                     [36m"W^! (wphs accumulated immediately)"[0m=[] [36mq[0m=[[]] [36m"Q(q)-priority queue result"[0m=[0x1a0444cae8f1f373c6d5c9408fb17b644c882c38bef795c93fc7c50c6d56aa9d] [36m"W^*-wphs of accumulatable work reports)"[0m=[0x1a0444cae8f1f373c6d5c9408fb17b644c882c38bef795c93fc7c50c6d56aa9d]
[36mDEBUG[0m[05-05|15:23:33.430] SINGLE ACCUMULATE                        [36ms[0m=2953942612 [36mwrangledResults[0m='{"H":"0x1a0444cae8f1f373c6d5c9408fb17b644c882c38bef795c93fc7c50c6d56aa9d","E":"0xab17688be3f4e825c2309495b61eec54c61cbc9ea2b8b40130f36e9b76d6c6c4","A":"0x3cd36dd9ef53b9ba511a9b80d155c78627fccf80f294e02cf068991a457a06e8","O":"","Y":"0xd57d47d84cda2f55811674d3d2e82848a8dda1f71b7f2c60638496ec1f7fc307","G":1000000,"D":"0x0000"}'
[36mDEBUG[0m[05-05|15:23:33.431] BEEFY OK-HALT with yield @SINGLE ACCUMULATE [36ms[0m=2953942612 [36mB[0m=0x0000000000000000000000000000000000000000000000000000000000000000
[36mDEBUG[0m[05-05|15:23:33.431] SINGLE ACCUMULATE                        [36ms[0m=1065941251 [36mwrangledResults[0m='{"H":"0x1a0444cae8f1f373c6d5c9408fb17b644c882c38bef795c93fc7c50c6d56aa9d","E":"0xab17688be3f4e825c2309495b61eec54c61cbc9ea2b8b40130f36e9b76d6c6c4","A":"0x3cd36dd9ef53b9ba511a9b80d155c78627fccf80f294e02cf068991a457a06e8","O":"","Y":"0x0e5751c026e543b2e8ab2eb06099daa1d1e5df47778f7787faab45cdf12fe3a8","G":1000000,"D":"0x00203cd36dd9ef53b9ba511a9b80d155c78627fccf80f294e02cf068991a457a06e8"}'
[36mDEBUG[0m[05-05|15:23:33.432] ASSIGN                                   [36mreg[0m="[12 4278056408 32 4278124687 32 0 4278058984 0 4278056424 0 4278058984 4278058984 4278124720]" [36mgasCharged[0m=10  [36mbeforeGas[0m=992,777 [36mafterGas[0m=992,767
[36mDEBUG[0m[05-05|15:23:33.432] auth_copy_accumulate: ASSIGN OK          [36mc[0m=0
[36mDEBUG[0m[05-05|15:23:33.432] ASSIGN                                   [36mreg[0m="[12 4278056408 32 4278124687 32 0 4278058984 1 4278056424 0 4278058984 4278058984 4278124720]" [36mgasCharged[0m=10  [36mbeforeGas[0m=992,765 [36mafterGas[0m=992,755
[36mDEBUG[0m[05-05|15:23:33.432] auth_copy_accumulate: ASSIGN OK          [36mc[0m=1
[36mDEBUG[0m[05-05|15:23:33.432] BEEFY OK-HALT with 32byte @SINGLE ACCUMULATE [36ms[0m=1065941251 [36mB[0m=0x3cd36dd9ef53b9ba511a9b80d155c78627fccf80f294e02cf068991a457a06e8
[36mDEBUG[0m[05-05|15:23:33.432] ProcessDeferredTransfers                 [36mservice[0m=2953942612   [36mgasUsed[0m=0 [36mtransferCount[0m=0
[36mDEBUG[0m[05-05|15:23:33.432] ProcessDeferredTransfers                 [36mservice[0m=1065941251   [36mgasUsed[0m=0 [36mtransferCount[0m=0
[36mDEBUG[0m[05-05|15:23:33.433] BEEFY-C                                  [36ms[0m=1065941251 [36mh[0m=0x3cd36dd9ef53b9ba511a9b80d155c78627fccf80f294e02cf068991a457a06e8 [36mencoded[0m=03f9883f3cd36dd9ef53b9ba511a9b80d155c78627fccf80f294e02cf068991a457a06e8
[36mDEBUG[0m[05-05|15:23:33.433] BEEFY accumulation root                  [36mr[0m=0x80e16278c1e787bc09d8cdf3e6fa5e2c7808d658ac5526b24fd1d8c2f4dd6650
[32mINFO [0m[05-05|15:23:33.461] proposeBlock                             [32mmode[0m=safrole  [32ms.ID[0m=3 [32mp[0m=27d7..fcad [32mh[0m=693b..a16d [32me'[0m=3 [32mm'[0m=6  [32m"len(γ_a')"[0m=12 [32mblk[0m="H_t=42 H_r=a9ae..673c  |E_A|=6"
[32mINFO [0m[05-05|15:23:34.563] Work package accumulated                 [32mhash[0m=0x1a0444cae8f1f373c6d5c9408fb17b644c882c38bef795c93fc7c50c6d56aa9d [32mcount[0m=1
[32mINFO [0m[05-05|15:23:34.564] All work packages accumulated
[32mINFO [0m[05-05|15:23:34.570] Work package submitted                   [32midentifier[0m=Game_of_life(10)                       [32mhash[0m=0xb46f7a33761d85372dc67e2420b993cd49010cb78331a9a4629feaae082f62e4 [32mcore[0m=0
[32mINFO [0m[05-05|15:23:39.628] proposeBlock                             [32mmode[0m=safrole  [32ms.ID[0m=1 [32mp[0m=693b..a16d [32mh[0m=746a..4861 [32me'[0m=3 [32mm'[0m=7  [32m"len(γ_a')"[0m=12 [32mblk[0m="H_t=43 H_r=e036..a993  |E_G|=1"
[36mDEBUG[0m[05-05|15:23:45.617] ORDERED ACCUMULATION                     [36m"W^! (wphs accumulated immediately)"[0m=[] [36mq[0m=[[]] [36m"Q(q)-priority queue result"[0m=[0xb46f7a33761d85372dc67e2420b993cd49010cb78331a9a4629feaae082f62e4] [36m"W^*-wphs of accumulatable work reports)"[0m=[0xb46f7a33761d85372dc67e2420b993cd49010cb78331a9a4629feaae082f62e4]
[36mDEBUG[0m[05-05|15:23:45.617] SINGLE ACCUMULATE                        [36ms[0m=2953942612 [36mwrangledResults[0m='{"H":"0xb46f7a33761d85372dc67e2420b993cd49010cb78331a9a4629feaae082f62e4","E":"0x115f1d4cf1642bb70d84f8749f442a7fcbd05de92bc6726ae07b517d8a6a9cc6","A":"0x3cd36dd9ef53b9ba511a9b80d155c78627fccf80f294e02cf068991a457a06e8","O":"","Y":"0x8dde7cd7e3571e0b419490687335765ef9b3cb989c2f16981259bbfd4b7fc5ec","G":1000000,"D":"0x0000"}'
[36mDEBUG[0m[05-05|15:23:45.618] BEEFY OK-HALT with yield @SINGLE ACCUMULATE [36ms[0m=2953942612 [36mB[0m=0x0000000000000000000000000000000000000000000000000000000000000000
[36mDEBUG[0m[05-05|15:23:45.618] SINGLE ACCUMULATE                        [36ms[0m=1065941251 [36mwrangledResults[0m='{"H":"0xb46f7a33761d85372dc67e2420b993cd49010cb78331a9a4629feaae082f62e4","E":"0x115f1d4cf1642bb70d84f8749f442a7fcbd05de92bc6726ae07b517d8a6a9cc6","A":"0x3cd36dd9ef53b9ba511a9b80d155c78627fccf80f294e02cf068991a457a06e8","O":"","Y":"0x0e5751c026e543b2e8ab2eb06099daa1d1e5df47778f7787faab45cdf12fe3a8","G":1000000,"D":"0x00203cd36dd9ef53b9ba511a9b80d155c78627fccf80f294e02cf068991a457a06e8"}'
[36mDEBUG[0m[05-05|15:23:45.619] ASSIGN                                   [36mreg[0m="[12 4278056408 32 4278124687 32 0 4278058984 0 4278056424 0 4278058984 4278058984 4278124720]" [36mgasCharged[0m=10  [36mbeforeGas[0m=992,777 [36mafterGas[0m=992,767
[36mDEBUG[0m[05-05|15:23:45.619] auth_copy_accumulate: ASSIGN OK          [36mc[0m=0
[36mDEBUG[0m[05-05|15:23:45.619] ASSIGN                                   [36mreg[0m="[12 4278056408 32 4278124687 32 0 4278058984 1 4278056424 0 4278058984 4278058984 4278124720]" [36mgasCharged[0m=10  [36mbeforeGas[0m=992,765 [36mafterGas[0m=992,755
[36mDEBUG[0m[05-05|15:23:45.619] auth_copy_accumulate: ASSIGN OK          [36mc[0m=1
[36mDEBUG[0m[05-05|15:23:45.619] BEEFY OK-HALT with 32byte @SINGLE ACCUMULATE [36ms[0m=1065941251 [36mB[0m=0x3cd36dd9ef53b9ba511a9b80d155c78627fccf80f294e02cf068991a457a06e8
[36mDEBUG[0m[05-05|15:23:45.619] ProcessDeferredTransfers                 [36mservice[0m=2953942612   [36mgasUsed[0m=0 [36mtransferCount[0m=0
[36mDEBUG[0m[05-05|15:23:45.619] ProcessDeferredTransfers                 [36mservice[0m=1065941251   [36mgasUsed[0m=0 [36mtransferCount[0m=0
[36mDEBUG[0m[05-05|15:23:45.619] BEEFY-C                                  [36ms[0m=1065941251 [36mh[0m=0x3cd36dd9ef53b9ba511a9b80d155c78627fccf80f294e02cf068991a457a06e8 [36mencoded[0m=03f9883f3cd36dd9ef53b9ba511a9b80d155c78627fccf80f294e02cf068991a457a06e8
[36mDEBUG[0m[05-05|15:23:45.619] BEEFY accumulation root                  [36mr[0m=0x80e16278c1e787bc09d8cdf3e6fa5e2c7808d658ac5526b24fd1d8c2f4dd6650
[32mINFO [0m[05-05|15:23:45.646] proposeBlock                             [32mmode[0m=safrole  [32ms.ID[0m=3 [32mp[0m=746a..4861 [32mh[0m=57b4..3b85 [32me'[0m=3 [32mm'[0m=8  [32m"len(γ_a')"[0m=12 [32mblk[0m="H_t=44 H_r=648e..a7fd  |E_A|=6"
[32mINFO [0m[05-05|15:23:46.570] Work package accumulated                 [32mhash[0m=0xb46f7a33761d85372dc67e2420b993cd49010cb78331a9a4629feaae082f62e4 [32mcount[0m=1
[32mINFO [0m[05-05|15:23:46.570] All work packages accumulated
