[32mINFO [0m[03-21|01:18:26.154] JAMTEST                                  [32mjam[0m=megatron [32mtargetN[0m=8
Graph server listening on port 25130
RPC server started, using IPC: /tmp/jam-5.sock
[36mDEBUG[0m[03-21|01:18:31.143] BETA computation                         [36mn[0m=4 [36maccumulationRoot[0m=0x0000000000000000000000000000000000000000000000000000000000000000 [36mmmr[0m=[0x0000000000000000000000000000000000000000000000000000000000000000]
[32mINFO [0m[03-21|01:18:31.191] [N4] proposeBlock fallback               [32mp[0m=4762..2244 [32mh[0m=2abc..b108 [32me'[0m=1 [32mm'[0m=0 [32m"len(γ_a')"[0m=0 [32mblk[0m="H_t=12 H_r=0456..4e1c  EpochMarker(η1'=6f6a..af2a, η2'=835a..4eaf)"
[32mINFO [0m[03-21|01:18:37.155] fib                                      [32mcodeHash[0m=0x673a3220074b44a774a15b8a477dca98ab868f33d05a1d064f0cd2e18d4d3060 [32mlen[0m=1122
[32mINFO [0m[03-21|01:18:37.155] tribonacci                               [32mcodeHash[0m=0x9b28bf82c213a5d524c553b83be00162dbbd3083693046b2bff5bf8424cc373f [32mlen[0m=855
[32mINFO [0m[03-21|01:18:37.156] megatron                                 [32mcodeHash[0m=0xaa6f2f74995fa534c066058f14aa616cb45a2d053fa80895b5e95e687f3cbe11 [32mlen[0m=1539
[32mINFO [0m[03-21|01:18:37.156] auth_copy                                [32mcodeHash[0m=0xaa125123e0373599cacc94075a0d7d365a6bd81a1e260c4dcabd837fe48ddafd [32mlen[0m=1527
[36mDEBUG[0m[03-21|01:18:38.689] BETA computation                         [36mn[0m=4 [36maccumulationRoot[0m=0x0000000000000000000000000000000000000000000000000000000000000000 [36mmmr[0m=[nil,0xad3228b676f7d3cd4284a5443f17f1962b36e491b30a40b2405849e597ba5fb5]
[32mINFO [0m[03-21|01:18:38.844] [N4] proposeBlock fallback               [32mp[0m=2abc..b108 [32mh[0m=05a4..bb0a [32me'[0m=1 [32mm'[0m=1 [32m"len(γ_a')"[0m=3 [32mblk[0m="H_t=13 H_r=78fc..7d38  |E_T|=3"
[36mDEBUG[0m[03-21|01:18:43.763] BETA computation                         [36mn[0m=4 [36maccumulationRoot[0m=0x0000000000000000000000000000000000000000000000000000000000000000 [36mmmr[0m=[0x0000000000000000000000000000000000000000000000000000000000000000,0xad3228b676f7d3cd4284a5443f17f1962b36e491b30a40b2405849e597ba5fb5]
[32mINFO [0m[03-21|01:18:43.792] [N4] proposeBlock fallback               [32mp[0m=05a4..bb0a [32mh[0m=bfcf..1871 [32me'[0m=1 [32mm'[0m=2 [32m"len(γ_a')"[0m=6 [32mblk[0m="H_t=14 H_r=b356..56e8  |E_T|=3"
[32mINFO [0m[03-21|01:18:49.157] Builder storing TestService              [32mserviceName[0m=megatron [32mcodeHash[0m=0xaa6f2f74995fa534c066058f14aa616cb45a2d053fa80895b5e95e687f3cbe11
[36mDEBUG[0m[03-21|01:18:49.663] BETA computation                         [36mn[0m=5 [36maccumulationRoot[0m=0x0000000000000000000000000000000000000000000000000000000000000000 [36mmmr[0m=[nil,nil,0xb4c11951957c6f8f642c4af61cd6b24640fec6dc7fc607ee8206a99e92410d30]
[32mINFO [0m[03-21|01:18:49.696] [N5] proposeBlock fallback               [32mp[0m=bfcf..1871 [32mh[0m=30c1..6954 [32me'[0m=1 [32mm'[0m=3 [32m"len(γ_a')"[0m=9 [32mblk[0m="H_t=15 H_r=c60d..88da  |E_T|=3"
[36mDEBUG[0m[03-21|01:18:55.527] BETA computation                         [36mn[0m=0 [36maccumulationRoot[0m=0x0000000000000000000000000000000000000000000000000000000000000000 [36mmmr[0m=[0x0000000000000000000000000000000000000000000000000000000000000000,nil,0xb4c11951957c6f8f642c4af61cd6b24640fec6dc7fc607ee8206a99e92410d30]
[32mINFO [0m[03-21|01:18:55.560] [N0] proposeBlock fallback               [32mp[0m=30c1..6954 [32mh[0m=8d48..fd9d [32me'[0m=1 [32mm'[0m=4 [32m"len(γ_a')"[0m=12 [32mblk[0m="H_t=16 H_r=4c3d..fe11  |E_T|=3 |E_G|=1"
[36mDEBUG[0m[03-21|01:19:01.171] SINGLE ACCUMULATE                        [36ms[0m=0 [36mwrangledResults[0m='{"H":"0x3ddfc2b9d0765e67a165dc50026f0fed2bb5d3f264c9bd5bd52b3ba4d3d326fc","E":"0x0000000000000000000000000000000000000000000000000000000000000000","A":"0x0b27478648cd19b4f812f897a26976ecf312eac28508b4368d0c63ea949c7cb0","O":"","Y":"0x21e25f3740a27557fe7ed9904f9c20fa78b5d21772756cc56ee7b8c0458d72b5","D":"0x0024aa6f2f74995fa534c066058f14aa616cb45a2d053fa80895b5e95e687f3cbe1103060000"}'
[36mDEBUG[0m[03-21|01:19:01.176] BEEFY OK-HALT with 32byte @SINGLE ACCUMULATE [36ms[0m=0 [36mB[0m=0x0000000000000000000000000000000000000000000000000000000000000000
[32mINFO [0m[03-21|01:19:01.176] writeAccount SET                         [32mservice_idx[0m=0 [32mrawkey[0m=0x81e47a19e6b29b0a65b9591762ce5143ed30d0261e5d24a3201752506b20f15c [32mvalue[0m="[84 150 17 176]"
[36mDEBUG[0m[03-21|01:19:01.177] BETA computation                         [36mn[0m=4 [36maccumulationRoot[0m=0x0000000000000000000000000000000000000000000000000000000000000000 [36mmmr[0m=[nil,0xad3228b676f7d3cd4284a5443f17f1962b36e491b30a40b2405849e597ba5fb5,0xb4c11951957c6f8f642c4af61cd6b24640fec6dc7fc607ee8206a99e92410d30]
[32mINFO [0m[03-21|01:19:01.221] [N4] proposeBlock fallback               [32mp[0m=8d48..fd9d [32mh[0m=4291..d1da [32me'[0m=1 [32mm'[0m=5 [32m"len(γ_a')"[0m=12 [32mblk[0m="H_t=17 H_r=9e59..264e  |E_A|=6"
[36mDEBUG[0m[03-21|01:19:07.096] BETA computation                         [36mn[0m=0 [36maccumulationRoot[0m=0x0000000000000000000000000000000000000000000000000000000000000000 [36mmmr[0m=[0x0000000000000000000000000000000000000000000000000000000000000000,0xad3228b676f7d3cd4284a5443f17f1962b36e491b30a40b2405849e597ba5fb5,0xb4c11951957c6f8f642c4af61cd6b24640fec6dc7fc607ee8206a99e92410d30]
[32mINFO [0m[03-21|01:19:07.133] [N0] proposeBlock fallback               [32mp[0m=4291..d1da [32mh[0m=af75..73da [32me'[0m=1 [32mm'[0m=6 [32m"len(γ_a')"[0m=12 [32mblk[0m="H_t=18 H_r=57ac..fa44 "
[32mINFO [0m[03-21|01:19:09.195] Builder storing TestService              [32mserviceName[0m=auth_copy [32mcodeHash[0m=0xaa125123e0373599cacc94075a0d7d365a6bd81a1e260c4dcabd837fe48ddafd
[36mDEBUG[0m[03-21|01:19:13.149] BETA computation                         [36mn[0m=4 [36maccumulationRoot[0m=0x0000000000000000000000000000000000000000000000000000000000000000 [36mmmr[0m=[nil,nil,nil,0x21ddb9a356815c3fac1026b6dec5df3124afbadb485c9ba5a3e3398a04b7ba85]
[32mINFO [0m[03-21|01:19:13.185] [N4] proposeBlock fallback               [32mp[0m=af75..73da [32mh[0m=35be..2926 [32me'[0m=1 [32mm'[0m=7 [32m"len(γ_a')"[0m=12 [32mblk[0m="H_t=19 H_r=6317..5b4b  |E_G|=1 |E_P|=1"
[36mDEBUG[0m[03-21|01:19:19.123] SINGLE ACCUMULATE                        [36ms[0m=0 [36mwrangledResults[0m='{"H":"0x021716bdb87ade7b5e8b4ebd18b7146b16ec4b8fa3735c15d3099e2e5f87208e","E":"0x0000000000000000000000000000000000000000000000000000000000000000","A":"0x0b27478648cd19b4f812f897a26976ecf312eac28508b4368d0c63ea949c7cb0","O":"","Y":"0x58895203656b4df71654f43d328d1cb3e10b2f5977f19cb65b84e308b43e8755","D":"0x0024aa125123e0373599cacc94075a0d7d365a6bd81a1e260c4dcabd837fe48ddafdf7050000"}'
[36mDEBUG[0m[03-21|01:19:19.128] BEEFY OK-HALT with 32byte @SINGLE ACCUMULATE [36ms[0m=0 [36mB[0m=0x0000000000000000000000000000000000000000000000000000000000000000
[32mINFO [0m[03-21|01:19:19.129] writeAccount SET                         [32mservice_idx[0m=0 [32mrawkey[0m=0x81e47a19e6b29b0a65b9591762ce5143ed30d0261e5d24a3201752506b20f15c [32mvalue[0m="[3 249 136 63]"
[36mDEBUG[0m[03-21|01:19:19.129] BETA computation                         [36mn[0m=1 [36maccumulationRoot[0m=0x0000000000000000000000000000000000000000000000000000000000000000 [36mmmr[0m=[0x0000000000000000000000000000000000000000000000000000000000000000,nil,nil,0x21ddb9a356815c3fac1026b6dec5df3124afbadb485c9ba5a3e3398a04b7ba85]
[32mINFO [0m[03-21|01:19:19.169] [N1] proposeBlock fallback               [32mp[0m=35be..2926 [32mh[0m=de99..5bfc [32me'[0m=1 [32mm'[0m=8 [32m"len(γ_a')"[0m=12 [32mblk[0m="H_t=20 H_r=6ac8..32d5  |E_A|=6"
[36mDEBUG[0m[03-21|01:19:25.067] BETA computation                         [36mn[0m=0 [36maccumulationRoot[0m=0x0000000000000000000000000000000000000000000000000000000000000000 [36mmmr[0m=[nil,0xad3228b676f7d3cd4284a5443f17f1962b36e491b30a40b2405849e597ba5fb5,nil,0x21ddb9a356815c3fac1026b6dec5df3124afbadb485c9ba5a3e3398a04b7ba85]
[32mINFO [0m[03-21|01:19:25.106] [N0] proposeBlock fallback               [32mp[0m=de99..5bfc [32mh[0m=3606..6aa6 [32me'[0m=1 [32mm'[0m=9 [32m"len(γ_a')"[0m=12 [32mblk[0m="H_t=21 H_r=a958..7896 "
[32mINFO [0m[03-21|01:19:27.228] Builder storing TestService              [32mserviceName[0m=fib       [32mcodeHash[0m=0x673a3220074b44a774a15b8a477dca98ab868f33d05a1d064f0cd2e18d4d3060
[36mDEBUG[0m[03-21|01:19:31.084] BETA computation                         [36mn[0m=1 [36maccumulationRoot[0m=0x0000000000000000000000000000000000000000000000000000000000000000 [36mmmr[0m=[0x0000000000000000000000000000000000000000000000000000000000000000,0xad3228b676f7d3cd4284a5443f17f1962b36e491b30a40b2405849e597ba5fb5,nil,0x21ddb9a356815c3fac1026b6dec5df3124afbadb485c9ba5a3e3398a04b7ba85]
[32mINFO [0m[03-21|01:19:31.121] [N1] proposeBlock fallback               [32mp[0m=3606..6aa6 [32mh[0m=c23c..f650 [32me'[0m=1 [32mm'[0m=10 [32m"len(γ_a')"[0m=12 [32mblk[0m="H_t=22 H_r=0b76..99e7   WinningTickets(12) |E_G|=1 |E_P|=1"
[36mDEBUG[0m[03-21|01:19:38.947] SINGLE ACCUMULATE                        [36ms[0m=0 [36mwrangledResults[0m='{"H":"0x4703bbe3eaf9533cd5aee2c0aed882959291e2e2a67c254b124850769f4e27bf","E":"0x0000000000000000000000000000000000000000000000000000000000000000","A":"0x0b27478648cd19b4f812f897a26976ecf312eac28508b4368d0c63ea949c7cb0","O":"","Y":"0xf2979368cdd6ea9481b4104f9afe9cbafe981cd23722bbbaa1e0afcea037e840","D":"0x0024673a3220074b44a774a15b8a477dca98ab868f33d05a1d064f0cd2e18d4d306062040000"}'
[36mDEBUG[0m[03-21|01:19:38.961] BEEFY OK-HALT with 32byte @SINGLE ACCUMULATE [36ms[0m=0 [36mB[0m=0x0000000000000000000000000000000000000000000000000000000000000000
[32mINFO [0m[03-21|01:19:38.961] writeAccount SET                         [32mservice_idx[0m=0 [32mrawkey[0m=0x81e47a19e6b29b0a65b9591762ce5143ed30d0261e5d24a3201752506b20f15c [32mvalue[0m="[233 172 12 80]"
[36mDEBUG[0m[03-21|01:19:38.962] BETA computation                         [36mn[0m=4 [36maccumulationRoot[0m=0x0000000000000000000000000000000000000000000000000000000000000000 [36mmmr[0m=[nil,nil,0xb4c11951957c6f8f642c4af61cd6b24640fec6dc7fc607ee8206a99e92410d30,0x21ddb9a356815c3fac1026b6dec5df3124afbadb485c9ba5a3e3398a04b7ba85]
[32mINFO [0m[03-21|01:19:39.101] [N4] proposeBlock fallback               [32mp[0m=c23c..f650 [32mh[0m=81d6..12d7 [32me'[0m=1 [32mm'[0m=11 [32m"len(γ_a')"[0m=12 [32mblk[0m="H_t=23 H_r=3f43..391d  |E_A|=6"
[36mDEBUG[0m[03-21|01:19:43.661] BETA computation                         [36mn[0m=2 [36maccumulationRoot[0m=0x0000000000000000000000000000000000000000000000000000000000000000 [36mmmr[0m=[0x0000000000000000000000000000000000000000000000000000000000000000,nil,0xb4c11951957c6f8f642c4af61cd6b24640fec6dc7fc607ee8206a99e92410d30,0x21ddb9a356815c3fac1026b6dec5df3124afbadb485c9ba5a3e3398a04b7ba85]
[32mINFO [0m[03-21|01:19:43.691] [N2] proposeBlock safrole                [32mp[0m=81d6..12d7 [32mh[0m=d297..4737 [32me'[0m=2 [32mm'[0m=0  [32m"len(γ_a')"[0m=3  [32mblk[0m="H_t=24 H_r=0bfd..2954  EpochMarker(η1'=767a..23ae, η2'=6f6a..af2a) |E_T|=3"
[32mINFO [0m[03-21|01:19:46.268] Builder storing TestService              [32mserviceName[0m=tribonacci [32mcodeHash[0m=0x9b28bf82c213a5d524c553b83be00162dbbd3083693046b2bff5bf8424cc373f
[36mDEBUG[0m[03-21|01:19:49.739] BETA computation                         [36mn[0m=5 [36maccumulationRoot[0m=0x0000000000000000000000000000000000000000000000000000000000000000 [36mmmr[0m=[nil,0xad3228b676f7d3cd4284a5443f17f1962b36e491b30a40b2405849e597ba5fb5,0xb4c11951957c6f8f642c4af61cd6b24640fec6dc7fc607ee8206a99e92410d30,0x21ddb9a356815c3fac1026b6dec5df3124afbadb485c9ba5a3e3398a04b7ba85]
[32mINFO [0m[03-21|01:19:49.768] [N5] proposeBlock safrole                [32mp[0m=d297..4737 [32mh[0m=1cf2..ceb9 [32me'[0m=2 [32mm'[0m=1  [32m"len(γ_a')"[0m=6  [32mblk[0m="H_t=25 H_r=6171..c632  |E_T|=3 |E_G|=1 |E_P|=1"
[36mDEBUG[0m[03-21|01:19:55.565] SINGLE ACCUMULATE                        [36ms[0m=0 [36mwrangledResults[0m='{"H":"0x5d2fe13263eb0b3866fcb7032b92fc30a559b7e380f9b08836d6b30325dbd25b","E":"0x0000000000000000000000000000000000000000000000000000000000000000","A":"0x0b27478648cd19b4f812f897a26976ecf312eac28508b4368d0c63ea949c7cb0","O":"","Y":"0x7d27997d414cb5e7ec830af41927b06ab3c0cbfcfc10787f0c6acdec278ded46","D":"0x00249b28bf82c213a5d524c553b83be00162dbbd3083693046b2bff5bf8424cc373f57030000"}'
[36mDEBUG[0m[03-21|01:19:55.573] BEEFY OK-HALT with 32byte @SINGLE ACCUMULATE [36ms[0m=0 [36mB[0m=0x0000000000000000000000000000000000000000000000000000000000000000
[32mINFO [0m[03-21|01:19:55.573] writeAccount SET                         [32mservice_idx[0m=0 [32mrawkey[0m=0x81e47a19e6b29b0a65b9591762ce5143ed30d0261e5d24a3201752506b20f15c [32mvalue[0m="[209 95 23 195]"
[36mDEBUG[0m[03-21|01:19:55.574] BETA computation                         [36mn[0m=4 [36maccumulationRoot[0m=0x0000000000000000000000000000000000000000000000000000000000000000 [36mmmr[0m=[0x0000000000000000000000000000000000000000000000000000000000000000,0xad3228b676f7d3cd4284a5443f17f1962b36e491b30a40b2405849e597ba5fb5,0xb4c11951957c6f8f642c4af61cd6b24640fec6dc7fc607ee8206a99e92410d30,0x21ddb9a356815c3fac1026b6dec5df3124afbadb485c9ba5a3e3398a04b7ba85]
[32mINFO [0m[03-21|01:19:55.605] [N4] proposeBlock safrole                [32mp[0m=1cf2..ceb9 [32mh[0m=070e..68b6 [32me'[0m=2 [32mm'[0m=2  [32m"len(γ_a')"[0m=9  [32mblk[0m="H_t=26 H_r=783e..40af  |E_T|=3 |E_A|=6"
[36mDEBUG[0m[03-21|01:20:01.562] BETA computation                         [36mn[0m=3 [36maccumulationRoot[0m=0x0000000000000000000000000000000000000000000000000000000000000000 [36mmmr[0m=[nil,nil,nil,nil,0xe58769b32a1beaf1ea27375a44095a0d1fb664ce2dd358e7fcbfb78c26a19344]
[32mINFO [0m[03-21|01:20:01.602] [N3] proposeBlock safrole                [32mp[0m=070e..68b6 [32mh[0m=0c75..b334 [32me'[0m=2 [32mm'[0m=3  [32m"len(γ_a')"[0m=12 [32mblk[0m="H_t=27 H_r=70b1..5493  |E_T|=3"
[36mDEBUG[0m[03-21|01:20:07.202] BETA computation                         [36mn[0m=5 [36maccumulationRoot[0m=0x0000000000000000000000000000000000000000000000000000000000000000 [36mmmr[0m=[0x0000000000000000000000000000000000000000000000000000000000000000,nil,nil,nil,0xe58769b32a1beaf1ea27375a44095a0d1fb664ce2dd358e7fcbfb78c26a19344]
[32mINFO [0m[03-21|01:20:07.239] [N5] proposeBlock safrole                [32mp[0m=0c75..b334 [32mh[0m=37f6..784d [32me'[0m=2 [32mm'[0m=4  [32m"len(γ_a')"[0m=12 [32mblk[0m="H_t=28 H_r=851e..4f88  |E_P|=1"
Start Fib_Trib
service0: 1343007977, codehash: 0x673a3220074b44a774a15b8a477dca98ab868f33d05a1d064f0cd2e18d4d3060 (len=1122) | fib
service1: 3273088977, codehash: 0x9b28bf82c213a5d524c553b83be00162dbbd3083693046b2bff5bf8424cc373f (len=855) | tribonacci
serviceM: 2953942612, codehash: 0xaa6f2f74995fa534c066058f14aa616cb45a2d053fa80895b5e95e687f3cbe11 (len=1539) | megatron
Guarantor Assignment
v0->c0
v1->c1
v2->c1
v3->c0
v4->c0
v5->c1
**  20:09.414  Preparing Fib_Tri#0 38a7..6eb0 Meg#0 937c..6748 **

** [32m Fib_Tri 0 [0m workPackage: 38a7..b0da **

** [36m MEGATRON 0 [0m workPackage: 937c..487d **
[36mDEBUG[0m[03-21|01:20:13.113] BETA computation                         [36mn[0m=1 [36maccumulationRoot[0m=0x0000000000000000000000000000000000000000000000000000000000000000 [36mmmr[0m=[nil,0xad3228b676f7d3cd4284a5443f17f1962b36e491b30a40b2405849e597ba5fb5,nil,nil,0xe58769b32a1beaf1ea27375a44095a0d1fb664ce2dd358e7fcbfb78c26a19344]
[32mINFO [0m[03-21|01:20:13.148] [N1] proposeBlock safrole                [32mp[0m=37f6..784d [32mh[0m=dfcd..3928 [32me'[0m=2 [32mm'[0m=5  [32m"len(γ_a')"[0m=12 [32mblk[0m="H_t=29 H_r=27a7..20e9  |E_G|=2"
Found pending work package 0x38a7691d1bee67f4b6613701e7f835e6b2cc1a8dfc4003a39e82dee8cc6eb0da at core 1!
Fib 0 = []
Found pending work package 0x937cf3a8f343b3560df8ea1f46380c13303a891759fd1355362516784567487d at core 0!
Meg 0 = []
[36mDEBUG[0m[03-21|01:20:19.164] BETA computation                         [36mn[0m=3 [36maccumulationRoot[0m=0x0000000000000000000000000000000000000000000000000000000000000000 [36mmmr[0m=[0x0000000000000000000000000000000000000000000000000000000000000000,0xad3228b676f7d3cd4284a5443f17f1962b36e491b30a40b2405849e597ba5fb5,nil,nil,0xe58769b32a1beaf1ea27375a44095a0d1fb664ce2dd358e7fcbfb78c26a19344]
[32mINFO [0m[03-21|01:20:19.203] [N3] proposeBlock safrole                [32mp[0m=dfcd..3928 [32mh[0m=a1b6..5ad3 [32me'[0m=2 [32mm'[0m=6  [32m"len(γ_a')"[0m=12 [32mblk[0m="H_t=30 H_r=c377..e31e  |E_A|=6"
[32mINFO [0m[03-21|01:20:25.152] ORDERED ACCUMULATION                     [32m"W^! (wphs accumulated immediately)"[0m=[0x38a7691d1bee67f4b6613701e7f835e6b2cc1a8dfc4003a39e82dee8cc6eb0da] [32mq[0m=[[]] [32m"Q(q)-priority queue result"[0m=[0x937cf3a8f343b3560df8ea1f46380c13303a891759fd1355362516784567487d] [32m"W^*-wphs of accumulatable work reports)"[0m="[0x38a7691d1bee67f4b6613701e7f835e6b2cc1a8dfc4003a39e82dee8cc6eb0da 0x937cf3a8f343b3560df8ea1f46380c13303a891759fd1355362516784567487d]"
[36mDEBUG[0m[03-21|01:20:25.152] SINGLE ACCUMULATE                        [36ms[0m=1343007977 [36mwrangledResults[0m='{"H":"0x38a7691d1bee67f4b6613701e7f835e6b2cc1a8dfc4003a39e82dee8cc6eb0da","E":"0x1df9f0675dae767abeddafdf7b82f00b6d3cecbe09ee2a09bc41839c5abf6c60","A":"0x0b27478648cd19b4f812f897a26976ecf312eac28508b4368d0c63ea949c7cb0","O":"","Y":"0xe12c22d4f162d9a012c9319233da5d3e923cc5e1029b8f90e47249c9ab256b35","D":"0x000c010000000100000000000000"}'
[36mDEBUG[0m[03-21|01:20:25.156] BEEFY OK-HALT with 32byte @SINGLE ACCUMULATE [36ms[0m=1343007977 [36mB[0m=0x0000000000000000000000000000000000000000000000000000000000000000
[36mDEBUG[0m[03-21|01:20:25.157] SINGLE ACCUMULATE                        [36ms[0m=3273088977 [36mwrangledResults[0m='{"H":"0x38a7691d1bee67f4b6613701e7f835e6b2cc1a8dfc4003a39e82dee8cc6eb0da","E":"0x1df9f0675dae767abeddafdf7b82f00b6d3cecbe09ee2a09bc41839c5abf6c60","A":"0x0b27478648cd19b4f812f897a26976ecf312eac28508b4368d0c63ea949c7cb0","O":"","Y":"0xe12c22d4f162d9a012c9319233da5d3e923cc5e1029b8f90e47249c9ab256b35","D":"0x001001000000010000000000000000000000"}'
[36mDEBUG[0m[03-21|01:20:25.162] BEEFY OK-HALT with 32byte @SINGLE ACCUMULATE [36ms[0m=3273088977 [36mB[0m=0x0000000000000000000000000000000000000000000000000000000000000000
[36mDEBUG[0m[03-21|01:20:25.163] SINGLE ACCUMULATE                        [36ms[0m=2953942612 [36mwrangledResults[0m='{"H":"0x937cf3a8f343b3560df8ea1f46380c13303a891759fd1355362516784567487d","E":"0x0000000000000000000000000000000000000000000000000000000000000000","A":"0x0b27478648cd19b4f812f897a26976ecf312eac28508b4368d0c63ea949c7cb0","O":"","Y":"0xf223e9902152983bf5de2fcaadb09658fc00045d85bf4f17a003a0f523b35d5b","D":"0x0008e9ac0c50d15f17c3"}'
[36mDEBUG[0m[03-21|01:20:25.171] BEEFY OK-HALT with 32byte @SINGLE ACCUMULATE [36ms[0m=2953942612 [36mB[0m=0x0100000002000000000000000000000000000000000000000000000000000000
[32mINFO [0m[03-21|01:20:25.171] writeAccount SET                         [32mservice_idx[0m=2,953,942,612 [32mrawkey[0m=0xaba994d8ff9cf9993de2448a9aef435f2f96058e4cb5f938da68d82bbf36d9c5 [32mvalue[0m="[1 0 0 0 2 0 0 0 0 0 0 0]"
[32mINFO [0m[03-21|01:20:25.171] writeAccount SET                         [32mservice_idx[0m=1,343,007,977 [32mrawkey[0m=0x836e0d2825d66e6a2a5e79a4649fafc0daa9b132296fc37a8475ba60eb1f5c37 [32mvalue[0m="[1 0 0 0 1 0 0 0 0 0 0 0]"
[32mINFO [0m[03-21|01:20:25.172] writeAccount SET                         [32mservice_idx[0m=3,273,088,977 [32mrawkey[0m=0x1ffd1a896909468dc684590810331e9b25fc8bd769f164874f3e9993c5988357 [32mvalue[0m="[1 0 0 0 1 0 0 0 0 0 0 0 0 0 0 0]"
[32mINFO [0m[03-21|01:20:25.172] BEEFY-C                                  [32ms[0m=2953942612 [32mh[0m=0x0100000002000000000000000000000000000000000000000000000000000000 [32mencoded[0m=549611b00100000002000000000000000000000000000000000000000000000000000000
[32mINFO [0m[03-21|01:20:25.172] BEEFY accumulation root                  [32mr[0m=0x297a1c1736437cd2f268a58296b9ccfe5e2f01a494f46415e2146f2162b97681
[36mDEBUG[0m[03-21|01:20:25.172] BETA computation                         [36mn[0m=2 [36maccumulationRoot[0m=0x297a1c1736437cd2f268a58296b9ccfe5e2f01a494f46415e2146f2162b97681 [36mmmr[0m=[nil,nil,0x358416cd9781476283651c9987fae78e32e386304de4594b830db07f118f0a3f,nil,0xe58769b32a1beaf1ea27375a44095a0d1fb664ce2dd358e7fcbfb78c26a19344]
[32mINFO [0m[03-21|01:20:25.214] [N2] proposeBlock safrole                [32mp[0m=a1b6..5ad3 [32mh[0m=f865..be65 [32me'[0m=2 [32mm'[0m=7  [32m"len(γ_a')"[0m=12 [32mblk[0m="H_t=31 H_r=9c1e..07af  |E_A|=6"
**  20:25.523  Preparing Fib_Tri#1 4a65..e813 Meg#1 9756..af87 **

** [32m Fib_Tri 1 [0m workPackage: 4a65..136e **

** [36m MEGATRON 1 [0m workPackage: 3e15..d312 **
[36mDEBUG[0m[03-21|01:20:31.101] BETA computation                         [36mn[0m=0 [36maccumulationRoot[0m=0x0000000000000000000000000000000000000000000000000000000000000000 [36mmmr[0m=[0x0000000000000000000000000000000000000000000000000000000000000000,nil,0x358416cd9781476283651c9987fae78e32e386304de4594b830db07f118f0a3f,nil,0xe58769b32a1beaf1ea27375a44095a0d1fb664ce2dd358e7fcbfb78c26a19344]
[32mINFO [0m[03-21|01:20:31.140] [N0] proposeBlock safrole                [32mp[0m=f865..be65 [32mh[0m=69c9..a2f2 [32me'[0m=2 [32mm'[0m=8  [32m"len(γ_a')"[0m=12 [32mblk[0m="H_t=32 H_r=7590..4ae0  |E_G|=2"
Found pending work package 0x2bd1498fc65a6b106554586893393a15013dd8e082207d287e5431825dc6239b at core 1!
Fib 1 = [1 0 0 0 1 0 0 0 0 0 0 0]
Tri 1 = [1 0 0 0 1 0 0 0 0 0 0 0 0 0 0 0]
Found pending work package 0x3e15183b70da4a4b61768cd641e3ff37551402014a1b55cc07047c5616e4d312 at core 0!
Meg 1 = [1 0 0 0 2 0 0 0 0 0 0 0]
[32mINFO [0m[03-21|01:20:37.089] ORDERED ACCUMULATION                     [32m"W^! (wphs accumulated immediately)"[0m=[] [32mq[0m="[[0x2bd1498fc65a6b106554586893393a15013dd8e082207d287e5431825dc6239b] []]" [32m"Q(q)-priority queue result"[0m="[0x2bd1498fc65a6b106554586893393a15013dd8e082207d287e5431825dc6239b 0x3e15183b70da4a4b61768cd641e3ff37551402014a1b55cc07047c5616e4d312]" [32m"W^*-wphs of accumulatable work reports)"[0m="[0x2bd1498fc65a6b106554586893393a15013dd8e082207d287e5431825dc6239b 0x3e15183b70da4a4b61768cd641e3ff37551402014a1b55cc07047c5616e4d312]"
[36mDEBUG[0m[03-21|01:20:37.089] SINGLE ACCUMULATE                        [36ms[0m=1343007977 [36mwrangledResults[0m='{"H":"0x2bd1498fc65a6b106554586893393a15013dd8e082207d287e5431825dc6239b","E":"0x5762cd9e2114823afa1dc15291febbc0b564d5f8ee962427a6bd9df57844aa22","A":"0x0b27478648cd19b4f812f897a26976ecf312eac28508b4368d0c63ea949c7cb0","O":"","Y":"0x7b0aa1735e5ba58d3236316c671fe4f00ed366ee72417c9ed02a53a8019e85b8","D":"0x000c020000000100000001000000"}'
[36mDEBUG[0m[03-21|01:20:37.093] BEEFY OK-HALT with 32byte @SINGLE ACCUMULATE [36ms[0m=1343007977 [36mB[0m=0x0000000000000000000000000000000000000000000000000000000000000000
[36mDEBUG[0m[03-21|01:20:37.093] SINGLE ACCUMULATE                        [36ms[0m=3273088977 [36mwrangledResults[0m='{"H":"0x2bd1498fc65a6b106554586893393a15013dd8e082207d287e5431825dc6239b","E":"0x5762cd9e2114823afa1dc15291febbc0b564d5f8ee962427a6bd9df57844aa22","A":"0x0b27478648cd19b4f812f897a26976ecf312eac28508b4368d0c63ea949c7cb0","O":"","Y":"0x7b0aa1735e5ba58d3236316c671fe4f00ed366ee72417c9ed02a53a8019e85b8","D":"0x001002000000010000000100000000000000"}'
[36mDEBUG[0m[03-21|01:20:37.098] BEEFY OK-HALT with 32byte @SINGLE ACCUMULATE [36ms[0m=3273088977 [36mB[0m=0x0000000000000000000000000000000000000000000000000000000000000000
[36mDEBUG[0m[03-21|01:20:37.098] SINGLE ACCUMULATE                        [36ms[0m=2953942612 [36mwrangledResults[0m='{"H":"0x3e15183b70da4a4b61768cd641e3ff37551402014a1b55cc07047c5616e4d312","E":"0x0000000000000000000000000000000000000000000000000000000000000000","A":"0x0b27478648cd19b4f812f897a26976ecf312eac28508b4368d0c63ea949c7cb0","O":"","Y":"0xf223e9902152983bf5de2fcaadb09658fc00045d85bf4f17a003a0f523b35d5b","D":"0x0008e9ac0c50d15f17c3"}'
[36mDEBUG[0m[03-21|01:20:37.103] BEEFY OK-HALT with 32byte @SINGLE ACCUMULATE [36ms[0m=2953942612 [36mB[0m=0x0200000002000000020000000000000000000000000000000000000000000000
[36mDEBUG[0m[03-21|01:20:37.104] SINGLE ACCUMULATE                        [36ms[0m=1065941251 [36mwrangledResults[0m='{"H":"0x3e15183b70da4a4b61768cd641e3ff37551402014a1b55cc07047c5616e4d312","E":"0x0000000000000000000000000000000000000000000000000000000000000000","A":"0x0b27478648cd19b4f812f897a26976ecf312eac28508b4368d0c63ea949c7cb0","O":"","Y":"0x0e5751c026e543b2e8ab2eb06099daa1d1e5df47778f7787faab45cdf12fe3a8","D":"0x00200b27478648cd19b4f812f897a26976ecf312eac28508b4368d0c63ea949c7cb0"}'
[36mDEBUG[0m[03-21|01:20:37.112] BEEFY OK-HALT with 32byte @SINGLE ACCUMULATE [36ms[0m=1065941251 [36mB[0m=0x0b27478648cd19b4f812f897a26976ecf312eac28508b4368d0c63ea949c7cb0
[32mINFO [0m[03-21|01:20:37.112] writeAccount SET                         [32mservice_idx[0m=1,343,007,977 [32mrawkey[0m=0x836e0d2825d66e6a2a5e79a4649fafc0daa9b132296fc37a8475ba60eb1f5c37 [32mvalue[0m="[2 0 0 0 1 0 0 0 1 0 0 0]"
[32mINFO [0m[03-21|01:20:37.113] writeAccount SET                         [32mservice_idx[0m=3,273,088,977 [32mrawkey[0m=0x1ffd1a896909468dc684590810331e9b25fc8bd769f164874f3e9993c5988357 [32mvalue[0m="[2 0 0 0 1 0 0 0 1 0 0 0 0 0 0 0]"
[32mINFO [0m[03-21|01:20:37.114] writeAccount SET                         [32mservice_idx[0m=2,953,942,612 [32mrawkey[0m=0xaba994d8ff9cf9993de2448a9aef435f2f96058e4cb5f938da68d82bbf36d9c5 [32mvalue[0m="[2 0 0 0 2 0 0 0 2 0 0 0]"
[32mINFO [0m[03-21|01:20:37.114] BEEFY-C                                  [32ms[0m=1065941251 [32mh[0m=0x0b27478648cd19b4f812f897a26976ecf312eac28508b4368d0c63ea949c7cb0 [32mencoded[0m=03f9883f0b27478648cd19b4f812f897a26976ecf312eac28508b4368d0c63ea949c7cb0
[32mINFO [0m[03-21|01:20:37.114] BEEFY-C                                  [32ms[0m=2953942612 [32mh[0m=0x0200000002000000020000000000000000000000000000000000000000000000 [32mencoded[0m=549611b00200000002000000020000000000000000000000000000000000000000000000
[32mINFO [0m[03-21|01:20:37.114] BEEFY accumulation root                  [32mr[0m=0x6c85e97a190d2ac14f56053408268f7cf5b7bb4a5f1f474052ad2e1e6d3447b8
[36mDEBUG[0m[03-21|01:20:37.114] BETA computation                         [36mn[0m=1 [36maccumulationRoot[0m=0x6c85e97a190d2ac14f56053408268f7cf5b7bb4a5f1f474052ad2e1e6d3447b8 [36mmmr[0m=[nil,0xb3ca4c284046a750ef3ca3bc0744d50aaa24f7b1cbad62a97434c56c7ad6f82a,0x358416cd9781476283651c9987fae78e32e386304de4594b830db07f118f0a3f,nil,0xe58769b32a1beaf1ea27375a44095a0d1fb664ce2dd358e7fcbfb78c26a19344]
[32mINFO [0m[03-21|01:20:37.156] [N1] proposeBlock safrole                [32mp[0m=69c9..a2f2 [32mh[0m=f65a..581d [32me'[0m=2 [32mm'[0m=9  [32m"len(γ_a')"[0m=12 [32mblk[0m="H_t=33 H_r=bc3e..e395  |E_A|=6"
**  20:37.514  Preparing Fib_Tri#2 f1a0..07d7 Meg#2 0ec1..bc51 **

** [32m Fib_Tri 2 [0m workPackage: f1a0..d711 **

** [36m MEGATRON 2 [0m workPackage: e4fc..97e6 **
[36mDEBUG[0m[03-21|01:20:43.164] BETA computation                         [36mn[0m=5 [36maccumulationRoot[0m=0x0000000000000000000000000000000000000000000000000000000000000000 [36mmmr[0m=[0x0000000000000000000000000000000000000000000000000000000000000000,0xb3ca4c284046a750ef3ca3bc0744d50aaa24f7b1cbad62a97434c56c7ad6f82a,0x358416cd9781476283651c9987fae78e32e386304de4594b830db07f118f0a3f,nil,0xe58769b32a1beaf1ea27375a44095a0d1fb664ce2dd358e7fcbfb78c26a19344]
[32mINFO [0m[03-21|01:20:43.200] [N5] proposeBlock safrole                [32mp[0m=f65a..581d [32mh[0m=b1ad..600e [32me'[0m=2 [32mm'[0m=10 [32m"len(γ_a')"[0m=12 [32mblk[0m="H_t=34 H_r=d49e..ccdc   WinningTickets(12) |E_G|=2"
Found pending work package 0x99f136b58a87790d12ef0b9400d0653ef74e1146533a3caf34a85088aee08b72 at core 1!
Fib 2 = [2 0 0 0 1 0 0 0 1 0 0 0]
Tri 2 = [2 0 0 0 1 0 0 0 1 0 0 0 0 0 0 0]
Found pending work package 0xe4fcd8aea89cd224a8c9681d7d83bea53a90baddb2ddcfeb4010a8c6576d97e6 at core 0!
Meg 2 = [2 0 0 0 2 0 0 0 2 0 0 0]
[32mINFO [0m[03-21|01:20:51.035] ORDERED ACCUMULATION                     [32m"W^! (wphs accumulated immediately)"[0m=[] [32mq[0m="[[0x99f136b58a87790d12ef0b9400d0653ef74e1146533a3caf34a85088aee08b72] []]" [32m"Q(q)-priority queue result"[0m="[0x99f136b58a87790d12ef0b9400d0653ef74e1146533a3caf34a85088aee08b72 0xe4fcd8aea89cd224a8c9681d7d83bea53a90baddb2ddcfeb4010a8c6576d97e6]" [32m"W^*-wphs of accumulatable work reports)"[0m="[0x99f136b58a87790d12ef0b9400d0653ef74e1146533a3caf34a85088aee08b72 0xe4fcd8aea89cd224a8c9681d7d83bea53a90baddb2ddcfeb4010a8c6576d97e6]"
[36mDEBUG[0m[03-21|01:20:51.035] SINGLE ACCUMULATE                        [36ms[0m=1343007977 [36mwrangledResults[0m='{"H":"0x99f136b58a87790d12ef0b9400d0653ef74e1146533a3caf34a85088aee08b72","E":"0x95f6aa9782b6e20fe952856dad8b37ae930936a0c8f571b53198512f712c4409","A":"0x0b27478648cd19b4f812f897a26976ecf312eac28508b4368d0c63ea949c7cb0","O":"","Y":"0x8c039ff7caa17ccebfcadc44bd9fce6a4b6699c4d03de2e3349aa1dc11193cd7","D":"0x000c030000000200000001000000"}'
[36mDEBUG[0m[03-21|01:20:51.040] BEEFY OK-HALT with 32byte @SINGLE ACCUMULATE [36ms[0m=1343007977 [36mB[0m=0x0000000000000000000000000000000000000000000000000000000000000000
[36mDEBUG[0m[03-21|01:20:51.040] SINGLE ACCUMULATE                        [36ms[0m=3273088977 [36mwrangledResults[0m='{"H":"0x99f136b58a87790d12ef0b9400d0653ef74e1146533a3caf34a85088aee08b72","E":"0x95f6aa9782b6e20fe952856dad8b37ae930936a0c8f571b53198512f712c4409","A":"0x0b27478648cd19b4f812f897a26976ecf312eac28508b4368d0c63ea949c7cb0","O":"","Y":"0x8c039ff7caa17ccebfcadc44bd9fce6a4b6699c4d03de2e3349aa1dc11193cd7","D":"0x001003000000020000000100000001000000"}'
[36mDEBUG[0m[03-21|01:20:51.045] BEEFY OK-HALT with 32byte @SINGLE ACCUMULATE [36ms[0m=3273088977 [36mB[0m=0x0000000000000000000000000000000000000000000000000000000000000000
[36mDEBUG[0m[03-21|01:20:51.045] SINGLE ACCUMULATE                        [36ms[0m=2953942612 [36mwrangledResults[0m='{"H":"0xe4fcd8aea89cd224a8c9681d7d83bea53a90baddb2ddcfeb4010a8c6576d97e6","E":"0x0000000000000000000000000000000000000000000000000000000000000000","A":"0x0b27478648cd19b4f812f897a26976ecf312eac28508b4368d0c63ea949c7cb0","O":"","Y":"0xf223e9902152983bf5de2fcaadb09658fc00045d85bf4f17a003a0f523b35d5b","D":"0x0008e9ac0c50d15f17c3"}'
[36mDEBUG[0m[03-21|01:20:51.051] BEEFY OK-HALT with 32byte @SINGLE ACCUMULATE [36ms[0m=2953942612 [36mB[0m=0x0300000004000000020000000000000000000000000000000000000000000000
[36mDEBUG[0m[03-21|01:20:51.052] SINGLE ACCUMULATE                        [36ms[0m=1065941251 [36mwrangledResults[0m='{"H":"0xe4fcd8aea89cd224a8c9681d7d83bea53a90baddb2ddcfeb4010a8c6576d97e6","E":"0x0000000000000000000000000000000000000000000000000000000000000000","A":"0x0b27478648cd19b4f812f897a26976ecf312eac28508b4368d0c63ea949c7cb0","O":"","Y":"0x0e5751c026e543b2e8ab2eb06099daa1d1e5df47778f7787faab45cdf12fe3a8","D":"0x00200b27478648cd19b4f812f897a26976ecf312eac28508b4368d0c63ea949c7cb0"}'
[36mDEBUG[0m[03-21|01:20:51.063] BEEFY OK-HALT with 32byte @SINGLE ACCUMULATE [36ms[0m=1065941251 [36mB[0m=0x0b27478648cd19b4f812f897a26976ecf312eac28508b4368d0c63ea949c7cb0
[32mINFO [0m[03-21|01:20:51.064] writeAccount SET                         [32mservice_idx[0m=1,343,007,977 [32mrawkey[0m=0x836e0d2825d66e6a2a5e79a4649fafc0daa9b132296fc37a8475ba60eb1f5c37 [32mvalue[0m="[3 0 0 0 2 0 0 0 1 0 0 0]"
[32mINFO [0m[03-21|01:20:51.065] writeAccount SET                         [32mservice_idx[0m=3,273,088,977 [32mrawkey[0m=0x1ffd1a896909468dc684590810331e9b25fc8bd769f164874f3e9993c5988357 [32mvalue[0m="[3 0 0 0 2 0 0 0 1 0 0 0 1 0 0 0]"
[32mINFO [0m[03-21|01:20:51.066] writeAccount SET                         [32mservice_idx[0m=2,953,942,612 [32mrawkey[0m=0xaba994d8ff9cf9993de2448a9aef435f2f96058e4cb5f938da68d82bbf36d9c5 [32mvalue[0m="[3 0 0 0 4 0 0 0 2 0 0 0]"
[32mINFO [0m[03-21|01:20:51.068] BEEFY-C                                  [32ms[0m=1065941251 [32mh[0m=0x0b27478648cd19b4f812f897a26976ecf312eac28508b4368d0c63ea949c7cb0 [32mencoded[0m=03f9883f0b27478648cd19b4f812f897a26976ecf312eac28508b4368d0c63ea949c7cb0
[32mINFO [0m[03-21|01:20:51.069] BEEFY-C                                  [32ms[0m=2953942612 [32mh[0m=0x0300000004000000020000000000000000000000000000000000000000000000 [32mencoded[0m=549611b00300000004000000020000000000000000000000000000000000000000000000
[32mINFO [0m[03-21|01:20:51.070] BEEFY accumulation root                  [32mr[0m=0x17a68e5f0405439c5002e9c595b24652ff12fcb4eaa132ff5177758b9585f19c
[36mDEBUG[0m[03-21|01:20:51.070] BETA computation                         [36mn[0m=3 [36maccumulationRoot[0m=0x17a68e5f0405439c5002e9c595b24652ff12fcb4eaa132ff5177758b9585f19c [36mmmr[0m=[nil,nil,nil,0x0b8c7b01a904247762aa698ad1669d4ee40d7f333308d23218777a013c3a7a51,0xe58769b32a1beaf1ea27375a44095a0d1fb664ce2dd358e7fcbfb78c26a19344]
[32mINFO [0m[03-21|01:20:51.187] [N3] proposeBlock safrole                [32mp[0m=b1ad..600e [32mh[0m=5521..f6ec [32me'[0m=2 [32mm'[0m=11 [32m"len(γ_a')"[0m=12 [32mblk[0m="H_t=35 H_r=743e..d3eb  |E_A|=6"
**  20:51.814  Preparing Fib_Tri#3 544a..9262 Meg#3 02b3..4ba7 **

** [32m Fib_Tri 3 [0m workPackage: 544a..6295 **

** [36m MEGATRON 3 [0m workPackage: bfe2..d328 **
[36mDEBUG[0m[03-21|01:20:55.665] BETA computation                         [36mn[0m=0 [36maccumulationRoot[0m=0x0000000000000000000000000000000000000000000000000000000000000000 [36mmmr[0m=[0x0000000000000000000000000000000000000000000000000000000000000000,nil,nil,0x0b8c7b01a904247762aa698ad1669d4ee40d7f333308d23218777a013c3a7a51,0xe58769b32a1beaf1ea27375a44095a0d1fb664ce2dd358e7fcbfb78c26a19344]
[32mINFO [0m[03-21|01:20:55.694] [N0] proposeBlock safrole                [32mp[0m=5521..f6ec [32mh[0m=2653..bbfd [32me'[0m=3 [32mm'[0m=0  [32m"len(γ_a')"[0m=3  [32mblk[0m="H_t=36 H_r=c0d6..0550  EpochMarker(η1'=7e4f..8ff9, η2'=767a..23ae) |E_T|=3 |E_G|=2"
Found pending work package 0xc05da23d30b7ef77f3f687eb62fb9ff363cf1a5aa3508d51af86167b10ac497c at core 1!
Fib 3 = [3 0 0 0 2 0 0 0 1 0 0 0]
Tri 3 = [3 0 0 0 2 0 0 0 1 0 0 0 1 0 0 0]
Found pending work package 0xbfe2609223363d4388a25c86d60681f250dac4cb8e9da7545ec47de2452dd328 at core 0!
Meg 3 = [3 0 0 0 4 0 0 0 2 0 0 0]
[32mINFO [0m[03-21|01:21:01.617] ORDERED ACCUMULATION                     [32m"W^! (wphs accumulated immediately)"[0m=[] [32mq[0m="[[0xc05da23d30b7ef77f3f687eb62fb9ff363cf1a5aa3508d51af86167b10ac497c] []]" [32m"Q(q)-priority queue result"[0m="[0xc05da23d30b7ef77f3f687eb62fb9ff363cf1a5aa3508d51af86167b10ac497c 0xbfe2609223363d4388a25c86d60681f250dac4cb8e9da7545ec47de2452dd328]" [32m"W^*-wphs of accumulatable work reports)"[0m="[0xc05da23d30b7ef77f3f687eb62fb9ff363cf1a5aa3508d51af86167b10ac497c 0xbfe2609223363d4388a25c86d60681f250dac4cb8e9da7545ec47de2452dd328]"
[36mDEBUG[0m[03-21|01:21:01.617] SINGLE ACCUMULATE                        [36ms[0m=1343007977 [36mwrangledResults[0m='{"H":"0xc05da23d30b7ef77f3f687eb62fb9ff363cf1a5aa3508d51af86167b10ac497c","E":"0x030c2e7e86c8d83824ffd466b01bca529ab464efe9f6da47bc514454bff7f5ab","A":"0x0b27478648cd19b4f812f897a26976ecf312eac28508b4368d0c63ea949c7cb0","O":"","Y":"0x26a08e4d0c5190f01871e0569b6290b86760085d99f17eb4e7e6b58feb8d6249","D":"0x000c040000000300000002000000"}'
[36mDEBUG[0m[03-21|01:21:01.620] BEEFY OK-HALT with 32byte @SINGLE ACCUMULATE [36ms[0m=1343007977 [36mB[0m=0x0000000000000000000000000000000000000000000000000000000000000000
[36mDEBUG[0m[03-21|01:21:01.620] SINGLE ACCUMULATE                        [36ms[0m=3273088977 [36mwrangledResults[0m='{"H":"0xc05da23d30b7ef77f3f687eb62fb9ff363cf1a5aa3508d51af86167b10ac497c","E":"0x030c2e7e86c8d83824ffd466b01bca529ab464efe9f6da47bc514454bff7f5ab","A":"0x0b27478648cd19b4f812f897a26976ecf312eac28508b4368d0c63ea949c7cb0","O":"","Y":"0x26a08e4d0c5190f01871e0569b6290b86760085d99f17eb4e7e6b58feb8d6249","D":"0x001004000000040000000200000001000000"}'
[36mDEBUG[0m[03-21|01:21:01.624] BEEFY OK-HALT with 32byte @SINGLE ACCUMULATE [36ms[0m=3273088977 [36mB[0m=0x0000000000000000000000000000000000000000000000000000000000000000
[36mDEBUG[0m[03-21|01:21:01.624] SINGLE ACCUMULATE                        [36ms[0m=2953942612 [36mwrangledResults[0m='{"H":"0xbfe2609223363d4388a25c86d60681f250dac4cb8e9da7545ec47de2452dd328","E":"0x0000000000000000000000000000000000000000000000000000000000000000","A":"0x0b27478648cd19b4f812f897a26976ecf312eac28508b4368d0c63ea949c7cb0","O":"","Y":"0xf223e9902152983bf5de2fcaadb09658fc00045d85bf4f17a003a0f523b35d5b","D":"0x0008e9ac0c50d15f17c3"}'
[36mDEBUG[0m[03-21|01:21:01.629] BEEFY OK-HALT with 32byte @SINGLE ACCUMULATE [36ms[0m=2953942612 [36mB[0m=0x0400000007000000040000000000000000000000000000000000000000000000
[36mDEBUG[0m[03-21|01:21:01.629] SINGLE ACCUMULATE                        [36ms[0m=1065941251 [36mwrangledResults[0m='{"H":"0xbfe2609223363d4388a25c86d60681f250dac4cb8e9da7545ec47de2452dd328","E":"0x0000000000000000000000000000000000000000000000000000000000000000","A":"0x0b27478648cd19b4f812f897a26976ecf312eac28508b4368d0c63ea949c7cb0","O":"","Y":"0x0e5751c026e543b2e8ab2eb06099daa1d1e5df47778f7787faab45cdf12fe3a8","D":"0x00200b27478648cd19b4f812f897a26976ecf312eac28508b4368d0c63ea949c7cb0"}'
[36mDEBUG[0m[03-21|01:21:01.636] BEEFY OK-HALT with 32byte @SINGLE ACCUMULATE [36ms[0m=1065941251 [36mB[0m=0x0b27478648cd19b4f812f897a26976ecf312eac28508b4368d0c63ea949c7cb0
[32mINFO [0m[03-21|01:21:01.636] writeAccount SET                         [32mservice_idx[0m=1,343,007,977 [32mrawkey[0m=0x836e0d2825d66e6a2a5e79a4649fafc0daa9b132296fc37a8475ba60eb1f5c37 [32mvalue[0m="[4 0 0 0 3 0 0 0 2 0 0 0]"
[32mINFO [0m[03-21|01:21:01.637] writeAccount SET                         [32mservice_idx[0m=3,273,088,977 [32mrawkey[0m=0x1ffd1a896909468dc684590810331e9b25fc8bd769f164874f3e9993c5988357 [32mvalue[0m="[4 0 0 0 4 0 0 0 2 0 0 0 1 0 0 0]"
[32mINFO [0m[03-21|01:21:01.637] writeAccount SET                         [32mservice_idx[0m=2,953,942,612 [32mrawkey[0m=0xaba994d8ff9cf9993de2448a9aef435f2f96058e4cb5f938da68d82bbf36d9c5 [32mvalue[0m="[4 0 0 0 7 0 0 0 4 0 0 0]"
[32mINFO [0m[03-21|01:21:01.639] BEEFY-C                                  [32ms[0m=1065941251 [32mh[0m=0x0b27478648cd19b4f812f897a26976ecf312eac28508b4368d0c63ea949c7cb0 [32mencoded[0m=03f9883f0b27478648cd19b4f812f897a26976ecf312eac28508b4368d0c63ea949c7cb0
[32mINFO [0m[03-21|01:21:01.639] BEEFY-C                                  [32ms[0m=2953942612 [32mh[0m=0x0400000007000000040000000000000000000000000000000000000000000000 [32mencoded[0m=549611b00400000007000000040000000000000000000000000000000000000000000000
[32mINFO [0m[03-21|01:21:01.639] BEEFY accumulation root                  [32mr[0m=0x6f08f154642afa253dd2299dada655d1417fc52f36350e9656633109131f823a
[36mDEBUG[0m[03-21|01:21:01.639] BETA computation                         [36mn[0m=0 [36maccumulationRoot[0m=0x6f08f154642afa253dd2299dada655d1417fc52f36350e9656633109131f823a [36mmmr[0m=[nil,0xcd3469fdaf97f52e51999e16d0bba1827c15cec041a46e3b62208e5f5e271314,nil,0x0b8c7b01a904247762aa698ad1669d4ee40d7f333308d23218777a013c3a7a51,0xe58769b32a1beaf1ea27375a44095a0d1fb664ce2dd358e7fcbfb78c26a19344]
[32mINFO [0m[03-21|01:21:01.674] [N0] proposeBlock safrole                [32mp[0m=2653..bbfd [32mh[0m=d4c9..6cae [32me'[0m=3 [32mm'[0m=1  [32m"len(γ_a')"[0m=6  [32mblk[0m="H_t=37 H_r=e133..e5d5  |E_T|=3 |E_A|=6"
**  21:01.819  Preparing Fib_Tri#4 d5f3..ab94 Meg#4 75b4..97bb **

** [32m Fib_Tri 4 [0m workPackage: d5f3..9455 **

** [36m MEGATRON 4 [0m workPackage: 94b6..80ab **
[36mDEBUG[0m[03-21|01:21:07.622] BETA computation                         [36mn[0m=5 [36maccumulationRoot[0m=0x0000000000000000000000000000000000000000000000000000000000000000 [36mmmr[0m=[0x0000000000000000000000000000000000000000000000000000000000000000,0xcd3469fdaf97f52e51999e16d0bba1827c15cec041a46e3b62208e5f5e271314,nil,0x0b8c7b01a904247762aa698ad1669d4ee40d7f333308d23218777a013c3a7a51,0xe58769b32a1beaf1ea27375a44095a0d1fb664ce2dd358e7fcbfb78c26a19344]
[32mINFO [0m[03-21|01:21:07.652] [N5] proposeBlock safrole                [32mp[0m=d4c9..6cae [32mh[0m=5c8f..2b27 [32me'[0m=3 [32mm'[0m=2  [32m"len(γ_a')"[0m=9  [32mblk[0m="H_t=38 H_r=0567..73db  |E_T|=3 |E_G|=2"
Found pending work package 0x94b640ccc3ed70c5729db0a72cadff82293b5a17d7dd0f060d4c49d7c8d680ab at core 0!
Found pending work package 0xaa6d6e072272fb957009af1dfe4f05d7096fab269279bfa6aadb81e0dcfdfa7f at core 1!
Meg 4 = [4 0 0 0 7 0 0 0 4 0 0 0]
Fib 4 = [4 0 0 0 3 0 0 0 2 0 0 0]
Tri 4 = [4 0 0 0 4 0 0 0 2 0 0 0 1 0 0 0]
**  21:08.114  Preparing Fib_Tri#5 1eb7..b6ec Meg#5 c04d..0f20 **

** [32m Fib_Tri 5 [0m workPackage: 1eb7..ec5f **

** [36m MEGATRON 5 [0m workPackage: f944..36cd **
ReadRawKV K=72746f755f307861613664366530373232373266623935373030396166316466653466303564373039366661623236393237396266613661616462383165306463666466613766 not found
[31mERROR[0m[03-21|01:21:08.118] ErasureRootLookUP                        [31merr[0m="ReadRawKV K=rtou_0xaa6d6e072272fb957009af1dfe4f05d7096fab269279bfa6aadb81e0dcfdfa7f not found\n"
[31mERROR[0m[03-21|01:21:08.118] GetSegmentRootLookup:SpecSearch          [31merr[0m="GetSegmentRootLookup:SpecSearch NOT FOUND"
[31mERROR[0m[03-21|01:21:08.118] broadcastWorkPackage:GetSegmentRootLookup [31mn[0m=[N4] [31merr[0m="GetSegmentRootLookup:SpecSearch NOT FOUND"
ReadRawKV K=72746f755f307861613664366530373232373266623935373030396166316466653466303564373039366661623236393237396266613661616462383165306463666466613766 not found
[31mERROR[0m[03-21|01:21:08.118] ErasureRootLookUP                        [31merr[0m="ReadRawKV K=rtou_0xaa6d6e072272fb957009af1dfe4f05d7096fab269279bfa6aadb81e0dcfdfa7f not found\n"
[33mWARN [0m[03-21|01:21:08.118] SpecSearch returned nil
[31mERROR[0m[03-21|01:21:08.118] broadcastWorkPackage:FetchWorkpackageImportSegments [31mn[0m=[N4] [31merr[0m="SpecSearch returned nil"
[31mERROR[0m[03-21|01:21:13.098] checkPrereq                              [31m"missing hash"[0m=0x57dd80ced777605da77f9620ffdca83a484eca853135b41818b8eb7cdeb5562f
[31mERROR[0m[03-21|01:21:13.098] VerifyGuaranteesMakeBlock                [31merr[0m="G5|DependencyMissing: Prerequisite is missing."
[32mINFO [0m[03-21|01:21:13.535] ORDERED ACCUMULATION                     [32m"W^! (wphs accumulated immediately)"[0m=[] [32mq[0m="[[0xaa6d6e072272fb957009af1dfe4f05d7096fab269279bfa6aadb81e0dcfdfa7f] []]" [32m"Q(q)-priority queue result"[0m="[0xaa6d6e072272fb957009af1dfe4f05d7096fab269279bfa6aadb81e0dcfdfa7f 0x94b640ccc3ed70c5729db0a72cadff82293b5a17d7dd0f060d4c49d7c8d680ab]" [32m"W^*-wphs of accumulatable work reports)"[0m="[0xaa6d6e072272fb957009af1dfe4f05d7096fab269279bfa6aadb81e0dcfdfa7f 0x94b640ccc3ed70c5729db0a72cadff82293b5a17d7dd0f060d4c49d7c8d680ab]"
[36mDEBUG[0m[03-21|01:21:13.535] SINGLE ACCUMULATE                        [36ms[0m=1343007977 [36mwrangledResults[0m='{"H":"0xaa6d6e072272fb957009af1dfe4f05d7096fab269279bfa6aadb81e0dcfdfa7f","E":"0xfc0551466f6d2d5434b430a993a0bfb12f1bd98722cb2e58584afe289dc35a75","A":"0x0b27478648cd19b4f812f897a26976ecf312eac28508b4368d0c63ea949c7cb0","O":"","Y":"0x8c35d22f459d77ca4c0b0b5035869766d60d182b9716ab3e8879e066478899a8","D":"0x000c050000000500000003000000"}'
[36mDEBUG[0m[03-21|01:21:13.539] BEEFY OK-HALT with 32byte @SINGLE ACCUMULATE [36ms[0m=1343007977 [36mB[0m=0x0000000000000000000000000000000000000000000000000000000000000000
[36mDEBUG[0m[03-21|01:21:13.539] SINGLE ACCUMULATE                        [36ms[0m=3273088977 [36mwrangledResults[0m='{"H":"0xaa6d6e072272fb957009af1dfe4f05d7096fab269279bfa6aadb81e0dcfdfa7f","E":"0xfc0551466f6d2d5434b430a993a0bfb12f1bd98722cb2e58584afe289dc35a75","A":"0x0b27478648cd19b4f812f897a26976ecf312eac28508b4368d0c63ea949c7cb0","O":"","Y":"0x8c35d22f459d77ca4c0b0b5035869766d60d182b9716ab3e8879e066478899a8","D":"0x001005000000070000000400000002000000"}'
[36mDEBUG[0m[03-21|01:21:13.543] BEEFY OK-HALT with 32byte @SINGLE ACCUMULATE [36ms[0m=3273088977 [36mB[0m=0x0000000000000000000000000000000000000000000000000000000000000000
[36mDEBUG[0m[03-21|01:21:13.543] SINGLE ACCUMULATE                        [36ms[0m=2953942612 [36mwrangledResults[0m='{"H":"0x94b640ccc3ed70c5729db0a72cadff82293b5a17d7dd0f060d4c49d7c8d680ab","E":"0x0000000000000000000000000000000000000000000000000000000000000000","A":"0x0b27478648cd19b4f812f897a26976ecf312eac28508b4368d0c63ea949c7cb0","O":"","Y":"0xf223e9902152983bf5de2fcaadb09658fc00045d85bf4f17a003a0f523b35d5b","D":"0x0008e9ac0c50d15f17c3"}'
[36mDEBUG[0m[03-21|01:21:13.548] BEEFY OK-HALT with 32byte @SINGLE ACCUMULATE [36ms[0m=2953942612 [36mB[0m=0x050000000c000000070000000000000000000000000000000000000000000000
[36mDEBUG[0m[03-21|01:21:13.548] SINGLE ACCUMULATE                        [36ms[0m=1065941251 [36mwrangledResults[0m='{"H":"0x94b640ccc3ed70c5729db0a72cadff82293b5a17d7dd0f060d4c49d7c8d680ab","E":"0x0000000000000000000000000000000000000000000000000000000000000000","A":"0x0b27478648cd19b4f812f897a26976ecf312eac28508b4368d0c63ea949c7cb0","O":"","Y":"0x0e5751c026e543b2e8ab2eb06099daa1d1e5df47778f7787faab45cdf12fe3a8","D":"0x00200b27478648cd19b4f812f897a26976ecf312eac28508b4368d0c63ea949c7cb0"}'
[36mDEBUG[0m[03-21|01:21:13.557] BEEFY OK-HALT with 32byte @SINGLE ACCUMULATE [36ms[0m=1065941251 [36mB[0m=0x0b27478648cd19b4f812f897a26976ecf312eac28508b4368d0c63ea949c7cb0
[32mINFO [0m[03-21|01:21:13.557] writeAccount SET                         [32mservice_idx[0m=1,343,007,977 [32mrawkey[0m=0x836e0d2825d66e6a2a5e79a4649fafc0daa9b132296fc37a8475ba60eb1f5c37 [32mvalue[0m="[5 0 0 0 5 0 0 0 3 0 0 0]"
[32mINFO [0m[03-21|01:21:13.558] writeAccount SET                         [32mservice_idx[0m=3,273,088,977 [32mrawkey[0m=0x1ffd1a896909468dc684590810331e9b25fc8bd769f164874f3e9993c5988357 [32mvalue[0m="[5 0 0 0 7 0 0 0 4 0 0 0 2 0 0 0]"
[32mINFO [0m[03-21|01:21:13.558] writeAccount SET                         [32mservice_idx[0m=2,953,942,612 [32mrawkey[0m=0xaba994d8ff9cf9993de2448a9aef435f2f96058e4cb5f938da68d82bbf36d9c5 [32mvalue[0m="[5 0 0 0 12 0 0 0 7 0 0 0]"
[32mINFO [0m[03-21|01:21:13.559] BEEFY-C                                  [32ms[0m=1065941251 [32mh[0m=0x0b27478648cd19b4f812f897a26976ecf312eac28508b4368d0c63ea949c7cb0 [32mencoded[0m=03f9883f0b27478648cd19b4f812f897a26976ecf312eac28508b4368d0c63ea949c7cb0
[32mINFO [0m[03-21|01:21:13.559] BEEFY-C                                  [32ms[0m=2953942612 [32mh[0m=0x050000000c000000070000000000000000000000000000000000000000000000 [32mencoded[0m=549611b0050000000c000000070000000000000000000000000000000000000000000000
[32mINFO [0m[03-21|01:21:13.559] BEEFY accumulation root                  [32mr[0m=0xfe5a376fa01e7df096bb77bbe4f79cce1e5ffeceff2a36824d3b24f510c8c4c1
[36mDEBUG[0m[03-21|01:21:13.559] BETA computation                         [36mn[0m=2    [36maccumulationRoot[0m=0xfe5a376fa01e7df096bb77bbe4f79cce1e5ffeceff2a36824d3b24f510c8c4c1 [36mmmr[0m=[nil,nil,0x35bb93c939e26164cc9bebee9c5469b3544c22688d53e7fb150acc7962d11a05,0x0b8c7b01a904247762aa698ad1669d4ee40d7f333308d23218777a013c3a7a51,0xe58769b32a1beaf1ea27375a44095a0d1fb664ce2dd358e7fcbfb78c26a19344]
[32mINFO [0m[03-21|01:21:13.593] [N2] proposeBlock safrole                [32mp[0m=5c8f..2b27 [32mh[0m=7673..56cb [32me'[0m=3 [32mm'[0m=3  [32m"len(γ_a')"[0m=12 [32mblk[0m="H_t=39 H_r=65b4..c606  |E_T|=3 |E_A|=6"
[31mERROR[0m[03-21|01:21:19.158] checkPrereq                              [31m"missing hash"[0m=0x57dd80ced777605da77f9620ffdca83a484eca853135b41818b8eb7cdeb5562f
[31mERROR[0m[03-21|01:21:19.158] VerifyGuaranteesMakeBlock                [31merr[0m="G5|DependencyMissing: Prerequisite is missing."
[36mDEBUG[0m[03-21|01:21:19.183] BETA computation                         [36mn[0m=5    [36maccumulationRoot[0m=0x0000000000000000000000000000000000000000000000000000000000000000 [36mmmr[0m=[0x0000000000000000000000000000000000000000000000000000000000000000,nil,0x35bb93c939e26164cc9bebee9c5469b3544c22688d53e7fb150acc7962d11a05,0x0b8c7b01a904247762aa698ad1669d4ee40d7f333308d23218777a013c3a7a51,0xe58769b32a1beaf1ea27375a44095a0d1fb664ce2dd358e7fcbfb78c26a19344]
[32mINFO [0m[03-21|01:21:19.223] [N5] proposeBlock safrole                [32mp[0m=7673..56cb [32mh[0m=a8e8..4b8a [32me'[0m=3 [32mm'[0m=4  [32m"len(γ_a')"[0m=12 [32mblk[0m="H_t=40 H_r=1202..4f2f "
Fib_Tri 5 sending again. wp hash=0xaa562eb43457da4c2fce97a0916e27d1c47c9c81a56d59122508b3e657369631
Meg 5 sending again. wp hash=0x4e33df4024c87ed1841b89c5200b59fff201e9a351344866f1af49b6495e8502
prereq=[0xaa562eb43457da4c2fce97a0916e27d1c47c9c81a56d59122508b3e657369631]
[31mERROR[0m[03-21|01:21:25.098] checkPrereq                              [31m"missing hash"[0m=0x57dd80ced777605da77f9620ffdca83a484eca853135b41818b8eb7cdeb5562f
[31mERROR[0m[03-21|01:21:25.098] VerifyGuaranteesMakeBlock                [31merr[0m="G5|DependencyMissing: Prerequisite is missing."
[36mDEBUG[0m[03-21|01:21:25.151] BETA computation                         [36mn[0m=2    [36maccumulationRoot[0m=0x0000000000000000000000000000000000000000000000000000000000000000 [36mmmr[0m=[nil,0xad3228b676f7d3cd4284a5443f17f1962b36e491b30a40b2405849e597ba5fb5,0x35bb93c939e26164cc9bebee9c5469b3544c22688d53e7fb150acc7962d11a05,0x0b8c7b01a904247762aa698ad1669d4ee40d7f333308d23218777a013c3a7a51,0xe58769b32a1beaf1ea27375a44095a0d1fb664ce2dd358e7fcbfb78c26a19344]
[32mINFO [0m[03-21|01:21:25.192] [N2] proposeBlock safrole                [32mp[0m=a8e8..4b8a [32mh[0m=2cf4..47f7 [32me'[0m=3 [32mm'[0m=5  [32m"len(γ_a')"[0m=12 [32mblk[0m="H_t=41 H_r=a557..d66c "
[36mDEBUG[0m[03-21|01:21:31.160] BETA computation                         [36mn[0m=3    [36maccumulationRoot[0m=0x0000000000000000000000000000000000000000000000000000000000000000 [36mmmr[0m=[0x0000000000000000000000000000000000000000000000000000000000000000,0xad3228b676f7d3cd4284a5443f17f1962b36e491b30a40b2405849e597ba5fb5,0x35bb93c939e26164cc9bebee9c5469b3544c22688d53e7fb150acc7962d11a05,0x0b8c7b01a904247762aa698ad1669d4ee40d7f333308d23218777a013c3a7a51,0xe58769b32a1beaf1ea27375a44095a0d1fb664ce2dd358e7fcbfb78c26a19344]
[32mINFO [0m[03-21|01:21:31.209] [N3] proposeBlock safrole                [32mp[0m=2cf4..47f7 [32mh[0m=87ce..ccc0 [32me'[0m=3 [32mm'[0m=6  [32m"len(γ_a')"[0m=12 [32mblk[0m="H_t=42 H_r=f251..b9b4  |E_G|=2"
Found pending work package 0xaa562eb43457da4c2fce97a0916e27d1c47c9c81a56d59122508b3e657369631 at core 1!
Fib 5 = [5 0 0 0 5 0 0 0 3 0 0 0]
Tri 5 = [5 0 0 0 7 0 0 0 4 0 0 0 2 0 0 0]
Found pending work package 0x4e33df4024c87ed1841b89c5200b59fff201e9a351344866f1af49b6495e8502 at core 0!
Meg 5 = [5 0 0 0 12 0 0 0 7 0 0 0]
[31mERROR[0m[03-21|01:21:37.077] checkPrereq                              [31m"missing hash"[0m=0x57dd80ced777605da77f9620ffdca83a484eca853135b41818b8eb7cdeb5562f
[31mERROR[0m[03-21|01:21:37.078] VerifyGuaranteesMakeBlock                [31merr[0m="G5|DependencyMissing: Prerequisite is missing."
[32mINFO [0m[03-21|01:21:37.131] ORDERED ACCUMULATION                     [32m"W^! (wphs accumulated immediately)"[0m=[] [32mq[0m="[[0xaa562eb43457da4c2fce97a0916e27d1c47c9c81a56d59122508b3e657369631] []]" [32m"Q(q)-priority queue result"[0m="[0xaa562eb43457da4c2fce97a0916e27d1c47c9c81a56d59122508b3e657369631 0x4e33df4024c87ed1841b89c5200b59fff201e9a351344866f1af49b6495e8502]" [32m"W^*-wphs of accumulatable work reports)"[0m="[0xaa562eb43457da4c2fce97a0916e27d1c47c9c81a56d59122508b3e657369631 0x4e33df4024c87ed1841b89c5200b59fff201e9a351344866f1af49b6495e8502]"
[36mDEBUG[0m[03-21|01:21:37.131] SINGLE ACCUMULATE                        [36ms[0m=1343007977 [36mwrangledResults[0m='{"H":"0xaa562eb43457da4c2fce97a0916e27d1c47c9c81a56d59122508b3e657369631","E":"0x047620635f55d26fcb431cff6ba99847cae1e17c8febcd034c00ec07c1b2b10c","A":"0x0b27478648cd19b4f812f897a26976ecf312eac28508b4368d0c63ea949c7cb0","O":"","Y":"0xf4aac2fbe33f03554bfeb559ea2690ed8521caa4be961e61c91ac9a1530dce7a","D":"0x000c060000000800000005000000"}'
[36mDEBUG[0m[03-21|01:21:37.134] BEEFY OK-HALT with 32byte @SINGLE ACCUMULATE [36ms[0m=1343007977 [36mB[0m=0x0000000000000000000000000000000000000000000000000000000000000000
[36mDEBUG[0m[03-21|01:21:37.135] SINGLE ACCUMULATE                        [36ms[0m=3273088977 [36mwrangledResults[0m='{"H":"0xaa562eb43457da4c2fce97a0916e27d1c47c9c81a56d59122508b3e657369631","E":"0x047620635f55d26fcb431cff6ba99847cae1e17c8febcd034c00ec07c1b2b10c","A":"0x0b27478648cd19b4f812f897a26976ecf312eac28508b4368d0c63ea949c7cb0","O":"","Y":"0xf4aac2fbe33f03554bfeb559ea2690ed8521caa4be961e61c91ac9a1530dce7a","D":"0x0010060000000d0000000700000004000000"}'
[36mDEBUG[0m[03-21|01:21:37.138] BEEFY OK-HALT with 32byte @SINGLE ACCUMULATE [36ms[0m=3273088977 [36mB[0m=0x0000000000000000000000000000000000000000000000000000000000000000
[36mDEBUG[0m[03-21|01:21:37.138] SINGLE ACCUMULATE                        [36ms[0m=2953942612 [36mwrangledResults[0m='{"H":"0x4e33df4024c87ed1841b89c5200b59fff201e9a351344866f1af49b6495e8502","E":"0x0000000000000000000000000000000000000000000000000000000000000000","A":"0x0b27478648cd19b4f812f897a26976ecf312eac28508b4368d0c63ea949c7cb0","O":"","Y":"0xf223e9902152983bf5de2fcaadb09658fc00045d85bf4f17a003a0f523b35d5b","D":"0x0008e9ac0c50d15f17c3"}'
[36mDEBUG[0m[03-21|01:21:37.143] BEEFY OK-HALT with 32byte @SINGLE ACCUMULATE [36ms[0m=2953942612 [36mB[0m=0x06000000150000000c0000000000000000000000000000000000000000000000
[36mDEBUG[0m[03-21|01:21:37.143] SINGLE ACCUMULATE                        [36ms[0m=1065941251 [36mwrangledResults[0m='{"H":"0x4e33df4024c87ed1841b89c5200b59fff201e9a351344866f1af49b6495e8502","E":"0x0000000000000000000000000000000000000000000000000000000000000000","A":"0x0b27478648cd19b4f812f897a26976ecf312eac28508b4368d0c63ea949c7cb0","O":"","Y":"0x0e5751c026e543b2e8ab2eb06099daa1d1e5df47778f7787faab45cdf12fe3a8","D":"0x00200b27478648cd19b4f812f897a26976ecf312eac28508b4368d0c63ea949c7cb0"}'
[36mDEBUG[0m[03-21|01:21:37.152] BEEFY OK-HALT with 32byte @SINGLE ACCUMULATE [36ms[0m=1065941251 [36mB[0m=0x0b27478648cd19b4f812f897a26976ecf312eac28508b4368d0c63ea949c7cb0
[32mINFO [0m[03-21|01:21:37.152] writeAccount SET                         [32mservice_idx[0m=1,343,007,977 [32mrawkey[0m=0x836e0d2825d66e6a2a5e79a4649fafc0daa9b132296fc37a8475ba60eb1f5c37 [32mvalue[0m="[6 0 0 0 8 0 0 0 5 0 0 0]"
[32mINFO [0m[03-21|01:21:37.152] writeAccount SET                         [32mservice_idx[0m=3,273,088,977 [32mrawkey[0m=0x1ffd1a896909468dc684590810331e9b25fc8bd769f164874f3e9993c5988357 [32mvalue[0m="[6 0 0 0 13 0 0 0 7 0 0 0 4 0 0 0]"
[32mINFO [0m[03-21|01:21:37.153] writeAccount SET                         [32mservice_idx[0m=2,953,942,612 [32mrawkey[0m=0xaba994d8ff9cf9993de2448a9aef435f2f96058e4cb5f938da68d82bbf36d9c5 [32mvalue[0m="[6 0 0 0 21 0 0 0 12 0 0 0]"
[32mINFO [0m[03-21|01:21:37.153] BEEFY-C                                  [32ms[0m=1065941251 [32mh[0m=0x0b27478648cd19b4f812f897a26976ecf312eac28508b4368d0c63ea949c7cb0 [32mencoded[0m=03f9883f0b27478648cd19b4f812f897a26976ecf312eac28508b4368d0c63ea949c7cb0
[32mINFO [0m[03-21|01:21:37.153] BEEFY-C                                  [32ms[0m=2953942612 [32mh[0m=0x06000000150000000c0000000000000000000000000000000000000000000000 [32mencoded[0m=549611b006000000150000000c0000000000000000000000000000000000000000000000
[32mINFO [0m[03-21|01:21:37.153] BEEFY accumulation root                  [32mr[0m=0x651edda6e9e24fdbc26a6123b802c8335a86654f9549414532cd9ead5ec8399e
[36mDEBUG[0m[03-21|01:21:37.153] BETA computation                         [36mn[0m=1    [36maccumulationRoot[0m=0x651edda6e9e24fdbc26a6123b802c8335a86654f9549414532cd9ead5ec8399e [36mmmr[0m=[nil,nil,nil,nil,nil,0x68132eda52c316e5ac4570eb39074e735b14a65ec2da1135e7127773499cd736]
[32mINFO [0m[03-21|01:21:37.193] [N1] proposeBlock safrole                [32mp[0m=87ce..ccc0 [32mh[0m=6cca..8414 [32me'[0m=3 [32mm'[0m=7  [32m"len(γ_a')"[0m=12 [32mblk[0m="H_t=43 H_r=ee29..0ac1  |E_A|=6"
**  21:37.514  Preparing Fib_Tri#6 b44f..8b26 Meg#6 2b71..a037 **

** [32m Fib_Tri 6 [0m workPackage: b44f..2683 **

** [36m MEGATRON 6 [0m workPackage: 689d..7894 **
[36mDEBUG[0m[03-21|01:21:43.136] BETA computation                         [36mn[0m=3    [36maccumulationRoot[0m=0x0000000000000000000000000000000000000000000000000000000000000000 [36mmmr[0m=[0x0000000000000000000000000000000000000000000000000000000000000000,nil,nil,nil,nil,0x68132eda52c316e5ac4570eb39074e735b14a65ec2da1135e7127773499cd736]
[32mINFO [0m[03-21|01:21:43.174] [N3] proposeBlock safrole                [32mp[0m=6cca..8414 [32mh[0m=847d..7330 [32me'[0m=3 [32mm'[0m=8  [32m"len(γ_a')"[0m=12 [32mblk[0m="H_t=44 H_r=6b53..0bd1  |E_G|=2"
Found pending work package 0x689d7ca3524f7c66f6a182f4ab72d9c0715d7b714f3b013d4ed2c0f711077894 at core 0!
Meg 6 = [6 0 0 0 21 0 0 0 12 0 0 0]
Found pending work package 0xcb2af29d9d422dcc52ab4f26516b6316e09c8ead4267e13ff0db7dec9ae379ca at core 1!
Fib 6 = [6 0 0 0 8 0 0 0 5 0 0 0]
Tri 6 = [6 0 0 0 13 0 0 0 7 0 0 0 4 0 0 0]
[32mINFO [0m[03-21|01:21:49.199] ORDERED ACCUMULATION                     [32m"W^! (wphs accumulated immediately)"[0m=[] [32mq[0m="[[0xcb2af29d9d422dcc52ab4f26516b6316e09c8ead4267e13ff0db7dec9ae379ca] []]" [32m"Q(q)-priority queue result"[0m="[0xcb2af29d9d422dcc52ab4f26516b6316e09c8ead4267e13ff0db7dec9ae379ca 0x689d7ca3524f7c66f6a182f4ab72d9c0715d7b714f3b013d4ed2c0f711077894]" [32m"W^*-wphs of accumulatable work reports)"[0m="[0xcb2af29d9d422dcc52ab4f26516b6316e09c8ead4267e13ff0db7dec9ae379ca 0x689d7ca3524f7c66f6a182f4ab72d9c0715d7b714f3b013d4ed2c0f711077894]"
[36mDEBUG[0m[03-21|01:21:49.199] SINGLE ACCUMULATE                        [36ms[0m=1343007977 [36mwrangledResults[0m='{"H":"0xcb2af29d9d422dcc52ab4f26516b6316e09c8ead4267e13ff0db7dec9ae379ca","E":"0x3e5f05def653b21b283e2d27e498f3aa3f0fe070943202d264a939755bd06847","A":"0x0b27478648cd19b4f812f897a26976ecf312eac28508b4368d0c63ea949c7cb0","O":"","Y":"0x5b8f29db76cf4e676e4fc9b17040312debedafcd5637fb3c7badd2cddce6a445","D":"0x000c070000000d00000008000000"}'
[36mDEBUG[0m[03-21|01:21:49.202] BEEFY OK-HALT with 32byte @SINGLE ACCUMULATE [36ms[0m=1343007977 [36mB[0m=0x0000000000000000000000000000000000000000000000000000000000000000
[36mDEBUG[0m[03-21|01:21:49.202] SINGLE ACCUMULATE                        [36ms[0m=3273088977 [36mwrangledResults[0m='{"H":"0xcb2af29d9d422dcc52ab4f26516b6316e09c8ead4267e13ff0db7dec9ae379ca","E":"0x3e5f05def653b21b283e2d27e498f3aa3f0fe070943202d264a939755bd06847","A":"0x0b27478648cd19b4f812f897a26976ecf312eac28508b4368d0c63ea949c7cb0","O":"","Y":"0x5b8f29db76cf4e676e4fc9b17040312debedafcd5637fb3c7badd2cddce6a445","D":"0x001007000000180000000d00000007000000"}'
[36mDEBUG[0m[03-21|01:21:49.206] BEEFY OK-HALT with 32byte @SINGLE ACCUMULATE [36ms[0m=3273088977 [36mB[0m=0x0000000000000000000000000000000000000000000000000000000000000000
[36mDEBUG[0m[03-21|01:21:49.206] SINGLE ACCUMULATE                        [36ms[0m=2953942612 [36mwrangledResults[0m='{"H":"0x689d7ca3524f7c66f6a182f4ab72d9c0715d7b714f3b013d4ed2c0f711077894","E":"0x0000000000000000000000000000000000000000000000000000000000000000","A":"0x0b27478648cd19b4f812f897a26976ecf312eac28508b4368d0c63ea949c7cb0","O":"","Y":"0xf223e9902152983bf5de2fcaadb09658fc00045d85bf4f17a003a0f523b35d5b","D":"0x0008e9ac0c50d15f17c3"}'
[36mDEBUG[0m[03-21|01:21:49.211] BEEFY OK-HALT with 32byte @SINGLE ACCUMULATE [36ms[0m=2953942612 [36mB[0m=0x0700000025000000150000000000000000000000000000000000000000000000
[36mDEBUG[0m[03-21|01:21:49.211] SINGLE ACCUMULATE                        [36ms[0m=1065941251 [36mwrangledResults[0m='{"H":"0x689d7ca3524f7c66f6a182f4ab72d9c0715d7b714f3b013d4ed2c0f711077894","E":"0x0000000000000000000000000000000000000000000000000000000000000000","A":"0x0b27478648cd19b4f812f897a26976ecf312eac28508b4368d0c63ea949c7cb0","O":"","Y":"0x0e5751c026e543b2e8ab2eb06099daa1d1e5df47778f7787faab45cdf12fe3a8","D":"0x00200b27478648cd19b4f812f897a26976ecf312eac28508b4368d0c63ea949c7cb0"}'
[36mDEBUG[0m[03-21|01:21:49.219] BEEFY OK-HALT with 32byte @SINGLE ACCUMULATE [36ms[0m=1065941251 [36mB[0m=0x0b27478648cd19b4f812f897a26976ecf312eac28508b4368d0c63ea949c7cb0
[32mINFO [0m[03-21|01:21:49.219] writeAccount SET                         [32mservice_idx[0m=1,343,007,977 [32mrawkey[0m=0x836e0d2825d66e6a2a5e79a4649fafc0daa9b132296fc37a8475ba60eb1f5c37 [32mvalue[0m="[7 0 0 0 13 0 0 0 8 0 0 0]"
[32mINFO [0m[03-21|01:21:49.220] writeAccount SET                         [32mservice_idx[0m=3,273,088,977 [32mrawkey[0m=0x1ffd1a896909468dc684590810331e9b25fc8bd769f164874f3e9993c5988357 [32mvalue[0m="[7 0 0 0 24 0 0 0 13 0 0 0 7 0 0 0]"
[32mINFO [0m[03-21|01:21:49.220] writeAccount SET                         [32mservice_idx[0m=2,953,942,612 [32mrawkey[0m=0xaba994d8ff9cf9993de2448a9aef435f2f96058e4cb5f938da68d82bbf36d9c5 [32mvalue[0m="[7 0 0 0 37 0 0 0 21 0 0 0]"
[32mINFO [0m[03-21|01:21:49.220] BEEFY-C                                  [32ms[0m=1065941251 [32mh[0m=0x0b27478648cd19b4f812f897a26976ecf312eac28508b4368d0c63ea949c7cb0 [32mencoded[0m=03f9883f0b27478648cd19b4f812f897a26976ecf312eac28508b4368d0c63ea949c7cb0
[32mINFO [0m[03-21|01:21:49.221] BEEFY-C                                  [32ms[0m=2953942612 [32mh[0m=0x0700000025000000150000000000000000000000000000000000000000000000 [32mencoded[0m=549611b00700000025000000150000000000000000000000000000000000000000000000
[32mINFO [0m[03-21|01:21:49.221] BEEFY accumulation root                  [32mr[0m=0xebb4e3e1b9580b2d2d10a305b616cd4221e4b90abb431c2ebecac366dffac8df
[36mDEBUG[0m[03-21|01:21:49.221] BETA computation                         [36mn[0m=4    [36maccumulationRoot[0m=0xebb4e3e1b9580b2d2d10a305b616cd4221e4b90abb431c2ebecac366dffac8df [36mmmr[0m=[nil,0xaf794c72da167eed90bb12f963d4d4175499bbb770dd1d742e79aafe7533dd20,nil,nil,nil,0x68132eda52c316e5ac4570eb39074e735b14a65ec2da1135e7127773499cd736]
[32mINFO [0m[03-21|01:21:49.259] [N4] proposeBlock safrole                [32mp[0m=847d..7330 [32mh[0m=d98e..6098 [32me'[0m=3 [32mm'[0m=9  [32m"len(γ_a')"[0m=12 [32mblk[0m="H_t=45 H_r=e05c..4d07  |E_A|=6"
**  21:49.514  Preparing Fib_Tri#7 2dea..55b6 Meg#7 7067..3dee **

** [32m Fib_Tri 7 [0m workPackage: 2dea..b69c **

** [36m MEGATRON 7 [0m workPackage: 0e8c..5e08 **
All workpackages are sent
[36mDEBUG[0m[03-21|01:21:55.165] BETA computation                         [36mn[0m=5    [36maccumulationRoot[0m=0x0000000000000000000000000000000000000000000000000000000000000000 [36mmmr[0m=[0x0000000000000000000000000000000000000000000000000000000000000000,0xaf794c72da167eed90bb12f963d4d4175499bbb770dd1d742e79aafe7533dd20,nil,nil,nil,0x68132eda52c316e5ac4570eb39074e735b14a65ec2da1135e7127773499cd736]
[32mINFO [0m[03-21|01:21:55.203] [N5] proposeBlock safrole                [32mp[0m=d98e..6098 [32mh[0m=be7e..cf7e [32me'[0m=3 [32mm'[0m=10 [32m"len(γ_a')"[0m=12 [32mblk[0m="H_t=46 H_r=abab..3d0d   WinningTickets(12) |E_G|=2"
Found pending work package 0x0e8c8f3f0434e8ec0e73b5bcc5608879caf7528965accb20c0bb6da976585e08 at core 0!
Found pending work package 0x2d6f4236bee64f424fa58e30040c208db6e81f81a75274729d0655e04a7590ed at core 1!
Meg 7 = [7 0 0 0 37 0 0 0 21 0 0 0]
Fib 7 = [7 0 0 0 13 0 0 0 8 0 0 0]
Tri 7 = [7 0 0 0 24 0 0 0 13 0 0 0 7 0 0 0]
[32mINFO [0m[03-21|01:22:03.331] ORDERED ACCUMULATION                     [32m"W^! (wphs accumulated immediately)"[0m=[] [32mq[0m="[[0x2d6f4236bee64f424fa58e30040c208db6e81f81a75274729d0655e04a7590ed] []]" [32m"Q(q)-priority queue result"[0m="[0x2d6f4236bee64f424fa58e30040c208db6e81f81a75274729d0655e04a7590ed 0x0e8c8f3f0434e8ec0e73b5bcc5608879caf7528965accb20c0bb6da976585e08]" [32m"W^*-wphs of accumulatable work reports)"[0m="[0x2d6f4236bee64f424fa58e30040c208db6e81f81a75274729d0655e04a7590ed 0x0e8c8f3f0434e8ec0e73b5bcc5608879caf7528965accb20c0bb6da976585e08]"
[36mDEBUG[0m[03-21|01:22:03.333] SINGLE ACCUMULATE                        [36ms[0m=1343007977 [36mwrangledResults[0m='{"H":"0x2d6f4236bee64f424fa58e30040c208db6e81f81a75274729d0655e04a7590ed","E":"0x95bfe49b6ae011e368a824b8627c5507f4d935174341e5909fa41e8bfb1db2cf","A":"0x0b27478648cd19b4f812f897a26976ecf312eac28508b4368d0c63ea949c7cb0","O":"","Y":"0x9dff876a4b942d0a9711d18221898f11ca39751589ebf4d49d749f6b3e493292","D":"0x000c08000000150000000d000000"}'
[36mDEBUG[0m[03-21|01:22:03.339] BEEFY OK-HALT with 32byte @SINGLE ACCUMULATE [36ms[0m=1343007977 [36mB[0m=0x0000000000000000000000000000000000000000000000000000000000000000
[36mDEBUG[0m[03-21|01:22:03.339] SINGLE ACCUMULATE                        [36ms[0m=3273088977 [36mwrangledResults[0m='{"H":"0x2d6f4236bee64f424fa58e30040c208db6e81f81a75274729d0655e04a7590ed","E":"0x95bfe49b6ae011e368a824b8627c5507f4d935174341e5909fa41e8bfb1db2cf","A":"0x0b27478648cd19b4f812f897a26976ecf312eac28508b4368d0c63ea949c7cb0","O":"","Y":"0x9dff876a4b942d0a9711d18221898f11ca39751589ebf4d49d749f6b3e493292","D":"0x0010080000002c000000180000000d000000"}'
[36mDEBUG[0m[03-21|01:22:03.345] BEEFY OK-HALT with 32byte @SINGLE ACCUMULATE [36ms[0m=3273088977 [36mB[0m=0x0000000000000000000000000000000000000000000000000000000000000000
[36mDEBUG[0m[03-21|01:22:03.346] SINGLE ACCUMULATE                        [36ms[0m=2953942612 [36mwrangledResults[0m='{"H":"0x0e8c8f3f0434e8ec0e73b5bcc5608879caf7528965accb20c0bb6da976585e08","E":"0x0000000000000000000000000000000000000000000000000000000000000000","A":"0x0b27478648cd19b4f812f897a26976ecf312eac28508b4368d0c63ea949c7cb0","O":"","Y":"0xf223e9902152983bf5de2fcaadb09658fc00045d85bf4f17a003a0f523b35d5b","D":"0x0008e9ac0c50d15f17c3"}'
[36mDEBUG[0m[03-21|01:22:03.354] BEEFY OK-HALT with 32byte @SINGLE ACCUMULATE [36ms[0m=2953942612 [36mB[0m=0x0800000041000000250000000000000000000000000000000000000000000000
[36mDEBUG[0m[03-21|01:22:03.354] SINGLE ACCUMULATE                        [36ms[0m=1065941251 [36mwrangledResults[0m='{"H":"0x0e8c8f3f0434e8ec0e73b5bcc5608879caf7528965accb20c0bb6da976585e08","E":"0x0000000000000000000000000000000000000000000000000000000000000000","A":"0x0b27478648cd19b4f812f897a26976ecf312eac28508b4368d0c63ea949c7cb0","O":"","Y":"0x0e5751c026e543b2e8ab2eb06099daa1d1e5df47778f7787faab45cdf12fe3a8","D":"0x00200b27478648cd19b4f812f897a26976ecf312eac28508b4368d0c63ea949c7cb0"}'
[36mDEBUG[0m[03-21|01:22:03.364] BEEFY OK-HALT with 32byte @SINGLE ACCUMULATE [36ms[0m=1065941251 [36mB[0m=0x0b27478648cd19b4f812f897a26976ecf312eac28508b4368d0c63ea949c7cb0
[32mINFO [0m[03-21|01:22:03.365] writeAccount SET                         [32mservice_idx[0m=1,343,007,977 [32mrawkey[0m=0x836e0d2825d66e6a2a5e79a4649fafc0daa9b132296fc37a8475ba60eb1f5c37 [32mvalue[0m="[8 0 0 0 21 0 0 0 13 0 0 0]"
[32mINFO [0m[03-21|01:22:03.366] writeAccount SET                         [32mservice_idx[0m=3,273,088,977 [32mrawkey[0m=0x1ffd1a896909468dc684590810331e9b25fc8bd769f164874f3e9993c5988357 [32mvalue[0m="[8 0 0 0 44 0 0 0 24 0 0 0 13 0 0 0]"
[32mINFO [0m[03-21|01:22:03.368] writeAccount SET                         [32mservice_idx[0m=2,953,942,612 [32mrawkey[0m=0xaba994d8ff9cf9993de2448a9aef435f2f96058e4cb5f938da68d82bbf36d9c5 [32mvalue[0m="[8 0 0 0 65 0 0 0 37 0 0 0]"
[32mINFO [0m[03-21|01:22:03.369] BEEFY-C                                  [32ms[0m=1065941251 [32mh[0m=0x0b27478648cd19b4f812f897a26976ecf312eac28508b4368d0c63ea949c7cb0 [32mencoded[0m=03f9883f0b27478648cd19b4f812f897a26976ecf312eac28508b4368d0c63ea949c7cb0
[32mINFO [0m[03-21|01:22:03.370] BEEFY-C                                  [32ms[0m=2953942612 [32mh[0m=0x0800000041000000250000000000000000000000000000000000000000000000 [32mencoded[0m=549611b00800000041000000250000000000000000000000000000000000000000000000
[32mINFO [0m[03-21|01:22:03.371] BEEFY accumulation root                  [32mr[0m=0xcb762abc58d8958e02199bdb83999a7ea3b1692fc908225f7e95162e0f5b0af5
[36mDEBUG[0m[03-21|01:22:03.371] BETA computation                         [36mn[0m=2    [36maccumulationRoot[0m=0xcb762abc58d8958e02199bdb83999a7ea3b1692fc908225f7e95162e0f5b0af5 [36mmmr[0m=[nil,nil,0x03dbcdbb0ed0df0d78c13efcb6331b674e45cc88d62644c9ffcc196649075893,nil,nil,0x68132eda52c316e5ac4570eb39074e735b14a65ec2da1135e7127773499cd736]
[32mINFO [0m[03-21|01:22:03.481] [N2] proposeBlock safrole                [32mp[0m=be7e..cf7e [32mh[0m=750a..33e7 [32me'[0m=3 [32mm'[0m=11 [32m"len(γ_a')"[0m=12 [32mblk[0m="H_t=47 H_r=0db8..4919  |E_A|=6"
[32mINFO [0m[03-21|01:22:04.116] megatron success
