[32mINFO [0m[03-21|01:22:10.319] JAMTEST                                  [32mjam[0m=fib2 [32mtargetN[0m=10
Graph server listening on port 48330
RPC server started, using IPC: /tmp/jam-5.sock
[36mDEBUG[0m[03-21|01:22:15.111] BETA computation                         [36mn[0m=4 [36maccumulationRoot[0m=0x0000000000000000000000000000000000000000000000000000000000000000 [36mmmr[0m=[0x0000000000000000000000000000000000000000000000000000000000000000]
[32mINFO [0m[03-21|01:22:15.145] [N4] proposeBlock fallback               [32mp[0m=4762..2244 [32mh[0m=2abc..b108 [32me'[0m=1 [32mm'[0m=0 [32m"len(γ_a')"[0m=0 [32mblk[0m="H_t=12 H_r=0456..4e1c  EpochMarker(η1'=6f6a..af2a, η2'=835a..4eaf)"
[32mINFO [0m[03-21|01:22:21.323] corevm                                   [32mcodeHash[0m=0xda62d20900f65917b964d44d1c2c3b86be68dd84a8e342a4226c0ba30a01ee24 [32mlen[0m=12591
[32mINFO [0m[03-21|01:22:21.323] auth_copy                                [32mcodeHash[0m=0xaa125123e0373599cacc94075a0d7d365a6bd81a1e260c4dcabd837fe48ddafd [32mlen[0m=1527
[36mDEBUG[0m[03-21|01:22:22.521] BETA computation                         [36mn[0m=4 [36maccumulationRoot[0m=0x0000000000000000000000000000000000000000000000000000000000000000 [36mmmr[0m=[nil,0xad3228b676f7d3cd4284a5443f17f1962b36e491b30a40b2405849e597ba5fb5]
[32mINFO [0m[03-21|01:22:22.679] [N4] proposeBlock fallback               [32mp[0m=2abc..b108 [32mh[0m=3c3c..f571 [32me'[0m=1 [32mm'[0m=1 [32m"len(γ_a')"[0m=3 [32mblk[0m="H_t=13 H_r=78fc..7d38  |E_T|=3"
[36mDEBUG[0m[03-21|01:22:27.729] BETA computation                         [36mn[0m=4 [36maccumulationRoot[0m=0x0000000000000000000000000000000000000000000000000000000000000000 [36mmmr[0m=[0x0000000000000000000000000000000000000000000000000000000000000000,0xad3228b676f7d3cd4284a5443f17f1962b36e491b30a40b2405849e597ba5fb5]
[32mINFO [0m[03-21|01:22:27.768] [N4] proposeBlock fallback               [32mp[0m=3c3c..f571 [32mh[0m=9e21..235b [32me'[0m=1 [32mm'[0m=2 [32m"len(γ_a')"[0m=6 [32mblk[0m="H_t=14 H_r=dc94..9c48  |E_T|=3"
[32mINFO [0m[03-21|01:22:33.324] Builder storing TestService              [32mserviceName[0m=corevm [32mcodeHash[0m=0xda62d20900f65917b964d44d1c2c3b86be68dd84a8e342a4226c0ba30a01ee24
[36mDEBUG[0m[03-21|01:22:33.662] BETA computation                         [36mn[0m=5 [36maccumulationRoot[0m=0x0000000000000000000000000000000000000000000000000000000000000000 [36mmmr[0m=[nil,nil,0xb4c11951957c6f8f642c4af61cd6b24640fec6dc7fc607ee8206a99e92410d30]
[32mINFO [0m[03-21|01:22:33.696] [N5] proposeBlock fallback               [32mp[0m=9e21..235b [32mh[0m=6bb4..2d22 [32me'[0m=1 [32mm'[0m=3 [32m"len(γ_a')"[0m=9 [32mblk[0m="H_t=15 H_r=be3c..9e5b  |E_T|=3"
[36mDEBUG[0m[03-21|01:22:39.450] BETA computation                         [36mn[0m=0 [36maccumulationRoot[0m=0x0000000000000000000000000000000000000000000000000000000000000000 [36mmmr[0m=[0x0000000000000000000000000000000000000000000000000000000000000000,nil,0xb4c11951957c6f8f642c4af61cd6b24640fec6dc7fc607ee8206a99e92410d30]
[32mINFO [0m[03-21|01:22:39.481] [N0] proposeBlock fallback               [32mp[0m=6bb4..2d22 [32mh[0m=4f36..01f3 [32me'[0m=1 [32mm'[0m=4 [32m"len(γ_a')"[0m=12 [32mblk[0m="H_t=16 H_r=a25c..61af  |E_T|=3 |E_G|=1"
[36mDEBUG[0m[03-21|01:22:45.148] SINGLE ACCUMULATE                        [36ms[0m=0 [36mwrangledResults[0m='{"H":"0x485e30a6fa633b035eb9ee29866443006dbd5e4c1c5b7c84da37b394c2fabe3c","E":"0x0000000000000000000000000000000000000000000000000000000000000000","A":"0x0b27478648cd19b4f812f897a26976ecf312eac28508b4368d0c63ea949c7cb0","O":"","Y":"0xdf10c0d0601a56cd9b9ed0b21bd96b81147bee6b61003fe6e74ea9d302230cd8","D":"0x0024da62d20900f65917b964d44d1c2c3b86be68dd84a8e342a4226c0ba30a01ee242f310000"}'
[36mDEBUG[0m[03-21|01:22:45.155] BEEFY OK-HALT with 32byte @SINGLE ACCUMULATE [36ms[0m=0 [36mB[0m=0x0000000000000000000000000000000000000000000000000000000000000000
[32mINFO [0m[03-21|01:22:45.155] writeAccount SET                         [32mservice_idx[0m=0 [32mrawkey[0m=0x81e47a19e6b29b0a65b9591762ce5143ed30d0261e5d24a3201752506b20f15c [32mvalue[0m="[84 150 17 176]"
[36mDEBUG[0m[03-21|01:22:45.156] BETA computation                         [36mn[0m=4 [36maccumulationRoot[0m=0x0000000000000000000000000000000000000000000000000000000000000000 [36mmmr[0m=[nil,0xad3228b676f7d3cd4284a5443f17f1962b36e491b30a40b2405849e597ba5fb5,0xb4c11951957c6f8f642c4af61cd6b24640fec6dc7fc607ee8206a99e92410d30]
[32mINFO [0m[03-21|01:22:45.202] [N4] proposeBlock fallback               [32mp[0m=4f36..01f3 [32mh[0m=fac7..16f6 [32me'[0m=1 [32mm'[0m=5 [32m"len(γ_a')"[0m=12 [32mblk[0m="H_t=17 H_r=7241..22df  |E_A|=6"
[36mDEBUG[0m[03-21|01:22:51.075] BETA computation                         [36mn[0m=0 [36maccumulationRoot[0m=0x0000000000000000000000000000000000000000000000000000000000000000 [36mmmr[0m=[0x0000000000000000000000000000000000000000000000000000000000000000,0xad3228b676f7d3cd4284a5443f17f1962b36e491b30a40b2405849e597ba5fb5,0xb4c11951957c6f8f642c4af61cd6b24640fec6dc7fc607ee8206a99e92410d30]
[32mINFO [0m[03-21|01:22:51.112] [N0] proposeBlock fallback               [32mp[0m=fac7..16f6 [32mh[0m=f281..0851 [32me'[0m=1 [32mm'[0m=6 [32m"len(γ_a')"[0m=12 [32mblk[0m="H_t=18 H_r=b4d5..021f "
[32mINFO [0m[03-21|01:22:52.358] Builder storing TestService              [32mserviceName[0m=auth_copy [32mcodeHash[0m=0xaa125123e0373599cacc94075a0d7d365a6bd81a1e260c4dcabd837fe48ddafd
[36mDEBUG[0m[03-21|01:22:57.120] BETA computation                         [36mn[0m=4 [36maccumulationRoot[0m=0x0000000000000000000000000000000000000000000000000000000000000000 [36mmmr[0m=[nil,nil,nil,0x21ddb9a356815c3fac1026b6dec5df3124afbadb485c9ba5a3e3398a04b7ba85]
[32mINFO [0m[03-21|01:22:57.159] [N4] proposeBlock fallback               [32mp[0m=f281..0851 [32mh[0m=e845..6c20 [32me'[0m=1 [32mm'[0m=7 [32m"len(γ_a')"[0m=12 [32mblk[0m="H_t=19 H_r=4952..5e91  |E_G|=1 |E_P|=1"
[36mDEBUG[0m[03-21|01:23:03.111] SINGLE ACCUMULATE                        [36ms[0m=0 [36mwrangledResults[0m='{"H":"0xc9a927b384790250ba7ad04f37c30be9f5f1d7ad570ed384f91a4169f1490cce","E":"0x0000000000000000000000000000000000000000000000000000000000000000","A":"0x0b27478648cd19b4f812f897a26976ecf312eac28508b4368d0c63ea949c7cb0","O":"","Y":"0x58895203656b4df71654f43d328d1cb3e10b2f5977f19cb65b84e308b43e8755","D":"0x0024aa125123e0373599cacc94075a0d7d365a6bd81a1e260c4dcabd837fe48ddafdf7050000"}'
[36mDEBUG[0m[03-21|01:23:03.116] BEEFY OK-HALT with 32byte @SINGLE ACCUMULATE [36ms[0m=0 [36mB[0m=0x0000000000000000000000000000000000000000000000000000000000000000
[32mINFO [0m[03-21|01:23:03.116] writeAccount SET                         [32mservice_idx[0m=0 [32mrawkey[0m=0x81e47a19e6b29b0a65b9591762ce5143ed30d0261e5d24a3201752506b20f15c [32mvalue[0m="[3 249 136 63]"
[36mDEBUG[0m[03-21|01:23:03.117] BETA computation                         [36mn[0m=1 [36maccumulationRoot[0m=0x0000000000000000000000000000000000000000000000000000000000000000 [36mmmr[0m=[0x0000000000000000000000000000000000000000000000000000000000000000,nil,nil,0x21ddb9a356815c3fac1026b6dec5df3124afbadb485c9ba5a3e3398a04b7ba85]
[32mINFO [0m[03-21|01:23:03.160] [N1] proposeBlock fallback               [32mp[0m=e845..6c20 [32mh[0m=7eed..694c [32me'[0m=1 [32mm'[0m=8 [32m"len(γ_a')"[0m=12 [32mblk[0m="H_t=20 H_r=c559..7e69  |E_A|=6"
[36mDEBUG[0m[03-21|01:23:09.048] BETA computation                         [36mn[0m=0 [36maccumulationRoot[0m=0x0000000000000000000000000000000000000000000000000000000000000000 [36mmmr[0m=[nil,0xad3228b676f7d3cd4284a5443f17f1962b36e491b30a40b2405849e597ba5fb5,nil,0x21ddb9a356815c3fac1026b6dec5df3124afbadb485c9ba5a3e3398a04b7ba85]
[32mINFO [0m[03-21|01:23:09.083] [N0] proposeBlock fallback               [32mp[0m=7eed..694c [32mh[0m=e2f3..c899 [32me'[0m=1 [32mm'[0m=9 [32m"len(γ_a')"[0m=12 [32mblk[0m="H_t=21 H_r=e65f..b461 "
[36mDEBUG[0m[03-21|01:23:15.064] BETA computation                         [36mn[0m=1 [36maccumulationRoot[0m=0x0000000000000000000000000000000000000000000000000000000000000000 [36mmmr[0m=[0x0000000000000000000000000000000000000000000000000000000000000000,0xad3228b676f7d3cd4284a5443f17f1962b36e491b30a40b2405849e597ba5fb5,nil,0x21ddb9a356815c3fac1026b6dec5df3124afbadb485c9ba5a3e3398a04b7ba85]
[32mINFO [0m[03-21|01:23:15.115] [N1] proposeBlock fallback               [32mp[0m=e2f3..c899 [32mh[0m=7bd1..f27b [32me'[0m=1 [32mm'[0m=10 [32m"len(γ_a')"[0m=12 [32mblk[0m="H_t=22 H_r=b92f..157d   WinningTickets(12) |E_P|=1"
[32mINFO [0m[03-21|01:23:15.395] FIB2 START
[32mINFO [0m[03-21|01:23:15.395] corevm_child                             [32mcodeHash[0m=0x93a667c2ad39e87563363a45b965c1d5baa760978629b1191a4228d530f7fb3a [32mlen[0m=59
[32mINFO [0m[03-21|01:23:15.396] FIB2-(init) work package submitted       [32mworkPackage[0m=0x0d7b435e9aaf743c1cf3f2d74638920fb88bfc9c8ab8b8e9f41e81d131fb7145
[36mDEBUG[0m[03-21|01:23:23.154] BETA computation                         [36mn[0m=4 [36maccumulationRoot[0m=0x0000000000000000000000000000000000000000000000000000000000000000 [36mmmr[0m=[nil,nil,0xb4c11951957c6f8f642c4af61cd6b24640fec6dc7fc607ee8206a99e92410d30,0x21ddb9a356815c3fac1026b6dec5df3124afbadb485c9ba5a3e3398a04b7ba85]
[32mINFO [0m[03-21|01:23:23.310] [N4] proposeBlock fallback               [32mp[0m=7bd1..f27b [32mh[0m=1c7a..111e [32me'[0m=1 [32mm'[0m=11 [32m"len(γ_a')"[0m=12 [32mblk[0m="H_t=23 H_r=8e3f..c8ae  |E_G|=1"
[36mDEBUG[0m[03-21|01:23:28.536] SINGLE ACCUMULATE                        [36ms[0m=2953942612 [36mwrangledResults[0m='{"H":"0x0d7b435e9aaf743c1cf3f2d74638920fb88bfc9c8ab8b8e9f41e81d131fb7145","E":"0x0000000000000000000000000000000000000000000000000000000000000000","A":"0x0b27478648cd19b4f812f897a26976ecf312eac28508b4368d0c63ea949c7cb0","O":"","Y":"0x0e5751c026e543b2e8ab2eb06099daa1d1e5df47778f7787faab45cdf12fe3a8","D":"0x002493a667c2ad39e87563363a45b965c1d5baa760978629b1191a4228d530f7fb3a3b000000"}'
[36mDEBUG[0m[03-21|01:23:28.549] BEEFY OK-HALT with yield @SINGLE ACCUMULATE [36ms[0m=2953942612 [36mB[0m=0x0000000000000000000000000000000000000000000000000000000000000000
[36mDEBUG[0m[03-21|01:23:28.549] SINGLE ACCUMULATE                        [36ms[0m=1065941251 [36mwrangledResults[0m='{"H":"0x0d7b435e9aaf743c1cf3f2d74638920fb88bfc9c8ab8b8e9f41e81d131fb7145","E":"0x0000000000000000000000000000000000000000000000000000000000000000","A":"0x0b27478648cd19b4f812f897a26976ecf312eac28508b4368d0c63ea949c7cb0","O":"","Y":"0x0e5751c026e543b2e8ab2eb06099daa1d1e5df47778f7787faab45cdf12fe3a8","D":"0x00200b27478648cd19b4f812f897a26976ecf312eac28508b4368d0c63ea949c7cb0"}'
[36mDEBUG[0m[03-21|01:23:28.558] BEEFY OK-HALT with 32byte @SINGLE ACCUMULATE [36ms[0m=1065941251 [36mB[0m=0x0b27478648cd19b4f812f897a26976ecf312eac28508b4368d0c63ea949c7cb0
[32mINFO [0m[03-21|01:23:28.559] BEEFY-C                                  [32ms[0m=1065941251 [32mh[0m=0x0b27478648cd19b4f812f897a26976ecf312eac28508b4368d0c63ea949c7cb0 [32mencoded[0m=03f9883f0b27478648cd19b4f812f897a26976ecf312eac28508b4368d0c63ea949c7cb0
[32mINFO [0m[03-21|01:23:28.559] BEEFY accumulation root                  [32mr[0m=0x905236a159a16d3123c499496d40474955864760b623e4b2c94f84025fe37bc2
[36mDEBUG[0m[03-21|01:23:28.560] BETA computation                         [36mn[0m=2 [36maccumulationRoot[0m=0x905236a159a16d3123c499496d40474955864760b623e4b2c94f84025fe37bc2 [36mmmr[0m=[0x905236a159a16d3123c499496d40474955864760b623e4b2c94f84025fe37bc2,nil,0xb4c11951957c6f8f642c4af61cd6b24640fec6dc7fc607ee8206a99e92410d30,0x21ddb9a356815c3fac1026b6dec5df3124afbadb485c9ba5a3e3398a04b7ba85]
[32mINFO [0m[03-21|01:23:28.601] [N2] proposeBlock safrole                [32mp[0m=1c7a..111e [32mh[0m=e30b..539e [32me'[0m=2 [32mm'[0m=0  [32m"len(γ_a')"[0m=3  [32mblk[0m="H_t=24 H_r=be99..2fd9  EpochMarker(η1'=767a..23ae, η2'=6f6a..af2a) |E_T|=3 |E_A|=6"
[32mINFO [0m[03-21|01:23:31.424] Fib2-(init) result with key 0            [32mresult[0m=
[32mINFO [0m[03-21|01:23:31.424] Fib2-(init) result with key 1            [32mresult[0m=
[32mINFO [0m[03-21|01:23:31.424] Fib2-(init) result with key 2            [32mresult[0m=
[32mINFO [0m[03-21|01:23:31.424] Fib2-(init) result with key 5            [32mresult[0m=
[32mINFO [0m[03-21|01:23:31.424] Fib2-(init) result with key 6            [32mresult[0m=
[32mINFO [0m[03-21|01:23:31.424] Fib2-(init) result with key 7            [32mresult[0m=
[32mINFO [0m[03-21|01:23:31.424] Fib2-(init) result with key 8            [32mresult[0m=
[32mINFO [0m[03-21|01:23:31.424] Fib2-(init) result with key 9            [32mresult[0m=
[36mDEBUG[0m[03-21|01:23:33.998] BETA computation                         [36mn[0m=5 [36maccumulationRoot[0m=0x0000000000000000000000000000000000000000000000000000000000000000 [36mmmr[0m=[nil,0x8affc4af8c1ebdff239f88797f8868c82ca33f44d8b6b5077f281411f645d0ba,0xb4c11951957c6f8f642c4af61cd6b24640fec6dc7fc607ee8206a99e92410d30,0x21ddb9a356815c3fac1026b6dec5df3124afbadb485c9ba5a3e3398a04b7ba85]
[32mINFO [0m[03-21|01:23:34.052] [N5] proposeBlock safrole                [32mp[0m=e30b..539e [32mh[0m=a943..66a7 [32me'[0m=2 [32mm'[0m=1  [32m"len(γ_a')"[0m=6  [32mblk[0m="H_t=25 H_r=deba..a19a  |E_T|=3 |E_P|=1"
[36mDEBUG[0m[03-21|01:23:39.597] BETA computation                         [36mn[0m=4 [36maccumulationRoot[0m=0x0000000000000000000000000000000000000000000000000000000000000000 [36mmmr[0m=[0x0000000000000000000000000000000000000000000000000000000000000000,0x8affc4af8c1ebdff239f88797f8868c82ca33f44d8b6b5077f281411f645d0ba,0xb4c11951957c6f8f642c4af61cd6b24640fec6dc7fc607ee8206a99e92410d30,0x21ddb9a356815c3fac1026b6dec5df3124afbadb485c9ba5a3e3398a04b7ba85]
[32mINFO [0m[03-21|01:23:39.632] [N4] proposeBlock safrole                [32mp[0m=a943..66a7 [32mh[0m=80c3..d60a [32me'[0m=2 [32mm'[0m=2  [32m"len(γ_a')"[0m=9  [32mblk[0m="H_t=26 H_r=a703..24f3  |E_T|=3"
[36mDEBUG[0m[03-21|01:23:45.597] BETA computation                         [36mn[0m=3 [36maccumulationRoot[0m=0x0000000000000000000000000000000000000000000000000000000000000000 [36mmmr[0m=[nil,nil,nil,nil,0x258ca1dfd91e12e1dd759d157b60453156780ae36c2fdb2f57fe493b3a8f3be1]
[32mINFO [0m[03-21|01:23:45.631] [N3] proposeBlock safrole                [32mp[0m=80c3..d60a [32mh[0m=da7e..8fd0 [32me'[0m=2 [32mm'[0m=3  [32m"len(γ_a')"[0m=12 [32mblk[0m="H_t=27 H_r=938c..5dfe  |E_T|=3"
[32mINFO [0m[03-21|01:23:49.425] FIB2-(0) work package submitted          [32mworkPackage[0m=0xbbc876f5053bfa6410b9c02f8286593d8ac94644e9e6e4dc2bb95a3438ec4385
[36mDEBUG[0m[03-21|01:23:51.184] BETA computation                         [36mn[0m=5 [36maccumulationRoot[0m=0x0000000000000000000000000000000000000000000000000000000000000000 [36mmmr[0m=[0x0000000000000000000000000000000000000000000000000000000000000000,nil,nil,nil,0x258ca1dfd91e12e1dd759d157b60453156780ae36c2fdb2f57fe493b3a8f3be1]
[32mINFO [0m[03-21|01:23:51.228] [N5] proposeBlock safrole                [32mp[0m=da7e..8fd0 [32mh[0m=6908..bf8e [32me'[0m=2 [32mm'[0m=4  [32m"len(γ_a')"[0m=12 [32mblk[0m="H_t=28 H_r=bbcd..0052  |E_G|=1"
[36mDEBUG[0m[03-21|01:23:57.101] SINGLE ACCUMULATE                        [36ms[0m=2953942612 [36mwrangledResults[0m='{"H":"0xbbc876f5053bfa6410b9c02f8286593d8ac94644e9e6e4dc2bb95a3438ec4385","E":"0xd31ff58be66ec48693b926aa27262248889240a050c7f3b9a00ae236935fdd2a","A":"0x0b27478648cd19b4f812f897a26976ecf312eac28508b4368d0c63ea949c7cb0","O":"","Y":"0x8b620d24e8e7082d3ba0ef8a673e10aa6f8c523e991dbcde8eb3c50d32b44efc","D":"0x001000000000000000000000000000000000"}'
[36mDEBUG[0m[03-21|01:23:57.319] BEEFY PANIC @SINGLE ACCUMULATE           [36ms[0m=2953942612 [36mB[0m=0x0000000000000000000000000000000000000000000000000000000000000000
[36mDEBUG[0m[03-21|01:23:57.319] SINGLE ACCUMULATE                        [36ms[0m=1065941251 [36mwrangledResults[0m='{"H":"0xbbc876f5053bfa6410b9c02f8286593d8ac94644e9e6e4dc2bb95a3438ec4385","E":"0xd31ff58be66ec48693b926aa27262248889240a050c7f3b9a00ae236935fdd2a","A":"0x0b27478648cd19b4f812f897a26976ecf312eac28508b4368d0c63ea949c7cb0","O":"","Y":"0x0e5751c026e543b2e8ab2eb06099daa1d1e5df47778f7787faab45cdf12fe3a8","D":"0x00200b27478648cd19b4f812f897a26976ecf312eac28508b4368d0c63ea949c7cb0"}'
[36mDEBUG[0m[03-21|01:23:57.328] BEEFY OK-HALT with 32byte @SINGLE ACCUMULATE [36ms[0m=1065941251 [36mB[0m=0x0b27478648cd19b4f812f897a26976ecf312eac28508b4368d0c63ea949c7cb0
[32mINFO [0m[03-21|01:23:57.328] writeAccount SET                         [32mservice_idx[0m=2,953,942,612 [32mrawkey[0m=0xaba994d8ff9cf9993de2448a9aef435f2f96058e4cb5f938da68d82bbf36d9c5 [32mvalue[0m="[0 0 0 0 0 0 0 0 0 0 0 0 0 0 0 0]"
[32mINFO [0m[03-21|01:23:57.328] writeAccount SET                         [32mservice_idx[0m=2,953,942,612 [32mrawkey[0m=0x410363b26bae688043fad50812984b9799cac0a858bb785621384ac40a4d0b41 [32mvalue[0m="[0 0 0 0 0 0 0 0]"
[32mINFO [0m[03-21|01:23:57.329] writeAccount SET                         [32mservice_idx[0m=2,953,942,612 [32mrawkey[0m=0x45a9b220d02e801806ff5003bf4c15741f800e75320eaa2208d18e088a82da69 [32mvalue[0m="[172 3 0 0 0 0 0 0]"
[32mINFO [0m[03-21|01:23:57.330] BEEFY-C                                  [32ms[0m=1065941251 [32mh[0m=0x0b27478648cd19b4f812f897a26976ecf312eac28508b4368d0c63ea949c7cb0 [32mencoded[0m=03f9883f0b27478648cd19b4f812f897a26976ecf312eac28508b4368d0c63ea949c7cb0
[32mINFO [0m[03-21|01:23:57.330] BEEFY accumulation root                  [32mr[0m=0x905236a159a16d3123c499496d40474955864760b623e4b2c94f84025fe37bc2
[36mDEBUG[0m[03-21|01:23:57.330] BETA computation                         [36mn[0m=1 [36maccumulationRoot[0m=0x905236a159a16d3123c499496d40474955864760b623e4b2c94f84025fe37bc2 [36mmmr[0m=[nil,0xc2f8bf5cc8693b2c1ae1be5c34a50ec845eb4fde43c6e6588aa8e193389f8f26,nil,nil,0x258ca1dfd91e12e1dd759d157b60453156780ae36c2fdb2f57fe493b3a8f3be1]
[32mINFO [0m[03-21|01:23:57.374] [N1] proposeBlock safrole                [32mp[0m=6908..bf8e [32mh[0m=dcd4..b34f [32me'[0m=2 [32mm'[0m=5  [32m"len(γ_a')"[0m=12 [32mblk[0m="H_t=29 H_r=e719..1861  |E_A|=6"
[32mINFO [0m[03-21|01:23:59.433] Fib2-(0) result with key 0               [32mresult[0m=00000000000000000000000000000000
[32mINFO [0m[03-21|01:23:59.433] Fib2-(0) result with key 1               [32mresult[0m=
[32mINFO [0m[03-21|01:23:59.433] Fib2-(0) result with key 2               [32mresult[0m=
[32mINFO [0m[03-21|01:23:59.433] Fib2-(0) result with key 5               [32mresult[0m=
[32mINFO [0m[03-21|01:23:59.433] Fib2-(0) result with key 6               [32mresult[0m=
[32mINFO [0m[03-21|01:23:59.433] Fib2-(0) result with key 7               [32mresult[0m=
[32mINFO [0m[03-21|01:23:59.433] Fib2-(0) result with key 8               [32mresult[0m=0000000000000000
[32mINFO [0m[03-21|01:23:59.433] Fib2-(0) result with key 9               [32mresult[0m=ac03000000000000
[32mINFO [0m[03-21|01:23:59.433] FIB2-(1) work package submitted          [32mworkPackage[0m=0x37a7fceafc6326297d99f1d7fe4aeb3dd286f3cc93da887f0f80fa760470ca37
[36mDEBUG[0m[03-21|01:24:03.139] BETA computation                         [36mn[0m=3 [36maccumulationRoot[0m=0x0000000000000000000000000000000000000000000000000000000000000000 [36mmmr[0m=[0x0000000000000000000000000000000000000000000000000000000000000000,0xc2f8bf5cc8693b2c1ae1be5c34a50ec845eb4fde43c6e6588aa8e193389f8f26,nil,nil,0x258ca1dfd91e12e1dd759d157b60453156780ae36c2fdb2f57fe493b3a8f3be1]
[32mINFO [0m[03-21|01:24:03.179] [N3] proposeBlock safrole                [32mp[0m=dcd4..b34f [32mh[0m=ce2b..c649 [32me'[0m=2 [32mm'[0m=6  [32m"len(γ_a')"[0m=12 [32mblk[0m="H_t=30 H_r=3349..2018  |E_G|=1"
[32mINFO [0m[03-21|01:24:09.109] ORDERED ACCUMULATION                     [32m"W^! (wphs accumulated immediately)"[0m=[] [32mq[0m=[[]] [32m"Q(q)-priority queue result"[0m=[0x37a7fceafc6326297d99f1d7fe4aeb3dd286f3cc93da887f0f80fa760470ca37] [32m"W^*-wphs of accumulatable work reports)"[0m=[0x37a7fceafc6326297d99f1d7fe4aeb3dd286f3cc93da887f0f80fa760470ca37]
[36mDEBUG[0m[03-21|01:24:09.109] SINGLE ACCUMULATE                        [36ms[0m=2953942612 [36mwrangledResults[0m='{"H":"0x37a7fceafc6326297d99f1d7fe4aeb3dd286f3cc93da887f0f80fa760470ca37","E":"0x87a41103b720606f47751ccc9790466004a9f125a2660bee69c6b2fc93093bff","A":"0x0b27478648cd19b4f812f897a26976ecf312eac28508b4368d0c63ea949c7cb0","O":"","Y":"0x4acf7ec4bb5a342dc54dcc3b267f7d76cb6f27903e005e48ac81d87a333feb74","D":"0x001001000000010000000100000000000000"}'
[36mDEBUG[0m[03-21|01:24:09.525] BEEFY OK-HALT with 32byte @SINGLE ACCUMULATE [36ms[0m=2953942612 [36mB[0m=0x0100000001000000010000000000000000000000000000000000000000000000
[36mDEBUG[0m[03-21|01:24:09.525] SINGLE ACCUMULATE                        [36ms[0m=1065941251 [36mwrangledResults[0m='{"H":"0x37a7fceafc6326297d99f1d7fe4aeb3dd286f3cc93da887f0f80fa760470ca37","E":"0x87a41103b720606f47751ccc9790466004a9f125a2660bee69c6b2fc93093bff","A":"0x0b27478648cd19b4f812f897a26976ecf312eac28508b4368d0c63ea949c7cb0","O":"","Y":"0x0e5751c026e543b2e8ab2eb06099daa1d1e5df47778f7787faab45cdf12fe3a8","D":"0x00200b27478648cd19b4f812f897a26976ecf312eac28508b4368d0c63ea949c7cb0"}'
[36mDEBUG[0m[03-21|01:24:09.533] BEEFY OK-HALT with 32byte @SINGLE ACCUMULATE [36ms[0m=1065941251 [36mB[0m=0x0b27478648cd19b4f812f897a26976ecf312eac28508b4368d0c63ea949c7cb0
[32mINFO [0m[03-21|01:24:09.534] writeAccount SET                         [32mservice_idx[0m=2,953,942,612 [32mrawkey[0m=0x664ab67165b2f74555d033f970ad1c7af9d2adde9e979592bfb48128d1231f50 [32mvalue[0m="[3 0 0 0 0 0 0 0]"
[32mINFO [0m[03-21|01:24:09.534] writeAccount SET                         [32mservice_idx[0m=2,953,942,612 [32mrawkey[0m=0x6ed0d9695e0faf6502d55bb73af9dc1dfef8adc2f16cf70cac4d94ebb4cdf289 [32mvalue[0m="[247 255 255 255 255 255 255 255]"
[32mINFO [0m[03-21|01:24:09.535] writeAccount SET                         [32mservice_idx[0m=2,953,942,612 [32mrawkey[0m=0x410363b26bae688043fad50812984b9799cac0a858bb785621384ac40a4d0b41 [32mvalue[0m="[0 0 0 0 0 0 0 0]"
[32mINFO [0m[03-21|01:24:09.536] writeAccount SET                         [32mservice_idx[0m=2,953,942,612 [32mrawkey[0m=0x45a9b220d02e801806ff5003bf4c15741f800e75320eaa2208d18e088a82da69 [32mvalue[0m="[12 3 0 0 0 0 0 0]"
[32mINFO [0m[03-21|01:24:09.536] writeAccount SET                         [32mservice_idx[0m=2,953,942,612 [32mrawkey[0m=0xaba994d8ff9cf9993de2448a9aef435f2f96058e4cb5f938da68d82bbf36d9c5 [32mvalue[0m="[1 0 0 0 1 0 0 0 1 0 0 0 0 0 0 0]"
[32mINFO [0m[03-21|01:24:09.537] writeAccount SET                         [32mservice_idx[0m=2,953,942,612 [32mrawkey[0m=0x9e2fa1cdbaa2b499a03e9f2e8a4f103cfadf271d552e453d9eef1bb2e3d0928a [32mvalue[0m="[255 255 255 255 255 255 255 255]"
[32mINFO [0m[03-21|01:24:09.538] writeAccount SET                         [32mservice_idx[0m=2,953,942,612 [32mrawkey[0m=0xdecedb51effc9737c5fea18873dbf428c55f0d5d3b522672f234a9b1b1acca2d [32mvalue[0m="[68 79 84]"
[32mINFO [0m[03-21|01:24:09.539] writeAccount SET                         [32mservice_idx[0m=2,953,942,612 [32mrawkey[0m=0x224a951b43ef0e32e21a5b970bd6c2ce1fd39e6530d8af731bec76eb7283ec97 [32mvalue[0m="[255 255 255 255 255 255 255 255]"
[32mINFO [0m[03-21|01:24:09.539] BEEFY-C                                  [32ms[0m=1065941251 [32mh[0m=0x0b27478648cd19b4f812f897a26976ecf312eac28508b4368d0c63ea949c7cb0 [32mencoded[0m=03f9883f0b27478648cd19b4f812f897a26976ecf312eac28508b4368d0c63ea949c7cb0
[32mINFO [0m[03-21|01:24:09.539] BEEFY-C                                  [32ms[0m=2953942612 [32mh[0m=0x0100000001000000010000000000000000000000000000000000000000000000 [32mencoded[0m=549611b00100000001000000010000000000000000000000000000000000000000000000
[32mINFO [0m[03-21|01:24:09.539] BEEFY accumulation root                  [32mr[0m=0x62406fdf2508ac41a965f43e680d27e4ca2d29d644e2fda5aa188e8bce695d77
[36mDEBUG[0m[03-21|01:24:09.540] BETA computation                         [36mn[0m=2 [36maccumulationRoot[0m=0x62406fdf2508ac41a965f43e680d27e4ca2d29d644e2fda5aa188e8bce695d77 [36mmmr[0m=[nil,nil,0x7cfc0eb5814b35ec335b7b87d126647769ef8caa76e5dfcaca22c1015e314034,nil,0x258ca1dfd91e12e1dd759d157b60453156780ae36c2fdb2f57fe493b3a8f3be1]
[32mINFO [0m[03-21|01:24:09.575] [N2] proposeBlock safrole                [32mp[0m=ce2b..c649 [32mh[0m=3d65..d10d [32me'[0m=2 [32mm'[0m=7  [32m"len(γ_a')"[0m=12 [32mblk[0m="H_t=31 H_r=a52d..835f  |E_A|=6"
[32mINFO [0m[03-21|01:24:11.438] Fib2-(1) result with key 0               [32mresult[0m=01000000010000000100000000000000
[32mINFO [0m[03-21|01:24:11.438] Fib2-(1) result with key 1               [32mresult[0m=ffffffffffffffff
[32mINFO [0m[03-21|01:24:11.438] Fib2-(1) result with key 2               [32mresult[0m=ffffffffffffffff
[32mINFO [0m[03-21|01:24:11.438] Fib2-(1) result with key 5               [32mresult[0m=0300000000000000
[32mINFO [0m[03-21|01:24:11.438] Fib2-(1) result with key 6               [32mresult[0m=f7ffffffffffffff
[32mINFO [0m[03-21|01:24:11.439] Fib2-(1) result with key 7               [32mresult[0m=
[32mINFO [0m[03-21|01:24:11.439] Fib2-(1) result with key 8               [32mresult[0m=0000000000000000
[32mINFO [0m[03-21|01:24:11.439] Fib2-(1) result with key 9               [32mresult[0m=0c03000000000000
[32mINFO [0m[03-21|01:24:11.439] FIB2-(2) work package submitted          [32mworkPackage[0m=0x8e07e21055924676910b4437bb3b1ffe07fbee3d78c71c3c95335a04941639ab
[36mDEBUG[0m[03-21|01:24:15.080] BETA computation                         [36mn[0m=0 [36maccumulationRoot[0m=0x0000000000000000000000000000000000000000000000000000000000000000 [36mmmr[0m=[0x0000000000000000000000000000000000000000000000000000000000000000,nil,0x7cfc0eb5814b35ec335b7b87d126647769ef8caa76e5dfcaca22c1015e314034,nil,0x258ca1dfd91e12e1dd759d157b60453156780ae36c2fdb2f57fe493b3a8f3be1]
[32mINFO [0m[03-21|01:24:15.120] [N0] proposeBlock safrole                [32mp[0m=3d65..d10d [32mh[0m=2636..3844 [32me'[0m=2 [32mm'[0m=8  [32m"len(γ_a')"[0m=12 [32mblk[0m="H_t=32 H_r=5ec4..bf81  |E_G|=1"
[32mINFO [0m[03-21|01:24:21.066] ORDERED ACCUMULATION                     [32m"W^! (wphs accumulated immediately)"[0m=[] [32mq[0m=[[]] [32m"Q(q)-priority queue result"[0m=[0x8e07e21055924676910b4437bb3b1ffe07fbee3d78c71c3c95335a04941639ab] [32m"W^*-wphs of accumulatable work reports)"[0m=[0x8e07e21055924676910b4437bb3b1ffe07fbee3d78c71c3c95335a04941639ab]
[36mDEBUG[0m[03-21|01:24:21.066] SINGLE ACCUMULATE                        [36ms[0m=2953942612 [36mwrangledResults[0m='{"H":"0x8e07e21055924676910b4437bb3b1ffe07fbee3d78c71c3c95335a04941639ab","E":"0x3d88e670c0ee258a24478134715f3a6de369bfd80ee02f8997c47e1eb6ea6e51","A":"0x0b27478648cd19b4f812f897a26976ecf312eac28508b4368d0c63ea949c7cb0","O":"","Y":"0x9f98826d4b7918c5cacfabda03cc09282a18c5567efc35c688e2eb7316389c79","D":"0x001002000000010000000100000000000000"}'
[36mDEBUG[0m[03-21|01:24:21.406] BEEFY OK-HALT with 32byte @SINGLE ACCUMULATE [36ms[0m=2953942612 [36mB[0m=0x0200000001000000010000000000000000000000000000000000000000000000
[36mDEBUG[0m[03-21|01:24:21.406] SINGLE ACCUMULATE                        [36ms[0m=1065941251 [36mwrangledResults[0m='{"H":"0x8e07e21055924676910b4437bb3b1ffe07fbee3d78c71c3c95335a04941639ab","E":"0x3d88e670c0ee258a24478134715f3a6de369bfd80ee02f8997c47e1eb6ea6e51","A":"0x0b27478648cd19b4f812f897a26976ecf312eac28508b4368d0c63ea949c7cb0","O":"","Y":"0x0e5751c026e543b2e8ab2eb06099daa1d1e5df47778f7787faab45cdf12fe3a8","D":"0x00200b27478648cd19b4f812f897a26976ecf312eac28508b4368d0c63ea949c7cb0"}'
[36mDEBUG[0m[03-21|01:24:21.414] BEEFY OK-HALT with 32byte @SINGLE ACCUMULATE [36ms[0m=1065941251 [36mB[0m=0x0b27478648cd19b4f812f897a26976ecf312eac28508b4368d0c63ea949c7cb0
[32mINFO [0m[03-21|01:24:21.414] writeAccount SET                         [32mservice_idx[0m=2,953,942,612 [32mrawkey[0m=0x410363b26bae688043fad50812984b9799cac0a858bb785621384ac40a4d0b41 [32mvalue[0m="[0 0 0 0 0 0 0 0]"
[32mINFO [0m[03-21|01:24:21.415] writeAccount SET                         [32mservice_idx[0m=2,953,942,612 [32mrawkey[0m=0x45a9b220d02e801806ff5003bf4c15741f800e75320eaa2208d18e088a82da69 [32mvalue[0m="[52 3 0 0 0 0 0 0]"
[32mINFO [0m[03-21|01:24:21.415] writeAccount SET                         [32mservice_idx[0m=2,953,942,612 [32mrawkey[0m=0xaba994d8ff9cf9993de2448a9aef435f2f96058e4cb5f938da68d82bbf36d9c5 [32mvalue[0m="[2 0 0 0 1 0 0 0 1 0 0 0 0 0 0 0]"
[32mINFO [0m[03-21|01:24:21.416] writeAccount SET                         [32mservice_idx[0m=2,953,942,612 [32mrawkey[0m=0xdecedb51effc9737c5fea18873dbf428c55f0d5d3b522672f234a9b1b1acca2d [32mvalue[0m=[]
[32mINFO [0m[03-21|01:24:21.417] writeAccount SET                         [32mservice_idx[0m=2,953,942,612 [32mrawkey[0m=0x9e2fa1cdbaa2b499a03e9f2e8a4f103cfadf271d552e453d9eef1bb2e3d0928a [32mvalue[0m="[3 0 0 0 0 0 0 0]"
[32mINFO [0m[03-21|01:24:21.417] writeAccount SET                         [32mservice_idx[0m=2,953,942,612 [32mrawkey[0m=0x224a951b43ef0e32e21a5b970bd6c2ce1fd39e6530d8af731bec76eb7283ec97 [32mvalue[0m="[3 0 0 0 0 0 0 0]"
[32mINFO [0m[03-21|01:24:21.418] writeAccount SET                         [32mservice_idx[0m=2,953,942,612 [32mrawkey[0m=0x664ab67165b2f74555d033f970ad1c7af9d2adde9e979592bfb48128d1231f50 [32mvalue[0m="[255 255 255 255 255 255 255 255]"
[32mINFO [0m[03-21|01:24:21.420] BEEFY-C                                  [32ms[0m=1065941251 [32mh[0m=0x0b27478648cd19b4f812f897a26976ecf312eac28508b4368d0c63ea949c7cb0 [32mencoded[0m=03f9883f0b27478648cd19b4f812f897a26976ecf312eac28508b4368d0c63ea949c7cb0
[32mINFO [0m[03-21|01:24:21.420] BEEFY-C                                  [32ms[0m=2953942612 [32mh[0m=0x0200000001000000010000000000000000000000000000000000000000000000 [32mencoded[0m=549611b00200000001000000010000000000000000000000000000000000000000000000
[32mINFO [0m[03-21|01:24:21.420] BEEFY accumulation root                  [32mr[0m=0xc831a2cb28b2a77c2f873a98fe53a240f14cd0e2a18630648e7cde21a6be203c
[36mDEBUG[0m[03-21|01:24:21.420] BETA computation                         [36mn[0m=1 [36maccumulationRoot[0m=0xc831a2cb28b2a77c2f873a98fe53a240f14cd0e2a18630648e7cde21a6be203c [36mmmr[0m=[nil,0x4dc7218176073baa01ae54ef3b179279cffbbe2b09ff54e65aef477e03039b01,0x7cfc0eb5814b35ec335b7b87d126647769ef8caa76e5dfcaca22c1015e314034,nil,0x258ca1dfd91e12e1dd759d157b60453156780ae36c2fdb2f57fe493b3a8f3be1]
[32mINFO [0m[03-21|01:24:21.457] [N1] proposeBlock safrole                [32mp[0m=2636..3844 [32mh[0m=94d5..bc98 [32me'[0m=2 [32mm'[0m=9  [32m"len(γ_a')"[0m=12 [32mblk[0m="H_t=33 H_r=bcd9..aa4b  |E_A|=6"
[32mINFO [0m[03-21|01:24:23.447] Fib2-(2) result with key 0               [32mresult[0m=02000000010000000100000000000000
[32mINFO [0m[03-21|01:24:23.447] Fib2-(2) result with key 1               [32mresult[0m=0300000000000000
[32mINFO [0m[03-21|01:24:23.447] Fib2-(2) result with key 2               [32mresult[0m=0300000000000000
[32mINFO [0m[03-21|01:24:23.447] Fib2-(2) result with key 5               [32mresult[0m=ffffffffffffffff
[32mINFO [0m[03-21|01:24:23.447] Fib2-(2) result with key 6               [32mresult[0m=f7ffffffffffffff
[32mINFO [0m[03-21|01:24:23.447] Fib2-(2) result with key 7               [32mresult[0m=
[32mINFO [0m[03-21|01:24:23.447] Fib2-(2) result with key 8               [32mresult[0m=0000000000000000
[32mINFO [0m[03-21|01:24:23.447] Fib2-(2) result with key 9               [32mresult[0m=3403000000000000
[32mINFO [0m[03-21|01:24:23.448] FIB2-(3) work package submitted          [32mworkPackage[0m=0x1112e5c15b7dcc158eb6395af00307f131b49d49101e560130acfac70d96663b
[36mDEBUG[0m[03-21|01:24:27.139] BETA computation                         [36mn[0m=5 [36maccumulationRoot[0m=0x0000000000000000000000000000000000000000000000000000000000000000 [36mmmr[0m=[0x0000000000000000000000000000000000000000000000000000000000000000,0x4dc7218176073baa01ae54ef3b179279cffbbe2b09ff54e65aef477e03039b01,0x7cfc0eb5814b35ec335b7b87d126647769ef8caa76e5dfcaca22c1015e314034,nil,0x258ca1dfd91e12e1dd759d157b60453156780ae36c2fdb2f57fe493b3a8f3be1]
[32mINFO [0m[03-21|01:24:27.214] [N5] proposeBlock safrole                [32mp[0m=94d5..bc98 [32mh[0m=3909..7564 [32me'[0m=2 [32mm'[0m=10 [32m"len(γ_a')"[0m=12 [32mblk[0m="H_t=34 H_r=5629..8ee0   WinningTickets(12)"
[36mDEBUG[0m[03-21|01:24:35.367] BETA computation                         [36mn[0m=3 [36maccumulationRoot[0m=0x0000000000000000000000000000000000000000000000000000000000000000 [36mmmr[0m=[nil,nil,nil,0x6bb576d6f940deb196e759ecaa95d9df5a72129e9060947d477210ce443cd5b1,0x258ca1dfd91e12e1dd759d157b60453156780ae36c2fdb2f57fe493b3a8f3be1]
[32mINFO [0m[03-21|01:24:35.553] [N3] proposeBlock safrole                [32mp[0m=3909..7564 [32mh[0m=c905..0928 [32me'[0m=2 [32mm'[0m=11 [32m"len(γ_a')"[0m=12 [32mblk[0m="H_t=35 H_r=34f3..90dc  |E_G|=1"
[32mINFO [0m[03-21|01:24:39.843] ORDERED ACCUMULATION                     [32m"W^! (wphs accumulated immediately)"[0m=[] [32mq[0m=[[]] [32m"Q(q)-priority queue result"[0m=[0x1112e5c15b7dcc158eb6395af00307f131b49d49101e560130acfac70d96663b] [32m"W^*-wphs of accumulatable work reports)"[0m=[0x1112e5c15b7dcc158eb6395af00307f131b49d49101e560130acfac70d96663b]
[36mDEBUG[0m[03-21|01:24:39.843] SINGLE ACCUMULATE                        [36ms[0m=2953942612 [36mwrangledResults[0m='{"H":"0x1112e5c15b7dcc158eb6395af00307f131b49d49101e560130acfac70d96663b","E":"0xde37a045f6258fb64cef43cffa2a9a3c5c7c2cdf99d75b5b69e333718ebc8db2","A":"0x0b27478648cd19b4f812f897a26976ecf312eac28508b4368d0c63ea949c7cb0","O":"","Y":"0x6ee70a5aacece4221c1564c3ecd0891e232b815a93bddff929791b03658597f3","D":"0x001003000000020000000100000001000000"}'
[36mDEBUG[0m[03-21|01:24:40.237] BEEFY PANIC @SINGLE ACCUMULATE           [36ms[0m=2953942612 [36mB[0m=0x0000000000000000000000000000000000000000000000000000000000000000
[36mDEBUG[0m[03-21|01:24:40.237] SINGLE ACCUMULATE                        [36ms[0m=1065941251 [36mwrangledResults[0m='{"H":"0x1112e5c15b7dcc158eb6395af00307f131b49d49101e560130acfac70d96663b","E":"0xde37a045f6258fb64cef43cffa2a9a3c5c7c2cdf99d75b5b69e333718ebc8db2","A":"0x0b27478648cd19b4f812f897a26976ecf312eac28508b4368d0c63ea949c7cb0","O":"","Y":"0x0e5751c026e543b2e8ab2eb06099daa1d1e5df47778f7787faab45cdf12fe3a8","D":"0x00200b27478648cd19b4f812f897a26976ecf312eac28508b4368d0c63ea949c7cb0"}'
[36mDEBUG[0m[03-21|01:24:40.246] BEEFY OK-HALT with 32byte @SINGLE ACCUMULATE [36ms[0m=1065941251 [36mB[0m=0x0b27478648cd19b4f812f897a26976ecf312eac28508b4368d0c63ea949c7cb0
[32mINFO [0m[03-21|01:24:40.246] writeAccount SET                         [32mservice_idx[0m=2,953,942,612 [32mrawkey[0m=0x410363b26bae688043fad50812984b9799cac0a858bb785621384ac40a4d0b41 [32mvalue[0m="[0 0 0 0 0 0 0 0]"
[32mINFO [0m[03-21|01:24:40.247] writeAccount SET                         [32mservice_idx[0m=2,953,942,612 [32mrawkey[0m=0x45a9b220d02e801806ff5003bf4c15741f800e75320eaa2208d18e088a82da69 [32mvalue[0m="[52 3 0 0 0 0 0 0]"
[32mINFO [0m[03-21|01:24:40.247] writeAccount SET                         [32mservice_idx[0m=2,953,942,612 [32mrawkey[0m=0xaba994d8ff9cf9993de2448a9aef435f2f96058e4cb5f938da68d82bbf36d9c5 [32mvalue[0m="[3 0 0 0 2 0 0 0 1 0 0 0 1 0 0 0]"
[32mINFO [0m[03-21|01:24:40.248] writeAccount SET                         [32mservice_idx[0m=2,953,942,612 [32mrawkey[0m=0x9e2fa1cdbaa2b499a03e9f2e8a4f103cfadf271d552e453d9eef1bb2e3d0928a [32mvalue[0m="[0 0 0 0 0 0 0 0]"
[32mINFO [0m[03-21|01:24:40.249] writeAccount SET                         [32mservice_idx[0m=2,953,942,612 [32mrawkey[0m=0x224a951b43ef0e32e21a5b970bd6c2ce1fd39e6530d8af731bec76eb7283ec97 [32mvalue[0m="[0 0 0 0 0 0 0 0]"
[32mINFO [0m[03-21|01:24:40.250] writeAccount SET                         [32mservice_idx[0m=2,953,942,612 [32mrawkey[0m=0x664ab67165b2f74555d033f970ad1c7af9d2adde9e979592bfb48128d1231f50 [32mvalue[0m="[255 255 255 255 255 255 255 255]"
[32mINFO [0m[03-21|01:24:40.251] BEEFY-C                                  [32ms[0m=1065941251 [32mh[0m=0x0b27478648cd19b4f812f897a26976ecf312eac28508b4368d0c63ea949c7cb0 [32mencoded[0m=03f9883f0b27478648cd19b4f812f897a26976ecf312eac28508b4368d0c63ea949c7cb0
[32mINFO [0m[03-21|01:24:40.251] BEEFY accumulation root                  [32mr[0m=0x905236a159a16d3123c499496d40474955864760b623e4b2c94f84025fe37bc2
[36mDEBUG[0m[03-21|01:24:40.251] BETA computation                         [36mn[0m=0 [36maccumulationRoot[0m=0x905236a159a16d3123c499496d40474955864760b623e4b2c94f84025fe37bc2 [36mmmr[0m=[0x905236a159a16d3123c499496d40474955864760b623e4b2c94f84025fe37bc2,nil,nil,0x6bb576d6f940deb196e759ecaa95d9df5a72129e9060947d477210ce443cd5b1,0x258ca1dfd91e12e1dd759d157b60453156780ae36c2fdb2f57fe493b3a8f3be1]
[32mINFO [0m[03-21|01:24:40.286] [N0] proposeBlock safrole                [32mp[0m=c905..0928 [32mh[0m=548e..c313 [32me'[0m=3 [32mm'[0m=0  [32m"len(γ_a')"[0m=3  [32mblk[0m="H_t=36 H_r=dc9b..44be  EpochMarker(η1'=7e4f..8ff9, η2'=767a..23ae) |E_T|=3 |E_A|=6"
[32mINFO [0m[03-21|01:24:43.460] Fib2-(3) result with key 0               [32mresult[0m=03000000020000000100000001000000
[32mINFO [0m[03-21|01:24:43.460] Fib2-(3) result with key 1               [32mresult[0m=0000000000000000
[32mINFO [0m[03-21|01:24:43.460] Fib2-(3) result with key 2               [32mresult[0m=0000000000000000
[32mINFO [0m[03-21|01:24:43.460] Fib2-(3) result with key 5               [32mresult[0m=ffffffffffffffff
[32mINFO [0m[03-21|01:24:43.460] Fib2-(3) result with key 6               [32mresult[0m=f7ffffffffffffff
[32mINFO [0m[03-21|01:24:43.460] Fib2-(3) result with key 7               [32mresult[0m=
[32mINFO [0m[03-21|01:24:43.460] Fib2-(3) result with key 8               [32mresult[0m=0000000000000000
[32mINFO [0m[03-21|01:24:43.460] Fib2-(3) result with key 9               [32mresult[0m=3403000000000000
[36mDEBUG[0m[03-21|01:24:45.640] BETA computation                         [36mn[0m=0 [36maccumulationRoot[0m=0x0000000000000000000000000000000000000000000000000000000000000000 [36mmmr[0m=[nil,0x8affc4af8c1ebdff239f88797f8868c82ca33f44d8b6b5077f281411f645d0ba,nil,0x6bb576d6f940deb196e759ecaa95d9df5a72129e9060947d477210ce443cd5b1,0x258ca1dfd91e12e1dd759d157b60453156780ae36c2fdb2f57fe493b3a8f3be1]
[32mINFO [0m[03-21|01:24:45.672] [N0] proposeBlock safrole                [32mp[0m=548e..c313 [32mh[0m=890c..be39 [32me'[0m=3 [32mm'[0m=1  [32m"len(γ_a')"[0m=6  [32mblk[0m="H_t=37 H_r=105d..d391  |E_T|=3"
[36mDEBUG[0m[03-21|01:24:51.625] BETA computation                         [36mn[0m=5 [36maccumulationRoot[0m=0x0000000000000000000000000000000000000000000000000000000000000000 [36mmmr[0m=[0x0000000000000000000000000000000000000000000000000000000000000000,0x8affc4af8c1ebdff239f88797f8868c82ca33f44d8b6b5077f281411f645d0ba,nil,0x6bb576d6f940deb196e759ecaa95d9df5a72129e9060947d477210ce443cd5b1,0x258ca1dfd91e12e1dd759d157b60453156780ae36c2fdb2f57fe493b3a8f3be1]
[32mINFO [0m[03-21|01:24:51.660] [N5] proposeBlock safrole                [32mp[0m=890c..be39 [32mh[0m=c1ca..11d8 [32me'[0m=3 [32mm'[0m=2  [32m"len(γ_a')"[0m=9  [32mblk[0m="H_t=38 H_r=197d..82f5  |E_T|=3 |E_P|=1"
[32mINFO [0m[03-21|01:24:52.461] FIB2-(4) work package submitted          [32mworkPackage[0m=0x90b3f65ec3ac801471eb8a3faba52fa8568e577333461270a395f54589a814ae
[36mDEBUG[0m[03-21|01:24:57.916] BETA computation                         [36mn[0m=2 [36maccumulationRoot[0m=0x0000000000000000000000000000000000000000000000000000000000000000 [36mmmr[0m=[nil,nil,0x5f245d52324bbf754709e39278875a1aee4775b515660b3995566b6560350d13,0x6bb576d6f940deb196e759ecaa95d9df5a72129e9060947d477210ce443cd5b1,0x258ca1dfd91e12e1dd759d157b60453156780ae36c2fdb2f57fe493b3a8f3be1]
[32mINFO [0m[03-21|01:24:57.977] [N2] proposeBlock safrole                [32mp[0m=c1ca..11d8 [32mh[0m=2a1f..a7a3 [32me'[0m=3 [32mm'[0m=3  [32m"len(γ_a')"[0m=12 [32mblk[0m="H_t=39 H_r=8ce5..ef55  |E_T|=3"
[36mDEBUG[0m[03-21|01:25:03.160] BETA computation                         [36mn[0m=5 [36maccumulationRoot[0m=0x0000000000000000000000000000000000000000000000000000000000000000 [36mmmr[0m=[0x0000000000000000000000000000000000000000000000000000000000000000,nil,0x5f245d52324bbf754709e39278875a1aee4775b515660b3995566b6560350d13,0x6bb576d6f940deb196e759ecaa95d9df5a72129e9060947d477210ce443cd5b1,0x258ca1dfd91e12e1dd759d157b60453156780ae36c2fdb2f57fe493b3a8f3be1]
[32mINFO [0m[03-21|01:25:03.222] [N5] proposeBlock safrole                [32mp[0m=2a1f..a7a3 [32mh[0m=13fb..1ebc [32me'[0m=3 [32mm'[0m=4  [32m"len(γ_a')"[0m=12 [32mblk[0m="H_t=40 H_r=0afc..7ad4  |E_G|=1"
[32mINFO [0m[03-21|01:25:09.110] ORDERED ACCUMULATION                     [32m"W^! (wphs accumulated immediately)"[0m=[] [32mq[0m=[[]] [32m"Q(q)-priority queue result"[0m=[0x90b3f65ec3ac801471eb8a3faba52fa8568e577333461270a395f54589a814ae] [32m"W^*-wphs of accumulatable work reports)"[0m=[0x90b3f65ec3ac801471eb8a3faba52fa8568e577333461270a395f54589a814ae]
[36mDEBUG[0m[03-21|01:25:09.110] SINGLE ACCUMULATE                        [36ms[0m=2953942612 [36mwrangledResults[0m='{"H":"0x90b3f65ec3ac801471eb8a3faba52fa8568e577333461270a395f54589a814ae","E":"0xcc1721656cc436d74f8355caedb9340cfe48057027c860d2e1efc25e56f6915b","A":"0x0b27478648cd19b4f812f897a26976ecf312eac28508b4368d0c63ea949c7cb0","O":"","Y":"0x2d4d6d31c9a5662b84b735133fed4be209a3a5c2a9852a4e026da686b087c724","D":"0x001004000000030000000200000001000000"}'
[36mDEBUG[0m[03-21|01:25:09.545] BEEFY OK-HALT with 32byte @SINGLE ACCUMULATE [36ms[0m=2953942612 [36mB[0m=0x0400000003000000020000000100000000000000000000000000000000000000
[36mDEBUG[0m[03-21|01:25:09.546] SINGLE ACCUMULATE                        [36ms[0m=1065941251 [36mwrangledResults[0m='{"H":"0x90b3f65ec3ac801471eb8a3faba52fa8568e577333461270a395f54589a814ae","E":"0xcc1721656cc436d74f8355caedb9340cfe48057027c860d2e1efc25e56f6915b","A":"0x0b27478648cd19b4f812f897a26976ecf312eac28508b4368d0c63ea949c7cb0","O":"","Y":"0x0e5751c026e543b2e8ab2eb06099daa1d1e5df47778f7787faab45cdf12fe3a8","D":"0x00200b27478648cd19b4f812f897a26976ecf312eac28508b4368d0c63ea949c7cb0"}'
[36mDEBUG[0m[03-21|01:25:09.554] BEEFY OK-HALT with 32byte @SINGLE ACCUMULATE [36ms[0m=1065941251 [36mB[0m=0x0b27478648cd19b4f812f897a26976ecf312eac28508b4368d0c63ea949c7cb0
[32mINFO [0m[03-21|01:25:09.555] writeAccount SET                         [32mservice_idx[0m=2,953,942,612 [32mrawkey[0m=0x410363b26bae688043fad50812984b9799cac0a858bb785621384ac40a4d0b41 [32mvalue[0m="[0 0 0 0 0 0 0 0]"
[32mINFO [0m[03-21|01:25:09.555] writeAccount SET                         [32mservice_idx[0m=2,953,942,612 [32mrawkey[0m=0x45a9b220d02e801806ff5003bf4c15741f800e75320eaa2208d18e088a82da69 [32mvalue[0m="[12 3 0 0 0 0 0 0]"
[32mINFO [0m[03-21|01:25:09.556] writeAccount SET                         [32mservice_idx[0m=2,953,942,612 [32mrawkey[0m=0xaba994d8ff9cf9993de2448a9aef435f2f96058e4cb5f938da68d82bbf36d9c5 [32mvalue[0m="[4 0 0 0 3 0 0 0 2 0 0 0 1 0 0 0]"
[32mINFO [0m[03-21|01:25:09.557] writeAccount SET                         [32mservice_idx[0m=2,953,942,612 [32mrawkey[0m=0x9e2fa1cdbaa2b499a03e9f2e8a4f103cfadf271d552e453d9eef1bb2e3d0928a [32mvalue[0m="[0 0 0 0 0 0 0 0]"
[32mINFO [0m[03-21|01:25:09.557] writeAccount SET                         [32mservice_idx[0m=2,953,942,612 [32mrawkey[0m=0x224a951b43ef0e32e21a5b970bd6c2ce1fd39e6530d8af731bec76eb7283ec97 [32mvalue[0m="[2 0 0 0 38 0 0 0]"
[32mINFO [0m[03-21|01:25:09.558] writeAccount SET                         [32mservice_idx[0m=2,953,942,612 [32mrawkey[0m=0x664ab67165b2f74555d033f970ad1c7af9d2adde9e979592bfb48128d1231f50 [32mvalue[0m="[255 255 255 255 255 255 255 255]"
[32mINFO [0m[03-21|01:25:09.559] writeAccount SET                         [32mservice_idx[0m=2,953,942,612 [32mrawkey[0m=0x6ed0d9695e0faf6502d55bb73af9dc1dfef8adc2f16cf70cac4d94ebb4cdf289 [32mvalue[0m="[250 255 255 255 255 255 255 255]"
[32mINFO [0m[03-21|01:25:09.560] BEEFY-C                                  [32ms[0m=1065941251 [32mh[0m=0x0b27478648cd19b4f812f897a26976ecf312eac28508b4368d0c63ea949c7cb0 [32mencoded[0m=03f9883f0b27478648cd19b4f812f897a26976ecf312eac28508b4368d0c63ea949c7cb0
[32mINFO [0m[03-21|01:25:09.560] BEEFY-C                                  [32ms[0m=2953942612 [32mh[0m=0x0400000003000000020000000100000000000000000000000000000000000000 [32mencoded[0m=549611b00400000003000000020000000100000000000000000000000000000000000000
[32mINFO [0m[03-21|01:25:09.560] BEEFY accumulation root                  [32mr[0m=0xd4f023c3019e27e3eef31448a3d3d54e2adb4a2d319131bf03abcfac632e6135
[36mDEBUG[0m[03-21|01:25:09.560] BETA computation                         [36mn[0m=2 [36maccumulationRoot[0m=0xd4f023c3019e27e3eef31448a3d3d54e2adb4a2d319131bf03abcfac632e6135 [36mmmr[0m=[nil,0xa67c604cc3f31fcc37b2d5a3d97c7b0846728804b89d7dabaab99c4aca70289a,0x5f245d52324bbf754709e39278875a1aee4775b515660b3995566b6560350d13,0x6bb576d6f940deb196e759ecaa95d9df5a72129e9060947d477210ce443cd5b1,0x258ca1dfd91e12e1dd759d157b60453156780ae36c2fdb2f57fe493b3a8f3be1]
[32mINFO [0m[03-21|01:25:09.603] [N2] proposeBlock safrole                [32mp[0m=13fb..1ebc [32mh[0m=8bfe..fbc0 [32me'[0m=3 [32mm'[0m=5  [32m"len(γ_a')"[0m=12 [32mblk[0m="H_t=41 H_r=7582..b357  |E_A|=6"
[32mINFO [0m[03-21|01:25:12.483] Fib2-(4) result with key 0               [32mresult[0m=04000000030000000200000001000000
[32mINFO [0m[03-21|01:25:12.483] Fib2-(4) result with key 1               [32mresult[0m=0000000000000000
[32mINFO [0m[03-21|01:25:12.483] Fib2-(4) result with key 2               [32mresult[0m=0200000026000000
[32mINFO [0m[03-21|01:25:12.483] Fib2-(4) result with key 5               [32mresult[0m=ffffffffffffffff
[32mINFO [0m[03-21|01:25:12.483] Fib2-(4) result with key 6               [32mresult[0m=faffffffffffffff
[32mINFO [0m[03-21|01:25:12.483] Fib2-(4) result with key 7               [32mresult[0m=
[32mINFO [0m[03-21|01:25:12.483] Fib2-(4) result with key 8               [32mresult[0m=0000000000000000
[32mINFO [0m[03-21|01:25:12.483] Fib2-(4) result with key 9               [32mresult[0m=0c03000000000000
[32mINFO [0m[03-21|01:25:12.483] FIB2-(5) work package submitted          [32mworkPackage[0m=0x415d669a01172ced33f0338efc33a110ce5fe43e7102d630b5fc74fdb4e5c603
[36mDEBUG[0m[03-21|01:25:15.153] BETA computation                         [36mn[0m=3 [36maccumulationRoot[0m=0x0000000000000000000000000000000000000000000000000000000000000000 [36mmmr[0m=[0x0000000000000000000000000000000000000000000000000000000000000000,0xa67c604cc3f31fcc37b2d5a3d97c7b0846728804b89d7dabaab99c4aca70289a,0x5f245d52324bbf754709e39278875a1aee4775b515660b3995566b6560350d13,0x6bb576d6f940deb196e759ecaa95d9df5a72129e9060947d477210ce443cd5b1,0x258ca1dfd91e12e1dd759d157b60453156780ae36c2fdb2f57fe493b3a8f3be1]
[32mINFO [0m[03-21|01:25:15.227] [N3] proposeBlock safrole                [32mp[0m=8bfe..fbc0 [32mh[0m=3dcd..388e [32me'[0m=3 [32mm'[0m=6  [32m"len(γ_a')"[0m=12 [32mblk[0m="H_t=42 H_r=b0c5..1905 "
[36mDEBUG[0m[03-21|01:25:21.156] BETA computation                         [36mn[0m=1 [36maccumulationRoot[0m=0x0000000000000000000000000000000000000000000000000000000000000000 [36mmmr[0m=[nil,nil,nil,nil,nil,0x186e803f92122504d9b1a349f2b014259575d1ee97600b60eab42ce619c44432]
[32mINFO [0m[03-21|01:25:21.248] [N1] proposeBlock safrole                [32mp[0m=3dcd..388e [32mh[0m=a57a..6ef5 [32me'[0m=3 [32mm'[0m=7  [32m"len(γ_a')"[0m=12 [32mblk[0m="H_t=43 H_r=160f..dceb "
[36mDEBUG[0m[03-21|01:25:27.110] BETA computation                         [36mn[0m=3 [36maccumulationRoot[0m=0x0000000000000000000000000000000000000000000000000000000000000000 [36mmmr[0m=[0x0000000000000000000000000000000000000000000000000000000000000000,nil,nil,nil,nil,0x186e803f92122504d9b1a349f2b014259575d1ee97600b60eab42ce619c44432]
[32mINFO [0m[03-21|01:25:27.160] [N3] proposeBlock safrole                [32mp[0m=a57a..6ef5 [32mh[0m=def7..cad3 [32me'[0m=3 [32mm'[0m=8  [32m"len(γ_a')"[0m=12 [32mblk[0m="H_t=44 H_r=087d..e99c  |E_G|=1"
[32mINFO [0m[03-21|01:25:33.157] ORDERED ACCUMULATION                     [32m"W^! (wphs accumulated immediately)"[0m=[] [32mq[0m=[[]] [32m"Q(q)-priority queue result"[0m=[0x415d669a01172ced33f0338efc33a110ce5fe43e7102d630b5fc74fdb4e5c603] [32m"W^*-wphs of accumulatable work reports)"[0m=[0x415d669a01172ced33f0338efc33a110ce5fe43e7102d630b5fc74fdb4e5c603]
[36mDEBUG[0m[03-21|01:25:33.157] SINGLE ACCUMULATE                        [36ms[0m=2953942612 [36mwrangledResults[0m='{"H":"0x415d669a01172ced33f0338efc33a110ce5fe43e7102d630b5fc74fdb4e5c603","E":"0x70e7ddd5a87a66e848f40aa46b43eb24cbffa6782eb5dbffa46c6065245d1937","A":"0x0b27478648cd19b4f812f897a26976ecf312eac28508b4368d0c63ea949c7cb0","O":"","Y":"0x2d6b8695924cff858a50a7ca69aa5775848d29b5f7f69332f44bd865f0630526","D":"0x001005000000050000000300000002000000"}'
[36mDEBUG[0m[03-21|01:25:33.599] BEEFY OK-HALT with 32byte @SINGLE ACCUMULATE [36ms[0m=2953942612 [36mB[0m=0x0500000005000000030000000200000000000000000000000000000000000000
[36mDEBUG[0m[03-21|01:25:33.599] SINGLE ACCUMULATE                        [36ms[0m=1065941251 [36mwrangledResults[0m='{"H":"0x415d669a01172ced33f0338efc33a110ce5fe43e7102d630b5fc74fdb4e5c603","E":"0x70e7ddd5a87a66e848f40aa46b43eb24cbffa6782eb5dbffa46c6065245d1937","A":"0x0b27478648cd19b4f812f897a26976ecf312eac28508b4368d0c63ea949c7cb0","O":"","Y":"0x0e5751c026e543b2e8ab2eb06099daa1d1e5df47778f7787faab45cdf12fe3a8","D":"0x00200b27478648cd19b4f812f897a26976ecf312eac28508b4368d0c63ea949c7cb0"}'
[36mDEBUG[0m[03-21|01:25:33.607] BEEFY OK-HALT with 32byte @SINGLE ACCUMULATE [36ms[0m=1065941251 [36mB[0m=0x0b27478648cd19b4f812f897a26976ecf312eac28508b4368d0c63ea949c7cb0
[32mINFO [0m[03-21|01:25:33.607] writeAccount SET                         [32mservice_idx[0m=2,953,942,612 [32mrawkey[0m=0x224a951b43ef0e32e21a5b970bd6c2ce1fd39e6530d8af731bec76eb7283ec97 [32mvalue[0m="[2 0 0 0 38 0 0 0]"
[32mINFO [0m[03-21|01:25:33.608] writeAccount SET                         [32mservice_idx[0m=2,953,942,612 [32mrawkey[0m=0x664ab67165b2f74555d033f970ad1c7af9d2adde9e979592bfb48128d1231f50 [32mvalue[0m="[252 255 255 255 255 255 255 255]"
[32mINFO [0m[03-21|01:25:33.609] writeAccount SET                         [32mservice_idx[0m=2,953,942,612 [32mrawkey[0m=0x6ed0d9695e0faf6502d55bb73af9dc1dfef8adc2f16cf70cac4d94ebb4cdf289 [32mvalue[0m="[252 255 255 255 255 255 255 255]"
[32mINFO [0m[03-21|01:25:33.610] writeAccount SET                         [32mservice_idx[0m=2,953,942,612 [32mrawkey[0m=0x410363b26bae688043fad50812984b9799cac0a858bb785621384ac40a4d0b41 [32mvalue[0m="[0 0 0 0 0 0 0 0]"
[32mINFO [0m[03-21|01:25:33.610] writeAccount SET                         [32mservice_idx[0m=2,953,942,612 [32mrawkey[0m=0x45a9b220d02e801806ff5003bf4c15741f800e75320eaa2208d18e088a82da69 [32mvalue[0m="[12 3 0 0 0 0 0 0]"
[32mINFO [0m[03-21|01:25:33.611] writeAccount SET                         [32mservice_idx[0m=2,953,942,612 [32mrawkey[0m=0xaba994d8ff9cf9993de2448a9aef435f2f96058e4cb5f938da68d82bbf36d9c5 [32mvalue[0m="[5 0 0 0 5 0 0 0 3 0 0 0 2 0 0 0]"
[32mINFO [0m[03-21|01:25:33.611] writeAccount SET                         [32mservice_idx[0m=2,953,942,612 [32mrawkey[0m=0x9e2fa1cdbaa2b499a03e9f2e8a4f103cfadf271d552e453d9eef1bb2e3d0928a [32mvalue[0m="[3 0 0 0 0 0 0 0]"
[32mINFO [0m[03-21|01:25:33.613] BEEFY-C                                  [32ms[0m=1065941251 [32mh[0m=0x0b27478648cd19b4f812f897a26976ecf312eac28508b4368d0c63ea949c7cb0 [32mencoded[0m=03f9883f0b27478648cd19b4f812f897a26976ecf312eac28508b4368d0c63ea949c7cb0
[32mINFO [0m[03-21|01:25:33.613] BEEFY-C                                  [32ms[0m=2953942612 [32mh[0m=0x0500000005000000030000000200000000000000000000000000000000000000 [32mencoded[0m=549611b00500000005000000030000000200000000000000000000000000000000000000
[32mINFO [0m[03-21|01:25:33.613] BEEFY accumulation root                  [32mr[0m=0x767099fbd3cad3575e49e5c6e3710e57578629cf60dc728fc18e9b45d31668e8
[36mDEBUG[0m[03-21|01:25:33.613] BETA computation                         [36mn[0m=4 [36maccumulationRoot[0m=0x767099fbd3cad3575e49e5c6e3710e57578629cf60dc728fc18e9b45d31668e8 [36mmmr[0m=[nil,0x894f42d926449a0b45ddfb72630d3e3b98091693a2bb86e1a2dca206d35983e6,nil,nil,nil,0x186e803f92122504d9b1a349f2b014259575d1ee97600b60eab42ce619c44432]
[32mINFO [0m[03-21|01:25:33.651] [N4] proposeBlock safrole                [32mp[0m=def7..cad3 [32mh[0m=75aa..2e69 [32me'[0m=3 [32mm'[0m=9  [32m"len(γ_a')"[0m=12 [32mblk[0m="H_t=45 H_r=f1e7..08e9  |E_A|=6"
[32mINFO [0m[03-21|01:25:35.510] Fib2-(5) result with key 0               [32mresult[0m=05000000050000000300000002000000
[32mINFO [0m[03-21|01:25:35.510] Fib2-(5) result with key 1               [32mresult[0m=0300000000000000
[32mINFO [0m[03-21|01:25:35.510] Fib2-(5) result with key 2               [32mresult[0m=0200000026000000
[32mINFO [0m[03-21|01:25:35.510] Fib2-(5) result with key 5               [32mresult[0m=fcffffffffffffff
[32mINFO [0m[03-21|01:25:35.510] Fib2-(5) result with key 6               [32mresult[0m=fcffffffffffffff
[32mINFO [0m[03-21|01:25:35.510] Fib2-(5) result with key 7               [32mresult[0m=
[32mINFO [0m[03-21|01:25:35.510] Fib2-(5) result with key 8               [32mresult[0m=0000000000000000
[32mINFO [0m[03-21|01:25:35.510] Fib2-(5) result with key 9               [32mresult[0m=0c03000000000000
[32mINFO [0m[03-21|01:25:35.510] FIB2-(6) work package submitted          [32mworkPackage[0m=0xe451fc7a1bd9a8433caaf7cdb10035be3123625c37d2f66d04aac58cf2ab5b29
[36mDEBUG[0m[03-21|01:25:39.136] BETA computation                         [36mn[0m=5 [36maccumulationRoot[0m=0x0000000000000000000000000000000000000000000000000000000000000000 [36mmmr[0m=[0x0000000000000000000000000000000000000000000000000000000000000000,0x894f42d926449a0b45ddfb72630d3e3b98091693a2bb86e1a2dca206d35983e6,nil,nil,nil,0x186e803f92122504d9b1a349f2b014259575d1ee97600b60eab42ce619c44432]
[32mINFO [0m[03-21|01:25:39.198] [N5] proposeBlock safrole                [32mp[0m=75aa..2e69 [32mh[0m=c6f0..86cd [32me'[0m=3 [32mm'[0m=10 [32m"len(γ_a')"[0m=12 [32mblk[0m="H_t=46 H_r=f5b3..f409   WinningTickets(12)"
[36mDEBUG[0m[03-21|01:25:47.504] BETA computation                         [36mn[0m=2 [36maccumulationRoot[0m=0x0000000000000000000000000000000000000000000000000000000000000000 [36mmmr[0m=[nil,nil,0x4ecc42a5cb89798d2402d7faa995f6a9e99e384db8961cb160e7ed34e66f6ba2,nil,nil,0x186e803f92122504d9b1a349f2b014259575d1ee97600b60eab42ce619c44432]
[32mINFO [0m[03-21|01:25:47.733] [N2] proposeBlock safrole                [32mp[0m=c6f0..86cd [32mh[0m=1588..f4b1 [32me'[0m=3 [32mm'[0m=11 [32m"len(γ_a')"[0m=12 [32mblk[0m="H_t=47 H_r=15c2..df21  |E_G|=1"
[32mINFO [0m[03-21|01:25:51.895] ORDERED ACCUMULATION                     [32m"W^! (wphs accumulated immediately)"[0m=[] [32mq[0m=[[]] [32m"Q(q)-priority queue result"[0m=[0xe451fc7a1bd9a8433caaf7cdb10035be3123625c37d2f66d04aac58cf2ab5b29] [32m"W^*-wphs of accumulatable work reports)"[0m=[0xe451fc7a1bd9a8433caaf7cdb10035be3123625c37d2f66d04aac58cf2ab5b29]
[36mDEBUG[0m[03-21|01:25:51.895] SINGLE ACCUMULATE                        [36ms[0m=2953942612 [36mwrangledResults[0m='{"H":"0xe451fc7a1bd9a8433caaf7cdb10035be3123625c37d2f66d04aac58cf2ab5b29","E":"0xb6efa3b307e9acbd940c02203c72028b03794d7db63eaffbb381f258bebdc05f","A":"0x0b27478648cd19b4f812f897a26976ecf312eac28508b4368d0c63ea949c7cb0","O":"","Y":"0x082abde8ae6218b2b61078ea523c2f35713cfa9c2ecae3ab47ce89061707cce9","D":"0x001006000000080000000500000003000000"}'
[36mDEBUG[0m[03-21|01:25:52.648] BEEFY PANIC @SINGLE ACCUMULATE           [36ms[0m=2953942612 [36mB[0m=0x0000000000000000000000000000000000000000000000000000000000000000
[36mDEBUG[0m[03-21|01:25:52.648] SINGLE ACCUMULATE                        [36ms[0m=1065941251 [36mwrangledResults[0m='{"H":"0xe451fc7a1bd9a8433caaf7cdb10035be3123625c37d2f66d04aac58cf2ab5b29","E":"0xb6efa3b307e9acbd940c02203c72028b03794d7db63eaffbb381f258bebdc05f","A":"0x0b27478648cd19b4f812f897a26976ecf312eac28508b4368d0c63ea949c7cb0","O":"","Y":"0x0e5751c026e543b2e8ab2eb06099daa1d1e5df47778f7787faab45cdf12fe3a8","D":"0x00200b27478648cd19b4f812f897a26976ecf312eac28508b4368d0c63ea949c7cb0"}'
[36mDEBUG[0m[03-21|01:25:52.655] BEEFY OK-HALT with 32byte @SINGLE ACCUMULATE [36ms[0m=1065941251 [36mB[0m=0x0b27478648cd19b4f812f897a26976ecf312eac28508b4368d0c63ea949c7cb0
[32mINFO [0m[03-21|01:25:52.655] writeAccount SET                         [32mservice_idx[0m=2,953,942,612 [32mrawkey[0m=0xaba994d8ff9cf9993de2448a9aef435f2f96058e4cb5f938da68d82bbf36d9c5 [32mvalue[0m="[6 0 0 0 8 0 0 0 5 0 0 0 3 0 0 0]"
[32mINFO [0m[03-21|01:25:52.656] writeAccount SET                         [32mservice_idx[0m=2,953,942,612 [32mrawkey[0m=0x9e2fa1cdbaa2b499a03e9f2e8a4f103cfadf271d552e453d9eef1bb2e3d0928a [32mvalue[0m="[0 0 0 0 0 0 0 0]"
[32mINFO [0m[03-21|01:25:52.657] writeAccount SET                         [32mservice_idx[0m=2,953,942,612 [32mrawkey[0m=0x224a951b43ef0e32e21a5b970bd6c2ce1fd39e6530d8af731bec76eb7283ec97 [32mvalue[0m="[3 0 0 0 38 0 0 0]"
[32mINFO [0m[03-21|01:25:52.658] writeAccount SET                         [32mservice_idx[0m=2,953,942,612 [32mrawkey[0m=0x664ab67165b2f74555d033f970ad1c7af9d2adde9e979592bfb48128d1231f50 [32mvalue[0m="[0 0 0 0 0 0 0 0]"
[32mINFO [0m[03-21|01:25:52.658] writeAccount SET                         [32mservice_idx[0m=2,953,942,612 [32mrawkey[0m=0x410363b26bae688043fad50812984b9799cac0a858bb785621384ac40a4d0b41 [32mvalue[0m="[0 0 0 0 0 0 0 0]"
[32mINFO [0m[03-21|01:25:52.659] writeAccount SET                         [32mservice_idx[0m=2,953,942,612 [32mrawkey[0m=0x45a9b220d02e801806ff5003bf4c15741f800e75320eaa2208d18e088a82da69 [32mvalue[0m="[52 3 0 0 0 0 0 0]"
[32mINFO [0m[03-21|01:25:52.660] BEEFY-C                                  [32ms[0m=1065941251 [32mh[0m=0x0b27478648cd19b4f812f897a26976ecf312eac28508b4368d0c63ea949c7cb0 [32mencoded[0m=03f9883f0b27478648cd19b4f812f897a26976ecf312eac28508b4368d0c63ea949c7cb0
[32mINFO [0m[03-21|01:25:52.660] BEEFY accumulation root                  [32mr[0m=0x905236a159a16d3123c499496d40474955864760b623e4b2c94f84025fe37bc2
[36mDEBUG[0m[03-21|01:25:52.660] BETA computation                         [36mn[0m=2 [36maccumulationRoot[0m=0x905236a159a16d3123c499496d40474955864760b623e4b2c94f84025fe37bc2 [36mmmr[0m=[0x905236a159a16d3123c499496d40474955864760b623e4b2c94f84025fe37bc2,nil,0x4ecc42a5cb89798d2402d7faa995f6a9e99e384db8961cb160e7ed34e66f6ba2,nil,nil,0x186e803f92122504d9b1a349f2b014259575d1ee97600b60eab42ce619c44432]
[32mINFO [0m[03-21|01:25:52.698] [N2] proposeBlock safrole                [32mp[0m=1588..f4b1 [32mh[0m=6f53..d0e9 [32me'[0m=4 [32mm'[0m=0  [32m"len(γ_a')"[0m=3  [32mblk[0m="H_t=48 H_r=a2b3..57b9  EpochMarker(η1'=30a1..cbf9, η2'=7e4f..8ff9) |E_T|=3 |E_A|=6"
[32mINFO [0m[03-21|01:25:57.543] Fib2-(6) result with key 0               [32mresult[0m=06000000080000000500000003000000
[32mINFO [0m[03-21|01:25:57.543] Fib2-(6) result with key 1               [32mresult[0m=0000000000000000
[32mINFO [0m[03-21|01:25:57.543] Fib2-(6) result with key 2               [32mresult[0m=0300000026000000
[32mINFO [0m[03-21|01:25:57.543] Fib2-(6) result with key 5               [32mresult[0m=0000000000000000
[32mINFO [0m[03-21|01:25:57.543] Fib2-(6) result with key 6               [32mresult[0m=fcffffffffffffff
[32mINFO [0m[03-21|01:25:57.543] Fib2-(6) result with key 7               [32mresult[0m=
[32mINFO [0m[03-21|01:25:57.543] Fib2-(6) result with key 8               [32mresult[0m=0000000000000000
[32mINFO [0m[03-21|01:25:57.543] Fib2-(6) result with key 9               [32mresult[0m=3403000000000000
[36mDEBUG[0m[03-21|01:25:57.632] BETA computation                         [36mn[0m=0 [36maccumulationRoot[0m=0x0000000000000000000000000000000000000000000000000000000000000000 [36mmmr[0m=[nil,0x8affc4af8c1ebdff239f88797f8868c82ca33f44d8b6b5077f281411f645d0ba,0x4ecc42a5cb89798d2402d7faa995f6a9e99e384db8961cb160e7ed34e66f6ba2,nil,nil,0x186e803f92122504d9b1a349f2b014259575d1ee97600b60eab42ce619c44432]
[32mINFO [0m[03-21|01:25:57.664] [N0] proposeBlock safrole                [32mp[0m=6f53..d0e9 [32mh[0m=5708..dcda [32me'[0m=4 [32mm'[0m=1  [32m"len(γ_a')"[0m=6  [32mblk[0m="H_t=49 H_r=b5ff..ea28  |E_T|=3"
[33mWARN [0m[03-21|01:26:00.544] processPreimage:ValidateLookup           [33merr[0m="PreimageBlob already set"
[33mWARN [0m[03-21|01:26:00.545] processPreimage:ValidateLookup           [33merr[0m="PreimageBlob already set"
[33mWARN [0m[03-21|01:26:00.545] processPreimage:ValidateLookup           [33merr[0m="PreimageBlob already set"
[33mWARN [0m[03-21|01:26:00.545] processPreimage:ValidateLookup           [33merr[0m="PreimageBlob already set"
[33mWARN [0m[03-21|01:26:00.545] processPreimage:ValidateLookup           [33merr[0m="PreimageBlob already set"
[33mWARN [0m[03-21|01:26:00.545] processPreimage:ValidateLookup           [33merr[0m="PreimageBlob already set"
[36mDEBUG[0m[03-21|01:26:03.589] BETA computation                         [36mn[0m=0 [36maccumulationRoot[0m=0x0000000000000000000000000000000000000000000000000000000000000000 [36mmmr[0m=[0x0000000000000000000000000000000000000000000000000000000000000000,0x8affc4af8c1ebdff239f88797f8868c82ca33f44d8b6b5077f281411f645d0ba,0x4ecc42a5cb89798d2402d7faa995f6a9e99e384db8961cb160e7ed34e66f6ba2,nil,nil,0x186e803f92122504d9b1a349f2b014259575d1ee97600b60eab42ce619c44432]
[32mINFO [0m[03-21|01:26:03.638] [N0] proposeBlock safrole                [32mp[0m=5708..dcda [32mh[0m=98bc..9eaf [32me'[0m=4 [32mm'[0m=2  [32m"len(γ_a')"[0m=9  [32mblk[0m="H_t=50 H_r=1518..5b7e  |E_T|=3"
[32mINFO [0m[03-21|01:26:06.545] FIB2-(7) work package submitted          [32mworkPackage[0m=0x85a36db67a8c8c0c7eed03e5ffcbf7b117a5fdec501401eeb17ad7b016cb0e8d
[36mDEBUG[0m[03-21|01:26:09.963] BETA computation                         [36mn[0m=4 [36maccumulationRoot[0m=0x0000000000000000000000000000000000000000000000000000000000000000 [36mmmr[0m=[nil,nil,nil,0xbaf079a8132cf215827869460789123f3d39d60417f8eca29d86279235b6b8bf,nil,0x186e803f92122504d9b1a349f2b014259575d1ee97600b60eab42ce619c44432]
[32mINFO [0m[03-21|01:26:10.040] [N4] proposeBlock safrole                [32mp[0m=98bc..9eaf [32mh[0m=1ede..be5b [32me'[0m=4 [32mm'[0m=3  [32m"len(γ_a')"[0m=12 [32mblk[0m="H_t=51 H_r=dd68..de98  |E_T|=3"
[36mDEBUG[0m[03-21|01:26:15.183] BETA computation                         [36mn[0m=4 [36maccumulationRoot[0m=0x0000000000000000000000000000000000000000000000000000000000000000 [36mmmr[0m=[0x0000000000000000000000000000000000000000000000000000000000000000,nil,nil,0xbaf079a8132cf215827869460789123f3d39d60417f8eca29d86279235b6b8bf,nil,0x186e803f92122504d9b1a349f2b014259575d1ee97600b60eab42ce619c44432]
[32mINFO [0m[03-21|01:26:15.253] [N4] proposeBlock safrole                [32mp[0m=1ede..be5b [32mh[0m=8804..835c [32me'[0m=4 [32mm'[0m=4  [32m"len(γ_a')"[0m=12 [32mblk[0m="H_t=52 H_r=87f9..fe3f "
[36mDEBUG[0m[03-21|01:26:21.126] BETA computation                         [36mn[0m=4 [36maccumulationRoot[0m=0x0000000000000000000000000000000000000000000000000000000000000000 [36mmmr[0m=[nil,0xad3228b676f7d3cd4284a5443f17f1962b36e491b30a40b2405849e597ba5fb5,nil,0xbaf079a8132cf215827869460789123f3d39d60417f8eca29d86279235b6b8bf,nil,0x186e803f92122504d9b1a349f2b014259575d1ee97600b60eab42ce619c44432]
[32mINFO [0m[03-21|01:26:21.168] [N4] proposeBlock safrole                [32mp[0m=8804..835c [32mh[0m=e045..06fb [32me'[0m=4 [32mm'[0m=5  [32m"len(γ_a')"[0m=12 [32mblk[0m="H_t=53 H_r=475c..3448  |E_G|=1"
[32mINFO [0m[03-21|01:26:27.098] ORDERED ACCUMULATION                     [32m"W^! (wphs accumulated immediately)"[0m=[] [32mq[0m=[[]] [32m"Q(q)-priority queue result"[0m=[0x85a36db67a8c8c0c7eed03e5ffcbf7b117a5fdec501401eeb17ad7b016cb0e8d] [32m"W^*-wphs of accumulatable work reports)"[0m=[0x85a36db67a8c8c0c7eed03e5ffcbf7b117a5fdec501401eeb17ad7b016cb0e8d]
[36mDEBUG[0m[03-21|01:26:27.098] SINGLE ACCUMULATE                        [36ms[0m=2953942612 [36mwrangledResults[0m='{"H":"0x85a36db67a8c8c0c7eed03e5ffcbf7b117a5fdec501401eeb17ad7b016cb0e8d","E":"0x48631bb12661c1e6a0e16c847b930291e2bf9dc13e3295777a218e147a5f59cf","A":"0x0b27478648cd19b4f812f897a26976ecf312eac28508b4368d0c63ea949c7cb0","O":"","Y":"0x3e529520f3a200df322f81a9d952e89b44cec08ec05de39c42a2a204f19275f9","D":"0x0010070000000d0000000800000005000000"}'
[36mDEBUG[0m[03-21|01:26:27.395] BEEFY OK-HALT with 32byte @SINGLE ACCUMULATE [36ms[0m=2953942612 [36mB[0m=0x070000000d000000080000000500000000000000000000000000000000000000
[36mDEBUG[0m[03-21|01:26:27.395] SINGLE ACCUMULATE                        [36ms[0m=1065941251 [36mwrangledResults[0m='{"H":"0x85a36db67a8c8c0c7eed03e5ffcbf7b117a5fdec501401eeb17ad7b016cb0e8d","E":"0x48631bb12661c1e6a0e16c847b930291e2bf9dc13e3295777a218e147a5f59cf","A":"0x0b27478648cd19b4f812f897a26976ecf312eac28508b4368d0c63ea949c7cb0","O":"","Y":"0x0e5751c026e543b2e8ab2eb06099daa1d1e5df47778f7787faab45cdf12fe3a8","D":"0x00200b27478648cd19b4f812f897a26976ecf312eac28508b4368d0c63ea949c7cb0"}'
[36mDEBUG[0m[03-21|01:26:27.405] BEEFY OK-HALT with 32byte @SINGLE ACCUMULATE [36ms[0m=1065941251 [36mB[0m=0x0b27478648cd19b4f812f897a26976ecf312eac28508b4368d0c63ea949c7cb0
[32mINFO [0m[03-21|01:26:27.405] writeAccount SET                         [32mservice_idx[0m=2,953,942,612 [32mrawkey[0m=0x224a951b43ef0e32e21a5b970bd6c2ce1fd39e6530d8af731bec76eb7283ec97 [32mvalue[0m="[2 0 0 0 48 0 0 0]"
[32mINFO [0m[03-21|01:26:27.407] writeAccount SET                         [32mservice_idx[0m=2,953,942,612 [32mrawkey[0m=0x410363b26bae688043fad50812984b9799cac0a858bb785621384ac40a4d0b41 [32mvalue[0m="[0 0 0 0 0 0 0 0]"
[32mINFO [0m[03-21|01:26:27.408] writeAccount SET                         [32mservice_idx[0m=2,953,942,612 [32mrawkey[0m=0x45a9b220d02e801806ff5003bf4c15741f800e75320eaa2208d18e088a82da69 [32mvalue[0m="[92 3 0 0 0 0 0 0]"
[32mINFO [0m[03-21|01:26:27.409] writeAccount SET                         [32mservice_idx[0m=2,953,942,612 [32mrawkey[0m=0xaba994d8ff9cf9993de2448a9aef435f2f96058e4cb5f938da68d82bbf36d9c5 [32mvalue[0m="[7 0 0 0 13 0 0 0 8 0 0 0 5 0 0 0]"
[32mINFO [0m[03-21|01:26:27.410] writeAccount SET                         [32mservice_idx[0m=2,953,942,612 [32mrawkey[0m=0x9e2fa1cdbaa2b499a03e9f2e8a4f103cfadf271d552e453d9eef1bb2e3d0928a [32mvalue[0m="[0 0 0 0 0 0 0 0]"
[32mINFO [0m[03-21|01:26:27.412] BEEFY-C                                  [32ms[0m=1065941251 [32mh[0m=0x0b27478648cd19b4f812f897a26976ecf312eac28508b4368d0c63ea949c7cb0 [32mencoded[0m=03f9883f0b27478648cd19b4f812f897a26976ecf312eac28508b4368d0c63ea949c7cb0
[32mINFO [0m[03-21|01:26:27.412] BEEFY-C                                  [32ms[0m=2953942612 [32mh[0m=0x070000000d000000080000000500000000000000000000000000000000000000 [32mencoded[0m=549611b0070000000d000000080000000500000000000000000000000000000000000000
[32mINFO [0m[03-21|01:26:27.412] BEEFY accumulation root                  [32mr[0m=0x3ac97403dd8054afb87dd179890729b4731671d9c808f3503962971d7431fedb
[36mDEBUG[0m[03-21|01:26:27.412] BETA computation                         [36mn[0m=1 [36maccumulationRoot[0m=0x3ac97403dd8054afb87dd179890729b4731671d9c808f3503962971d7431fedb [36mmmr[0m=[0x3ac97403dd8054afb87dd179890729b4731671d9c808f3503962971d7431fedb,0xad3228b676f7d3cd4284a5443f17f1962b36e491b30a40b2405849e597ba5fb5,nil,0xbaf079a8132cf215827869460789123f3d39d60417f8eca29d86279235b6b8bf,nil,0x186e803f92122504d9b1a349f2b014259575d1ee97600b60eab42ce619c44432]
[32mINFO [0m[03-21|01:26:27.456] [N1] proposeBlock safrole                [32mp[0m=e045..06fb [32mh[0m=db50..6847 [32me'[0m=4 [32mm'[0m=6  [32m"len(γ_a')"[0m=12 [32mblk[0m="H_t=54 H_r=cf19..0862  |E_A|=6"
[32mINFO [0m[03-21|01:26:29.565] Fib2-(7) result with key 0               [32mresult[0m=070000000d0000000800000005000000
[32mINFO [0m[03-21|01:26:29.566] Fib2-(7) result with key 1               [32mresult[0m=0000000000000000
[32mINFO [0m[03-21|01:26:29.566] Fib2-(7) result with key 2               [32mresult[0m=0200000030000000
[32mINFO [0m[03-21|01:26:29.566] Fib2-(7) result with key 5               [32mresult[0m=0000000000000000
[32mINFO [0m[03-21|01:26:29.566] Fib2-(7) result with key 6               [32mresult[0m=fcffffffffffffff
[32mINFO [0m[03-21|01:26:29.566] Fib2-(7) result with key 7               [32mresult[0m=
[32mINFO [0m[03-21|01:26:29.566] Fib2-(7) result with key 8               [32mresult[0m=0000000000000000
[32mINFO [0m[03-21|01:26:29.566] Fib2-(7) result with key 9               [32mresult[0m=5c03000000000000
[32mINFO [0m[03-21|01:26:29.566] FIB2-(8) work package submitted          [32mworkPackage[0m=0xfda07d2fa31e022f0c89ec124e6dc2dd922d54075f804c1411e798fcb1611ec7
[36mDEBUG[0m[03-21|01:26:33.133] BETA computation                         [36mn[0m=2 [36maccumulationRoot[0m=0x0000000000000000000000000000000000000000000000000000000000000000 [36mmmr[0m=[nil,nil,0xd659b34a50b9e77056d02640531071d4874e1f624df319e2067ab019d8f449e8,0xbaf079a8132cf215827869460789123f3d39d60417f8eca29d86279235b6b8bf,nil,0x186e803f92122504d9b1a349f2b014259575d1ee97600b60eab42ce619c44432]
[32mINFO [0m[03-21|01:26:33.223] [N2] proposeBlock safrole                [32mp[0m=db50..6847 [32mh[0m=bc3d..9437 [32me'[0m=4 [32mm'[0m=7  [32m"len(γ_a')"[0m=12 [32mblk[0m="H_t=55 H_r=895d..3612 "
[36mDEBUG[0m[03-21|01:26:39.155] BETA computation                         [36mn[0m=3 [36maccumulationRoot[0m=0x0000000000000000000000000000000000000000000000000000000000000000 [36mmmr[0m=[0x0000000000000000000000000000000000000000000000000000000000000000,nil,0xd659b34a50b9e77056d02640531071d4874e1f624df319e2067ab019d8f449e8,0xbaf079a8132cf215827869460789123f3d39d60417f8eca29d86279235b6b8bf,nil,0x186e803f92122504d9b1a349f2b014259575d1ee97600b60eab42ce619c44432]
[32mINFO [0m[03-21|01:26:39.224] [N3] proposeBlock safrole                [32mp[0m=bc3d..9437 [32mh[0m=f8f7..5c71 [32me'[0m=4 [32mm'[0m=8  [32m"len(γ_a')"[0m=12 [32mblk[0m="H_t=56 H_r=4272..dcde "
[36mDEBUG[0m[03-21|01:26:45.081] BETA computation                         [36mn[0m=1 [36maccumulationRoot[0m=0x0000000000000000000000000000000000000000000000000000000000000000 [36mmmr[0m=[nil,0xad3228b676f7d3cd4284a5443f17f1962b36e491b30a40b2405849e597ba5fb5,0xd659b34a50b9e77056d02640531071d4874e1f624df319e2067ab019d8f449e8,0xbaf079a8132cf215827869460789123f3d39d60417f8eca29d86279235b6b8bf,nil,0x186e803f92122504d9b1a349f2b014259575d1ee97600b60eab42ce619c44432]
[32mINFO [0m[03-21|01:26:45.140] [N1] proposeBlock safrole                [32mp[0m=f8f7..5c71 [32mh[0m=f7b5..2ab5 [32me'[0m=4 [32mm'[0m=9  [32m"len(γ_a')"[0m=12 [32mblk[0m="H_t=57 H_r=f3d0..8e08  |E_G|=1"
[32mINFO [0m[03-21|01:26:51.097] ORDERED ACCUMULATION                     [32m"W^! (wphs accumulated immediately)"[0m=[] [32mq[0m=[[]] [32m"Q(q)-priority queue result"[0m=[0xfda07d2fa31e022f0c89ec124e6dc2dd922d54075f804c1411e798fcb1611ec7] [32m"W^*-wphs of accumulatable work reports)"[0m=[0xfda07d2fa31e022f0c89ec124e6dc2dd922d54075f804c1411e798fcb1611ec7]
[36mDEBUG[0m[03-21|01:26:51.098] SINGLE ACCUMULATE                        [36ms[0m=2953942612 [36mwrangledResults[0m='{"H":"0xfda07d2fa31e022f0c89ec124e6dc2dd922d54075f804c1411e798fcb1611ec7","E":"0xbb4c1b380d6c323781ec0663b537a502f95a14c88272fbb4e79f254096123d8c","A":"0x0b27478648cd19b4f812f897a26976ecf312eac28508b4368d0c63ea949c7cb0","O":"","Y":"0x708b17d68fb4871e93aa4d5e623a5b6e2d60d57236f78aed90f3caa85cfa5ed9","D":"0x001008000000150000000d00000008000000"}'
[36mDEBUG[0m[03-21|01:26:51.356] BEEFY OK-HALT with 32byte @SINGLE ACCUMULATE [36ms[0m=2953942612 [36mB[0m=0x08000000150000000d0000000800000000000000000000000000000000000000
[36mDEBUG[0m[03-21|01:26:51.357] SINGLE ACCUMULATE                        [36ms[0m=1065941251 [36mwrangledResults[0m='{"H":"0xfda07d2fa31e022f0c89ec124e6dc2dd922d54075f804c1411e798fcb1611ec7","E":"0xbb4c1b380d6c323781ec0663b537a502f95a14c88272fbb4e79f254096123d8c","A":"0x0b27478648cd19b4f812f897a26976ecf312eac28508b4368d0c63ea949c7cb0","O":"","Y":"0x0e5751c026e543b2e8ab2eb06099daa1d1e5df47778f7787faab45cdf12fe3a8","D":"0x00200b27478648cd19b4f812f897a26976ecf312eac28508b4368d0c63ea949c7cb0"}'
[36mDEBUG[0m[03-21|01:26:51.364] BEEFY OK-HALT with 32byte @SINGLE ACCUMULATE [36ms[0m=1065941251 [36mB[0m=0x0b27478648cd19b4f812f897a26976ecf312eac28508b4368d0c63ea949c7cb0
[32mINFO [0m[03-21|01:26:51.364] writeAccount SET                         [32mservice_idx[0m=2,953,942,612 [32mrawkey[0m=0xaba994d8ff9cf9993de2448a9aef435f2f96058e4cb5f938da68d82bbf36d9c5 [32mvalue[0m="[8 0 0 0 21 0 0 0 13 0 0 0 8 0 0 0]"
[32mINFO [0m[03-21|01:26:51.365] writeAccount SET                         [32mservice_idx[0m=2,953,942,612 [32mrawkey[0m=0x9e2fa1cdbaa2b499a03e9f2e8a4f103cfadf271d552e453d9eef1bb2e3d0928a [32mvalue[0m="[3 0 0 0 0 0 0 0]"
[32mINFO [0m[03-21|01:26:51.365] writeAccount SET                         [32mservice_idx[0m=2,953,942,612 [32mrawkey[0m=0x224a951b43ef0e32e21a5b970bd6c2ce1fd39e6530d8af731bec76eb7283ec97 [32mvalue[0m="[2 0 0 0 48 0 0 0]"
[32mINFO [0m[03-21|01:26:51.366] writeAccount SET                         [32mservice_idx[0m=2,953,942,612 [32mrawkey[0m=0x410363b26bae688043fad50812984b9799cac0a858bb785621384ac40a4d0b41 [32mvalue[0m="[0 0 0 0 0 0 0 0]"
[32mINFO [0m[03-21|01:26:51.367] writeAccount SET                         [32mservice_idx[0m=2,953,942,612 [32mrawkey[0m=0x45a9b220d02e801806ff5003bf4c15741f800e75320eaa2208d18e088a82da69 [32mvalue[0m="[92 3 0 0 0 0 0 0]"
[32mINFO [0m[03-21|01:26:51.368] BEEFY-C                                  [32ms[0m=1065941251 [32mh[0m=0x0b27478648cd19b4f812f897a26976ecf312eac28508b4368d0c63ea949c7cb0 [32mencoded[0m=03f9883f0b27478648cd19b4f812f897a26976ecf312eac28508b4368d0c63ea949c7cb0
[32mINFO [0m[03-21|01:26:51.368] BEEFY-C                                  [32ms[0m=2953942612 [32mh[0m=0x08000000150000000d0000000800000000000000000000000000000000000000 [32mencoded[0m=549611b008000000150000000d0000000800000000000000000000000000000000000000
[32mINFO [0m[03-21|01:26:51.368] BEEFY accumulation root                  [32mr[0m=0x0436973f3527243f5820cfe15ab6c15b08fc8ef7997ed85d5363c810af674564
[36mDEBUG[0m[03-21|01:26:51.368] BETA computation                         [36mn[0m=3 [36maccumulationRoot[0m=0x0436973f3527243f5820cfe15ab6c15b08fc8ef7997ed85d5363c810af674564 [36mmmr[0m=[0x0436973f3527243f5820cfe15ab6c15b08fc8ef7997ed85d5363c810af674564,0xad3228b676f7d3cd4284a5443f17f1962b36e491b30a40b2405849e597ba5fb5,0xd659b34a50b9e77056d02640531071d4874e1f624df319e2067ab019d8f449e8,0xbaf079a8132cf215827869460789123f3d39d60417f8eca29d86279235b6b8bf,nil,0x186e803f92122504d9b1a349f2b014259575d1ee97600b60eab42ce619c44432]
[32mINFO [0m[03-21|01:26:51.406] [N3] proposeBlock safrole                [32mp[0m=f7b5..2ab5 [32mh[0m=c933..0bd6 [32me'[0m=4 [32mm'[0m=10 [32m"len(γ_a')"[0m=12 [32mblk[0m="H_t=58 H_r=1143..792d   WinningTickets(12) |E_A|=6"
[32mINFO [0m[03-21|01:26:53.591] Fib2-(8) result with key 0               [32mresult[0m=08000000150000000d00000008000000
[32mINFO [0m[03-21|01:26:53.591] Fib2-(8) result with key 1               [32mresult[0m=0300000000000000
[32mINFO [0m[03-21|01:26:53.591] Fib2-(8) result with key 2               [32mresult[0m=0200000030000000
[32mINFO [0m[03-21|01:26:53.591] Fib2-(8) result with key 5               [32mresult[0m=0000000000000000
[32mINFO [0m[03-21|01:26:53.592] Fib2-(8) result with key 6               [32mresult[0m=fcffffffffffffff
[32mINFO [0m[03-21|01:26:53.592] Fib2-(8) result with key 7               [32mresult[0m=
[32mINFO [0m[03-21|01:26:53.592] Fib2-(8) result with key 8               [32mresult[0m=0000000000000000
[32mINFO [0m[03-21|01:26:53.592] Fib2-(8) result with key 9               [32mresult[0m=5c03000000000000
[32mINFO [0m[03-21|01:26:53.592] FIB2-(9) work package submitted          [32mworkPackage[0m=0x8eaf4f44b9fb48e945ac6f8e72c429a51c08ba2732ffc03e5da3dafb35a17e91
[36mDEBUG[0m[03-21|01:26:59.284] BETA computation                         [36mn[0m=1 [36maccumulationRoot[0m=0x0000000000000000000000000000000000000000000000000000000000000000 [36mmmr[0m=[nil,nil,nil,nil,0x25cecf2d31ec64cd0c069bf8ed2f803cc872c4b1ceff6d7ced5d8372ed660db1,0x186e803f92122504d9b1a349f2b014259575d1ee97600b60eab42ce619c44432]
[32mINFO [0m[03-21|01:26:59.396] [N1] proposeBlock safrole                [32mp[0m=c933..0bd6 [32mh[0m=f3c1..b5b3 [32me'[0m=4 [32mm'[0m=11 [32m"len(γ_a')"[0m=12 [32mblk[0m="H_t=59 H_r=293a..939e "
[36mDEBUG[0m[03-21|01:27:05.613] BETA computation                         [36mn[0m=4 [36maccumulationRoot[0m=0x0000000000000000000000000000000000000000000000000000000000000000 [36mmmr[0m=[0x0000000000000000000000000000000000000000000000000000000000000000,nil,nil,nil,0x25cecf2d31ec64cd0c069bf8ed2f803cc872c4b1ceff6d7ced5d8372ed660db1,0x186e803f92122504d9b1a349f2b014259575d1ee97600b60eab42ce619c44432]
[32mINFO [0m[03-21|01:27:05.933] [N4] proposeBlock safrole                [32mp[0m=f3c1..b5b3 [32mh[0m=2a15..39aa [32me'[0m=5 [32mm'[0m=0  [32m"len(γ_a')"[0m=3  [32mblk[0m="H_t=60 H_r=ead2..2b52  EpochMarker(η1'=4fef..7681, η2'=30a1..cbf9) |E_T|=3"
[36mDEBUG[0m[03-21|01:27:10.805] BETA computation                         [36mn[0m=1 [36maccumulationRoot[0m=0x0000000000000000000000000000000000000000000000000000000000000000 [36mmmr[0m=[nil,0xad3228b676f7d3cd4284a5443f17f1962b36e491b30a40b2405849e597ba5fb5,nil,nil,0x25cecf2d31ec64cd0c069bf8ed2f803cc872c4b1ceff6d7ced5d8372ed660db1,0x186e803f92122504d9b1a349f2b014259575d1ee97600b60eab42ce619c44432]
[32mINFO [0m[03-21|01:27:10.876] [N1] proposeBlock safrole                [32mp[0m=2a15..39aa [32mh[0m=e88b..ea39 [32me'[0m=5 [32mm'[0m=1  [32m"len(γ_a')"[0m=6  [32mblk[0m="H_t=61 H_r=98be..2a05  |E_T|=3"
[36mDEBUG[0m[03-21|01:27:15.840] BETA computation                         [36mn[0m=3 [36maccumulationRoot[0m=0x0000000000000000000000000000000000000000000000000000000000000000 [36mmmr[0m=[0x0000000000000000000000000000000000000000000000000000000000000000,0xad3228b676f7d3cd4284a5443f17f1962b36e491b30a40b2405849e597ba5fb5,nil,nil,0x25cecf2d31ec64cd0c069bf8ed2f803cc872c4b1ceff6d7ced5d8372ed660db1,0x186e803f92122504d9b1a349f2b014259575d1ee97600b60eab42ce619c44432]
[32mINFO [0m[03-21|01:27:15.896] [N3] proposeBlock safrole                [32mp[0m=e88b..ea39 [32mh[0m=3173..e9b2 [32me'[0m=5 [32mm'[0m=2  [32m"len(γ_a')"[0m=9  [32mblk[0m="H_t=62 H_r=1fcd..07d2  |E_T|=3"
[36mDEBUG[0m[03-21|01:27:21.526] BETA computation                         [36mn[0m=3 [36maccumulationRoot[0m=0x0000000000000000000000000000000000000000000000000000000000000000 [36mmmr[0m=[nil,nil,0xb4c11951957c6f8f642c4af61cd6b24640fec6dc7fc607ee8206a99e92410d30,nil,0x25cecf2d31ec64cd0c069bf8ed2f803cc872c4b1ceff6d7ced5d8372ed660db1,0x186e803f92122504d9b1a349f2b014259575d1ee97600b60eab42ce619c44432]
[32mINFO [0m[03-21|01:27:21.558] [N3] proposeBlock safrole                [32mp[0m=3173..e9b2 [32mh[0m=d77a..c878 [32me'[0m=5 [32mm'[0m=3  [32m"len(γ_a')"[0m=12 [32mblk[0m="H_t=63 H_r=0b2b..ce4d  |E_T|=3 |E_G|=1"
[32mINFO [0m[03-21|01:27:27.285] ORDERED ACCUMULATION                     [32m"W^! (wphs accumulated immediately)"[0m=[] [32mq[0m=[[]] [32m"Q(q)-priority queue result"[0m=[0x8eaf4f44b9fb48e945ac6f8e72c429a51c08ba2732ffc03e5da3dafb35a17e91] [32m"W^*-wphs of accumulatable work reports)"[0m=[0x8eaf4f44b9fb48e945ac6f8e72c429a51c08ba2732ffc03e5da3dafb35a17e91]
[36mDEBUG[0m[03-21|01:27:27.286] SINGLE ACCUMULATE                        [36ms[0m=2953942612 [36mwrangledResults[0m='{"H":"0x8eaf4f44b9fb48e945ac6f8e72c429a51c08ba2732ffc03e5da3dafb35a17e91","E":"0xb0b6fd45946f464824296455e03c4bba13db159af8563db29eec50b49962bee4","A":"0x0b27478648cd19b4f812f897a26976ecf312eac28508b4368d0c63ea949c7cb0","O":"","Y":"0x387c6d452fe6331290c7e06f58f4d55274c1f0e4de269b598a25c9c8736c0309","D":"0x00100900000022000000150000000d000000"}'
[36mDEBUG[0m[03-21|01:27:27.681] BEEFY PANIC @SINGLE ACCUMULATE           [36ms[0m=2953942612 [36mB[0m=0x0000000000000000000000000000000000000000000000000000000000000000
[36mDEBUG[0m[03-21|01:27:27.681] SINGLE ACCUMULATE                        [36ms[0m=1065941251 [36mwrangledResults[0m='{"H":"0x8eaf4f44b9fb48e945ac6f8e72c429a51c08ba2732ffc03e5da3dafb35a17e91","E":"0xb0b6fd45946f464824296455e03c4bba13db159af8563db29eec50b49962bee4","A":"0x0b27478648cd19b4f812f897a26976ecf312eac28508b4368d0c63ea949c7cb0","O":"","Y":"0x0e5751c026e543b2e8ab2eb06099daa1d1e5df47778f7787faab45cdf12fe3a8","D":"0x00200b27478648cd19b4f812f897a26976ecf312eac28508b4368d0c63ea949c7cb0"}'
[36mDEBUG[0m[03-21|01:27:27.688] BEEFY OK-HALT with 32byte @SINGLE ACCUMULATE [36ms[0m=1065941251 [36mB[0m=0x0b27478648cd19b4f812f897a26976ecf312eac28508b4368d0c63ea949c7cb0
[32mINFO [0m[03-21|01:27:27.689] BEEFY-C                                  [32ms[0m=1065941251 [32mh[0m=0x0b27478648cd19b4f812f897a26976ecf312eac28508b4368d0c63ea949c7cb0 [32mencoded[0m=03f9883f0b27478648cd19b4f812f897a26976ecf312eac28508b4368d0c63ea949c7cb0
[32mINFO [0m[03-21|01:27:27.689] BEEFY accumulation root                  [32mr[0m=0x905236a159a16d3123c499496d40474955864760b623e4b2c94f84025fe37bc2
[36mDEBUG[0m[03-21|01:27:27.689] BETA computation                         [36mn[0m=1 [36maccumulationRoot[0m=0x905236a159a16d3123c499496d40474955864760b623e4b2c94f84025fe37bc2 [36mmmr[0m=[0x905236a159a16d3123c499496d40474955864760b623e4b2c94f84025fe37bc2,nil,0xb4c11951957c6f8f642c4af61cd6b24640fec6dc7fc607ee8206a99e92410d30,nil,0x25cecf2d31ec64cd0c069bf8ed2f803cc872c4b1ceff6d7ced5d8372ed660db1,0x186e803f92122504d9b1a349f2b014259575d1ee97600b60eab42ce619c44432]
[32mINFO [0m[03-21|01:27:27.734] [N1] proposeBlock safrole                [32mp[0m=d77a..c878 [32mh[0m=5282..37f3 [32me'[0m=5 [32mm'[0m=4  [32m"len(γ_a')"[0m=12 [32mblk[0m="H_t=64 H_r=6d5e..ff90  |E_T|=1 |E_A|=6"
[32mINFO [0m[03-21|01:27:30.678] Fib2-(9) result with key 0               [32mresult[0m=08000000150000000d00000008000000
[32mINFO [0m[03-21|01:27:30.678] Fib2-(9) result with key 1               [32mresult[0m=0300000000000000
[32mINFO [0m[03-21|01:27:30.678] Fib2-(9) result with key 2               [32mresult[0m=0200000030000000
[32mINFO [0m[03-21|01:27:30.678] Fib2-(9) result with key 5               [32mresult[0m=0000000000000000
[32mINFO [0m[03-21|01:27:30.678] Fib2-(9) result with key 6               [32mresult[0m=fcffffffffffffff
[32mINFO [0m[03-21|01:27:30.678] Fib2-(9) result with key 7               [32mresult[0m=
[32mINFO [0m[03-21|01:27:30.678] Fib2-(9) result with key 8               [32mresult[0m=0000000000000000
[32mINFO [0m[03-21|01:27:30.678] Fib2-(9) result with key 9               [32mresult[0m=5c03000000000000
[32mINFO [0m[03-21|01:27:30.678] FIB2-(10) work package submitted         [32mworkPackage[0m=0x08ac6d45ac19036a0129f78c44c593cf78842935edc51e6438ba9eddda522766
[36mDEBUG[0m[03-21|01:27:33.126] BETA computation                         [36mn[0m=0 [36maccumulationRoot[0m=0x0000000000000000000000000000000000000000000000000000000000000000 [36mmmr[0m=[nil,0x8affc4af8c1ebdff239f88797f8868c82ca33f44d8b6b5077f281411f645d0ba,0xb4c11951957c6f8f642c4af61cd6b24640fec6dc7fc607ee8206a99e92410d30,nil,0x25cecf2d31ec64cd0c069bf8ed2f803cc872c4b1ceff6d7ced5d8372ed660db1,0x186e803f92122504d9b1a349f2b014259575d1ee97600b60eab42ce619c44432]
[32mINFO [0m[03-21|01:27:33.209] [N0] proposeBlock safrole                [32mp[0m=5282..37f3 [32mh[0m=ae6f..1e15 [32me'[0m=5 [32mm'[0m=5  [32m"len(γ_a')"[0m=12 [32mblk[0m="H_t=65 H_r=cc49..b2fd "
[36mDEBUG[0m[03-21|01:27:39.173] BETA computation                         [36mn[0m=5 [36maccumulationRoot[0m=0x0000000000000000000000000000000000000000000000000000000000000000 [36mmmr[0m=[0x0000000000000000000000000000000000000000000000000000000000000000,0x8affc4af8c1ebdff239f88797f8868c82ca33f44d8b6b5077f281411f645d0ba,0xb4c11951957c6f8f642c4af61cd6b24640fec6dc7fc607ee8206a99e92410d30,nil,0x25cecf2d31ec64cd0c069bf8ed2f803cc872c4b1ceff6d7ced5d8372ed660db1,0x186e803f92122504d9b1a349f2b014259575d1ee97600b60eab42ce619c44432]
[32mINFO [0m[03-21|01:27:39.242] [N5] proposeBlock safrole                [32mp[0m=ae6f..1e15 [32mh[0m=5b23..cde5 [32me'[0m=5 [32mm'[0m=6  [32m"len(γ_a')"[0m=12 [32mblk[0m="H_t=66 H_r=cf6b..b6de "
[36mDEBUG[0m[03-21|01:27:45.145] BETA computation                         [36mn[0m=5 [36maccumulationRoot[0m=0x0000000000000000000000000000000000000000000000000000000000000000 [36mmmr[0m=[nil,nil,nil,0x2fb36fbc7770eb1b4edd5a72bdf00d2271c5b320ccd2dc09663b3628e5f331c8,0x25cecf2d31ec64cd0c069bf8ed2f803cc872c4b1ceff6d7ced5d8372ed660db1,0x186e803f92122504d9b1a349f2b014259575d1ee97600b60eab42ce619c44432]
[32mINFO [0m[03-21|01:27:45.211] [N5] proposeBlock safrole                [32mp[0m=5b23..cde5 [32mh[0m=371a..49f0 [32me'[0m=5 [32mm'[0m=7  [32m"len(γ_a')"[0m=12 [32mblk[0m="H_t=67 H_r=f970..c7ab "
[36mDEBUG[0m[03-21|01:27:51.132] BETA computation                         [36mn[0m=4 [36maccumulationRoot[0m=0x0000000000000000000000000000000000000000000000000000000000000000 [36mmmr[0m=[0x0000000000000000000000000000000000000000000000000000000000000000,nil,nil,0x2fb36fbc7770eb1b4edd5a72bdf00d2271c5b320ccd2dc09663b3628e5f331c8,0x25cecf2d31ec64cd0c069bf8ed2f803cc872c4b1ceff6d7ced5d8372ed660db1,0x186e803f92122504d9b1a349f2b014259575d1ee97600b60eab42ce619c44432]
[32mINFO [0m[03-21|01:27:51.172] [N4] proposeBlock safrole                [32mp[0m=371a..49f0 [32mh[0m=8e9f..c415 [32me'[0m=5 [32mm'[0m=8  [32m"len(γ_a')"[0m=12 [32mblk[0m="H_t=68 H_r=88a6..c881  |E_G|=1"
[32mINFO [0m[03-21|01:27:57.131] ORDERED ACCUMULATION                     [32m"W^! (wphs accumulated immediately)"[0m=[] [32mq[0m=[[]] [32m"Q(q)-priority queue result"[0m=[0x08ac6d45ac19036a0129f78c44c593cf78842935edc51e6438ba9eddda522766] [32m"W^*-wphs of accumulatable work reports)"[0m=[0x08ac6d45ac19036a0129f78c44c593cf78842935edc51e6438ba9eddda522766]
[36mDEBUG[0m[03-21|01:27:57.131] SINGLE ACCUMULATE                        [36ms[0m=2953942612 [36mwrangledResults[0m='{"H":"0x08ac6d45ac19036a0129f78c44c593cf78842935edc51e6438ba9eddda522766","E":"0x91a13ceae7e9c45157148f977e21e3655604508673b3b42b3dc5a4e8ece03664","A":"0x0b27478648cd19b4f812f897a26976ecf312eac28508b4368d0c63ea949c7cb0","O":"","Y":"0x46090e1520f0664af9bfd333855c91ae7cffd628b1e7a580e93141725da9f4dc","D":"0x00100a000000370000002200000015000000"}'
[36mDEBUG[0m[03-21|01:27:57.659] BEEFY OK-HALT with 32byte @SINGLE ACCUMULATE [36ms[0m=2953942612 [36mB[0m=0x0a00000037000000220000001500000000000000000000000000000000000000
[36mDEBUG[0m[03-21|01:27:57.659] SINGLE ACCUMULATE                        [36ms[0m=1065941251 [36mwrangledResults[0m='{"H":"0x08ac6d45ac19036a0129f78c44c593cf78842935edc51e6438ba9eddda522766","E":"0x91a13ceae7e9c45157148f977e21e3655604508673b3b42b3dc5a4e8ece03664","A":"0x0b27478648cd19b4f812f897a26976ecf312eac28508b4368d0c63ea949c7cb0","O":"","Y":"0x0e5751c026e543b2e8ab2eb06099daa1d1e5df47778f7787faab45cdf12fe3a8","D":"0x00200b27478648cd19b4f812f897a26976ecf312eac28508b4368d0c63ea949c7cb0"}'
[36mDEBUG[0m[03-21|01:27:57.667] BEEFY OK-HALT with 32byte @SINGLE ACCUMULATE [36ms[0m=1065941251 [36mB[0m=0x0b27478648cd19b4f812f897a26976ecf312eac28508b4368d0c63ea949c7cb0
[32mINFO [0m[03-21|01:27:57.667] writeAccount SET                         [32mservice_idx[0m=2,953,942,612 [32mrawkey[0m=0x664ab67165b2f74555d033f970ad1c7af9d2adde9e979592bfb48128d1231f50 [32mvalue[0m="[3 0 0 0 0 0 0 0]"
[32mINFO [0m[03-21|01:27:57.668] writeAccount SET                         [32mservice_idx[0m=2,953,942,612 [32mrawkey[0m=0x45a9b220d02e801806ff5003bf4c15741f800e75320eaa2208d18e088a82da69 [32mvalue[0m="[228 2 0 0 0 0 0 0]"
[32mINFO [0m[03-21|01:27:57.669] writeAccount SET                         [32mservice_idx[0m=2,953,942,612 [32mrawkey[0m=0x224a951b43ef0e32e21a5b970bd6c2ce1fd39e6530d8af731bec76eb7283ec97 [32mvalue[0m="[255 255 255 255 255 255 255 255]"
[32mINFO [0m[03-21|01:27:57.669] writeAccount SET                         [32mservice_idx[0m=2,953,942,612 [32mrawkey[0m=0x6ed0d9695e0faf6502d55bb73af9dc1dfef8adc2f16cf70cac4d94ebb4cdf289 [32mvalue[0m="[255 255 255 255 255 255 255 255]"
[32mINFO [0m[03-21|01:27:57.670] writeAccount SET                         [32mservice_idx[0m=2,953,942,612 [32mrawkey[0m=0x9e2fa1cdbaa2b499a03e9f2e8a4f103cfadf271d552e453d9eef1bb2e3d0928a [32mvalue[0m="[255 255 255 255 255 255 255 255]"
[32mINFO [0m[03-21|01:27:57.671] writeAccount SET                         [32mservice_idx[0m=2,953,942,612 [32mrawkey[0m=0xaba994d8ff9cf9993de2448a9aef435f2f96058e4cb5f938da68d82bbf36d9c5 [32mvalue[0m="[10 0 0 0 55 0 0 0 34 0 0 0 21 0 0 0]"
[32mINFO [0m[03-21|01:27:57.672] writeAccount SET                         [32mservice_idx[0m=2,953,942,612 [32mrawkey[0m=0xf7a0c652460cce77eaf3fab8ac01aea98f44a37b42e74561531c941f6df0c8e4 [32mvalue[0m="[255 255 255 255 255 255 255 255]"
[32mINFO [0m[03-21|01:27:57.672] writeAccount SET                         [32mservice_idx[0m=2,953,942,612 [32mrawkey[0m=0xa06b596abe97129f2261320bcfb613da68b0afa832c17487fa05638fb52e1942 [32mvalue[0m=[]
[32mINFO [0m[03-21|01:27:57.673] writeAccount SET                         [32mservice_idx[0m=2,953,942,612 [32mrawkey[0m=0x410363b26bae688043fad50812984b9799cac0a858bb785621384ac40a4d0b41 [32mvalue[0m="[0 0 0 0 0 0 0 0]"
[32mINFO [0m[03-21|01:27:57.673] BEEFY-C                                  [32ms[0m=1065941251 [32mh[0m=0x0b27478648cd19b4f812f897a26976ecf312eac28508b4368d0c63ea949c7cb0 [32mencoded[0m=03f9883f0b27478648cd19b4f812f897a26976ecf312eac28508b4368d0c63ea949c7cb0
[32mINFO [0m[03-21|01:27:57.674] BEEFY-C                                  [32ms[0m=2953942612 [32mh[0m=0x0a00000037000000220000001500000000000000000000000000000000000000 [32mencoded[0m=549611b00a00000037000000220000001500000000000000000000000000000000000000
[32mINFO [0m[03-21|01:27:57.674] BEEFY accumulation root                  [32mr[0m=0x5367f452829ee3559a29631525c7f02504022391838083df6e68e8e8a4a8040a
[36mDEBUG[0m[03-21|01:27:57.674] BETA computation                         [36mn[0m=2 [36maccumulationRoot[0m=0x5367f452829ee3559a29631525c7f02504022391838083df6e68e8e8a4a8040a [36mmmr[0m=[nil,0xf3f8b0dc5f4f0143f5e108fd94a6a1afec9f17ef7f827724b3fe920e10cbbeec,nil,0x2fb36fbc7770eb1b4edd5a72bdf00d2271c5b320ccd2dc09663b3628e5f331c8,0x25cecf2d31ec64cd0c069bf8ed2f803cc872c4b1ceff6d7ced5d8372ed660db1,0x186e803f92122504d9b1a349f2b014259575d1ee97600b60eab42ce619c44432]
[32mINFO [0m[03-21|01:27:57.716] [N2] proposeBlock safrole                [32mp[0m=8e9f..c415 [32mh[0m=409a..ec81 [32me'[0m=5 [32mm'[0m=9  [32m"len(γ_a')"[0m=12 [32mblk[0m="H_t=69 H_r=aa80..6666  |E_A|=6"
[32mINFO [0m[03-21|01:28:00.708] Fib2-(10) result with key 0              [32mresult[0m=0a000000370000002200000015000000
[32mINFO [0m[03-21|01:28:00.708] Fib2-(10) result with key 1              [32mresult[0m=ffffffffffffffff
[32mINFO [0m[03-21|01:28:00.708] Fib2-(10) result with key 2              [32mresult[0m=ffffffffffffffff
[32mINFO [0m[03-21|01:28:00.708] Fib2-(10) result with key 5              [32mresult[0m=0300000000000000
[32mINFO [0m[03-21|01:28:00.708] Fib2-(10) result with key 6              [32mresult[0m=ffffffffffffffff
[32mINFO [0m[03-21|01:28:00.708] Fib2-(10) result with key 7              [32mresult[0m=ffffffffffffffff
[32mINFO [0m[03-21|01:28:00.708] Fib2-(10) result with key 8              [32mresult[0m=0000000000000000
[32mINFO [0m[03-21|01:28:00.708] Fib2-(10) result with key 9              [32mresult[0m=e402000000000000
